ahmlh inf inf inf inf inf inf
ahml inf inf inf inf inf inf
assur44 inf inf inf inf inf inf
aubry2 inf inf inf inf inf inf
berthh 136.685562134 135.414337158 16 7371 36 22
berth 0.28453707695 0.127381324768 3 111 26 12
binomial_4_2_4_1 0.146687984467 0.056911945343 7 14 4 15
binomial_5_3_4_4 0.148513793945 0.0526239871979 5 10 4 7
binomial_5_3_4_6 0.170583963394 0.0506868362427 4 8 3 5
binomial_5_3_5_3 0.176571846008 0.068656206131 6 12 5 13
binomial_5_3_5_5 0.1482629776 0.0528035163879 5 10 3 7
binomial_6_2_6_7 0.196128845215 0.0842852592468 9 18 3 20
binomial_6_3_6_6 0.192161083221 0.0793888568878 7 14 5 18
binomial_7_3_7_9 0.220009088516 0.0969367027283 8 16 4 24
binomial_7_4_7_8 0.232920885086 0.105738162994 9 18 7 27
binomial_8_3_8_16 0.220749855042 0.101316928864 8 16 3 25
binomial_8_4_8_9 0.265990018845 0.116502761841 9 18 7 31
buchberger87 0.153559207916 0.054135799408 5 10 5 9
butcher8 inf inf inf inf inf inf
cohn3 inf inf inf inf inf inf
cyclicn2 0.112311840057 0.0254738330841 2 4 2 2
cyclicn3 0.129994869232 0.0357818603516 3 8 3 3
cyclicn4 0.160892963409 0.0675678253174 5 21 5 8
cyclicn5 10.8409786224 10.2785415649 10 87 15 106
cyclicn6 inf inf inf inf inf inf
cyclicn7 inf inf inf inf inf inf
cyclicn8 inf inf inf inf inf inf
cyclicnh2 0.132453918457 0.0327141284943 2 4 2 2
cyclicnh3 0.137166023254 0.0431082248688 3 8 3 3
cyclicnh4 0.189287900925 0.0858080387115 5 21 5 8
cyclicnh5 2.5461640358 2.33405780792 16 243 9 34
cyclicnh6 783.508666992 780.43927002 58 3246 20 192
cyclicnh7 inf inf inf inf inf inf
czapor87_1h 0.835224866867 0.639855384827 12 156 5 30
czapor87_2h 1.58400797844 1.37890100479 14 214 6 38
dessin1 23.0039215088 21.5874195099 30 1042 7 98
dl inf inf inf inf inf inf
ducos7_3 inf inf inf inf inf inf
ducos7_5 inf inf inf inf inf inf
econ2 0.105568885803 0.0217590332031 2 4 1 2
econ3 0.120771884918 0.0338578224182 3 9 2 3
econ4 0.158571958542 0.059268951416 5 24 3 11
econ5 0.226927995682 0.103648900986 5 45 8 13
econ6 2.58050394058 2.30015468597 14 198 5 51
econ7 65.0238876343 63.643409729 15 381 13 96
econ8 inf inf inf inf inf inf
econh2 0.115270853043 0.0294778347015 2 4 2 2
econh3 0.147897958755 0.0544757843018 4 11 4 5
econh4 0.186375141144 0.0885150432587 5 21 4 6
econh5 1.0685031414 0.87658572197 14 109 7 37
econh6 3.36584305763 3.06958031654 19 230 7 59
econh7 inf inf inf inf inf inf
extcyc5h inf inf inf inf inf inf
extcyc5 inf inf inf inf inf inf
extcyc6h inf inf inf inf inf inf
extcyc6 inf inf inf inf inf inf
fatemanh 9.10592937469 8.80343818665 20 753 12 41
fateman 8.76847076416 8.49544525146 20 753 12 41
fmtmdeh 0.140316009521 0.0475494861603 5 10 13 12
fmtm_non_hom 0.116231918335 0.0301141738892 2 4 4 2
fmtm 0.151221990585 0.0556960105896 6 12 7 11
gerdt93 0.379566907883 0.260005474091 6 58 6 10
hemmecke 0.174442052841 0.0791368484497 4 15 15 5
hfe_segers 41.0004730225 38.8101997375 42 184 4 243
ilias12 inf inf inf inf inf inf
ilias13h inf inf inf inf inf inf
ilias13 inf inf inf inf inf inf
ilias_k_2 inf inf inf inf inf inf
issac97 0.75506401062 0.541249036789 10 170 8 36
jason210 inf inf inf inf inf inf
joswig101-trimmed inf inf inf inf inf inf
katsuran2 0.133153915405 0.0303690433502 2 6 2 2
katsuran3 0.138679981232 0.0433580875397 4 19 3 5
katsuran4 0.249989032745 0.129963159561 5 38 6 14
katsuran5 1.16083717346 0.909641027451 11 176 8 37
katsuran6 375.830169678 372.95223999 7 231 24 110
katsuran7 inf inf inf inf inf inf
katsuranh2 0.122000932693 0.0352787971497 2 6 2 2
katsuranh3 0.165035009384 0.0715708732605 4 18 3 5
katsuranh4 0.420936107635 0.297893285751 10 72 6 21
katsuranh5 2.18113803864 1.94009804726 15 212 6 39
katsuranh6 45.9123497009 44.7662582397 32 895 8 117
lichtblau 0.119804143906 0.0324971675873 2 22 11 2
liu 3.63964414597 3.37682342529 21 270 11 68
mckay inf inf inf inf inf inf
noon7 inf inf inf inf inf inf
noon8 inf inf inf inf inf inf
nya inf inf inf inf inf inf
r5_2_2_h 1.63580298424 1.34491276741 22 166 6 72
r5_2_2 1.89305591583 1.58446335793 22 166 6 72
r5_2_4_h 12.8575057983 12.1624193192 35 453 9 122
r5_2_4 inf inf inf inf inf inf
r5_2_6_h inf inf inf inf inf inf
r5_2_6 inf inf inf inf inf inf
r6_2_2_h 42.2025337219 40.3921470642 46 597 7 194
r6_2_2 44.8629608154 43.0442428589 46 597 7 194
r6_2_4_h inf inf inf inf inf inf
r6_2_4 inf inf inf inf inf inf
r6_2_6_h inf inf inf inf inf inf
r7_2_2_h 623.121643066 615.234436035 76 1727 8 389
r7_2_2 646.332580566 638.465148926 76 1727 8 389
r7_2_4_h inf inf inf inf inf inf
r7_2_6_h inf inf inf inf inf inf
r8_2_2_h inf inf inf inf inf inf
r8_2_2 inf inf inf inf inf inf
r8_2_4_h inf inf inf inf inf inf
redcyc6h inf inf inf inf inf inf
redcyc6 inf inf inf inf inf inf
redcyc7h inf inf inf inf inf inf
redcyc7 inf inf inf inf inf inf
reimer5h inf inf inf inf inf inf
reimer5 inf inf inf inf inf inf
reimer6h inf inf inf inf inf inf
reimer6 inf inf inf inf inf inf
reimer7h inf inf inf inf inf inf
reimer7 inf inf inf inf inf inf
roseh 31.3574638367 30.8571605682 35 1068 19 84
rose 3.59360003471 3.26367115974 15 461 18 56
rpblh inf inf inf inf inf inf
rpbl inf inf inf inf inf inf
safey inf inf inf inf inf inf
schieleh 0.122763872147 0.0366101264954 2 6 2 2
schiele 0.116787195206 0.0308430194855 2 6 2 2
schrans_troost inf inf inf inf inf inf
sendrah 0.59065413475 0.482069730759 5 146 13 7
sendra 0.240463972092 0.117887735367 6 226 17 13
solotarevh 0.577839851379 0.431779384613 13 100 7 35
solotarev 0.144729137421 0.048840045929 5 24 4 7
sparsesym5h 0.220771074295 0.107794761658 6 16 18 16
sparsesym5 0.152729988098 0.0541920661926 5 12 10 5
sym33 0.230484962463 0.133360147476 8 33 10 17
syz1 0.108549118042 0.0222089290619 2 4 2 2
trinks 0.708834886551 0.540529489517 11 96 5 23
uteshev_bikker 41.8764381409 40.9007148743 34 1141 8 107
vermeer 101.017288208 98.4991073608 19 990 10 149
virasoro inf inf inf inf inf inf
wang16h 138.408691406 136.718933105 51 1301 15 168
wang16 inf inf inf inf inf inf
weispfenning94 2.63135886192 2.44699120522 16 354 11 32
wu90h 9.95828723907 9.36721611023 26 399 8 95
wu90 0.2936398983 0.157935142517 8 103 7 16
