katsuran2fmtm_non_hombinomial_6_3_6_6cyclicn3econ5katsuran5 0.316702842712 0.151127099991 6 48 6 17
econ3 0.0332219600677 0.0204691886902 3 9 2 3
noon7glp_free: memory allocation error
Error detected in file env/alloc.c at line 72
wu90h 0.52588391304 0.300405740738 14 194 5 34
rpblglp_free: memory allocation error
Error detected in file env/alloc.c at line 72
extcyc5hbinomial_7_4_7_8 6.76573991776 2.86780977249 57 4485 15 176
binomial_5_3_4_6 0.0577008724213 0.0393347740173 5 10 5 8
redcyc6hglp_free: memory allocation error
Error detected in file env/alloc.c at line 72
econh4cyclicn6 0.152955055237 0.0439877510071 2 4 4 2
issac97 0.552361965179 0.299278259277 5 85 14 40
sym33 0.143746137619 0.113829135895 8 33 10 17
butcher8glp_free: memory allocation error
Error detected in file env/alloc.c at line 72
 0.17320394516 0.0727682113647 4 14 3 5
econ7 1.98526716232 0.564938306808 16 467 9 106
ilias12glp_free: memory allocation error
Error detected in file env/alloc.c at line 72
ahmlh 12.7519397736 1.36139678955 19 336 48 348
assur44 222.990081787 76.3352432251 31 1659 18 704
schrans_troost 184.926239014 7.84645366669 83 9105 22 923
glp_free: memory allocation error
Error detected in file env/alloc.c at line 72
schieleh 139.1824646 19.7622413635 148 49852 20 584
cyclicn8glp_free: memory allocation error
Error detected in file env/alloc.c at line 72
r5_2_2_h 0.72181892395 0.377174377441 22 171 6 71
katsuranh4 0.241113901138 0.176675796509 11 82 6 23
r7_2_2_h 12.9940652847 5.7599773407 71 1631 8 359
fmtmdeh 0.0589838027954 0.0393316745758 5 10 13 12
r6_2_4_hglp_free: memory allocation error
Error detected in file env/alloc.c at line 72
r6_2_2 0.141592979431 0.0469808578491 2 7 2 2
dessin1 1.5112760067 0.477014064789 29 991 8 96
r5_2_6_h 120.082489014 25.3733177185 243 24301 19 906
binomial_5_3_5_3 0.14376115799 0.0901076793671 14 28 7 34
hemmecke 0.123199939728 0.0871379375458 4 15 15 5
cyclicn2 0.0210030078888 0.0113382339478 2 4 2 2
r8_2_2_hglp_free: memory allocation error
Error detected in file env/alloc.c at line 72
roseh 0.280549049377 0.135770797729 16 32 7 46
reimer5h 557.329162598 368.4090271 228 67293 20 964
schiele 0.0247709751129 0.0137319564819 2 6 2 2
katsuranh5 0.815947055817 0.505009651184 24 303 11 75
econ2 0.0170450210571 0.00685811042786 2 4 1 2
econh2 0.0271208286285 0.0168979167938 2 4 2 2
glp_free: memory allocation error
Error detected in file env/alloc.c at line 72
 0.211056947708 0.0977687835693 9 18 7 27
ilias_k_2 375.605682373 5.90532970428 95 12939 8 1333
r7_2_2 12.8959302902 5.76358985901 71 1631 8 359
binomial_5_3_5_5 0.0766940116882 0.0510499477386 7 14 4 13
extcyc5 115.529632568 6.34105205536 21 1218 85 922
extcyc6h 516.724121094 253.924987793 241 77033 20 1007
glp_free: memory allocation error
Error detected in file env/alloc.c at line 72
econh6 0.75511598587 0.288961172104 19 350 6 55
solotarevh 0.155917882919 0.112525463104 9 51 6 19
r5_2_4glp_free: memory allocation error
Error detected in file env/alloc.c at line 72
cyclicnh7 0.173455953598 0.0715270042419 3 8 3 3
cyclicnh5 0.476758003235 0.30163192749 21 298 12 49
extcyc6 inf inf inf inf inf inf
sendrah 12.9564170837 10.1335954666 10 360 15 22
wang16glp_free: memory allocation error
Error detected in file env/alloc.c at line 72
 0.125891923904 0.0338089466095 2 6 2 2
aubry2 inf inf inf inf inf inf
dlglp_free: memory allocation error
Error detected in file env/alloc.c at line 72
fmtm 0.215116977692 0.0921397209167 6 12 7 11
fateman 3.11964321136 0.892703056335 56 3294 22 148
katsuran3 0.0443530082703 0.0314791202545 4 19 3 5
glp_free: memory allocation error
Error detected in file env/alloc.c at line 72
nyaliu 0.360466957092 0.188656330109 10 76 4 24
ahmlglp_free: memory allocation error
Error detected in file env/alloc.c at line 72
 1401.76074219 32.5588188171 17 1057 35 1081
sparsesym5h 0.171439886093 0.1324467659 6 16 18 16
cyclicn5 0.891218185425 0.381657600403 14 134 15 89
virasoroglp_free: memory allocation error
Error detected in file env/alloc.c at line 72
buchberger87fatemanh 5.22005701065 1.22910308838 78 3639 36 216
r6_2_2_h 2.53606987 1.16747903824 41 535 7 169
noon8glp_free: memory allocation error
Error detected in file env/alloc.c at line 72
berthhr5_2_6 inf inf inf inf inf inf
safeyglp_free: memory allocation error
Error detected in file env/alloc.c at line 72
 2.5327129364 1.12138581276 41 535 7 169
redcyc7 inf inf inf inf inf inf
roseglp_free: memory allocation error
Error detected in file env/alloc.c at line 72
 0.18653011322 0.0700323581696 4 8 4 6
r7_2_4_h 815.678100586 463.002380371 320 35127 14 1732
cyclicnh3 0.0399141311646 0.0281100273132 3 8 3 3
r5_2_2 0.526193857193 0.326695919037 22 171 6 71
sparsesym5glp_free: memory allocation error
Error detected in file env/alloc.c at line 72
ducos7_3 inf inf inf inf inf inf
solotarev 0.841622114182 0.322298049927 23 342 7 78
jason210 inf inf inf inf inf inf
sendra 5.56916618347 1.2947371006 6 185 13 27
wang16hglp_free: memory allocation error
Error detected in file env/alloc.c at line 72
 91.4095230103 0.702543973923 5 24 4 46
czapor87_2hglp_free: memory allocation error
Error detected in file env/alloc.c at line 72
 20.9742412567 8.20517730713 51 37461 42 99
katsuran6 3.62043309212 1.01837468147 12 396 8 97
binomial_8_4_8_9 0.120595216751 0.0814318656921 9 18 7 31
