cyclicn4 newton localsearch 0.25 0.16 0.12 0.00 0.00 5 21 5 8 3 14 0 0 0 0.00 0.06 0.00 0.00 0.00 0.00 0.00 0.00
cyclicn4 perry1 localsearch 0.12 0.11 0.09 0.00 0.00 5 21 5 8 3 15 1 1 0 0.00 0.06 0.00 0.00 0.00 0.00 0.00 0.00
cyclicn4 perry2 localsearch 0.12 0.11 0.09 0.00 0.00 5 21 5 8 3 15 1 1 0 0.00 0.06 0.00 0.00 0.00 0.00 0.00 0.00
cyclicnh4 newton localsearch 0.14 0.12 0.10 0.00 0.00 5 21 5 8 3 15 0 0 0 0.00 0.06 0.00 0.00 0.00 0.00 0.00 0.00
cyclicnh4 perry1 localsearch 0.12 0.12 0.10 0.00 0.00 5 21 5 8 3 16 0 1 0 0.00 0.06 0.00 0.00 0.00 0.00 0.00 0.00
cyclicnh4 perry2 localsearch 0.12 0.11 0.10 0.00 0.00 5 21 5 8 3 16 0 1 0 0.00 0.06 0.00 0.00 0.00 0.00 0.00 0.00
cyclicn5 newton localsearch 11.27 11.12 10.00 0.04 0.09 10 89 15 105 65 204 0 0 0 0.00 9.10 0.07 0.00 0.00 0.00 0.00 0.00
cyclicn5 perry1 localsearch 15.53 15.39 14.55 0.03 0.08 10 89 15 105 65 292 194 1 0 0.02 13.65 0.07 0.00 0.01 0.00 0.00 0.00
cyclicn5 perry2 localsearch 12.18 12.04 11.11 0.03 0.08 10 89 15 105 65 220 194 1 72 0.11 10.20 0.08 0.00 0.01 0.02 0.07 0.00
cyclicnh5 newton localsearch 4.54 4.49 3.88 0.01 0.03 21 293 12 49 28 140 0 0 0 0.00 3.26 0.09 0.00 0.00 0.00 0.00 0.00
cyclicnh5 perry1 localsearch 7.21 7.17 6.62 0.01 0.02 21 293 12 49 28 287 0 4 0 0.01 6.00 0.09 0.00 0.01 0.00 0.00 0.00
cyclicnh5 perry2 localsearch 5.04 4.99 4.31 0.01 0.02 21 293 12 49 28 155 0 4 132 0.15 3.70 0.09 0.00 0.01 0.03 0.11 0.00
cyclicn6 newton localsearch 397.23 392.49 352.03 0.52 4.09 17 351 48 346 188 1435 0 0 0 0.03 340.80 3.22 0.00 0.00 0.00 0.00 0.00
cyclicn6 perry1 localsearch 727.52 722.81 682.11 0.53 4.06 17 351 48 346 188 2773 2185 39 0 0.43 670.72 3.22 0.01 0.29 0.00 0.00 0.00
cyclicn6 perry2 localsearch 463.66 458.97 412.23 0.52 4.05 17 351 48 346 188 1636 2185 39 1137 7.44 401.00 3.22 0.01 0.28 0.70 6.18 0.09
cyclicnh6 newton localsearch 72.36 71.82 63.40 0.10 0.41 48 1706 13 150 102 863 0 0 0 0.00 58.72 1.04 0.00 0.00 0.00 0.00 0.00
cyclicnh6 perry1 localsearch 131.86 131.34 123.04 0.09 0.39 48 1706 13 150 102 1798 0 2 0 0.25 118.24 1.04 0.01 0.21 0.00 0.00 0.00
cyclicnh6 perry2 localsearch 91.99 91.48 77.07 0.09 0.39 48 1706 13 150 102 1039 0 2 759 6.43 72.37 1.04 0.01 0.21 0.62 5.48 0.07
katsuran4 newton localsearch 0.27 0.25 0.20 0.00 0.01 7 55 4 12 5 18 0 0 0 0.00 0.11 0.01 0.00 0.00 0.00 0.00 0.00
katsuran4 perry1 localsearch 0.26 0.24 0.21 0.00 0.00 7 55 4 12 5 20 25 0 0 0.00 0.13 0.01 0.00 0.00 0.00 0.00 0.00
katsuran4 perry2 localsearch 0.25 0.24 0.21 0.00 0.00 7 55 4 12 5 20 25 0 0 0.00 0.13 0.01 0.00 0.00 0.00 0.00 0.00
katsuranh4 newton localsearch 0.41 0.37 0.30 0.00 0.02 7 55 4 12 5 34 0 0 0 0.00 0.20 0.01 0.00 0.00 0.00 0.00 0.00
katsuranh4 perry1 localsearch 0.41 0.40 0.35 0.00 0.00 7 55 4 12 5 45 0 0 0 0.00 0.26 0.01 0.00 0.00 0.00 0.00 0.00
katsuranh4 perry2 localsearch 0.38 0.37 0.32 0.00 0.00 7 55 4 12 5 37 0 0 8 0.01 0.23 0.01 0.00 0.00 0.00 0.00 0.00
katsuran5 newton localsearch 1.81 1.74 1.46 0.01 0.05 12 193 6 32 16 74 0 0 0 0.00 1.06 0.03 0.00 0.00 0.00 0.00 0.00
katsuran5 perry1 localsearch 2.00 1.96 1.74 0.01 0.02 12 193 6 32 16 85 136 1 0 0.00 1.26 0.03 0.00 0.00 0.00 0.00 0.00
katsuran5 perry2 localsearch 1.94 1.91 1.66 0.01 0.02 12 193 6 32 16 85 136 1 0 0.03 1.26 0.03 0.00 0.00 0.01 0.02 0.00
katsuranh5 newton localsearch 2.13 2.07 1.70 0.01 0.04 14 194 5 34 20 105 0 0 0 0.00 1.32 0.07 0.00 0.00 0.00 0.00 0.00
katsuranh5 perry1 localsearch 2.82 2.78 2.46 0.01 0.02 14 194 5 34 20 182 0 5 0 0.01 2.08 0.07 0.00 0.01 0.00 0.00 0.00
katsuranh5 perry2 localsearch 2.52 2.48 2.09 0.01 0.02 14 194 5 34 20 140 0 5 42 0.08 1.71 0.07 0.00 0.01 0.02 0.05 0.00
trinks newton localsearch 4.18 4.08 3.51 0.02 0.07 21 225 7 59 38 154 0 0 0 0.00 3.04 0.08 0.00 0.00 0.00 0.00 0.00
trinks perry1 localsearch 5.45 5.39 4.92 0.02 0.03 21 225 7 59 38 232 0 1 0 0.01 4.45 0.07 0.00 0.01 0.00 0.00 0.00
trinks perry2 localsearch 4.41 4.34 3.79 0.02 0.03 21 225 7 59 38 167 0 1 65 0.09 3.32 0.07 0.00 0.01 0.02 0.06 0.00
econ4 newton localsearch 0.15 0.13 0.11 0.00 0.00 7 29 2 13 6 12 0 0 0 0.00 0.07 0.00 0.00 0.00 0.00 0.00 0.00
econ4 perry1 localsearch 0.13 0.12 0.10 0.00 0.00 7 29 2 13 6 12 13 0 0 0.00 0.07 0.00 0.00 0.00 0.00 0.00 0.00
econ4 perry2 localsearch 0.13 0.12 0.11 0.00 0.00 7 29 2 13 6 12 13 0 0 0.00 0.07 0.00 0.00 0.00 0.00 0.00 0.00
econh4 newton localsearch 0.47 0.44 0.36 0.00 0.01 8 83 6 15 7 34 0 0 0 0.00 0.22 0.01 0.00 0.00 0.00 0.00 0.00
econh4 perry1 localsearch 0.61 0.60 0.53 0.00 0.00 8 83 6 15 7 67 0 1 0 0.00 0.39 0.01 0.00 0.00 0.00 0.00 0.00
econh4 perry2 localsearch 0.53 0.52 0.44 0.00 0.00 8 83 6 15 7 49 0 1 18 0.02 0.30 0.01 0.00 0.00 0.00 0.01 0.00
econ5 newton localsearch 0.71 0.67 0.57 0.01 0.03 8 62 5 31 17 39 0 0 0 0.00 0.42 0.01 0.00 0.00 0.00 0.00 0.00
econ5 perry1 localsearch 0.68 0.66 0.59 0.01 0.01 8 62 5 31 17 40 52 1 0 0.00 0.45 0.01 0.00 0.00 0.00 0.00 0.00
econ5 perry2 localsearch 0.68 0.66 0.58 0.01 0.01 8 62 5 31 17 40 52 1 0 0.00 0.44 0.01 0.00 0.00 0.00 0.00 0.00
econh5 newton localsearch 2.85 2.79 2.02 0.01 0.05 14 358 7 35 21 109 0 0 0 0.00 1.35 0.05 0.00 0.00 0.00 0.00 0.00
econh5 perry1 localsearch 5.19 5.14 4.41 0.01 0.03 14 358 7 35 21 320 0 0 0 0.03 3.75 0.04 0.00 0.02 0.00 0.00 0.00
econh5 perry2 localsearch 4.64 4.59 3.46 0.01 0.03 14 358 7 35 21 222 0 0 98 0.43 2.79 0.04 0.00 0.02 0.06 0.34 0.01
// ** int overflow(*), result may be wrong
// ** int overflow(*), result may be wrong
// ** int overflow(*), result may be wrong
// ** int overflow(*), result may be wrong
// ** int overflow(*), result may be wrong
// ** int overflow(*), result may be wrong
// ** int overflow(*), result may be wrong
// ** int overflow(*), result may be wrong
// ** int overflow(*), result may be wrong
// ** int overflow(*), result may be wrong
// ** int overflow(*), result may be wrong
// ** int overflow(*), result may be wrong
// ** int overflow(*), result may be wrong
// ** int overflow(*), result may be wrong
// ** int overflow(*), result may be wrong
// ** int overflow(*), result may be wrong
// ** int overflow(*), result may be wrong
// ** int overflow(*), result may be wrong
// ** int overflow(*), result may be wrong
// ** int overflow(*), result may be wrong
// ** int overflow(*), result may be wrong
// ** int overflow(*), result may be wrong
// ** int overflow(*), result may be wrong
// ** int overflow(*), result may be wrong
// ** int overflow(*), result may be wrong
// ** int overflow(*), result may be wrong
// ** int overflow(*), result may be wrong
// ** int overflow(*), result may be wrong
// ** int overflow(*), result may be wrong
// ** int overflow(*), result may be wrong
// ** int overflow(*), result may be wrong
// ** int overflow(*), result may be wrong
// ** int overflow(*), result may be wrong
// ** int overflow(*), result may be wrong
// ** int overflow(*), result may be wrong
// ** int overflow(*), result may be wrong
// ** int overflow(*), result may be wrong
// ** int overflow(*), result may be wrong
// ** int overflow(*), result may be wrong
// ** int overflow(*), result may be wrong
// ** int overflow(*), result may be wrong
// ** int overflow(*), result may be wrong
// ** int overflow(*), result may be wrong
// ** int overflow(*), result may be wrong
// ** int overflow(*), result may be wrong
// ** int overflow(*), result may be wrong
// ** int overflow(*), result may be wrong
// ** int overflow(*), result may be wrong
// ** int overflow(*), result may be wrong
// ** int overflow(*), result may be wrong
// ** int overflow(*), result may be wrong
// ** int overflow(*), result may be wrong
// ** int overflow(*), result may be wrong
// ** int overflow(*), result may be wrong
// ** int overflow(*), result may be wrong
// ** int overflow(*), result may be wrong
// ** int overflow(*), result may be wrong
// ** int overflow(*), result may be wrong
// ** int overflow(*), result may be wrong
// ** int overflow(*), result may be wrong
// ** int overflow(*), result may be wrong
// ** int overflow(*), result may be wrong
// ** int overflow(*), result may be wrong
// ** int overflow(*), result may be wrong
// ** int overflow(*), result may be wrong
// ** int overflow(*), result may be wrong
// ** int overflow(*), result may be wrong
// ** int overflow(*), result may be wrong
// ** int overflow(*), result may be wrong
// ** int overflow(*), result may be wrong
// ** int overflow(*), result may be wrong
// ** int overflow(*), result may be wrong
// ** int overflow(*), result may be wrong
// ** int overflow(*), result may be wrong
// ** int overflow(*), result may be wrong
// ** int overflow(*), result may be wrong
// ** int overflow(*), result may be wrong
// ** int overflow(*), result may be wrong
// ** int overflow(*), result may be wrong
// ** int overflow(*), result may be wrong
// ** int overflow(*), result may be wrong
// ** int overflow(*), result may be wrong
// ** int overflow(*), result may be wrong
// ** int overflow(*), result may be wrong
// ** int overflow(*), result may be wrong
// ** int overflow(*), result may be wrong
// ** int overflow(*), result may be wrong
// ** int overflow(*), result may be wrong
// ** int overflow(*), result may be wrong
// ** int overflow(*), result may be wrong
// ** int overflow(*), result may be wrong
// ** int overflow(*), result may be wrong
// ** int overflow(*), result may be wrong
// ** int overflow(*), result may be wrong
// ** int overflow(*), result may be wrong
// ** int overflow(*), result may be wrong
// ** int overflow(*), result may be wrong
// ** int overflow(*), result may be wrong
// ** int overflow(*), result may be wrong
// ** int overflow(*), result may be wrong
// ** int overflow(*), result may be wrong
// ** int overflow(*), result may be wrong
// ** int overflow(*), result may be wrong
// ** int overflow(*), result may be wrong
// ** int overflow(*), result may be wrong
// ** int overflow(*), result may be wrong
// ** int overflow(*), result may be wrong
// ** int overflow(*), result may be wrong
// ** int overflow(*), result may be wrong
// ** int overflow(*), result may be wrong
// ** int overflow(*), result may be wrong
// ** int overflow(*), result may be wrong
// ** int overflow(*), result may be wrong
// ** int overflow(*), result may be wrong
// ** int overflow(*), result may be wrong
// ** int overflow(*), result may be wrong
// ** int overflow(*), result may be wrong
// ** int overflow(*), result may be wrong
// ** int overflow(*), result may be wrong
// ** int overflow(*), result may be wrong
// ** int overflow(*), result may be wrong
// ** int overflow(*), result may be wrong
// ** int overflow(*), result may be wrong
// ** int overflow(*), result may be wrong
// ** int overflow(*), result may be wrong
// ** int overflow(*), result may be wrong
// ** int overflow(*), result may be wrong
// ** int overflow(*), result may be wrong
// ** int overflow(*), result may be wrong
buch85 newton localsearch 0.97 0.89 0.63 0.03 0.03 14 32 3 28 12 29 0 0 0 0.00 0.54 0.01 0.00 0.00 0.00 0.00 0.00
// ** int overflow(*), result may be wrong
// ** int overflow(*), result may be wrong
// ** int overflow(*), result may be wrong
// ** int overflow(*), result may be wrong
// ** int overflow(*), result may be wrong
// ** int overflow(*), result may be wrong
// ** int overflow(*), result may be wrong
// ** int overflow(*), result may be wrong
// ** int overflow(*), result may be wrong
// ** int overflow(*), result may be wrong
// ** int overflow(*), result may be wrong
// ** int overflow(*), result may be wrong
// ** int overflow(*), result may be wrong
// ** int overflow(*), result may be wrong
// ** int overflow(*), result may be wrong
// ** int overflow(*), result may be wrong
// ** int overflow(*), result may be wrong
// ** int overflow(*), result may be wrong
// ** int overflow(*), result may be wrong
// ** int overflow(*), result may be wrong
// ** int overflow(*), result may be wrong
// ** int overflow(*), result may be wrong
// ** int overflow(*), result may be wrong
// ** int overflow(*), result may be wrong
// ** int overflow(*), result may be wrong
// ** int overflow(*), result may be wrong
// ** int overflow(*), result may be wrong
// ** int overflow(*), result may be wrong
// ** int overflow(*), result may be wrong
// ** int overflow(*), result may be wrong
// ** int overflow(*), result may be wrong
// ** int overflow(*), result may be wrong
// ** int overflow(*), result may be wrong
// ** int overflow(*), result may be wrong
// ** int overflow(*), result may be wrong
// ** int overflow(*), result may be wrong
// ** int overflow(*), result may be wrong
// ** int overflow(*), result may be wrong
// ** int overflow(*), result may be wrong
// ** int overflow(*), result may be wrong
// ** int overflow(*), result may be wrong
// ** int overflow(*), result may be wrong
// ** int overflow(*), result may be wrong
// ** int overflow(*), result may be wrong
// ** int overflow(*), result may be wrong
// ** int overflow(*), result may be wrong
// ** int overflow(*), result may be wrong
// ** int overflow(*), result may be wrong
// ** int overflow(*), result may be wrong
// ** int overflow(*), result may be wrong
// ** int overflow(*), result may be wrong
// ** int overflow(*), result may be wrong
// ** int overflow(*), result may be wrong
// ** int overflow(*), result may be wrong
// ** int overflow(*), result may be wrong
// ** int overflow(*), result may be wrong
// ** int overflow(*), result may be wrong
// ** int overflow(*), result may be wrong
// ** int overflow(*), result may be wrong
// ** int overflow(*), result may be wrong
// ** int overflow(*), result may be wrong
// ** int overflow(*), result may be wrong
// ** int overflow(*), result may be wrong
// ** int overflow(*), result may be wrong
// ** int overflow(*), result may be wrong
// ** int overflow(*), result may be wrong
// ** int overflow(*), result may be wrong
// ** int overflow(*), result may be wrong
// ** int overflow(*), result may be wrong
// ** int overflow(*), result may be wrong
// ** int overflow(*), result may be wrong
// ** int overflow(*), result may be wrong
// ** int overflow(*), result may be wrong
// ** int overflow(*), result may be wrong
// ** int overflow(*), result may be wrong
// ** int overflow(*), result may be wrong
// ** int overflow(*), result may be wrong
// ** int overflow(*), result may be wrong
// ** int overflow(*), result may be wrong
// ** int overflow(*), result may be wrong
// ** int overflow(*), result may be wrong
// ** int overflow(*), result may be wrong
// ** int overflow(*), result may be wrong
// ** int overflow(*), result may be wrong
// ** int overflow(*), result may be wrong
// ** int overflow(*), result may be wrong
// ** int overflow(*), result may be wrong
// ** int overflow(*), result may be wrong
// ** int overflow(*), result may be wrong
// ** int overflow(*), result may be wrong
// ** int overflow(*), result may be wrong
// ** int overflow(*), result may be wrong
// ** int overflow(*), result may be wrong
// ** int overflow(*), result may be wrong
// ** int overflow(*), result may be wrong
// ** int overflow(*), result may be wrong
// ** int overflow(*), result may be wrong
// ** int overflow(*), result may be wrong
// ** int overflow(*), result may be wrong
// ** int overflow(*), result may be wrong
// ** int overflow(*), result may be wrong
// ** int overflow(*), result may be wrong
// ** int overflow(*), result may be wrong
// ** int overflow(*), result may be wrong
// ** int overflow(*), result may be wrong
// ** int overflow(*), result may be wrong
// ** int overflow(*), result may be wrong
// ** int overflow(*), result may be wrong
// ** int overflow(*), result may be wrong
// ** int overflow(*), result may be wrong
// ** int overflow(*), result may be wrong
// ** int overflow(*), result may be wrong
// ** int overflow(*), result may be wrong
// ** int overflow(*), result may be wrong
// ** int overflow(*), result may be wrong
// ** int overflow(*), result may be wrong
// ** int overflow(*), result may be wrong
// ** int overflow(*), result may be wrong
// ** int overflow(*), result may be wrong
// ** int overflow(*), result may be wrong
// ** int overflow(*), result may be wrong
// ** int overflow(*), result may be wrong
// ** int overflow(*), result may be wrong
// ** int overflow(*), result may be wrong
// ** int overflow(*), result may be wrong
// ** int overflow(*), result may be wrong
// ** int overflow(*), result may be wrong
// ** int overflow(*), result may be wrong
// ** int overflow(*), result may be wrong
buch85 perry1 localsearch 0.80 0.76 0.63 0.03 0.00 14 32 3 28 12 29 4 0 0 0.00 0.55 0.01 0.00 0.00 0.00 0.00 0.00
// ** int overflow(*), result may be wrong
// ** int overflow(*), result may be wrong
// ** int overflow(*), result may be wrong
// ** int overflow(*), result may be wrong
// ** int overflow(*), result may be wrong
// ** int overflow(*), result may be wrong
// ** int overflow(*), result may be wrong
// ** int overflow(*), result may be wrong
// ** int overflow(*), result may be wrong
// ** int overflow(*), result may be wrong
// ** int overflow(*), result may be wrong
// ** int overflow(*), result may be wrong
// ** int overflow(*), result may be wrong
// ** int overflow(*), result may be wrong
// ** int overflow(*), result may be wrong
// ** int overflow(*), result may be wrong
// ** int overflow(*), result may be wrong
// ** int overflow(*), result may be wrong
// ** int overflow(*), result may be wrong
// ** int overflow(*), result may be wrong
// ** int overflow(*), result may be wrong
// ** int overflow(*), result may be wrong
// ** int overflow(*), result may be wrong
// ** int overflow(*), result may be wrong
// ** int overflow(*), result may be wrong
// ** int overflow(*), result may be wrong
// ** int overflow(*), result may be wrong
// ** int overflow(*), result may be wrong
// ** int overflow(*), result may be wrong
// ** int overflow(*), result may be wrong
// ** int overflow(*), result may be wrong
// ** int overflow(*), result may be wrong
// ** int overflow(*), result may be wrong
// ** int overflow(*), result may be wrong
// ** int overflow(*), result may be wrong
// ** int overflow(*), result may be wrong
// ** int overflow(*), result may be wrong
// ** int overflow(*), result may be wrong
// ** int overflow(*), result may be wrong
// ** int overflow(*), result may be wrong
// ** int overflow(*), result may be wrong
// ** int overflow(*), result may be wrong
// ** int overflow(*), result may be wrong
// ** int overflow(*), result may be wrong
// ** int overflow(*), result may be wrong
// ** int overflow(*), result may be wrong
// ** int overflow(*), result may be wrong
// ** int overflow(*), result may be wrong
// ** int overflow(*), result may be wrong
// ** int overflow(*), result may be wrong
// ** int overflow(*), result may be wrong
// ** int overflow(*), result may be wrong
// ** int overflow(*), result may be wrong
// ** int overflow(*), result may be wrong
// ** int overflow(*), result may be wrong
// ** int overflow(*), result may be wrong
// ** int overflow(*), result may be wrong
// ** int overflow(*), result may be wrong
// ** int overflow(*), result may be wrong
// ** int overflow(*), result may be wrong
// ** int overflow(*), result may be wrong
// ** int overflow(*), result may be wrong
// ** int overflow(*), result may be wrong
// ** int overflow(*), result may be wrong
// ** int overflow(*), result may be wrong
// ** int overflow(*), result may be wrong
// ** int overflow(*), result may be wrong
// ** int overflow(*), result may be wrong
// ** int overflow(*), result may be wrong
// ** int overflow(*), result may be wrong
// ** int overflow(*), result may be wrong
// ** int overflow(*), result may be wrong
// ** int overflow(*), result may be wrong
// ** int overflow(*), result may be wrong
// ** int overflow(*), result may be wrong
// ** int overflow(*), result may be wrong
// ** int overflow(*), result may be wrong
// ** int overflow(*), result may be wrong
// ** int overflow(*), result may be wrong
// ** int overflow(*), result may be wrong
// ** int overflow(*), result may be wrong
// ** int overflow(*), result may be wrong
// ** int overflow(*), result may be wrong
// ** int overflow(*), result may be wrong
// ** int overflow(*), result may be wrong
// ** int overflow(*), result may be wrong
// ** int overflow(*), result may be wrong
// ** int overflow(*), result may be wrong
// ** int overflow(*), result may be wrong
// ** int overflow(*), result may be wrong
// ** int overflow(*), result may be wrong
// ** int overflow(*), result may be wrong
// ** int overflow(*), result may be wrong
// ** int overflow(*), result may be wrong
// ** int overflow(*), result may be wrong
// ** int overflow(*), result may be wrong
// ** int overflow(*), result may be wrong
// ** int overflow(*), result may be wrong
// ** int overflow(*), result may be wrong
// ** int overflow(*), result may be wrong
// ** int overflow(*), result may be wrong
// ** int overflow(*), result may be wrong
// ** int overflow(*), result may be wrong
// ** int overflow(*), result may be wrong
// ** int overflow(*), result may be wrong
// ** int overflow(*), result may be wrong
// ** int overflow(*), result may be wrong
// ** int overflow(*), result may be wrong
// ** int overflow(*), result may be wrong
// ** int overflow(*), result may be wrong
// ** int overflow(*), result may be wrong
// ** int overflow(*), result may be wrong
// ** int overflow(*), result may be wrong
// ** int overflow(*), result may be wrong
// ** int overflow(*), result may be wrong
// ** int overflow(*), result may be wrong
// ** int overflow(*), result may be wrong
// ** int overflow(*), result may be wrong
// ** int overflow(*), result may be wrong
// ** int overflow(*), result may be wrong
// ** int overflow(*), result may be wrong
// ** int overflow(*), result may be wrong
// ** int overflow(*), result may be wrong
// ** int overflow(*), result may be wrong
// ** int overflow(*), result may be wrong
// ** int overflow(*), result may be wrong
// ** int overflow(*), result may be wrong
// ** int overflow(*), result may be wrong
// ** int overflow(*), result may be wrong
buch85 perry2 localsearch 0.79 0.74 0.62 0.03 0.00 14 32 3 28 12 29 4 0 0 0.00 0.54 0.01 0.00 0.00 0.00 0.00 0.00
butcher8 newton localsearch 745.29 741.01 262.74 0.66 3.50 21 390 9 297 149 1365 0 0 0 0.03 248.58 199.95 0.00 0.00 0.00 0.00 0.00
butcher8 perry1 localsearch 800.90 796.65 308.72 0.66 3.48 21 390 9 297 149 1574 4773 52 0 0.46 294.43 205.49 0.01 0.29 0.00 0.00 0.00
butcher8 perry2 localsearch 805.90 801.64 309.48 0.66 3.48 21 390 9 297 149 1574 4773 52 0 8.52 295.23 204.19 0.01 0.29 0.70 7.26 0.07
eco8 newton localsearch 4492.03 4479.44 631.24 1.25 10.93 14 910 33 387 163 2027 0 0 0 0.07 590.29 1725.26 0.00 0.00 0.00 0.00 0.00
eco8 perry1 localsearch 4669.66 4657.27 766.01 1.22 10.77 14 910 33 387 163 2441 15610 451 0 1.55 725.83 1750.80 0.04 0.94 0.00 0.00 0.00
eco8 perry2 localsearch 4682.91 4670.59 763.02 1.22 10.70 14 910 33 387 163 2441 15610 451 0 33.01 723.06 1743.75 0.04 0.93 1.95 29.24 0.19
kotsireas newton localsearch 2176.51 2162.76 534.25 0.71 12.82 64 6812 8 568 388 1926 0 0 0 0.05 467.68 422.00 0.00 0.00 0.00 0.00 0.00
kotsireas perry1 localsearch 3168.62 3154.84 1513.72 0.71 12.82 64 6812 8 568 388 6215 17588 629 0 3.63 1447.79 429.73 0.12 2.75 0.00 0.00 0.00
