cyclicn4 newton localsearch 0.21 0.13 0.10 0.00 0.00 5 21 5 8 3 14 0 0 0
cyclicn4 perry1 localsearch 0.12 0.11 0.10 0.00 0.00 5 21 5 8 3 15 1 1 0
cyclicn4 perry2 localsearch 0.11 0.11 0.09 0.00 0.00 5 21 5 8 3 15 1 1 0
cyclicnh4 newton localsearch 0.14 0.13 0.10 0.00 0.00 5 21 5 8 3 15 0 0 0
cyclicnh4 perry1 localsearch 0.12 0.12 0.10 0.00 0.00 5 21 5 8 3 16 0 1 0
cyclicnh4 perry2 localsearch 0.12 0.12 0.10 0.00 0.00 5 21 5 8 3 16 0 1 0
cyclicn5 newton localsearch 11.41 11.26 10.26 0.04 0.09 10 89 15 105 65 204 0 0 0
cyclicn5 perry1 localsearch 15.57 15.44 14.57 0.03 0.08 10 89 15 105 65 292 194 1 0
cyclicn5 perry2 localsearch 12.21 12.07 11.11 0.03 0.08 10 89 15 105 65 220 194 1 72
cyclicnh5 newton localsearch 4.55 4.50 3.87 0.01 0.03 21 293 12 49 28 140 0 0 0
cyclicnh5 perry1 localsearch 7.23 7.18 6.62 0.01 0.03 21 293 12 49 28 287 0 4 0
cyclicnh5 perry2 localsearch 5.05 5.00 4.31 0.01 0.03 21 293 12 49 28 155 0 4 132
cyclicn6 newton localsearch 398.62 393.66 353.68 0.53 4.31 17 351 48 346 188 1435 0 0 0
cyclicn6 perry1 localsearch 730.81 725.86 686.52 0.53 4.30 17 351 48 346 188 2773 2185 39 0
cyclicn6 perry2 localsearch 464.73 459.81 414.10 0.53 4.27 17 351 48 346 188 1636 2185 39 1137
cyclicnh6 newton localsearch 72.92 72.37 63.87 0.09 0.43 48 1706 13 150 102 863 0 0 0
cyclicnh6 perry1 localsearch 133.70 133.17 124.79 0.09 0.41 48 1706 13 150 102 1798 0 2 0
cyclicnh6 perry2 localsearch 92.62 92.08 77.61 0.09 0.41 48 1706 13 150 102 1039 0 2 759
katsuran4 newton localsearch 0.27 0.25 0.20 0.00 0.01 7 55 4 12 5 18 0 0 0
katsuran4 perry1 localsearch 0.25 0.24 0.21 0.00 0.00 7 55 4 12 5 20 25 0 0
katsuran4 perry2 localsearch 0.25 0.24 0.21 0.00 0.00 7 55 4 12 5 20 25 0 0
katsuranh4 newton localsearch 0.40 0.37 0.30 0.00 0.02 7 55 4 12 5 34 0 0 0
katsuranh4 perry1 localsearch 0.41 0.40 0.35 0.00 0.00 7 55 4 12 5 45 0 0 0
katsuranh4 perry2 localsearch 0.39 0.38 0.32 0.00 0.00 7 55 4 12 5 37 0 0 8
katsuran5 newton localsearch 1.82 1.75 1.46 0.01 0.05 12 193 6 32 16 74 0 0 0
katsuran5 perry1 localsearch 2.02 1.98 1.74 0.01 0.02 12 193 6 32 16 85 136 1 0
katsuran5 perry2 localsearch 1.96 1.92 1.66 0.01 0.02 12 193 6 32 16 85 136 1 0
katsuranh5 newton localsearch 2.14 2.08 1.70 0.01 0.04 14 194 5 34 20 105 0 0 0
katsuranh5 perry1 localsearch 2.83 2.80 2.47 0.01 0.02 14 194 5 34 20 182 0 5 0
katsuranh5 perry2 localsearch 2.54 2.50 2.10 0.01 0.02 14 194 5 34 20 140 0 5 42
trinks newton localsearch 4.20 4.10 3.52 0.02 0.07 21 225 7 59 38 154 0 0 0
trinks perry1 localsearch 5.50 5.43 4.95 0.02 0.03 21 225 7 59 38 232 0 1 0
trinks perry2 localsearch 4.44 4.38 3.81 0.02 0.03 21 225 7 59 38 167 0 1 65
econ4 newton localsearch 0.15 0.13 0.10 0.00 0.00 7 29 2 13 6 12 0 0 0
econ4 perry1 localsearch 0.13 0.12 0.10 0.00 0.00 7 29 2 13 6 12 13 0 0
econ4 perry2 localsearch 0.13 0.12 0.10 0.00 0.00 7 29 2 13 6 12 13 0 0
econh4 newton localsearch 0.47 0.45 0.36 0.00 0.01 8 83 6 15 7 34 0 0 0
econh4 perry1 localsearch 0.62 0.61 0.54 0.00 0.00 8 83 6 15 7 67 0 1 0
econh4 perry2 localsearch 0.54 0.53 0.44 0.00 0.00 8 83 6 15 7 49 0 1 18
econ5 newton localsearch 0.72 0.68 0.57 0.01 0.02 8 62 5 31 17 39 0 0 0
econ5 perry1 localsearch 0.71 0.68 0.61 0.01 0.01 8 62 5 31 17 40 52 1 0
econ5 perry2 localsearch 0.69 0.67 0.59 0.01 0.01 8 62 5 31 17 40 52 1 0
econh5 newton localsearch 2.90 2.84 2.04 0.01 0.05 14 358 7 35 21 109 0 0 0
econh5 perry1 localsearch 5.79 5.74 4.94 0.01 0.03 14 358 7 35 21 320 0 0 0
econh5 perry2 localsearch 5.19 5.14 3.89 0.01 0.03 14 358 7 35 21 222 0 0 98
