cyclicn4 newton localsearch 0.30 0.18 0.13 0.00 0.00 5 21 5 8 3 14 0 0 0 0.00 0.06 0.00 0.00 0.00 0.00 0.00 0.00
cyclicn4 perry1 localsearch 0.12 0.11 0.09 0.00 0.00 5 21 5 8 3 15 1 1 0 0.00 0.06 0.00 0.00 0.00 0.00 0.00 0.00
cyclicn4 perry2 localsearch 0.12 0.11 0.09 0.00 0.00 5 21 5 8 3 15 1 1 0 0.01 0.06 0.00 0.00 0.00 0.00 0.00 0.00
cyclicnh4 newton localsearch 0.14 0.13 0.10 0.00 0.00 5 21 5 8 3 15 0 0 0 0.00 0.06 0.00 0.00 0.00 0.00 0.00 0.00
cyclicnh4 perry1 localsearch 0.12 0.12 0.10 0.00 0.00 5 21 5 8 3 16 0 1 0 0.00 0.06 0.00 0.00 0.00 0.00 0.00 0.00
cyclicnh4 perry2 localsearch 0.12 0.12 0.10 0.00 0.00 5 21 5 8 3 16 0 1 0 0.00 0.06 0.00 0.00 0.00 0.00 0.00 0.00
cyclicn5 newton localsearch 11.43 11.28 10.14 0.04 0.09 10 89 15 105 65 204 0 0 0 0.00 9.24 0.08 0.00 0.00 0.00 0.00 0.00
cyclicn5 perry1 localsearch 15.63 15.49 14.63 0.04 0.08 10 89 15 105 65 292 194 1 0 0.02 13.73 0.08 0.00 0.01 0.00 0.00 0.00
cyclicn5 perry2 localsearch 12.23 12.10 11.15 0.04 0.08 10 89 15 105 65 220 194 1 72 0.12 10.25 0.08 0.00 0.01 0.02 0.08 0.00
cyclicnh5 newton localsearch 4.60 4.54 3.92 0.01 0.03 21 293 12 49 28 140 0 0 0 0.00 3.30 0.10 0.00 0.00 0.00 0.00 0.00
cyclicnh5 perry1 localsearch 7.30 7.25 6.70 0.01 0.03 21 293 12 49 28 287 0 4 0 0.01 6.08 0.09 0.00 0.01 0.00 0.00 0.00
cyclicnh5 perry2 localsearch 5.11 5.06 4.36 0.01 0.03 21 293 12 49 28 155 0 4 132 0.16 3.74 0.10 0.00 0.01 0.03 0.11 0.00
cyclicn6 newton localsearch 406.62 401.76 359.95 0.55 4.18 17 351 48 346 188 1435 0 0 0 0.03 348.53 3.25 0.00 0.00 0.00 0.00 0.00
cyclicn6 perry1 localsearch 762.47 757.52 714.66 0.57 4.25 17 351 48 346 188 2773 2185 39 0 0.45 702.78 3.35 0.01 0.30 0.00 0.00 0.00
cyclicn6 perry2 localsearch 480.98 476.12 427.48 0.56 4.18 17 351 48 346 188 1636 2185 39 1137 7.87 415.77 3.30 0.01 0.30 0.78 6.49 0.11
cyclicnh6 newton localsearch 75.33 74.77 66.09 0.10 0.42 48 1706 13 150 102 863 0 0 0 0.00 61.26 1.07 0.00 0.00 0.00 0.00 0.00
cyclicnh6 perry1 localsearch 137.53 137.00 128.37 0.10 0.40 48 1706 13 150 102 1798 0 2 0 0.25 123.36 1.09 0.01 0.21 0.00 0.00 0.00
cyclicnh6 perry2 localsearch 93.38 92.86 78.15 0.09 0.39 48 1706 13 150 102 1039 0 2 759 6.67 73.38 1.06 0.01 0.21 0.66 5.66 0.07
katsuran4 newton localsearch 0.28 0.25 0.20 0.00 0.02 7 55 4 12 5 18 0 0 0 0.00 0.12 0.01 0.00 0.00 0.00 0.00 0.00
katsuran4 perry1 localsearch 0.26 0.25 0.21 0.00 0.00 7 55 4 12 5 20 25 0 0 0.00 0.13 0.01 0.00 0.00 0.00 0.00 0.00
katsuran4 perry2 localsearch 0.25 0.24 0.21 0.00 0.00 7 55 4 12 5 20 25 0 0 0.00 0.13 0.01 0.00 0.00 0.00 0.00 0.00
katsuranh4 newton localsearch 0.42 0.38 0.31 0.00 0.02 7 55 4 12 5 34 0 0 0 0.00 0.21 0.01 0.00 0.00 0.00 0.00 0.00
katsuranh4 perry1 localsearch 0.42 0.41 0.35 0.00 0.00 7 55 4 12 5 45 0 0 0 0.00 0.26 0.01 0.00 0.00 0.00 0.00 0.00
katsuranh4 perry2 localsearch 0.39 0.38 0.33 0.00 0.00 7 55 4 12 5 37 0 0 8 0.01 0.23 0.01 0.00 0.00 0.00 0.00 0.00
katsuran5 newton localsearch 1.85 1.77 1.49 0.01 0.05 12 193 6 32 16 74 0 0 0 0.00 1.08 0.03 0.00 0.00 0.00 0.00 0.00
katsuran5 perry1 localsearch 2.04 2.00 1.76 0.01 0.02 12 193 6 32 16 85 136 1 0 0.00 1.29 0.03 0.00 0.00 0.00 0.00 0.00
katsuran5 perry2 localsearch 1.98 1.94 1.68 0.01 0.02 12 193 6 32 16 85 136 1 0 0.03 1.28 0.03 0.00 0.00 0.01 0.02 0.00
katsuranh5 newton localsearch 2.18 2.12 1.74 0.01 0.04 14 194 5 34 20 105 0 0 0 0.00 1.35 0.07 0.00 0.00 0.00 0.00 0.00
katsuranh5 perry1 localsearch 2.86 2.82 2.50 0.01 0.02 14 194 5 34 20 182 0 5 0 0.01 2.11 0.07 0.00 0.01 0.00 0.00 0.00
katsuranh5 perry2 localsearch 2.56 2.53 2.13 0.01 0.02 14 194 5 34 20 140 0 5 42 0.09 1.74 0.07 0.00 0.01 0.02 0.06 0.00
trinks newton localsearch 4.27 4.16 3.59 0.02 0.07 21 225 7 59 38 154 0 0 0 0.00 3.11 0.08 0.00 0.00 0.00 0.00 0.00
trinks perry1 localsearch 5.55 5.48 5.00 0.02 0.03 21 225 7 59 38 232 0 1 0 0.01 4.52 0.08 0.00 0.01 0.00 0.00 0.00
trinks perry2 localsearch 4.48 4.42 3.85 0.02 0.03 21 225 7 59 38 167 0 1 65 0.10 3.38 0.07 0.00 0.01 0.02 0.06 0.00
econ4 newton localsearch 0.16 0.14 0.11 0.00 0.00 7 29 2 13 6 12 0 0 0 0.00 0.07 0.00 0.00 0.00 0.00 0.00 0.00
econ4 perry1 localsearch 0.13 0.12 0.11 0.00 0.00 7 29 2 13 6 12 13 0 0 0.00 0.07 0.00 0.00 0.00 0.00 0.00 0.00
econ4 perry2 localsearch 0.13 0.12 0.10 0.00 0.00 7 29 2 13 6 12 13 0 0 0.00 0.07 0.00 0.00 0.00 0.00 0.00 0.00
econh4 newton localsearch 0.49 0.46 0.37 0.00 0.01 8 83 6 15 7 34 0 0 0 0.00 0.23 0.01 0.00 0.00 0.00 0.00 0.00
econh4 perry1 localsearch 0.63 0.61 0.54 0.00 0.00 8 83 6 15 7 67 0 1 0 0.00 0.40 0.01 0.00 0.00 0.00 0.00 0.00
econh4 perry2 localsearch 0.55 0.54 0.45 0.00 0.00 8 83 6 15 7 49 0 1 18 0.02 0.31 0.01 0.00 0.00 0.00 0.01 0.00
econ5 newton localsearch 0.74 0.70 0.59 0.01 0.02 8 62 5 31 17 39 0 0 0 0.00 0.44 0.01 0.00 0.00 0.00 0.00 0.00
econ5 perry1 localsearch 0.70 0.68 0.61 0.01 0.01 8 62 5 31 17 40 52 1 0 0.00 0.46 0.01 0.00 0.00 0.00 0.00 0.00
econ5 perry2 localsearch 0.71 0.68 0.60 0.01 0.01 8 62 5 31 17 40 52 1 0 0.00 0.45 0.01 0.00 0.00 0.00 0.00 0.00
econh5 newton localsearch 2.96 2.88 2.08 0.01 0.05 14 358 7 35 21 109 0 0 0 0.00 1.39 0.05 0.00 0.00 0.00 0.00 0.00
econh5 perry1 localsearch 5.46 5.42 4.65 0.01 0.03 14 358 7 35 21 320 0 0 0 0.03 3.96 0.05 0.00 0.02 0.00 0.00 0.00
econh5 perry2 localsearch 4.90 4.85 3.64 0.01 0.03 14 358 7 35 21 222 0 0 98 0.46 2.94 0.05 0.00 0.02 0.06 0.36 0.01
