sendrah 1 4 7 1 5 10 0 1 2
binomial_5_3_5_5 3 1/6 20 2 3/2 8 1 3 5
sparsesym5h 3 40/3 6 4 1/12 33 3 4 11
binomial_6_3_6_6 4 1/24 13 3 3/2 16 2 4 7
katsuranh5 3 1/3 13 5 1/120 26 3 5 22
cyclicnh3 0 6 3 1 3 3 0 2 3
r6_2_2 2 2 39 3 1/6 47 2 4 46
econ5 1 2 11 2 1 9 1 3 8
binomial_6_2_6_7 3 1/6 12 3 1/3 16 1 3 7
katsuran6 2 5/2 22 4 1/24 25 2 5 21
cyclicn5 2 1/2 20 3 1/6 21 1 3 17
econh3 1 1 4 1 3 4 1 2 3
ahmlh 3 4/3 142 3 5/6 152 3 4 78
katsuranh6 3 5/6 22 5 1/120 92 3 6 89
binomial_5_3_4_6 3 1/6 16 2 3/2 5 1 3 5
sym33 2 3/2 10 2 1/2 50 1 2 23
rpbl 4 1/8 126 4 1/6 143 3 5 87
binomial_8_4_8_9 6 1/360 18 5 1/15 9 5 6 9
econ3 0 1 3 0 1 3 0 1 3
noon7 5 1/120 495 5 1/120 490 5 5 494
katsuran5 2 1 13 4 1/24 10 2 4 14
cyclicnh6 4 1/24 99 5 1/120 149 2 5 29
econh4 2 1/2 8 2 1 4 1 3 7
liu 3 1/3 16 3 1/2 19 2 4 7
r7_2_2 3 1/2 67 5 1/120 101 3 5 96
extcyc5h 4 1/24 165 5 1/120 45 3 5 230
wu90 3 1/6 20 2 1 13 1 3 12
issac97 1 2 12 2 1/2 12 1 2 8
r6_2_2_h 2 2 39 3 1/6 47 2 4 46
r6_2_4_h 3 1/3 152 4 1/12 232 3 4 230
redcyc6 3 1/6 21 4 1/24 19 2 4 22
r8_2_2 4 1/12 128 6 1/720 199 4 6 182
redcyc7 4 1/24 78 5 1/120 60 3 5 83
buchberger87 3 2/3 8 3 2/3 4 3 4 6
econ4 0 3 7 1 2 7 0 2 7
econ8 4 1/12 59 4 1/8 39 3 6 55
r5_2_6_h 2 2 225 3 1/6 284 2 3 317
cyclicn7 4 1/24 209 5 1/120 256 3 5 189
fmtm 1 8 8 1 8 11 1 2 7
wang16 1 3 18 1 8 12 1 2 19
schrans_troost 4 1/8 128 3 3/2 136 3 6 153
aubry2 0 458 79 3 8/3 58 0 5 60
rpblh 5 1/40 156 4 11/24 290 4 6 246
wu90h 4 1/24 29 3 2/3 48 2 4 25
extcyc6 4 1/24 242 5 1/120 181 3 5 141
binomial_8_3_8_16 6 1/360 20 5 1/20 13 5 6 8
redcyc6h 4 1/24 106 4 11/24 125 3 5 107
r8_2_2_h 4 1/12 128 6 1/720 199 4 6 182
r7_2_2_h 3 1/2 67 5 1/120 101 3 5 96
katsuran3 1 1 4 2 1/2 4 1 2 4
cyclicnh7 5 1/120 443 6 1/720 823 3 6 486
ilias12 2 6 231 4 5/24 259 2 5 118
katsuran2 0 2 2 1 1 2 0 1 2
binomial_7_3_7_9 5 1/120 14 4 5/24 8 4 5 7
fmtmdeh 0 8 8 0 4 5 0 1 5
redcyc7h 5 1/120 442 5 13/120 800 3 6 161
extcyc5 3 1/6 102 4 1/24 54 3 4 93
solotarev 1 1 10 0 2 5 0 2 5
virasoro 4 1/8 128 3 3/2 136 3 6 153
ahml 2 4 95 2 5/2 66 2 3 29
cyclicnh4 2 1/2 7 3 1/6 4 1 3 4
cyclicn4 1 1 7 2 1/2 5 0 2 5
ducos7_5 1 7 1 2 56 1 1 5 1
fateman 2 1/2 27 2 3/2 27 2 2 39
binomial_5_3_5_3 3 1/6 12 3 1/6 14 1 3 6
nya 1 21 51 1 60 33 1 2 38
r8_2_4_h 4 1/8 997 5 1/30 1962 4 6 1649
roseh 1 18 23 2 1 15 1 2 24
extcyc6h 5 1/120 668 6 1/720 1274 3 6 191
econ2 -1 0 2 -1 0 2 -1 -1 2
solotarevh 2 1/2 10 2 1 11 1 3 8
cyclicn6 3 1/6 45 3 1 29 2 4 42
econ6 2 1 18 2 2 14 1 3 14
noon8 6 1/720 1338 6 1/720 1337 6 6 1337
econ7 3 1/3 32 3 2/3 19 2 5 27
schieleh 2 2 2 2 2 2 2 3 2
ilias_k_2 3 5/6 125 4 1/24 125 1 4 40
jason210 5 1/10 900 5 1/10 961 5 5 1550
berth 1 9 15 1 9 15 1 1 15
binomial_7_4_7_8 4 1/2 17 4 3/8 9 4 5 9
katsuran7 3 1/2 41 5 1/60 32 3 6 35
butcher8 3 11/6 54 5 1/40 33 3 6 20
binomial_5_3_4_4 3 1/6 11 2 3 5 1 3 4
katsuranh2 1 2 2 2 1/2 2 1 2 2
sparsesym5 0 16 5 3 1/3 5 0 3 5
gerdt93 4 1/24 9 3 2/3 6 3 4 6
katsuran4 1 3 7 3 1/6 7 1 3 7
r6_2_4 3 3/2 747 4 1/8 1095 3 4 1300
berthh 2 9/2 67 2 9/2 43 2 2 65
czapor87_1h 2 1 12 2 1 12 2 3 16
r6_2_6_h 2 21 843 4 1/8 1478 2 4 1211
r5_2_2_h 2 1/2 21 3 1/3 25 2 3 27
wang16h 2 5/2 33 2 7/2 39 2 3 29
vermeer 2 1 20 3 1/6 32 1 3 15
cohn3 1 21 92 1 22 66 1 2 67
r5_2_4_h 1 6 35 2 2 43 1 3 35
rose 0 18 19 1 2 11 0 1 15
cyclicnh2 0 2 2 1 1 2 0 1 2
assur44 3 3/2 87 3 4/3 66 3 3 50
r7_2_6_h 3 25/6 2928 4 3/8 5267 3 5 4936
cyclicnh5 3 1/6 38 4 1/24 38 1 4 22
r5_2_2 2 1/2 21 3 1/3 25 2 3 27
katsuranh4 2 3/2 7 4 1/24 8 2 4 11
ilias13 3 1/3 246 3 5/6 199 2 4 160
schiele 1 4 2 1 4 2 1 1 2
reimer6h 4 1/6 667 5 1/60 3005 3 5 1708
econh6 4 1/24 28 4 1/12 54 3 5 35
reimer5 2 2 38 3 1/3 50 1 3 26
ducos7_3 0 518 80 3 3 58 0 5 49
czapor87_2h 2 1 12 3 1/6 33 2 3 21
dessin1 2 1 39 4 1/12 30 1 5 22
reimer6 3 2/3 95 4 1/12 120 2 4 60
fatemanh 3 1/6 27 3 1/2 93 3 3 39
uteshev_bikker 2 3/2 17 3 1/3 84 2 3 78
sendra 0 4 6 0 4 6 0 0 6
econh7 5 1/120 51 5 1/60 94 4 6 70
binomial_4_2_4_1 1 2 6 1 3 6 0 1 4
fmtm_non_hom 1 1 4 0 4 2 0 1 2
r5_2_4 2 5 206 3 1/6 263 2 3 328
syz1 0 4 2 0 4 2 0 0 2
