gs-mixed/cyclicn3.test
gs-mixed/cyclicn2.test
gs-mixed/econ4.test
gs-mixed/r5_2_2.test
gs-mixed/r5_2_2_h.test
gs-mixed/r5_2_4_h.test
gs-mixed/sendra.test
gs-mixed/sparsesym5.test
gs-mixed/issac97.test
gs-mixed/econ2.test
gs-mixed/solotarev.test
gs-mixed/lichtblau.test
gs-mixed/econ5.test
gs-mixed/econ3.test
random-mixed/cyclicn3.test
random-mixed/r7_2_2_h.test
random-mixed/hfe_segers.test
random-mixed/dessin1.test
random-mixed/cyclicn2.test
random-mixed/wang16.test
random-mixed/wu90.test
random-mixed/econ4.test
random-mixed/r6_2_2.test
random-mixed/econ6.test
random-mixed/r5_2_2.test
random-mixed/r5_2_2_h.test
random-mixed/r5_2_4_h.test
random-mixed/sendra.test
random-mixed/sparsesym5.test
random-mixed/fmtmdeh.test
random-mixed/issac97.test
random-mixed/cyclicn5.test
random-mixed/econ2.test
random-mixed/econ7.test
random-mixed/ducos7_3.test
random-mixed/r7_2_2.test
random-mixed/rose.test
random-mixed/r6_2_2_h.test
random-mixed/solotarev.test
random-mixed/aubry2.test
random-mixed/econ5.test
random-mixed/econ3.test
perturb-mixed/cyclicn3.test
perturb-mixed/r7_2_2_h.test
perturb-mixed/hfe_segers.test
perturb-mixed/dessin1.test
perturb-mixed/cyclicn2.test
perturb-mixed/wang16.test
perturb-mixed/wu90.test
perturb-mixed/econ8.test
perturb-mixed/econ4.test
perturb-mixed/r6_2_2.test
perturb-mixed/econ6.test
perturb-mixed/r5_2_2.test
perturb-mixed/redcyc6.test
perturb-mixed/r5_2_2_h.test
perturb-mixed/r5_2_4_h.test
perturb-mixed/sendra.test
perturb-mixed/sparsesym5.test
perturb-mixed/fmtmdeh.test
perturb-mixed/issac97.test
perturb-mixed/cyclicn5.test
perturb-mixed/econ2.test
perturb-mixed/econ7.test
perturb-mixed/cyclicn6.test
perturb-mixed/ducos7_3.test
perturb-mixed/r7_2_2.test
perturb-mixed/rose.test
perturb-mixed/r6_2_2_h.test
perturb-mixed/solotarev.test
perturb-mixed/aubry2.test
perturb-mixed/econ5.test
perturb-mixed/econ3.test
simplex-mixed/cyclicn2.test
simplex-mixed/wu90.test
simplex-mixed/econ4.test
simplex-mixed/sendra.test
simplex-mixed/sparsesym5.test
simplex-mixed/issac97.test
simplex-mixed/cyclicn5.test
simplex-mixed/econ2.test
simplex-mixed/rose.test
simplex-mixed/solotarev.test
simplex-mixed/aubry2.test
simplex-mixed/econ5.test
simplex-mixed/econ3.test
gs-then-cp-mixed/cyclicn3.test
gs-then-cp-mixed/cyclicn2.test
gs-then-cp-mixed/sparsesym5.test
gs-then-cp-mixed/econ2.test
gs-then-cp-mixed/lichtblau.test
gs-then-cp-mixed/econ3.test
simplex-then-cp-mixed/cyclicn2.test
simplex-then-cp-mixed/econ4.test
simplex-then-cp-mixed/sendra.test
simplex-then-cp-mixed/sparsesym5.test
simplex-then-cp-mixed/econ2.test
simplex-then-cp-mixed/solotarev.test
simplex-then-cp-mixed/econ3.test
regrets-hilbert/berth.test
regrets-betti/fmtm_non_hom.test
regrets-betti/fmtmdeh.test
regrets-betti/berth.test
regrets-betti/rose.test
regrets-betti/ahml.test
regrets-betti/solotarev.test
regrets-betti/joswig101-trimmed.test
regrets-betti/lichtblau.test
regrets-betti/ilias_k_2.test
regrets-mixed/fmtm_non_hom.test
regrets-mixed/fmtmdeh.test
regrets-mixed/berth.test
regrets-mixed/rose.test
regrets-mixed/ahml.test
regrets-mixed/joswig101-trimmed.test
regrets-mixed/lichtblau.test
regrets-mixed/ilias_k_2.test
