katsuran2fmtm_non_homcyclicn3binomial_6_3_6_6katsuran5 0.274755954742 0.184401035309 3 6 4 4
issac97 1.86963105202 1.44327497482 12 180 5 125
sym33 1.11974096298 0.969146251678 8 88 8 79
butcher8glp_free: memory allocation error
Error detected in file env/alloc.c at line 72
extcyc5hecon5binomial_7_4_7_8 6.30734491348 3.69159984589 47 3783 16 148
binomial_5_3_4_6 0.257359981537 0.240509748459 4 8 3 5
redcyc6h 461.775817871 25.1129932404 78 5602 21 5317
glp_free: memory allocation error
Error detected in file env/alloc.c at line 72
cyclicn6 7.07749176025 3.18149614334 11 63 3 703
econ3 0.165640115738 0.155403852463 3 9 2 3
noon7 inf inf inf inf inf inf
econh4 6.22516393661 5.44853019714 6 24 4 156
glp_free: memory allocation error
Error detected in file env/alloc.c at line 72
 2.26675486565 1.6771800518 12 24 7 263
ilias_k_2 inf inf inf inf inf inf
r7_2_2 40.1099967957 26.1813564301 76 1685 8 723
binomial_5_3_5_5 2.28660798073 1.78221726418 5 10 3 48
extcyc5glp_free: memory allocation error
Error detected in file env/alloc.c at line 72
schieleh 0.680429935455 0.557177782059 7 14 5 20
reimer5h inf inf inf inf inf inf
schiele 3.45162892342 2.32364869118 2 6 2 17
katsuranh5 24.7504348755 22.0563144684 23 327 12 177
econ2 2.27469205856 1.44199800491 2 4 1 13
econh2 2.26586699486 1.88533711433 2 4 2 13
katsuran7 88.5632171631 55.8487243652 41 1923 7 563
glp_free: memory allocation error
Error detected in file env/alloc.c at line 72
r5_2_2_h 8.71373558044 3.76941847801 22 171 6 1283
katsuranh4 2.12935185432 1.6454410553 7 47 4 190
r7_2_2_h 10.6150283813 5.29110193253 67 1487 8 339
fmtmdeh 0.86696600914 0.781819343567 6 12 5 65
r6_2_4_h 68.320526123 18.0783481598 155 8966 13 851
glp_free: memory allocation error
Error detected in file env/alloc.c at line 72
cyclicn2 0.213732004166 0.120481967926 2 4 2 2
r8_2_2_h 155.458465576 22.5237541199 170 6930 9 1317
r5_2_4_h 2.73664498329 2.14561915398 35 453 9 122
cyclicnh6 18.6379470825 6.56474208832 28 1363 9 701
glp_free: memory allocation error
Error detected in file env/alloc.c at line 72
roseh 0.235458850861 0.141586065292 2 6 2 2
dessin1 78.2487945557 11.8556632996 20 665 10 904
r5_2_6_h 303.369262695 54.0229530334 226 21355 19 3918
binomial_5_3_5_3 0.404881954193 0.381186723709 6 12 5 13
hemmecke 0.224492073059 0.21389913559 3 16 15 3
nyaglp_free: memory allocation error
Error detected in file env/alloc.c at line 72
econh6 0.21133184433 0.112717866898 2 5 2 2
aubry2 664.577392578 96.1909790039 79 7215 6 1013
dl inf inf inf inf inf inf
econh7
   skipping text from `parameter`
