./instances/binomial_7_4_7_8.ideal 0.0016701221466064453 17 34 8
./instances/econh7.ideal 0.005635976791381836 51 1127 10
./instances/bench2h.ideal 0.08150935173034668 257 5379 10
./instances/katsuranh3.ideal 0.0016398429870605469 4 16 3
./instances/katsuranh7.ideal 0.011728525161743164 41 1923 7
./instances/katsuranh4.ideal 0.0017387866973876953 7 49 4
./instances/kriderh.ideal 2.026231288909912 622 71262 45
./instances/f744.ideal 0.0770728588104248 87 3932 4
./instances/cyclicnh5.ideal 0.002469301223754883 38 538 13
./instances/aubry2.ideal 1.0054607391357422 79 7215 6
./instances/chemkin.ideal 0.15681886672973633 90 6310 4
./instances/krider.ideal 0.005670309066772461 40 570 11
./instances/vermeer.ideal 0.003114461898803711 20 433 6
./instances/i1h.ideal 0.12175416946411133 194 8574 9
./instances/noon8h.ideal 2.8158230781555176 1338 408695 17
./instances/katsuran2.ideal 0.0016291141510009766 2 5 2
./instances/hairer2_0h.ideal 2.855926513671875 506 84780 15
./instances/cyclicn6.ideal 0.010219812393188477 45 1135 9
./instances/r8_2_2.ideal 0.0761876106262207 128 5194 9
./instances/berthh.ideal 0.005540370941162109 67 4646 42
./instances/r6_2_6_h.ideal 6.7189555168151855 843 295357 21
./instances/butcher8.ideal 0.02489328384399414 54 1796 4
./instances/r6_2_2.ideal 0.0034923553466796875 39 498 7
./instances/roseh.ideal 0.0021347999572753906 23 663 17
./instances/nya.ideal 0.4720327854156494 51 3073 10
./instances/cohn3.ideal 0.12590456008911133 92 17876 8
./instances/katsuranh12.ideal 537.3343939781189 1050 1481303 12
./instances/r6_2_4_h.ideal 0.06840705871582031 152 8725 13
./instances/r5_2_6_h.ideal 0.11251211166381836 225 21205 19
./instances/binomial_5_3_4_4.ideal 0.0016169548034667969 11 22 7
./instances/liu.ideal 0.0017576217651367188 16 148 9
./instances/dl.ideal 1.0161926746368408 323 54291 6
./instances/chemkinh.ideal 0.723099946975708 166 14390 15
./instances/czapor87_1h.ideal 0.0018873214721679688 12 156 5
./instances/reimer6.ideal 8.908123970031738 95 20996 10
./instances/pinchon1.ideal 0.1569681167602539 108 6181 4
./instances/katsuranh9.ideal 0.6600077152252197 143 26135 9
./instances/r5_2_4_h.ideal 0.0027463436126708984 35 453 9
./instances/redeco12.ideal 30.42356514930725 1025 436122 11
./instances/redeco11.ideal 3.7658281326293945 513 115328 10
./instances/r9_2_2.ideal 0.4289131164550781 223 16428 10
./instances/binomial_6_3_6_6.ideal 0.0016379356384277344 13 26 6
./instances/reimer5h.ideal 0.08851146697998047 174 17767 16
./instances/sendrah.ideal 0.0017173290252685547 7 221 14
./instances/cyclicnh6.ideal 0.01262521743774414 99 3502 15
./instances/f744h.ideal 0.2204740047454834 204 10479 8
./instances/econ6.ideal 0.00214385986328125 18 232 4
./instances/cyclicn5-simple.ideal 0.0023081302642822266 20 232 8
./instances/katsuran10.ideal 6.42593789100647 272 98498 10
./instances/cyclicn9.ideal timed out at 3600s
./instances/katsuran7.ideal 0.01205134391784668 41 1923 7
./instances/sendra.ideal 0.0017619132995605469 6 186 11
./instances/ilias_k_2.ideal 0.6382737159729004 125 15773 5
./instances/discrc2h.ideal 0.33974552154541016 94 72679 20
./instances/redcyc7h.ideal 1.083385705947876 442 86579 27
./instances/i1.ideal 0.05351090431213379 118 5536 4
./instances/noon7.ideal 0.28960227966308594 495 71153 13
./instances/dessin2h.ideal 0.030850887298583984 90 2838 7
./instances/jcf26h.ideal 0.13245058059692383 178 6316 9
./instances/syz1.ideal 0.0015285015106201172 2 4 2
./instances/schrans_troost.ideal 0.3133857250213623 128 18425 9
./instances/bench1h.ideal 0.12362122535705566 194 8574 9
./instances/ducos7_3.ideal 1.948882818222046 80 8634 6
./instances/el44.ideal 0.006884098052978516 14 73 2
./instances/r8_2_4_h.ideal 20.86951446533203 997 388118 17
./instances/katsuran14.ideal timed out at 3600s
./instances/ilias12h.ideal 22.357171297073364 731 381214 18
./instances/econh11.ideal 17.713471174240112 758 216320 17
./instances/binomial_6_2_6_7.ideal 0.0016324520111083984 12 24 4
./instances/weispfenning94.ideal 0.0020771026611328125 22 511 14
./instances/assur44h.ideal 0.1973130702972412 160 9978 7
./instances/r9_2_2_h.ideal 0.439486026763916 223 16426 10
./instances/econh6.ideal 0.002458333969116211 28 346 9
./instances/gerdt93.ideal 0.0018093585968017578 9 109 6
./instances/solotarev.ideal 0.0017261505126953125 10 50 3
./instances/ilias13h.ideal 7.011939525604248 769 216233 17
./instances/cyclicnh3.ideal 0.0015919208526611328 3 8 3
./instances/reimer5.ideal 0.04107475280761719 38 2792 8
./instances/rpblh.ideal 0.19438910484313965 156 10451 17
./instances/redeco10.ideal 0.48931407928466797 257 30776 9
./instances/fmtm_non_hom.ideal 0.001603841781616211 4 8 6
./instances/cyclicnh2.ideal 0.0015811920166015625 2 4 2
./instances/katsuranh5.ideal 0.0019533634185791016 13 168 5
./instances/r8_2_2_h.ideal 0.0778038501739502 128 5195 9
./instances/virasoroh.ideal 0.2942936420440674 128 18425 9
./instances/katsuranh13.ideal timed out at 3600s
./instances/jcf26.ideal 0.03668546676635742 79 1944 5
./instances/katsuran9.ideal 0.745208740234375 143 26135 9
./instances/noon9.ideal 26.170705795288086 3682 2399316 17
./instances/virasoro.ideal 0.31354427337646484 128 18425 9
./instances/buchberger87.ideal 0.001634836196899414 8 16 6
./instances/econh3.ideal 0.00167083740234375 4 11 4
./instances/binomial_5_3_4_6.ideal 0.0017037391662597656 16 32 9
./instances/ilias12.ideal 5.287998676300049 231 101702 7
./instances/econh2.ideal 0.0015895366668701172 2 4 2
./instances/ducos7_5.ideal 0.5742840766906738 1 1 0
./instances/cyclicn4.ideal 0.0017278194427490234 7 30 6
./instances/econ10.ideal 1.8008313179016113 203 31810 6
./instances/solotarevh.ideal 0.0017304420471191406 10 50 6
./instances/sparsesym5h.ideal 0.0016775131225585938 6 16 18
./instances/katsuranh14.ideal timed out at 3600s
./instances/katsuranh11.ideal 46.020336866378784 537 383452 11
./instances/cyclicnh8.ideal 35.625164270401 1182 676462 29
./instances/econ2.ideal 0.0015316009521484375 2 4 1
./instances/binomial_5_3_5_3.ideal 0.0016214847564697266 12 24 6
./instances/katsuran8.ideal 0.08991789817810059 74 6823 8
./instances/f855.ideal 0.929842472076416 148 9213 4
./instances/r5_2_4.ideal 2.8033313751220703 206 171210 16
./instances/cyclicn5.ideal 0.002351999282836914 20 232 8
./instances/redeco12h.ideal 27.762946128845215 1025 436122 11
./instances/econh10.ideal 1.7633020877838135 379 55811 15
./instances/hawes4.ideal 546.1893339157104 924 1401968 18
./instances/redeco11h.ideal 3.497495174407959 513 115328 10
./instances/cyclicn7.ideal 1.0324957370758057 209 27185 12
./instances/schiele.ideal 0.001561880111694336 2 6 2
./instances/safey.ideal timed out at 3600s
./instances/sparsesym5.ideal 0.007519721984863281 5 12 10
./instances/ahmlh.ideal 0.759819746017456 142 42331 20
./instances/f633h.ideal 0.004786252975463867 47 977 6
./instances/f855h.ideal 4.79436182975769 688 68952 9
./instances/cyclicn3.ideal 0.001621246337890625 3 8 3
./instances/gangl.ideal 11.535341024398804 439 303076 10
./instances/hairer2.ideal 0.10130810737609863 64 3704 5
./instances/extcyc5h.ideal 0.053640127182006836 165 12004 15
./instances/extcyc6h.ideal 2.709057331085205 668 147485 23
./instances/fatemanh.ideal 0.002744436264038086 27 1009 14
./instances/binomial_4_2_4_1.ideal 0.001615285873413086 6 12 3
./instances/binomial_7_3_7_9.ideal 0.001684427261352539 14 28 5
./instances/r12_2_2.ideal 161.9892873764038 1463 733350 13
./instances/econh5.ideal 0.0018129348754882812 15 104 7
./instances/katsuran6-simple.ideal 0.003020048141479492 22 528 6
./instances/r7_2_4_h.ideal 0.31165051460266113 249 23533 14
./instances/econ9.ideal 0.1851048469543457 106 8423 6
./instances/fabrice24.ideal 0.0287930965423584 54 1894 5
./instances/r11_2_2_h.ideal 20.751211166381836 767 200796 12
./instances/econh4.ideal 0.0017154216766357422 8 34 5
./instances/noon8.ideal 2.620788812637329 1338 408695 15
./instances/filter9h.ideal 0.6018228530883789 1360 19274 23
./instances/hairer3.ideal 0.00165557861328125 1 1 0
./instances/katsuranh10.ideal 5.785175323486328 272 98498 10
./instances/binomial_8_3_8_16.ideal 0.0016717910766601562 20 40 4
./instances/assur44.ideal 0.09583592414855957 87 4493 4
./instances/r6_2_4.ideal 217.18784308433533 747 2499751 19
./instances/discrc2.ideal 0.3582940101623535 92 72529 16
./instances/rabmoh.ideal 0.20968413352966309 275 17549 14
./instances/katsuranh8.ideal 0.08243417739868164 74 6823 8
./instances/bench2.ideal 0.0192718505859375 86 1487 4
./instances/noon9h.ideal 29.4712815284729 3682 2399316 19
./instances/econ5.ideal 0.001806020736694336 11 82 3
./instances/uteshev_bikker.ideal 0.0024368762969970703 17 519 7
./instances/lichtblau.ideal 0.002655506134033203 16 929 10
./instances/cyclicnh4.ideal 0.001645803451538086 7 30 6
./instances/redcyc7.ideal 0.7134339809417725 78 9763 7
./instances/filter9.ideal 0.08602499961853027 153 1048 5
./instances/rpbl.ideal 0.19588804244995117 126 8997 16
./instances/pinchon1h.ideal 0.40322113037109375 172 16797 20
./instances/jason210.ideal 1.3852999210357666 900 290098 54
./instances/r5_2_2_h.ideal 0.0019981861114501953 21 160 6
./instances/econh12.ideal 181.32219219207764 1489 813965 19
./instances/hfe_segers.ideal 0.003732442855834961 41 192 3
./instances/cyclicn5-permut.ideal 0.0024149417877197266 20 232 8
./instances/sym33.ideal 0.0017549991607666016 10 85 10
./instances/fmtmdeh.ideal 0.0016312599182128906 8 16 5
./instances/gonnet83.ideal 0.2061612606048584 748 3915 9
./instances/reimer6h.ideal 5.907844305038452 667 267283 20
./instances/cyclicn4-simple.ideal 0.0016155242919921875 7 30 6
./instances/econh9.ideal 0.23084402084350586 196 15400 14
./instances/el44h.ideal 3.5194737911224365 629 121392 28
./instances/redcyc6.ideal 0.00861978530883789 21 493 6
./instances/fmtm.ideal 0.0016074180603027344 8 16 7
./instances/katsuran11.ideal 53.442375898361206 537 383452 11
./instances/wang16.ideal 0.0024728775024414062 18 374 4
./instances/cyclicnh7.ideal 1.038991928100586 443 79897 19
./instances/cyclicn2.ideal 0.001523733139038086 2 4 2
./instances/extcyc6.ideal 1.9607672691345215 242 37096 11
./instances/hairer1.ideal 0.0018835067749023438 15 193 8
./instances/katsuran5.ideal 0.0018894672393798828 13 168 5
./instances/econ12.ideal 168.58798551559448 743 400216 8
./instances/r5_2_2.ideal 0.002081155776977539 21 160 6
./instances/ilias13.ideal 1.7725591659545898 246 54387 7
./instances/fateman.ideal 0.0026671886444091797 27 1009 14
./instances/trinks.ideal 0.0018367767333984375 13 109 5
./instances/issac97.ideal 0.0019426345825195312 12 180 5
./instances/binomial_5_3_5_5.ideal 0.0017392635345458984 20 40 9
./instances/r6_2_2_h.ideal 0.0034809112548828125 39 498 7
./instances/econ4.ideal 0.001676321029663086 7 29 2
./instances/econ11.ideal 15.528666019439697 389 115818 7
./instances/bench1.ideal 0.0533599853515625 118 5536 4
./instances/wu90h.ideal 0.0026421546936035156 29 407 7
./instances/katsuran13.ideal timed out at 3600s
./instances/katsuranh6.ideal 0.0029401779174804688 22 528 6
./instances/dessin1h.ideal 0.018466949462890625 56 2152 11
./instances/katsuran6.ideal 0.0030889511108398438 22 528 6
./instances/econh8.ideal 0.03106999397277832 101 4184 12
./instances/wu90.ideal 0.0021958351135253906 20 266 4
./instances/r7_2_6_h.ideal 358.77702593803406 2928 3641519 25
./instances/cyclicn8.ideal 31.36830711364746 372 93500 14
./instances/berth.ideal 0.0031707286834716797 15 1175 9
./instances/econ3.ideal 0.001611948013305664 3 9 2
./instances/extcyc5.ideal 0.05072164535522461 102 6728 10
./instances/r5_2_6.ideal 513.0300533771515 930 6003127 26
./instances/wang16h.ideal 0.0029382705688476562 33 809 9
./instances/rose.ideal 0.002192258834838867 19 537 10
./instances/r10_2_2.ideal 3.13550066947937 426 59515 11
./instances/schieleh.ideal 0.001562356948852539 2 6 2
./instances/fabrice24h.ideal 0.05432009696960449 102 3831 8
./instances/r7_2_2.ideal 0.01186680793762207 67 1487 8
./instances/mckay.ideal 0.46851062774658203 51 3073 10
./instances/joswig101-trimmed.ideal 14.830904960632324 286 125618 7
./instances/f633.ideal 0.0039479732513427734 47 1022 4
./instances/katsuran4.ideal 0.0016970634460449219 7 49 4
./instances/czapor87_2h.ideal 0.0019021034240722656 12 180 5
./instances/r7_2_2_h.ideal 0.012019872665405273 67 1487 8
./instances/hemmecke.ideal 0.001573324203491211 3 16 15
./instances/katsuran4-simple.ideal 0.0017409324645996094 7 49 4
./instances/binomial_8_4_8_9.ideal 0.0017535686492919922 18 36 7
./instances/katsuranh2.ideal 0.0016741752624511719 2 5 2
./instances/katsuran12.ideal 609.8923363685608 1050 1481303 12
./instances/econ8.ideal 0.02171015739440918 59 2704 5
./instances/redcyc6h.ideal 0.012975215911865234 106 3994 22
./instances/reimer7h.ideal 709.0987088680267 2587 5004683 24
./instances/hairer2_0.ideal 0.2066936492919922 72 4066 6
./instances/r10_2_2_h.ideal 3.1353297233581543 426 59515 11
./instances/dessin1.ideal 0.006859540939331055 39 1385 5
./instances/reimer7.ideal 1226.983546257019 227 195469 13
./instances/katsuran3.ideal 0.0016427040100097656 4 16 3
./instances/ahml.ideal 0.4133932590484619 95 26886 14
./instances/rabmo.ideal 0.020942211151123047 20 169 3
./instances/schrans_troosth.ideal 0.2995452880859375 128 18425 9
./instances/r12_2_2_h.ideal 163.07746863365173 1463 733350 13
./instances/dessin2.ideal 0.010482072830200195 46 1337 4
./instances/jason210h.ideal 1.421705961227417 900 290098 54
./instances/econ7.ideal 0.004610300064086914 32 747 4
./instances/r11_2_2.ideal 20.91698431968689 767 200791 12
