katsuran3binomial_6_2_6_7issac97schielehdessin1 0.0800421237946 0.0 4 16 3 5
sparsesym5h 0.0202000141144 0.0 6 16 18 16
roseh 0.186008930206 0.0 23 663 17 56
econh7 1.98087978363 0.0 51 1127 10 213
glp_free: memory allocation error
Error detected in file env/alloc.c at line 72
 1.59902620316 0.0 39 1385 5 130
katsuran7 2.55701994896 0.0 41 1923 7 169
binomial_6_3_6_6 0.0370171070099 0.0 13 26 6 34
econh4 0.017676115036 0.0 8 34 5 14
cyclicn5 0.472953081131 0.0 20 232 8 113
glp_free: memory allocation error
Error detected in file env/alloc.c at line 72
econ3 0.0839369297028 0.0 3 9 2 3
econ2 0.00829410552979 0.0 2 4 1 2
econ8 8.45038127899 0.0 59 2704 5 342
econ6 0.19785618782 0.0 18 232 4 61
fmtmdeh 0.0147678852081 0.0 8 16 5 15
glp_free: memory allocation error
Error detected in file env/alloc.c at line 72
 0.156313896179 0.0 12 180 5 30
berthh 2.22585701942 0.0 67 4646 42 136
r6_2_2_h 0.999373912811 0.0 39 498 7 162
sendrah 0.0259988307953 0.0 7 221 14 9
katsuran4 0.0194320678711 0.0 7 49 4 12
extcyc5 30.6069259644 0.0 102 6728 10 663
glp_free: memory allocation error
Error detected in file env/alloc.c at line 72
cyclicn6r7_2_4_hilias_k_2 268.56072998 0.0 125 15773 5 1417
cyclicn2 0.00814008712769 0.0 2 4 2 2
econh2 0.00828814506531 0.0 2 4 2 2
katsuranh4 0.0188970565796 0.0 7 49 4 12
glp_free: memory allocation error
Error detected in file env/alloc.c at line 72
 7.86938095093 0.0 45 1135 9 354
redcyc7h 737.880126953 0.0 442 86579 27 2118
buchberger87 0.0154459476471 0.0 8 16 6 17
cyclicnh4 0.0140068531036 0.0 7 30 6 12
reimer5h 48.6493759155 0.0 174 17767 16 729
glp_free: memory allocation error
Error detected in file env/alloc.c at line 72
 0.107392072678 0.0 12 24 4 34
r7_2_2 5.08897590637 0.0 67 1487 8 339
reimer5 23.0718212128 0.0 38 2792 8 327
r6_2_6_hglp_free: memory allocation error
Error detected in file env/alloc.c at line 72
r6_2_2 1.08507800102 0.0 39 498 7 162
binomial_5_3_4_4 0.0245370864868 0.0 11 22 7 27
schiele 0.00799202919006 0.0 2 6 2 2
sparsesym5 0.0100340843201 0.0 5 12 10 5
glp_free: memory allocation error
Error detected in file env/alloc.c at line 72
hemmecke 0.0835831165314 0.0 3 16 15 3
katsuran2 0.00864887237549 0.0 2 5 2 2
solotarevh 0.0295870304108 0.0 10 50 6 24
econh6 0.341380119324 0.0 28 346 9 94
glp_free: memory allocation error
Error detected in file env/alloc.c at line 72
katsuranh6 0.484414815903 0.0 22 528 6 70
czapor87_2h 0.074501991272 0.0 12 180 5 30
trinks 0.0582070350647 0.0 13 109 5 29
r8_2_2_h 36.2099685669 0.0 128 5195 9 779
glp_free: memory allocation error
Error detected in file env/alloc.c at line 72
lichtblauducos7_3cyclicn7 733.518798828 0.0 209 27185 12 2099
redcyc6 6.46321773529 0.0 21 493 6 272
redcyc7 491.751037598 0.0 78 9763 7 1428
assur44 50.2787017822 0.0 87 4493 4 634
glp_free: memory allocation error
Error detected in file env/alloc.c at line 72
r7_2_6_h inf inf inf inf inf inf
czapor87_1hreimer6h inf inf inf inf inf inf
cyclicn4 0.0999391078949 0.0 2 6 2 2
econ5 0.0490760803223 0.0 11 82 3 28
r6_2_4 inf inf inf inf inf inf
econh3 0.00840187072754 0.0 4 11 4 5
glp_free: memory allocation error
Error detected in file env/alloc.c at line 72
fmtm_non_hom 0.121718883514 0.0 7 30 6 12
cyclicn3 0.00748491287231 0.0 3 8 3 3
weispfenning94 3.16854596138 0.0 22 511 14 49
glp_free: memory allocation error
Error detected in file env/alloc.c at line 72
solotarevmckay 334.981811523 0.0 51 3073 10 841
fmtm 0.0158269405365 0.0 8 16 7 15
glp_free: memory allocation error
Error detected in file env/alloc.c at line 72
binomial_7_3_7_9 0.122673988342 0.0 14 28 5 42
binomial_7_4_7_8 0.0610289573669 0.0 17 34 8 59
cyclicnh3 0.0086522102356 0.0 3 8 3 3
r5_2_2 0.181207895279 0.0 21 160 6 68
glp_free: memory allocation error
Error detected in file env/alloc.c at line 72
ducos7_5 0.10564994812 0.0 10 50 3 24
binomial_5_3_4_6 0.0444750785828 0.0 16 32 9 49
rose 0.196617126465 0.0 19 537 10 49
dl 893.484375 0.0 323 54291 6 2637
glp_free: memory allocation error
Error detected in file env/alloc.c at line 72
noon8 inf inf inf inf inf inf
r5_2_6_h 526.486694336 0.0 1 1 0 895
binomial_5_3_5_3 0.0298249721527 0.0 12 24 6 27
liu 0.0857951641083 0.0 16 148 9 46
noon7 364.845581055 0.0 495 71153 13 2892
glp_free: memory allocation error
Error detected in file env/alloc.c at line 72
 0.0859608650208 0.0 4 8 6 6
ilias12 1424.8392334 0.0 231 101702 7 2283
r5_2_2_h 0.181906938553 0.0 21 160 6 68
ahmlh 105.037689209 0.0 142 42331 20 535
glp_free: memory allocation error
Error detected in file env/alloc.c at line 72
 165.330657959 0.0 225 21205 19 1225
4584.30419922 0.0 1338 408695 15 4811
 8.7595615387 0.0 12 156 5 31
econh5 0.117985963821 0.0 15 104 7 37
wu90h 8.99731254578 0.0 29 407 7 103
cyclicnh7 inf inf inf inf inf inf
r7_2_2_h 5334.54101562 0.0 443 79897glp_free: memory allocation error
Error detected in file env/alloc.c at line 72
