cyclicn4 newton localsearch 0.15 0.07 0.05 0.00 0.00 5 21 5 8 3 0 0 0 0
cyclicn4 perry1 localsearch 0.05 0.05 0.04 0.00 0.00 5 21 5 8 3 0 0 0 0
cyclicn4 perry2 localsearch 0.05 0.04 0.03 0.00 0.00 5 21 5 8 3 0 0 0 0
cyclicnh4 newton localsearch 0.07 0.06 0.04 0.00 0.00 5 21 5 8 3 0 0 0 0
cyclicnh4 perry1 localsearch 0.05 0.05 0.04 0.00 0.00 5 21 5 8 3 0 0 0 0
cyclicnh4 perry2 localsearch 0.05 0.05 0.04 0.00 0.00 5 21 5 8 3 0 0 0 0
cyclicn5 newton localsearch 1.89 1.75 0.93 0.04 0.08 10 87 15 105 65 0 0 0 0
cyclicn5 perry1 localsearch 1.62 1.49 0.93 0.04 0.08 10 87 15 105 65 0 0 0 0
cyclicn5 perry2 localsearch 1.64 1.50 0.95 0.04 0.08 10 87 15 105 65 0 0 0 0
cyclicnh5 newton localsearch 1.14 1.09 0.63 0.01 0.03 21 296 12 49 28 0 0 0 0
cyclicnh5 perry1 localsearch 1.06 1.02 0.63 0.01 0.02 21 296 12 49 28 0 0 0 0
cyclicnh5 perry2 localsearch 1.05 1.01 0.63 0.01 0.02 21 296 12 49 28 0 0 0 0
cyclicn6 newton localsearch 82.61 77.88 18.73 0.64 3.96 19 374 48 537 377 2725 0 0 0
cyclicn6 perry1 localsearch 110.20 105.53 25.16 0.64 3.91 19 374 48 537 377 5300 1756 45 0
cyclicn6 perry2 localsearch 107.07 102.39 20.11 0.64 3.92 19 374 48 537 377 3250 1756 45 2050
cyclicnh6 newton localsearch 14.34 13.84 5.78 0.08 0.40 47 2127 13 148 101 0 0 0 0
cyclicnh6 perry1 localsearch 13.96 13.47 5.85 0.07 0.38 47 2127 13 148 101 0 0 0 0
cyclicnh6 perry2 localsearch 14.01 13.52 5.81 0.08 0.38 47 2127 13 148 101 0 0 0 0
katsuran4 newton localsearch 0.14 0.12 0.08 0.00 0.01 7 49 4 12 5 0 0 0 0
katsuran4 perry1 localsearch 0.11 0.10 0.08 0.00 0.00 7 49 4 12 5 0 0 0 0
katsuran4 perry2 localsearch 0.11 0.10 0.08 0.00 0.00 7 49 4 12 5 0 0 0 0
katsuranh4 newton localsearch 0.17 0.14 0.09 0.00 0.02 7 49 4 12 5 0 0 0 0
katsuranh4 perry1 localsearch 0.13 0.12 0.09 0.00 0.00 7 49 4 12 5 0 0 0 0
katsuranh4 perry2 localsearch 0.13 0.12 0.09 0.00 0.00 7 49 4 12 5 0 0 0 0
katsuran5 newton localsearch 0.71 0.63 0.41 0.01 0.06 12 182 6 32 16 0 0 0 0
katsuran5 perry1 localsearch 0.61 0.57 0.41 0.01 0.02 12 182 6 32 16 0 0 0 0
katsuran5 perry2 localsearch 0.61 0.57 0.41 0.01 0.02 12 182 6 32 16 0 0 0 0
katsuranh5 newton localsearch 0.70 0.64 0.37 0.01 0.04 14 187 5 34 20 0 0 0 0
katsuranh5 perry1 localsearch 0.61 0.58 0.37 0.01 0.02 14 187 5 34 20 0 0 0 0
katsuranh5 perry2 localsearch 0.61 0.58 0.37 0.01 0.02 14 187 5 34 20 0 0 0 0
trinks newton localsearch 0.66 0.60 0.30 0.01 0.04 14 157 6 33 19 0 0 0 0
trinks perry1 localsearch 0.57 0.54 0.30 0.01 0.02 14 157 6 33 19 0 0 0 0
trinks perry2 localsearch 0.57 0.54 0.30 0.01 0.02 14 157 6 33 19 0 0 0 0
econ4 newton localsearch 0.07 0.06 0.04 0.00 0.00 5 22 3 11 3 0 0 0 0
econ4 perry1 localsearch 0.06 0.05 0.04 0.00 0.00 5 22 3 11 3 0 0 0 0
econ4 perry2 localsearch 0.06 0.05 0.04 0.00 0.00 5 22 3 11 3 0 0 0 0
econh4 newton localsearch 0.14 0.12 0.07 0.00 0.01 9 39 7 19 10 0 0 0 0
econh4 perry1 localsearch 0.12 0.11 0.07 0.00 0.00 9 39 7 19 10 0 0 0 0
econh4 perry2 localsearch 0.12 0.11 0.07 0.00 0.00 9 39 7 19 10 0 0 0 0
econ5 newton localsearch 0.21 0.19 0.12 0.00 0.01 6 48 6 15 4 0 0 0 0
econ5 perry1 localsearch 0.17 0.16 0.12 0.00 0.00 6 48 6 15 4 0 0 0 0
econ5 perry2 localsearch 0.17 0.16 0.12 0.00 0.00 6 48 6 15 4 0 0 0 0
econh5 newton localsearch 0.60 0.49 0.28 0.01 0.08 18 138 10 52 34 0 0 0 0
econh5 perry1 localsearch 0.47 0.44 0.28 0.01 0.01 18 138 10 52 34 0 0 0 0
econh5 perry2 localsearch 0.47 0.44 0.28 0.01 0.01 18 138 10 52 34 0 0 0 0
