cyclicn4 newton localsearch 0.14 0.07 0.05 0.00 0.00 5 21 5 8 3 0 0 0 0
cyclicn4 perry1 localsearch 0.05 0.05 0.04 0.00 0.00 5 21 5 8 3 0 0 0 0
cyclicn4 perry2 localsearch 0.05 0.04 0.03 0.00 0.00 5 21 5 8 3 0 0 0 0
cyclicnh4 newton localsearch 0.07 0.06 0.04 0.00 0.00 5 21 5 8 3 0 0 0 0
cyclicnh4 perry1 localsearch 0.05 0.05 0.04 0.00 0.00 5 21 5 8 3 0 0 0 0
cyclicnh4 perry2 localsearch 0.05 0.05 0.04 0.00 0.00 5 21 5 8 3 0 0 0 0
cyclicn5 newton localsearch 2.50 2.30 1.23 0.06 0.12 10 87 15 143 102 155 0 0 0
cyclicn5 perry1 localsearch 2.52 2.33 1.40 0.06 0.12 10 87 15 143 102 242 77 0 0
cyclicn5 perry2 localsearch 2.39 2.20 1.27 0.06 0.12 10 87 15 143 102 172 77 0 70
cyclicnh5 newton localsearch 1.17 1.12 0.65 0.01 0.03 21 296 12 49 28 10 0 0 0
cyclicnh5 perry1 localsearch 1.08 1.04 0.65 0.01 0.02 21 296 12 49 28 11 0 0 0
cyclicnh5 perry2 localsearch 1.09 1.05 0.65 0.01 0.02 21 296 12 49 28 11 0 0 0
cyclicn6 newton localsearch 88.98 84.49 30.68 0.50 3.87 19 374 48 565 407 8027 0 0 0
cyclicn6 perry1 localsearch 129.51 125.09 48.87 0.49 3.82 19 374 48 565 407 15699 5377 139 0
cyclicn6 perry2 localsearch 150.73 146.31 34.66 0.49 3.81 19 374 48 565 407 9546 5377 139 6153
cyclicnh6 newton localsearch 21.41 20.91 7.53 0.07 0.40 47 2127 13 148 101 645 0 0 0
cyclicnh6 perry1 localsearch 25.34 24.85 9.67 0.07 0.38 47 2127 13 148 101 1431 0 2 0
cyclicnh6 perry2 localsearch 29.09 28.61 7.95 0.07 0.38 47 2127 13 148 101 817 0 2 614
katsuran4 newton localsearch 0.14 0.12 0.08 0.00 0.01 7 49 4 12 5 0 0 0 0
katsuran4 perry1 localsearch 0.11 0.10 0.08 0.00 0.00 7 49 4 12 5 0 0 0 0
katsuran4 perry2 localsearch 0.11 0.10 0.08 0.00 0.00 7 49 4 12 5 0 0 0 0
katsuranh4 newton localsearch 0.16 0.14 0.09 0.00 0.01 7 49 4 12 5 0 0 0 0
katsuranh4 perry1 localsearch 0.13 0.12 0.09 0.00 0.00 7 49 4 12 5 0 0 0 0
katsuranh4 perry2 localsearch 0.13 0.12 0.09 0.00 0.00 7 49 4 12 5 0 0 0 0
katsuran5 newton localsearch 0.70 0.62 0.41 0.01 0.06 12 182 6 32 16 0 0 0 0
katsuran5 perry1 localsearch 0.61 0.57 0.41 0.01 0.02 12 182 6 32 16 0 0 0 0
katsuran5 perry2 localsearch 0.60 0.56 0.41 0.01 0.02 12 182 6 32 16 0 0 0 0
katsuranh5 newton localsearch 0.70 0.64 0.37 0.01 0.04 14 187 5 34 20 0 0 0 0
katsuranh5 perry1 localsearch 0.60 0.57 0.37 0.01 0.02 14 187 5 34 20 0 0 0 0
katsuranh5 perry2 localsearch 0.60 0.57 0.37 0.01 0.02 14 187 5 34 20 0 0 0 0
trinks newton localsearch 0.65 0.59 0.30 0.01 0.04 14 157 6 33 19 0 0 0 0
trinks perry1 localsearch 0.56 0.52 0.30 0.01 0.02 14 157 6 33 19 0 0 0 0
trinks perry2 localsearch 0.56 0.53 0.30 0.01 0.02 14 157 6 33 19 0 0 0 0
econ4 newton localsearch 0.07 0.06 0.04 0.00 0.00 5 22 3 11 3 0 0 0 0
econ4 perry1 localsearch 0.06 0.05 0.04 0.00 0.00 5 22 3 11 3 0 0 0 0
econ4 perry2 localsearch 0.06 0.05 0.04 0.00 0.00 5 22 3 11 3 0 0 0 0
econh4 newton localsearch 0.14 0.12 0.07 0.00 0.01 9 39 7 19 10 0 0 0 0
econh4 perry1 localsearch 0.11 0.10 0.07 0.00 0.00 9 39 7 19 10 0 0 0 0
econh4 perry2 localsearch 0.12 0.10 0.07 0.00 0.00 9 39 7 19 10 0 0 0 0
econ5 newton localsearch 0.20 0.18 0.11 0.00 0.01 6 48 6 15 4 0 0 0 0
econ5 perry1 localsearch 0.16 0.15 0.11 0.00 0.00 6 48 6 15 4 0 0 0 0
econ5 perry2 localsearch 0.16 0.15 0.11 0.00 0.00 6 48 6 15 4 0 0 0 0
econh5 newton localsearch 0.67 0.49 0.28 0.10 0.07 18 138 10 52 34 0 0 0 0
econh5 perry1 localsearch 0.47 0.43 0.28 0.01 0.01 18 138 10 52 34 0 0 0 0
econh5 perry2 localsearch 0.47 0.44 0.27 0.01 0.01 18 138 10 52 34 0 0 0 0
