cyclicn4 newton localsearch 0.15 0.07 0.05 0.00 0.00 5 21 5 8 3 16 0 0 0
cyclicn4 perry1 localsearch 0.05 0.05 0.03 0.00 0.00 5 21 5 8 3 0 0 0 0
cyclicn4 perry2 localsearch 0.05 0.04 0.03 0.00 0.00 5 21 5 8 3 0 0 0 0
cyclicnh4 newton localsearch 0.07 0.06 0.04 0.00 0.00 5 21 5 8 3 19 0 0 0
cyclicnh4 perry1 localsearch 0.05 0.05 0.04 0.00 0.00 5 21 5 8 3 0 0 0 0
cyclicnh4 perry2 localsearch 0.05 0.05 0.04 0.00 0.00 5 21 5 8 3 0 0 0 0
cyclicn5 newton localsearch 3.05 2.91 1.74 0.04 0.09 10 87 15 105 65 207 0 0 0
cyclicn5 perry1 localsearch 3.41 3.27 2.18 0.04 0.08 10 87 15 105 65 282 141 0 0
cyclicn5 perry2 localsearch 3.07 2.94 1.84 0.04 0.08 10 87 15 105 65 200 141 0 82
cyclicnh5 newton localsearch 1.55 1.49 0.86 0.01 0.03 21 296 12 49 28 144 0 0 0
cyclicnh5 perry1 localsearch 1.72 1.67 1.01 0.01 0.02 21 296 12 49 28 167 0 1 0
cyclicnh5 perry2 localsearch 1.59 1.55 0.88 0.01 0.02 21 296 12 49 28 108 0 1 59
cyclicn6 newton localsearch 92.45 88.26 43.71 0.48 3.58 18 341 48 453 304 1545 0 0 0
cyclicn6 perry1 localsearch 136.35 132.23 80.45 0.47 3.53 18 341 48 453 304 3068 1790 42 0
cyclicn6 perry2 localsearch 112.21 108.10 50.48 0.47 3.53 18 341 48 453 304 1762 1790 42 1306
cyclicnh6 newton localsearch 23.99 23.47 10.32 0.07 0.40 47 2127 13 148 101 860 0 0 0
cyclicnh6 perry1 localsearch 31.17 30.69 16.57 0.07 0.39 47 2127 13 148 101 1831 0 2 0
cyclicnh6 perry2 localsearch 35.75 35.26 11.60 0.07 0.39 47 2127 13 148 101 903 0 2 928
katsuran4 newton localsearch 0.13 0.12 0.08 0.00 0.01 7 49 4 12 5 23 0 0 0
katsuran4 perry1 localsearch 0.11 0.10 0.08 0.00 0.00 7 49 4 12 5 0 0 0 0
katsuran4 perry2 localsearch 0.11 0.10 0.08 0.00 0.00 7 49 4 12 5 0 0 0 0
katsuranh4 newton localsearch 0.16 0.14 0.09 0.00 0.01 7 49 4 12 5 42 0 0 0
katsuranh4 perry1 localsearch 0.13 0.12 0.09 0.00 0.00 7 49 4 12 5 0 0 0 0
katsuranh4 perry2 localsearch 0.13 0.12 0.09 0.00 0.00 7 49 4 12 5 0 0 0 0
katsuran5 newton localsearch 0.80 0.72 0.47 0.01 0.06 12 182 6 32 16 80 0 0 0
katsuran5 perry1 localsearch 0.72 0.69 0.49 0.01 0.02 12 182 6 32 16 47 34 0 0
katsuran5 perry2 localsearch 0.73 0.69 0.49 0.01 0.02 12 182 6 32 16 47 34 0 0
katsuranh5 newton localsearch 1.27 1.18 0.64 0.02 0.06 16 211 5 49 31 156 0 0 0
katsuranh5 perry1 localsearch 1.24 1.18 0.69 0.01 0.03 16 211 5 49 31 111 0 1 0
katsuranh5 perry2 localsearch 1.23 1.17 0.66 0.01 0.03 16 211 5 49 31 98 0 1 13
trinks newton localsearch 0.97 0.88 0.47 0.01 0.06 17 187 6 49 32 134 0 0 0
trinks perry1 localsearch 0.89 0.84 0.49 0.01 0.03 17 187 6 49 32 68 0 0 0
trinks perry2 localsearch 0.88 0.83 0.47 0.01 0.03 17 187 6 49 32 61 0 0 7
econ4 newton localsearch 0.07 0.06 0.04 0.00 0.00 5 22 3 11 3 14 0 0 0
econ4 perry1 localsearch 0.06 0.05 0.04 0.00 0.00 5 22 3 11 3 0 0 0 0
econ4 perry2 localsearch 0.06 0.05 0.04 0.00 0.00 5 22 3 11 3 0 0 0 0
econh4 newton localsearch 0.14 0.12 0.07 0.00 0.01 9 39 7 19 10 28 0 0 0
econh4 perry1 localsearch 0.11 0.10 0.07 0.00 0.00 9 39 7 19 10 0 0 0 0
econh4 perry2 localsearch 0.11 0.10 0.07 0.00 0.00 9 39 7 19 10 0 0 0 0
econ5 newton localsearch 0.21 0.19 0.12 0.00 0.01 6 48 6 15 4 23 0 0 0
econ5 perry1 localsearch 0.17 0.16 0.12 0.00 0.00 6 48 6 15 4 5 2 0 0
econ5 perry2 localsearch 0.17 0.16 0.12 0.00 0.00 6 48 6 15 4 5 2 0 0
econh5 newton localsearch 0.80 0.70 0.38 0.01 0.07 18 138 10 52 34 78 0 0 0
econh5 perry1 localsearch 0.73 0.69 0.40 0.01 0.02 18 138 10 52 34 58 0 1 0
econh5 perry2 localsearch 0.71 0.67 0.38 0.01 0.02 18 138 10 52 34 51 0 1 7
