Compiling ./dynamicgb.pyx...
instance reducer rep algorithm time dynamic heuristic queue reduction polynomials monomials degree sreductions zeroreductions
discrc2 F4 0 localsearch 0.69 0.55 0.08 0.00 0.01 3 20 4 21 7
discrc2 classical 18 perturbation 4.06 1.16 0.60 0.34 2.32 3 18 3 267 208
ahml classical 9 random 2.58 0.06 0.03 0.04 2.41 34 5607 11 107 71
discrc2 classical 1 random 0.49 0.34 0.04 0.01 0.11 13 355 11 41 26
discrc2h classical 1 random 1.58 0.54 0.26 0.15 0.81 11 696 11 160 122
ahml classical 6 random 9.24 0.47 0.21 0.24 8.32 40 6476 10 224 150
discrc2h classical 0 perturbation 0.75 0.50 0.31 0.04 0.16 9 311 10 59 37
discrc2h F4 21 random 12.76 0.06 0.04 0.01 12.42 23 3534 12 9658 44
discrc2 classical 21 random 2.88 0.15 0.07 0.03 2.62 29 5805 12 101 69
discrc2h F4 25 random 16.79 0.06 0.04 0.01 16.44 19 3875 14 9433 30
discrc2 classical 24 perturbation 1.51 0.69 0.42 0.12 0.62 6 75 6 138 100
aubry2 F4 9 perturbation 28.97 0.06 0.04 4.32 22.60 79 7215 6 5881 1020
discrc2h classical 2 perturbation 0.66 0.49 0.30 0.01 0.12 12 460 10 43 23
ahml classical 20 random 14.46 0.39 0.17 0.28 13.64 49 8675 14 258 169
aubry2 F4 15 random 29.41 0.32 0.30 4.40 22.80 79 7215 6 5881 1020
aubry2 F4 10 perturbation 30.27 0.05 0.03 4.62 23.66 79 7215 6 5881 1020
discrc2 F4 20 perturbation 48.87 0.42 0.16 0.19 47.47 3 20 4 42085 192
ahml F4 27 perturbation 42.25 0.10 0.05 0.49 40.96 46 8453 12 8049 286
discrc2 classical 28 random 37.35 0.50 0.19 0.19 36.43 31 24802 14 200 139
ahmlh classical 10 random 60.88 1.00 0.36 0.83 58.76 90 21805 16 489 348
aubry2 F4 11 perturbation 29.38 0.05 0.03 4.37 23.06 79 7215 6 5881 1020
ahml F4 5 perturbation 166.26 0.60 0.16 7.38 154.69 48 10660 18 29848 987
ahml classical 2 perturbation 13.27 0.49 0.24 0.19 12.45 50 8956 15 212 134
ahml F4 9 random 309.50 1.54 0.39 15.90 286.92 48 10825 14 56810 2764
discrc2 F4 9 random 203.40 0.31 0.09 1.07 200.57 55 14338 15 45664 526
ahml classical 4 perturbation 176.01 3.66 1.03 19.03 152.16 37 6660 11 1723 1432
ahml F4 26 random 138.21 0.61 0.15 3.18 132.10 45 10242 14 27825 732
discrc2 classical 9 random 16.63 0.79 0.29 1.40 14.11 7 131 8 629 512
aubry2 classical 16 perturbation 570.56 10.98 2.36 6.21 551.56 79 7215 6 1013 645
discrc2h classical 26 perturbation 0.69 0.50 0.30 0.03 0.12 8 318 10 57 36
ahml F4 25 random 280.61 0.10 0.04 0.49 278.85 72 16117 15 34979 383
ahml F4 12 random 55.15 0.10 0.04 0.68 53.49 42 8414 13 13857 275
aubry2 classical 8 perturbation 587.54 10.65 2.10 6.40 568.77 79 7215 6 1013 645
ahml classical 7 perturbation 15.19 0.28 0.15 0.37 14.39 45 7608 16 279 187
ahml F4 28 random 23.96 0.09 0.04 0.26 23.12 49 9522 11 7621 251
aubry2 F4 22 random 29.31 0.03 0.02 4.65 22.68 79 7215 6 5881 1020
aubry2 classical 9 random 615.60 7.51 1.32 6.51 599.82 79 7215 6 1013 645
discrc2h classical 0 localsearch 0.29 0.25 0.06 0.00 0.02 3 20 4 3 0
ahmlh F4 12 random 115.26 0.26 0.08 0.78 112.48 122 24961 28 20799 787
discrc2h F4 8 random 0.19 0.05 0.02 0.00 0.11 11 286 9 308 12
aubry2 classical 24 perturbation 586.69 10.95 2.15 6.34 567.21 79 7215 6 1013 645
discrc2 F4 1 random 0.72 0.09 0.04 0.01 0.57 12 568 11 962 22
discrc2h F4 22 random 115.15 0.26 0.07 0.18 113.12 13 1895 13 35232 226
ahmlh F4 29 perturbation 1608.42 2.90 0.57 48.09 1541.15 287 71937 33 124259 7001
ahmlh F4 1 perturbation 1721.34 14.26 1.90 256.21 1415.96 89 17035 16 174128 19287
aubry2 classical 5 random 566.03 7.90 1.41 6.10 550.14 79 7215 6 1013 645
discrc2h classical 29 perturbation 0.74 0.54 0.34 0.03 0.12 11 266 9 64 41
ahmlh F4 0 localsearch 2080.53 2011.00 55.99 1.10 66.09 69 13211 15 20601 1608
discrc2h classical 15 perturbation 0.82 0.63 0.39 0.02 0.12 12 460 10 43 23
ahml classical 24 random 2.78 0.13 0.07 0.05 2.53 33 5152 10 106 69
discrc2 classical 23 perturbation 1.64 0.78 0.46 0.14 0.62 19 595 7 164 124
discrc2 classical 8 random 3.91 0.57 0.26 0.35 2.81 10 325 7 249 182
ahmlh F4 9 perturbation 250.58 0.93 0.24 4.99 240.12 154 32450 22 35129 1942
aubry2 classical 8 random 567.54 8.71 1.74 6.24 550.73 79 7215 6 1013 645
ahmlh classical 24 perturbation 2881.86 42.34 8.73 668.70 2160.07 79 14103 16 21785 20847
ahml classical 26 random 41.70 0.98 0.30 0.53 38.82 29 12278 31 277 134
ahml F4 27 random 100.25 0.21 0.07 0.71 98.08 54 12437 13 19473 460
ahmlh classical 14 perturbation NA NA NA NA NA NA NA NA NA NA
ahml F4 16 random 214.55 0.97 0.19 7.15 202.85 31 6829 17 37346 877
aubry2 F4 23 perturbation 30.97 0.05 0.03 4.64 24.35 79 7215 6 5881 1020
ahmlh F4 17 random 40.03 0.13 0.05 0.13 39.20 75 14065 15 8299 193
aubry2 classical 15 perturbation 555.14 11.05 2.09 6.01 536.26 79 7215 6 1013 645
discrc2h classical 12 random 0.43 0.21 0.10 0.01 0.17 18 719 9 57 37
discrc2 F4 8 perturbation 0.14 0.09 0.06 0.00 0.03 5 84 9 121 9
discrc2 F4 25 random 54.38 0.18 0.06 0.37 52.97 18 757 13 25213 311
ahml F4 0 caboara-perry NA NA NA NA NA NA NA NA NA NA
ahml F4 18 perturbation 59.21 0.23 0.10 0.76 57.30 51 10594 12 11004 408
discrc2h classical 13 random 38.60 1.34 0.56 0.48 36.41 3 18 4 349 268
discrc2 classical 16 random 579.28 0.40 0.17 0.10 578.17 27 42382 22 160 113
discrc2h classical 11 random 0.30 0.09 0.05 0.01 0.16 8 517 11 32 16
ahmlh classical 9 random 38.34 1.02 0.38 1.13 35.90 80 13874 14 592 449
ahmlh F4 16 perturbation 1321.81 8.83 1.38 146.25 1141.16 180 40776 20 172255 15367
ahmlh classical 5 perturbation 2207.10 38.31 8.34 534.07 1625.33 81 18653 15 17436 16564
ahml classical 0 random 520.46 12.07 2.58 58.35 447.96 54 11395 12 3328 2832
ahml F4 7 perturbation 45.09 0.30 0.11 0.68 43.34 43 8306 12 9928 345
discrc2 F4 15 random 321.21 0.28 0.08 0.08 320.11 32 13626 14 35559 174
discrc2 classical 0 static 205.21 0.00 0.00 0.30 204.36 92 72529 16 384 292
ahmlh classical 0 perturbation NA NA NA NA NA NA NA NA NA NA
aubry2 classical 10 perturbation 566.91 11.28 2.14 6.17 547.56 79 7215 6 1013 645
ahml F4 8 perturbation 13.32 0.18 0.08 0.43 12.27 28 3783 11 5164 214
discrc2h F4 16 random NA NA NA NA NA NA NA NA NA NA
ahml classical 29 random 1085.47 20.20 3.97 176.94 883.97 62 11805 11 6016 5327
aubry2 F4 22 perturbation 33.39 0.04 0.03 4.50 26.48 79 7215 6 5881 1020
ahml classical 25 perturbation 20.68 0.26 0.14 0.13 20.12 66 13835 15 220 154
discrc2h F4 20 random 13.79 0.06 0.03 0.02 13.51 27 3406 12 11258 63
ahml classical 13 perturbation 466.21 6.28 1.69 40.59 417.41 35 5889 15 2958 2548
discrc2h F4 28 random NA NA NA NA NA NA NA NA NA NA
aubry2 classical 10 random 573.94 8.49 1.52 6.49 556.79 79 7215 6 1013 645
ahmlh F4 0 static 909.44 0.00 0.00 0.45 906.68 142 42331 20 50385 419
ahml F4 29 random 140.26 0.47 0.12 4.18 131.54 49 10266 16 25752 1136
discrc2 F4 20 random 35.13 0.20 0.08 0.19 34.20 12 429 10 17287 139
ahml classical 28 perturbation 20.95 0.24 0.13 0.14 20.41 66 13835 15 220 154
discrc2 classical 6 random 3.58 0.53 0.23 0.53 2.35 5 85 7 236 172
discrc2h classical 15 random 12.74 0.41 0.20 0.13 12.04 29 12160 16 167 115
aubry2 F4 7 random 31.41 0.05 0.03 4.33 25.02 79 7215 6 5881 1020
aubry2 classical 6 random 541.47 8.37 1.41 6.04 525.11 79 7215 6 1013 645
ahmlh classical 9 perturbation NA NA NA NA NA NA NA NA NA NA
ahmlh classical 22 random 42.39 1.10 0.41 0.54 40.41 94 19308 16 426 302
ahmlh F4 10 perturbation 218.91 0.56 0.15 3.91 210.70 154 32450 22 34345 1853
aubry2 F4 24 perturbation 30.21 0.04 0.03 4.31 23.94 79 7215 6 5881 1020
ahml classical 3 perturbation 11.18 0.24 0.12 0.21 10.56 39 6451 12 211 132
discrc2 classical 29 perturbation 0.55 0.30 0.18 0.03 0.18 10 182 7 72 49
ahml F4 15 perturbation 12.37 0.08 0.04 0.10 11.91 32 4827 10 4581 142
discrc2 classical 22 perturbation 3.30 0.93 0.52 0.23 2.03 6 94 7 231 180
ahmlh classical 16 random 176.21 3.51 0.98 3.16 168.67 152 32354 25 1170 898
ahml F4 22 perturbation 29.50 0.12 0.06 0.34 28.40 44 7464 13 6688 228
discrc2 classical 27 perturbation 0.69 0.40 0.25 0.04 0.19 10 182 7 72 49
ahml F4 10 perturbation 110.05 0.75 0.23 5.35 101.59 47 10866 14 21378 894
discrc2h F4 4 perturbation 0.20 0.12 0.08 0.00 0.05 7 195 9 148 7
aubry2 F4 13 perturbation 31.17 0.04 0.03 4.53 24.52 79 7215 6 5881 1020
ahml classical 27 perturbation 177.21 4.22 1.35 32.57 139.04 38 6815 11 3063 2752
discrc2h F4 24 perturbation 10.72 0.34 0.18 0.05 10.05 25 3805 13 9585 125
discrc2 classical 27 random 16.26 0.24 0.11 0.19 15.62 41 15773 13 249 184
discrc2 classical 16 perturbation 0.55 0.30 0.18 0.04 0.18 10 182 7 72 49
discrc2 F4 2 random NA NA NA NA NA NA NA NA NA NA
aubry2 F4 25 perturbation 28.17 0.05 0.03 4.60 21.65 79 7215 6 5881 1020
discrc2h F4 17 perturbation 10.78 0.29 0.15 0.07 10.17 19 1821 11 10655 110
ahmlh classical 8 random 58.55 0.99 0.36 0.72 56.52 120 25872 20 583 428
discrc2 F4 0 static NA NA NA NA NA NA NA NA NA NA
ahml classical 20 perturbation 105.05 2.64 0.82 12.14 89.55 36 6038 12 1733 1494
aubry2 classical 2 perturbation 575.84 11.47 2.05 6.33 555.97 79 7215 6 1013 645
discrc2 classical 10 random 10.20 1.29 0.51 2.24 6.31 15 378 7 672 556
ahmlh classical 22 perturbation NA NA NA NA NA NA NA NA NA NA
discrc2 F4 24 random NA NA NA NA NA NA NA NA NA NA
ahmlh classical 19 random 95.15 2.89 0.80 3.60 88.07 78 14710 15 1022 790
ahml classical 6 perturbation 15.95 0.44 0.20 0.32 15.03 41 7031 16 238 144
ahmlh F4 6 perturbation 520.90 1.26 0.30 11.86 499.91 181 43895 33 78569 3581
discrc2 F4 27 random 1723.29 0.87 0.14 1.43 1715.52 41 15773 13 111061 990
discrc2h F4 18 random NA NA NA NA NA NA NA NA NA NA
discrc2 classical 25 perturbation 2.82 0.58 0.33 0.33 1.80 8 132 7 267 209
discrc2 F4 16 perturbation 0.72 0.19 0.11 0.03 0.45 10 269 7 930 51
ahml F4 0 random 23.13 0.09 0.04 0.19 22.35 51 9190 12 7633 283
discrc2h classical 5 perturbation 0.66 0.47 0.28 0.02 0.13 12 460 10 43 23
aubry2 classical 9 perturbation 573.98 10.40 1.92 6.19 555.58 79 7215 6 1013 645
discrc2h F4 6 random 9305.92 0.23 0.07 0.09 9301.47 38 44375 18 226921 198
aubry2 F4 9 random 27.32 0.04 0.02 4.41 21.04 79 7215 6 5881 1020
aubry2 classical 13 perturbation 575.16 10.57 1.94 6.30 556.57 79 7215 6 1013 645
discrc2h F4 3 random 22.28 0.16 0.06 0.13 21.49 15 1488 12 15222 191
discrc2 classical 2 perturbation NA NA NA NA NA NA NA NA NA NA
discrc2 F4 10 perturbation 0.16 0.08 0.05 0.00 0.06 6 111 7 197 12
ahmlh classical 12 random 1994.45 23.56 4.46 132.10 1834.39 115 30618 20 7629 6829
discrc2h classical 4 random 13.01 0.59 0.29 0.20 12.01 41 12046 16 251 184
ahml F4 17 random 358.43 0.61 0.24 2.87 350.73 42 14856 24 44554 700
aubry2 classical 29 perturbation 585.64 10.73 2.13 6.22 566.93 79 7215 6 1013 645
discrc2 F4 12 perturbation 7.28 0.09 0.06 0.02 7.00 19 3409 10 8336 42
discrc2 classical 21 perturbation 95.35 1.27 0.60 0.30 93.41 66 40961 16 371 289
ahml classical 8 random 7.49 0.17 0.08 0.09 7.14 51 9242 12 167 113
ahmlh F4 13 random 542.38 0.27 0.05 3.60 532.24 257 90247 20 34757 1813
ahmlh F4 5 perturbation NA NA NA NA NA NA NA NA NA NA
ahml classical 5 random 20.10 0.49 0.17 0.32 19.12 43 9445 16 247 151
aubry2 classical 15 random 506.16 7.42 1.25 5.57 491.47 79 7215 6 1013 645
discrc2 F4 3 random 0.14 0.05 0.02 0.00 0.07 8 127 6 251 15
ahmlh F4 28 perturbation 2106.92 17.74 2.63 419.77 1622.37 108 26599 19 255896 28791
discrc2 classical 28 perturbation 4.27 0.98 0.53 0.63 2.51 20 1434 10 311 239
aubry2 classical 11 random 570.36 7.74 1.33 6.26 554.65 79 7215 6 1013 645
discrc2h F4 12 perturbation 0.18 0.11 0.07 0.00 0.05 7 195 9 148 7
ahmlh classical 0 static 111.81 0.00 0.00 0.50 111.06 142 42331 20 535 393
ahml classical 1 perturbation 117.08 3.60 1.07 22.60 90.10 29 4326 12 1599 1317
aubry2 F4 5 random 26.09 0.03 0.02 3.98 20.35 79 7215 6 5881 1020
discrc2h F4 29 perturbation 14.13 0.34 0.16 0.08 13.34 18 1434 12 15324 134
discrc2 classical 1 perturbation 0.76 0.38 0.23 0.07 0.26 6 75 6 109 80
ahmlh F4 4 random 79.10 0.15 0.04 0.17 77.94 89 25263 15 10357 220
ahml F4 23 perturbation 59.50 0.24 0.08 1.58 56.54 44 8177 14 15156 514
ahml F4 14 random 41.81 0.10 0.04 0.49 40.50 61 11644 11 11485 376
discrc2h F4 10 perturbation 9.96 0.29 0.15 0.05 9.36 25 2665 13 13662 124
ahmlh classical 26 perturbation NA NA NA NA NA NA NA NA NA NA
discrc2h F4 27 random 1.76 0.05 0.02 0.01 1.65 13 1146 11 2342 17
discrc2h F4 11 random 0.46 0.05 0.02 0.00 0.38 10 455 9 897 13
discrc2 F4 26 perturbation 0.11 0.08 0.05 0.00 0.01 3 20 4 26 7
aubry2 classical 16 random 583.07 7.66 1.45 6.23 567.48 79 7215 6 1013 645
discrc2h classical 23 random 0.23 0.09 0.04 0.01 0.09 9 324 9 32 17
aubry2 F4 0 caboara-perry 302.44 160.37 3.46 52.69 85.26 92 8928 7 13210 1336
aubry2 classical 11 perturbation 611.67 10.81 1.92 6.51 592.52 79 7215 6 1013 645
discrc2h F4 8 perturbation 7.44 0.32 0.16 0.06 6.83 18 1434 12 8412 108
discrc2 F4 24 perturbation 0.15 0.09 0.05 0.00 0.04 6 105 10 80 9
ahml F4 16 perturbation 116.28 0.23 0.08 1.42 113.29 52 11213 18 19459 455
discrc2 classical 11 perturbation 3.31 0.61 0.34 0.11 2.47 46 5075 12 208 156
discrc2 F4 27 perturbation 0.10 0.08 0.05 0.00 0.01 3 20 4 26 7
aubry2 classical 2 random 587.82 7.49 1.29 6.41 572.14 79 7215 6 1013 645
aubry2 F4 26 perturbation 29.57 0.05 0.03 4.54 23.00 79 7215 6 5881 1020
aubry2 F4 27 random 29.87 0.04 0.02 4.49 23.22 79 7215 6 5881 1020
ahml classical 18 random 10.99 0.27 0.11 0.25 10.31 40 6917 12 250 175
discrc2 F4 16 random 0.09 0.03 0.01 0.00 0.04 6 92 5 173 12
aubry2 classical 14 random 511.59 7.35 1.32 5.62 496.98 79 7215 6 1013 645
aubry2 F4 0 static 28.16 0.00 0.00 4.07 22.36 79 7215 6 5838 1009
ahml classical 0 perturbation 249.14 5.11 1.45 38.44 203.89 49 8260 12 4016 3689
ahml F4 4 random 364.86 1.55 0.29 14.99 343.41 48 8700 14 56562 2328
ahml classical 8 perturbation 36.38 0.61 0.26 1.12 34.33 46 8734 16 505 374
ahml F4 17 perturbation 36.96 0.11 0.05 0.32 35.95 49 9155 12 7745 275
ahmlh F4 0 random 64.44 0.15 0.05 0.42 62.64 81 19138 16 11318 475
ahmlh F4 22 random 182.44 0.16 0.04 0.50 179.97 93 28562 17 24094 591
ahml classical 26 perturbation 63.50 1.56 0.56 3.14 58.04 39 10138 18 776 594
ahmlh F4 21 random 111.19 0.16 0.05 0.65 108.41 98 27913 17 17269 624
ahml classical 15 perturbation 105.66 3.08 1.04 12.55 89.06 27 4484 14 2176 1925
ahml F4 11 random 33.03 0.09 0.03 0.24 32.15 54 11621 12 10031 251
aubry2 F4 0 localsearch NA NA NA NA NA NA NA NA NA NA
ahml classical 13 random 5.11 0.14 0.07 0.08 4.82 45 6991 12 152 102
ahmlh classical 14 random 82.65 2.26 0.70 4.02 75.81 74 12725 14 1060 833
aubry2 classical 19 random 576.22 7.71 1.46 6.19 560.59 79 7215 6 1013 645
ahml classical 25 random 647.22 11.34 2.71 57.73 575.61 49 9172 10 3217 2706
discrc2h classical 28 perturbation 0.67 0.46 0.28 0.03 0.14 8 318 10 57 36
ahmlh classical 27 random 33.98 0.64 0.21 0.25 32.91 73 22555 15 268 180
discrc2 classical 17 perturbation 3.46 0.91 0.51 0.47 1.94 7 97 7 302 235
discrc2h F4 9 perturbation 0.27 0.11 0.07 0.00 0.13 8 241 10 417 9
discrc2h classical 5 random 8.35 0.71 0.33 0.54 6.90 32 4816 14 369 279
ahmlh F4 27 perturbation 1340.67 7.57 1.25 116.61 1194.11 74 13131 13 177980 13630
discrc2h classical 8 perturbation 0.61 0.43 0.26 0.01 0.13 12 460 10 43 23
ahml F4 13 perturbation 15.35 0.08 0.04 0.22 14.70 32 4955 13 4968 153
discrc2 classical 12 random 4.94 0.53 0.23 0.36 3.90 7 122 6 280 214
discrc2h classical 25 perturbation 0.60 0.43 0.26 0.01 0.13 12 460 10 43 23
ahml F4 12 perturbation 53.71 0.23 0.09 1.25 51.11 40 6948 13 11428 498
ahml classical 17 random 125.36 2.43 0.66 4.87 116.36 27 6100 18 888 625
ahml classical 14 random 44.65 1.27 0.42 1.57 41.51 52 9688 12 521 362
aubry2 classical 7 perturbation 585.88 10.54 1.91 6.33 567.29 79 7215 6 1013 645
discrc2 classical 9 perturbation 12.30 1.46 0.75 0.76 9.85 46 5757 12 453 347
ahml F4 19 random 226.15 1.32 0.24 14.51 206.03 56 12362 15 42301 1581
ahmlh classical 13 random 1632.32 30.68 6.14 199.22 1397.61 111 23016 17 8049 7200
discrc2 classical 18 random 10.88 0.51 0.21 0.38 9.83 13 4413 13 260 194
ahmlh F4 2 perturbation 300.28 0.89 0.21 8.39 285.92 154 32450 22 47557 2528
aubry2 classical 29 random 588.11 7.84 1.30 6.32 572.24 79 7215 6 1013 645
ahmlh classical 24 random 97.02 2.09 0.66 2.28 92.10 112 22900 24 867 657
ahmlh F4 20 random 772.94 0.18 0.04 0.50 769.34 84 32395 16 43107 500
discrc2 classical 24 random 572.20 2.50 0.51 1.34 567.12 86 140052 17 720 565
ahmlh F4 2 random 172.47 0.17 0.05 0.67 169.21 103 31830 20 20558 634
discrc2h F4 19 perturbation 17.36 0.38 0.18 0.09 16.44 18 1434 12 15324 134
aubry2 F4 24 random 30.73 0.04 0.02 4.58 24.09 79 7215 6 5881 1020
ahml F4 13 random 1382.34 5.49 0.78 136.51 1223.82 67 13661 14 148048 8863
discrc2 classical 0 localsearch 0.19 0.17 0.04 0.00 0.00 3 20 4 3 0
ahmlh F4 11 perturbation 410.90 0.86 0.21 5.01 400.35 183 41712 22 45324 1947
discrc2h classical 16 random 21.27 0.28 0.14 0.20 20.65 25 12471 16 184 131
discrc2 F4 14 perturbation 0.11 0.09 0.05 0.00 0.01 3 20 4 26 7
discrc2h F4 14 perturbation 16.18 0.34 0.16 0.09 15.14 18 1434 12 15324 134
discrc2 F4 8 random 1.76 0.05 0.02 0.03 1.62 24 983 11 1323 54
ahmlh F4 26 random 262.05 0.21 0.05 0.71 258.70 103 32814 16 22319 651
aubry2 F4 4 perturbation 30.11 0.04 0.03 4.46 23.65 79 7215 6 5881 1020
ahmlh F4 1 random 332.52 0.75 0.14 6.18 320.56 107 24526 18 47375 1989
ahmlh classical 25 perturbation NA NA NA NA NA NA NA NA NA NA
ahmlh F4 22 perturbation NA NA NA NA NA NA NA NA NA NA
discrc2 F4 17 perturbation 0.17 0.14 0.09 0.00 0.01 4 35 5 33 8
ahmlh F4 24 random 294.42 0.22 0.07 0.73 291.08 102 28939 16 25225 651
aubry2 F4 18 perturbation 34.72 0.05 0.03 4.85 27.69 79 7215 6 5881 1020
ahmlh classical 13 perturbation NA NA NA NA NA NA NA NA NA NA
ahmlh classical 2 random 172.01 4.25 1.12 3.38 163.40 101 21937 20 1159 911
discrc2h classical 16 perturbation 0.72 0.55 0.34 0.01 0.11 12 460 10 43 23
ahmlh classical 6 random 1638.64 15.02 3.02 39.24 1580.02 105 38827 20 4056 3443
discrc2h F4 24 random 1.00 0.06 0.03 0.01 0.87 18 1357 11 1529 35
ahmlh classical 8 perturbation NA NA NA NA NA NA NA NA NA NA
aubry2 classical 23 random 491.73 8.77 1.44 5.51 475.42 79 7215 6 1013 645
aubry2 F4 6 perturbation 34.77 0.04 0.03 3.92 28.92 79 7215 6 5881 1020
ahml classical 9 perturbation 37.36 0.96 0.35 2.63 33.32 41 7342 13 754 594
ahmlh F4 6 random NA NA NA NA NA NA NA NA NA NA
discrc2h classical 20 random 0.40 0.19 0.10 0.01 0.15 9 485 9 32 15
discrc2h classical 9 perturbation 1.05 0.72 0.45 0.03 0.24 11 616 10 62 39
discrc2 classical 26 random 7.12 1.49 0.62 1.26 4.05 5 74 5 431 341
discrc2h F4 18 perturbation 25.59 0.49 0.24 0.11 24.48 19 1821 11 17599 135
discrc2 classical 5 perturbation 102.10 13.88 4.71 25.66 60.77 20 2438 10 3131 2871
ahmlh classical 23 random 24.77 0.97 0.38 0.55 22.95 61 10537 14 380 267
aubry2 F4 21 random 35.73 0.05 0.03 4.83 28.54 79 7215 6 5881 1020
ahml F4 0 perturbation 49.05 0.39 0.15 1.47 46.21 48 8580 13 11950 427
ahmlh classical 29 random 46.54 1.52 0.56 0.75 43.90 79 18602 18 499 365
ahmlh classical 0 caboara-perry 1758.48 1194.78 0.93 3.36 558.93 270 124502 28 1133 863
discrc2 classical 15 random 2.11 0.19 0.09 0.14 1.69 13 657 9 147 98
discrc2h F4 16 perturbation 0.18 0.10 0.06 0.00 0.05 7 195 9 148 7
aubry2 classical 28 perturbation 619.35 12.05 2.61 6.17 598.44 79 7215 6 1013 645
aubry2 classical 0 localsearch NA NA NA NA NA NA NA NA NA NA
aubry2 classical 25 random 712.48 11.03 2.12 7.73 690.83 79 7215 6 1013 645
discrc2 classical 17 random 2.22 0.49 0.23 0.21 1.39 4 35 5 131 89
ahmlh F4 15 perturbation NA NA NA NA NA NA NA NA NA NA
ahml F4 15 random 93.34 0.24 0.10 0.44 91.45 56 11534 13 16580 453
discrc2h F4 19 random 0.20 0.07 0.04 0.00 0.10 8 117 7 264 9
ahmlh F4 16 random 3751.76 0.28 0.06 1.62 3744.35 169 61038 20 90593 1204
aubry2 classical 0 static 639.94 0.00 0.00 7.32 630.76 79 7215 6 1013 645
aubry2 F4 26 random 33.18 0.04 0.02 4.79 26.15 79 7215 6 5881 1020
discrc2h F4 23 perturbation 0.64 0.13 0.08 0.01 0.46 14 858 11 875 20
discrc2 classical 12 perturbation 56.93 0.83 0.48 0.21 55.55 57 37711 14 288 220
aubry2 classical 23 perturbation 633.43 13.18 2.63 6.94 610.96 79 7215 6 1013 645
aubry2 F4 11 random 37.92 0.03 0.02 5.22 30.42 79 7215 6 5881 1020
aubry2 F4 12 random 37.00 0.05 0.02 5.00 29.75 79 7215 6 5881 1020
ahml classical 23 perturbation 26.11 0.74 0.36 0.55 24.55 52 10175 14 336 232
aubry2 classical 1 perturbation 606.28 12.97 2.40 6.61 584.57 79 7215 6 1013 645
aubry2 F4 1 random 28.59 0.04 0.02 4.33 22.36 79 7215 6 5881 1020
ahmlh F4 28 random 36.33 0.12 0.04 0.35 34.97 76 14079 18 9226 453
ahmlh F4 14 perturbation 418.55 1.02 0.25 9.29 402.18 162 34835 22 52317 2580
ahml classical 0 static 60.96 0.00 0.00 0.28 60.50 95 26886 14 330 233
ahmlh F4 14 random NA NA NA NA NA NA NA NA NA NA
aubry2 F4 2 perturbation 29.11 0.04 0.03 4.56 22.59 79 7215 6 5881 1020
ahmlh classical 19 perturbation NA NA NA NA NA NA NA NA NA NA
ahmlh F4 20 perturbation 995.84 7.41 1.18 106.64 860.29 118 22687 19 145342 12518
aubry2 classical 22 perturbation 541.36 11.16 1.99 6.06 522.29 79 7215 6 1013 645
discrc2h classical 14 random 0.28 0.16 0.08 0.02 0.07 5 80 7 40 21
discrc2h F4 2 random 109.48 0.32 0.05 0.07 108.38 33 11145 15 32056 173
aubry2 classical 17 random 595.79 7.53 1.54 6.40 580.17 79 7215 6 1013 645
discrc2h F4 11 perturbation 0.27 0.11 0.07 0.00 0.13 8 241 10 417 9
discrc2 classical 8 perturbation 0.82 0.39 0.23 0.08 0.30 7 122 6 113 84
aubry2 classical 14 perturbation 596.50 10.66 1.90 6.30 577.78 79 7215 6 1013 645
discrc2 classical 4 perturbation 0.53 0.26 0.16 0.04 0.19 10 182 7 72 49
aubry2 F4 29 random 28.92 0.04 0.02 4.48 22.49 79 7215 6 5881 1020
aubry2 F4 5 perturbation 28.66 0.04 0.02 4.39 22.35 79 7215 6 5881 1020
aubry2 F4 8 perturbation 28.71 0.04 0.02 4.35 22.43 79 7215 6 5881 1020
aubry2 F4 2 random 28.96 0.04 0.02 4.66 22.33 79 7215 6 5881 1020
aubry2 F4 16 random 29.78 0.04 0.02 4.65 23.15 79 7215 6 5881 1020
ahmlh F4 3 perturbation NA NA NA NA NA NA NA NA NA NA
ahml classical 3 random 9.34 0.47 0.19 0.17 8.56 27 6125 17 172 96
ahmlh classical 0 random 69.48 1.92 0.65 3.45 63.66 71 14996 15 937 739
discrc2h classical 0 random 2.69 0.61 0.44 0.07 1.92 18 1789 13 142 101
ahmlh classical 27 perturbation 2889.42 53.28 12.09 821.51 2000.06 74 13483 14 25777 24799
discrc2h classical 22 random 11.97 0.77 0.32 0.83 10.12 4 35 5 476 379
aubry2 F4 3 perturbation 29.28 0.04 0.02 4.58 22.68 79 7215 6 5881 1020
ahmlh F4 29 random 24.09 0.13 0.04 0.16 23.21 84 15843 17 5542 222
aubry2 classical 21 random 539.15 7.86 1.29 5.99 523.54 79 7215 6 1013 645
discrc2 F4 22 random 5.51 0.13 0.06 0.20 5.04 13 283 7 4815 125
discrc2 classical 0 caboara-perry 0.07 0.05 0.02 0.00 0.00 3 19 4 3 0
discrc2 F4 22 perturbation 8.21 0.26 0.13 0.02 7.73 27 4739 10 7431 69
ahmlh F4 3 random 360.42 0.38 0.08 2.66 351.93 163 53232 25 34311 1629
ahml F4 25 perturbation 68.78 0.09 0.04 0.56 67.24 49 10125 15 13985 283
ahml F4 10 random 201.78 0.47 0.11 2.17 197.23 80 19808 13 29064 633
discrc2h classical 22 perturbation 0.59 0.41 0.26 0.01 0.13 12 460 10 43 23
discrc2h F4 14 random NA NA NA NA NA NA NA NA NA NA
ahml classical 14 perturbation 1933.56 22.50 4.31 426.39 1479.47 52 9203 11 8740 7973
discrc2h classical 13 perturbation 0.66 0.49 0.31 0.01 0.11 12 460 10 43 23
ahmlh classical 1 random 217.12 2.78 0.82 4.34 209.28 122 33345 18 1138 897
discrc2 F4 28 random 1683.02 0.52 0.10 1.09 1676.08 67 21937 12 91545 966
aubry2 classical 4 random 573.32 8.52 1.86 6.26 556.51 79 7215 6 1013 645
discrc2h classical 18 perturbation 0.70 0.52 0.32 0.02 0.12 12 460 10 43 23
aubry2 classical 1 random 605.53 7.61 1.34 6.50 589.68 79 7215 6 1013 645
ahml F4 1 perturbation 51.74 0.09 0.05 0.30 50.40 56 10417 13 13673 212
ahml classical 19 random 14.09 0.39 0.15 0.19 13.37 53 11412 13 215 141
discrc2h F4 4 random 0.10 0.05 0.02 0.00 0.03 7 88 7 120 6
ahmlh F4 15 random 253.82 0.22 0.05 1.89 248.29 173 45051 18 23933 1214
ahml classical 12 random 27.59 0.69 0.21 0.41 25.89 23 8333 27 201 80
discrc2h classical 29 random 16.04 1.41 0.40 0.89 13.42 28 1316 10 445 341
discrc2 classical 15 perturbation 1.63 0.48 0.28 0.17 0.89 7 122 6 170 124
discrc2 classical 11 random 11.89 0.65 0.17 0.21 10.92 18 6320 18 167 117
ahmlh F4 9 random 99.33 0.17 0.05 0.85 96.30 108 26766 15 15893 743
ahml classical 0 caboara-perry 30.78 1.44 0.26 0.63 28.43 60 16688 15 299 195
discrc2h classical 25 random 0.14 0.09 0.04 0.01 0.02 5 67 6 21 10
discrc2h F4 0 random 1278.88 0.74 0.11 1.05 1273.28 28 15088 17 188364 586
ahmlh classical 11 random 27.35 0.55 0.22 0.41 26.16 71 15395 14 372 268
discrc2h F4 20 perturbation 0.41 0.10 0.06 0.00 0.28 10 282 10 801 13
ahml classical 16 perturbation 42.17 1.18 0.45 2.36 38.25 39 6451 12 729 585
aubry2 classical 20 random 572.80 8.23 1.40 6.20 556.39 79 7215 6 1013 645
discrc2h F4 17 random 0.11 0.05 0.02 0.00 0.03 6 102 9 119 6
discrc2h F4 27 perturbation 5.27 0.28 0.15 0.02 4.83 25 3805 13 5228 52
ahmlh classical 15 random 103.50 2.62 0.96 3.20 97.14 96 17248 20 1009 767
discrc2 classical 7 perturbation 0.50 0.24 0.15 0.04 0.19 10 182 7 72 49
ahml F4 4 perturbation 232.07 1.26 0.28 10.86 216.15 44 8544 16 41597 1540
ahml classical 16 random 35.29 1.21 0.31 0.87 32.90 42 7306 15 424 288
ahml F4 21 random 596.74 0.89 0.18 6.80 582.67 42 9740 16 68826 1315
aubry2 F4 20 perturbation 30.26 0.04 0.02 4.71 23.54 79 7215 6 5881 1020
ahmlh classical 18 random 2658.93 35.04 6.72 255.01 2362.17 105 28224 20 11876 10973
ahmlh F4 18 perturbation 347.71 0.90 0.21 8.37 333.23 125 24050 22 51896 2525
ahmlh classical 7 perturbation NA NA NA NA NA NA NA NA NA NA
discrc2h F4 0 caboara-perry 0.17 0.13 0.04 0.00 0.02 6 48 5 73 5
discrc2h F4 29 random 3.65 0.05 0.03 0.01 3.49 20 2284 12 3523 36
ahml classical 12 perturbation 25.99 0.77 0.31 0.95 24.02 38 6978 14 386 261
discrc2 classical 3 random 2.84 0.34 0.15 0.26 2.10 3 18 3 235 178
aubry2 F4 25 random 30.39 0.04 0.02 4.40 23.96 79 7215 6 5881 1020
aubry2 classical 5 perturbation 601.36 11.14 1.99 6.38 582.01 79 7215 6 1013 645
aubry2 classical 13 random 597.67 7.73 1.33 6.42 581.75 79 7215 6 1013 645
ahml classical 5 perturbation 8.09 0.20 0.11 0.20 7.58 41 6765 11 214 148
ahml F4 3 perturbation 51.85 0.19 0.08 0.36 50.61 54 11562 16 11332 253
discrc2h F4 26 perturbation 9.90 0.29 0.15 0.05 9.31 25 3805 13 9585 125
ahml F4 0 static 494.71 0.00 0.00 0.29 493.05 95 26886 14 41761 259
discrc2h F4 6 perturbation 5.18 0.27 0.14 0.02 4.74 25 3805 13 5228 52
discrc2h F4 28 perturbation 9.25 0.27 0.14 0.04 8.70 25 3805 13 9585 125
discrc2 classical 2 random 8.41 0.77 0.32 1.67 5.73 7 101 5 560 455
ahmlh classical 17 random 195.48 4.83 1.17 13.99 175.63 96 17585 19 1793 1469
discrc2 classical 10 perturbation 1.60 0.70 0.40 0.13 0.70 9 210 7 148 109
ahmlh F4 11 random 68.99 0.15 0.05 0.91 66.10 113 26198 16 15410 803
discrc2 classical 23 random 241.72 0.40 0.17 0.28 240.62 47 54344 17 275 198
aubry2 F4 12 perturbation 32.09 0.04 0.02 4.68 25.34 79 7215 6 5881 1020
ahmlh classical 17 perturbation NA NA NA NA NA NA NA NA NA NA
ahmlh classical 20 random 26.78 0.56 0.22 0.36 25.62 95 17590 17 385 278
discrc2 F4 19 perturbation 47.84 0.43 0.15 0.24 46.42 6 75 6 32873 204
ahmlh F4 0 perturbation 725.41 4.35 0.75 55.40 651.88 109 19599 17 105858 7905
aubry2 classical 7 random 596.30 8.34 1.39 6.45 579.72 79 7215 6 1013 645
discrc2 F4 25 perturbation 7.40 0.10 0.06 0.03 7.09 27 3956 11 6224 72
aubry2 classical 18 perturbation 602.41 11.31 2.01 6.42 582.85 79 7215 6 1013 645
aubry2 F4 14 random 30.93 0.04 0.02 4.60 24.30 79 7215 6 5881 1020
ahml classical 7 random 79.34 1.44 0.43 2.38 74.96 53 12326 21 690 491
discrc2 classical 6 perturbation 2.79 1.10 0.60 0.34 1.23 6 61 5 325 283
discrc2 F4 26 random 3.18 0.04 0.02 0.01 3.02 20 2215 9 3167 49
discrc2 F4 0 perturbation 73.55 1.13 0.38 2.02 69.23 17 2277 11 34033 562
ahml classical 28 random 12.67 0.52 0.19 0.22 11.76 29 7683 21 177 91
discrc2 classical 0 perturbation 0.58 0.29 0.18 0.04 0.20 7 122 6 68 44
discrc2 F4 29 perturbation 49.25 0.41 0.14 0.23 47.86 4 37 5 37597 196
aubry2 classical 4 perturbation 547.15 11.33 2.09 6.02 527.94 79 7215 6 1013 645
ahml classical 11 perturbation 122.60 4.30 1.26 19.58 97.89 45 8192 17 1599 1313
ahmlh F4 8 random 4788.34 0.57 0.08 1.37 4779.68 153 66275 25 113192 962
ahml F4 2 random 464.34 0.24 0.07 3.02 457.25 54 13586 12 42991 801
ahml F4 28 perturbation 179.62 0.72 0.18 7.38 167.77 52 9872 17 37313 1654
ahmlh F4 23 random 1756.16 0.60 0.12 3.29 1743.83 191 63089 39 96807 1914
ahmlh classical 23 perturbation NA NA NA NA NA NA NA NA NA NA
discrc2h classical 17 perturbation 0.63 0.44 0.27 0.02 0.14 12 460 10 43 23
discrc2h classical 6 random 0.49 0.14 0.07 0.03 0.27 13 566 10 63 36
aubry2 classical 12 perturbation 589.23 11.13 2.22 6.36 569.98 79 7215 6 1013 645
ahml F4 20 random 94.74 0.29 0.09 0.72 92.54 44 12599 18 18772 383
aubry2 classical 26 perturbation 602.69 11.05 2.28 6.51 583.32 79 7215 6 1013 645
aubry2 classical 12 random 590.00 7.38 1.31 6.33 574.53 79 7215 6 1013 645
discrc2 classical 20 random 6.19 0.78 0.32 0.83 4.40 3 20 4 358 278
ahml F4 24 perturbation 21.73 0.17 0.07 0.49 20.56 35 5926 14 7071 248
aubry2 F4 15 perturbation 29.17 0.04 0.02 4.44 22.80 79 7215 6 5881 1020
aubry2 F4 10 random 30.23 0.04 0.02 4.43 23.84 79 7215 6 5881 1020
ahmlh classical 15 perturbation 395.75 7.66 2.24 59.76 326.13 88 16597 21 6104 5709
ahmlh F4 25 perturbation 283.62 0.82 0.20 8.06 269.81 154 32450 22 47518 2543
ahml classical 21 random 26.62 0.52 0.18 0.40 25.44 40 10895 19 294 186
ahml classical 11 random NA NA NA NA NA NA NA NA NA NA
aubry2 F4 7 perturbation 30.90 0.04 0.02 4.58 24.27 79 7215 6 5881 1020
discrc2 classical 5 random 0.51 0.25 0.12 0.05 0.16 4 28 4 91 69
aubry2 classical 3 perturbation 583.20 10.73 2.20 6.30 564.19 79 7215 6 1013 645
ahmlh F4 0 caboara-perry 78.60 16.76 0.58 0.21 60.65 87 21536 18 10130 249
discrc2 F4 7 random 0.08 0.05 0.03 0.00 0.01 5 46 5 34 8
ahmlh classical 3 perturbation NA NA NA NA NA NA NA NA NA NA
ahml classical 22 random 310.62 6.26 1.51 28.72 273.91 50 9497 13 3025 2630
ahmlh F4 5 random 650.61 0.18 0.04 0.63 646.98 100 36501 18 46285 610
aubry2 F4 17 perturbation 29.42 0.04 0.03 4.55 22.86 79 7215 6 5881 1020
discrc2h F4 22 perturbation 0.58 0.11 0.06 0.01 0.42 14 858 11 875 20
aubry2 classical 20 perturbation 577.07 11.21 2.00 6.23 557.77 79 7215 6 1013 645
aubry2 classical 18 random 591.10 7.97 1.34 6.37 574.64 79 7215 6 1013 645
aubry2 classical 17 perturbation 564.46 10.91 1.92 6.09 545.66 79 7215 6 1013 645
discrc2 F4 18 random 1.59 0.05 0.02 0.01 1.47 15 1534 12 2514 31
discrc2 classical 13 random 3.48 0.61 0.26 0.63 2.09 12 286 7 314 243
discrc2h classical 27 perturbation 0.65 0.46 0.28 0.02 0.12 8 318 10 57 36
ahml classical 15 random 9.29 0.25 0.11 0.14 8.79 39 8935 14 166 102
aubry2 classical 27 perturbation 579.64 11.02 2.24 6.14 560.55 79 7215 6 1013 645
aubry2 classical 25 perturbation 598.02 11.04 1.98 6.65 578.52 79 7215 6 1013 645
aubry2 F4 8 random 31.16 0.04 0.02 4.67 24.45 79 7215 6 5881 1020
ahmlh classical 28 random 461.68 10.58 1.96 26.51 422.50 63 10024 12 2778 2319
ahml F4 3 random 184.84 1.25 0.22 7.02 173.71 64 13753 12 32926 1064
discrc2h F4 0 perturbation 0.61 0.12 0.08 0.01 0.44 14 858 11 875 20
ahml F4 22 random 316.04 0.16 0.05 0.61 313.50 55 17220 16 28848 311
aubry2 classical 28 random 616.04 8.93 1.42 6.13 598.62 79 7215 6 1013 645
ahml F4 14 perturbation 341.16 0.64 0.17 4.40 333.00 52 9872 17 37163 805
discrc2h classical 20 perturbation 0.68 0.50 0.31 0.01 0.13 12 460 10 43 23
discrc2h classical 11 perturbation 0.66 0.48 0.30 0.01 0.12 12 460 10 43 23
aubry2 F4 21 perturbation 44.56 0.06 0.04 5.42 36.51 79 7215 6 5881 1020
ahmlh F4 10 random 64.50 0.18 0.07 0.51 62.42 83 14400 19 10097 505
discrc2h F4 15 random 157.23 0.20 0.09 0.02 156.29 28 11810 16 20385 58
ahml F4 1 random 1893.34 3.14 0.45 60.52 1817.80 59 12235 15 164067 3956
discrc2 F4 29 random 0.81 0.09 0.03 0.01 0.64 16 1046 11 1116 37
discrc2h classical 23 perturbation 0.75 0.56 0.36 0.02 0.13 12 460 10 43 23
ahml classical 4 random 10.21 0.44 0.19 0.29 9.27 22 3912 16 232 147
discrc2h F4 13 perturbation 20.42 0.38 0.18 0.09 19.52 18 1000 10 15336 132
discrc2 classical 19 random 27.47 1.74 0.57 2.20 23.02 8 321 9 737 616
ahmlh F4 19 random 949.84 1.45 0.22 11.02 929.65 99 23651 18 70064 2660
discrc2 F4 7 perturbation 0.15 0.13 0.08 0.00 0.01 3 20 4 24 7
aubry2 F4 16 perturbation 34.94 0.05 0.03 4.85 27.78 79 7215 6 5881 1020
discrc2h F4 13 random 0.19 0.07 0.03 0.00 0.10 7 122 10 302 6
ahmlh classical 5 random 410.10 6.67 1.43 7.50 393.68 83 16373 15 1803 1451
aubry2 F4 4 random 29.56 0.04 0.02 4.56 22.98 79 7215 6 5881 1020
aubry2 F4 3 random 35.56 0.04 0.02 4.99 28.31 79 7215 6 5881 1020
discrc2h F4 15 perturbation 0.49 0.15 0.10 0.00 0.30 10 282 10 801 13
ahml classical 1 random 14.70 0.47 0.18 0.17 13.87 56 12653 12 205 136
discrc2h classical 10 perturbation 0.91 0.70 0.44 0.02 0.13 12 460 10 43 23
discrc2h classical 8 random 11.70 0.47 0.20 0.29 10.66 6 62 6 246 183
aubry2 classical 27 random 603.26 8.68 1.54 6.56 585.90 79 7215 6 1013 645
ahmlh classical 2 perturbation 262.18 10.01 3.16 41.43 208.35 80 15870 16 3584 3219
discrc2 classical 14 perturbation 0.70 0.41 0.27 0.04 0.19 6 75 6 64 40
ahml F4 24 random 218.21 0.69 0.14 2.32 212.51 52 11242 12 29373 581
discrc2 F4 5 random 0.18 0.06 0.02 0.00 0.10 7 207 7 309 13
ahmlh F4 24 perturbation NA NA NA NA NA NA NA NA NA NA
ahmlh F4 23 perturbation NA NA NA NA NA NA NA NA NA NA
ahmlh classical 25 random 103.47 0.41 0.18 0.41 102.35 93 24898 21 386 274
aubry2 F4 28 perturbation 28.42 0.04 0.02 4.30 22.19 79 7215 6 5881 1020
discrc2h classical 18 random 0.16 0.10 0.05 0.01 0.02 5 62 6 24 11
discrc2 F4 28 perturbation 0.22 0.09 0.06 0.00 0.11 8 246 7 367 15
ahmlh F4 8 perturbation 2718.84 10.28 1.87 157.75 2523.34 131 36688 20 196856 13505
discrc2 classical 25 random 5.64 0.70 0.32 1.36 3.36 8 136 6 576 487
ahml classical 10 random 2011.28 37.16 7.15 461.92 1504.88 70 15616 13 9001 8129
discrc2 classical 20 perturbation 0.60 0.32 0.19 0.04 0.19 6 75 6 64 40
discrc2h classical 9 random 2.57 0.66 0.32 0.24 1.53 12 1098 11 234 178
discrc2 F4 1 perturbation 0.15 0.09 0.06 0.00 0.03 5 84 9 121 9
discrc2h F4 25 perturbation 0.58 0.11 0.07 0.01 0.42 14 858 11 875 20
discrc2 F4 15 perturbation 7.00 0.10 0.06 0.02 6.69 27 3956 11 6224 72
ahml F4 19 perturbation 27.77 0.10 0.05 0.32 26.75 44 7464 13 6688 228
discrc2h classical 12 perturbation 0.70 0.48 0.29 0.03 0.15 9 311 10 59 37
ahmlh F4 17 perturbation 3439.22 19.70 2.83 363.64 3004.55 136 35716 18 286383 27416
ahmlh classical 21 perturbation NA NA NA NA NA NA NA NA NA NA
discrc2h classical 0 static 152.12 0.00 0.00 0.30 151.33 94 72679 20 391 297
discrc2 classical 22 random 13.02 1.24 0.44 1.29 10.21 10 272 7 496 410
aubry2 F4 0 random 29.33 0.04 0.02 4.55 22.76 79 7215 6 5881 1020
aubry2 F4 14 perturbation 28.97 0.04 0.02 4.55 22.32 79 7215 6 5881 1020
discrc2 classical 0 random 18.80 1.11 0.38 2.22 15.11 5 52 5 686 572
discrc2 classical 13 perturbation 0.51 0.24 0.15 0.04 0.19 10 182 7 72 49
discrc2 F4 14 random NA NA NA NA NA NA NA NA NA NA
ahmlh classical 1 perturbation 59.78 1.47 0.64 2.00 55.89 95 17925 19 858 671
discrc2h classical 3 perturbation 0.58 0.40 0.25 0.01 0.13 12 460 10 43 23
ahmlh classical 7 random 53.99 1.32 0.45 1.29 51.05 68 13879 16 598 439
aubry2 classical 21 perturbation 582.33 11.88 2.43 6.50 562.16 79 7215 6 1013 645
discrc2 F4 3 perturbation 0.14 0.09 0.05 0.00 0.03 5 84 9 121 9
aubry2 classical 19 perturbation 600.75 10.36 1.88 6.37 582.28 79 7215 6 1013 645
ahmlh classical 16 perturbation NA NA NA NA NA NA NA NA NA NA
ahmlh classical 29 perturbation 125.80 2.70 0.96 7.73 114.60 57 10968 13 1660 1402
ahml classical 17 perturbation 1991.11 27.73 5.28 509.64 1447.92 42 7418 12 8718 7866
ahml classical 21 perturbation 47.46 1.29 0.50 3.70 42.00 39 7410 17 919 760
discrc2 F4 13 perturbation 73.73 0.39 0.13 0.23 72.34 4 42 6 49147 199
discrc2h F4 1 random 0.07 0.05 0.03 0.00 0.01 4 40 6 21 2
ahml F4 7 random 170.96 0.34 0.08 0.95 168.00 64 18363 17 27762 349
aubry2 F4 23 random 27.05 0.03 0.02 3.82 21.33 79 7215 6 5881 1020
ahml classical 22 perturbation 36.06 0.91 0.38 2.13 32.65 45 8052 12 693 534
ahmlh classical 4 random 21.24 0.79 0.33 0.30 19.95 78 14925 16 331 235
aubry2 F4 1 perturbation 28.36 0.04 0.02 3.86 22.60 79 7215 6 5881 1020
discrc2h F4 3 perturbation 5.28 0.31 0.15 0.01 4.81 25 3805 13 5228 52
discrc2h F4 21 perturbation 0.52 0.11 0.06 0.00 0.36 14 858 11 875 20
discrc2h F4 1 perturbation 0.16 0.09 0.06 0.00 0.05 7 195 9 148 7
discrc2h F4 7 random 127.25 0.33 0.07 0.46 124.90 16 1295 11 47176 391
discrc2h F4 2 perturbation 8.95 0.29 0.14 0.04 8.38 25 3805 13 9585 125
aubry2 F4 18 random 27.31 0.04 0.02 3.80 21.61 79 7215 6 5881 1020
discrc2 F4 12 random 9.71 0.12 0.05 0.06 9.37 14 1378 15 8251 72
discrc2h classical 3 random 88.78 4.13 0.74 4.24 79.50 16 955 11 1001 831
discrc2h F4 26 random 173.13 0.13 0.06 0.02 172.53 29 9436 16 23592 60
discrc2h classical 28 random 8.45 0.28 0.12 0.07 7.98 27 9173 16 136 93
discrc2 F4 19 random 7.92 0.09 0.04 0.04 7.64 21 2611 13 7179 109
discrc2h classical 21 perturbation 0.54 0.39 0.24 0.01 0.10 12 460 10 43 23
discrc2 F4 9 perturbation 30.93 0.38 0.13 0.22 29.79 9 247 7 24956 193
discrc2h classical 1 perturbation 0.56 0.39 0.24 0.01 0.11 12 460 10 43 23
ahmlh classical 0 localsearch NA NA NA NA NA NA NA NA NA NA
aubry2 F4 28 random 31.37 0.05 0.03 4.38 24.95 79 7215 6 5881 1020
ahml F4 26 perturbation 13.66 0.19 0.09 0.45 12.59 28 3783 11 5164 214
discrc2h classical 24 random 10.38 0.31 0.15 0.10 9.85 17 6661 16 145 103
ahml F4 29 perturbation 123.33 0.51 0.15 3.97 116.38 44 8520 18 22559 887
ahml classical 10 perturbation 57.81 1.46 0.50 5.09 50.72 40 7713 14 944 769
discrc2h classical 27 random 0.20 0.10 0.05 0.01 0.06 6 196 9 27 13
discrc2h classical 19 perturbation 0.66 0.49 0.30 0.01 0.12 12 460 10 43 23
ahmlh classical 10 perturbation NA NA NA NA NA NA NA NA NA NA
aubry2 classical 0 caboara-perry NA NA NA NA NA NA NA NA NA NA
discrc2 classical 19 perturbation 2.14 0.78 0.45 0.18 1.08 7 137 7 195 154
discrc2 F4 18 perturbation 0.12 0.09 0.05 0.00 0.01 4 35 5 42 8
ahml classical 19 perturbation 742.71 13.19 3.46 147.86 578.21 30 4576 12 5777 5229
ahml F4 18 random 110.34 0.23 0.08 0.85 107.89 65 14448 16 20580 519
ahmlh F4 26 perturbation 2528.46 20.60 3.22 620.18 1834.29 130 24322 21 261074 32686
discrc2 F4 11 random 10.94 0.03 0.02 0.01 10.78 16 2716 15 6481 29
discrc2h F4 5 perturbation 0.67 0.15 0.09 0.01 0.46 14 858 11 875 20
ahmlh classical 21 random 198.70 3.01 0.67 1.12 193.85 181 64928 31 755 560
ahml F4 21 perturbation 91.14 0.61 0.19 3.57 85.10 44 8100 14 19344 790
ahml classical 2 random 242.64 3.95 1.06 20.21 216.81 67 13310 13 2026 1705
discrc2h classical 2 random 29.00 0.10 0.05 0.03 28.70 24 18267 16 88 56
discrc2 F4 4 perturbation 63.72 0.44 0.15 0.20 62.24 3 20 4 52766 191
ahmlh classical 20 perturbation NA NA NA NA NA NA NA NA NA NA
ahmlh F4 21 perturbation 322.10 1.02 0.23 8.30 307.49 154 32450 22 47557 2528
ahmlh F4 4 perturbation 1795.74 13.97 2.00 248.94 1495.69 88 19264 17 204156 20216
aubry2 F4 6 random 36.90 0.05 0.03 4.91 29.59 79 7215 6 5881 1020
aubry2 classical 3 random 536.37 8.64 1.45 5.84 519.61 79 7215 6 1013 645
discrc2h classical 26 random 0.59 0.16 0.08 0.02 0.36 20 1420 10 66 44
ahml F4 5 random 1224.09 0.61 0.15 3.97 1216.00 45 8701 11 69137 664
discrc2h F4 10 random 263.03 0.65 0.17 0.50 259.93 28 10862 15 65063 421
ahml F4 8 random 128.38 0.12 0.04 0.38 126.79 72 15614 14 23397 329
discrc2h F4 12 random 0.59 0.05 0.03 0.01 0.48 15 725 10 879 23
aubry2 F4 27 perturbation 33.98 0.04 0.03 4.70 26.99 79 7215 6 5881 1020
discrc2 classical 14 random 6.43 0.77 0.30 0.43 5.03 24 1231 9 354 280
ahmlh classical 12 perturbation NA NA NA NA NA NA NA NA NA NA
ahml classical 18 perturbation 283.73 4.49 1.18 24.76 252.52 50 11630 14 1940 1592
ahmlh F4 12 perturbation 629.36 3.38 0.59 24.37 592.04 87 18008 15 82495 5123
discrc2h F4 0 localsearch 0.55 0.52 0.11 0.00 0.00 3 20 4 7 1
aubry2 classical 0 perturbation 600.67 12.20 2.35 6.51 579.87 79 7215 6 1013 645
aubry2 classical 0 random 605.05 8.57 1.39 6.48 587.87 79 7215 6 1013 645
aubry2 F4 13 random 33.31 0.04 0.02 4.75 26.28 79 7215 6 5881 1020
ahmlh F4 13 perturbation 354.63 1.05 0.25 9.05 338.65 154 32450 22 47557 2528
discrc2 F4 21 random 19.53 0.06 0.03 0.02 19.14 27 6333 12 11745 68
ahml classical 27 random 3.48 0.20 0.10 0.07 3.12 30 4633 13 116 71
discrc2 F4 11 perturbation 0.91 0.28 0.17 0.03 0.54 10 269 7 931 51
discrc2 F4 17 random 6.53 0.06 0.03 0.02 6.28 24 3001 10 5581 61
ahml F4 20 perturbation 159.61 0.66 0.20 5.16 151.20 50 11185 15 25116 963
discrc2h classical 24 perturbation 0.64 0.47 0.29 0.01 0.11 12 460 10 43 23
ahml F4 0 localsearch 2681.92 2378.72 92.96 7.34 291.78 61 19573 15 32249 1827
discrc2h F4 5 random 0.37 0.05 0.02 0.00 0.28 12 471 10 748 16
discrc2h F4 0 static NA NA NA NA NA NA NA NA NA NA
discrc2 F4 13 random 2524.44 0.37 0.09 0.17 2521.73 36 26930 16 80706 236
discrc2h F4 7 perturbation 0.43 0.12 0.08 0.00 0.27 10 282 10 801 13
ahml F4 9 perturbation 41.67 0.12 0.06 0.33 40.59 49 9155 12 7745 275
ahml classical 23 random 66.49 1.96 0.63 1.69 62.32 48 10237 15 519 338
ahmlh classical 11 perturbation NA NA NA NA NA NA NA NA NA NA
discrc2 F4 0 caboara-perry 0.15 0.11 0.04 0.00 0.02 6 53 5 79 5
ahml F4 11 perturbation 49.22 0.12 0.05 0.68 47.48 54 11754 12 7735 347
ahmlh classical 3 random 85.10 2.55 0.79 0.96 81.11 145 31242 29 674 494
aubry2 classical 24 random 564.62 8.06 1.76 6.12 548.47 79 7215 6 1013 645
aubry2 F4 17 random 30.09 0.04 0.02 4.45 23.57 79 7215 6 5881 1020
ahml F4 2 perturbation 250.15 1.18 0.27 12.98 230.86 37 7488 14 41475 1984
discrc2h classical 0 caboara-perry 2.74 2.49 0.21 0.01 0.18 11 657 10 23 12
ahmlh F4 27 random 124.77 0.18 0.05 2.06 119.55 190 40244 21 20937 1316
aubry2 F4 20 random 32.09 0.05 0.03 4.48 25.42 79 7215 6 5881 1020
aubry2 F4 19 perturbation 30.69 0.05 0.03 4.38 24.38 79 7215 6 5881 1020
discrc2 F4 6 random 14.72 0.10 0.04 0.11 14.18 22 2918 10 10851 186
discrc2 F4 4 random 2.70 0.03 0.02 0.01 2.61 16 1854 9 3904 32
discrc2 classical 7 random 12.43 0.21 0.10 0.19 11.92 19 10904 19 201 140
ahmlh classical 4 perturbation NA NA NA NA NA NA NA NA NA NA
discrc2h F4 23 random 0.05 0.04 0.02 0.00 0.01 5 53 6 23 2
discrc2 F4 21 perturbation 0.08 0.07 0.04 0.00 0.01 4 35 5 33 8
ahml classical 29 perturbation NA NA NA NA NA NA NA NA NA NA
aubry2 F4 29 perturbation 30.85 0.04 0.02 4.54 24.19 79 7215 6 5881 1020
aubry2 classical 26 random 527.11 7.29 1.22 5.98 511.85 79 7215 6 1013 645
discrc2h classical 10 random 0.54 0.26 0.13 0.03 0.19 12 434 10 65 41
ahmlh F4 7 random 261.00 0.65 0.12 2.82 253.85 164 35406 29 46191 1661
discrc2 F4 2 perturbation 33.87 0.32 0.10 0.15 32.87 6 63 6 32207 199
discrc2h classical 4 perturbation 0.43 0.31 0.20 0.01 0.09 12 460 10 43 23
ahmlh F4 19 perturbation NA NA NA NA NA NA NA NA NA NA
aubry2 classical 6 perturbation 386.65 8.43 1.38 4.31 372.45 79 7215 6 1013 645
discrc2 classical 29 random 0.55 0.14 0.07 0.02 0.35 17 1245 10 78 53
aubry2 classical 22 random 389.03 6.13 0.93 4.38 377.10 79 7215 6 1013 645
ahmlh classical 6 perturbation 1286.32 21.80 4.83 233.33 1026.40 86 17951 17 14627 13879
discrc2h F4 9 random 9938.92 0.33 0.08 0.56 9930.79 90 89286 17 220999 609
discrc2 F4 5 perturbation 4.32 0.05 0.03 0.02 4.12 27 3956 11 6224 72
ahmlh F4 7 perturbation NA NA NA NA NA NA NA NA NA NA
ahml F4 6 random 45.06 0.19 0.05 1.27 42.57 61 11229 12 14222 644
discrc2h classical 7 random 0.21 0.10 0.05 0.02 0.06 3 18 4 49 28
ahmlh F4 18 random 325.55 0.17 0.04 1.34 320.99 177 59206 18 30518 1256
discrc2 classical 4 random 12.26 0.20 0.09 0.17 11.76 23 12094 13 253 193
ahmlh classical 26 random 20.19 0.70 0.24 0.28 19.04 79 17302 16 358 248
discrc2h classical 17 random 0.37 0.07 0.03 0.01 0.26 18 1165 12 55 32
ahml F4 6 perturbation 465.15 0.27 0.08 0.78 462.80 71 17915 20 49203 599
ahmlh F4 25 random 455.36 0.58 0.10 5.94 444.45 147 38808 21 61249 2493
aubry2 F4 0 perturbation 21.22 0.03 0.02 3.06 16.75 79 7215 6 5881 1020
discrc2h classical 21 random 0.11 0.07 0.03 0.01 0.02 6 87 7 25 11
discrc2 F4 23 perturbation 0.07 0.05 0.03 0.00 0.00 3 20 4 24 7
discrc2h classical 14 perturbation 0.42 0.31 0.19 0.01 0.08 12 460 10 43 23
ahml F4 23 random 276.41 0.09 0.03 0.47 274.67 52 16598 17 37550 309
ahml classical 24 perturbation NA NA NA NA NA NA NA NA NA NA
discrc2 F4 23 random 3.25 0.08 0.03 0.01 3.09 15 2672 10 5346 34
discrc2h classical 6 perturbation 0.44 0.32 0.19 0.01 0.08 12 460 10 43 23
discrc2 F4 0 random 19198.66 0.13 0.05 0.07 19196.21 32 35236 18 123215 159
aubry2 F4 19 random 20.20 0.03 0.01 2.91 15.96 79 7215 6 5881 1020
discrc2 classical 26 perturbation 1.72 0.48 0.27 0.14 1.03 19 595 7 225 174
ahmlh classical 18 perturbation 3579.99 52.10 9.31 1062.30 2455.46 98 19839 19 30537 29340
ahml classical 0 localsearch 2090.26 2057.08 97.88 0.68 32.25 65 22143 14 343 217
discrc2 F4 6 perturbation 0.07 0.06 0.03 0.00 0.01 4 35 5 42 8
discrc2h classical 19 random 0.22 0.09 0.04 0.02 0.09 11 306 9 64 42
discrc2 F4 10 random 17.20 0.08 0.03 0.05 16.81 33 5918 10 12366 185
discrc2 classical 3 perturbation 12.59 2.22 1.00 3.04 7.06 26 1290 10 1099 951
ahmlh classical 28 perturbation NA NA NA NA NA NA NA NA NA NA
discrc2h classical 7 perturbation 0.38 0.27 0.17 0.01 0.08 12 460 10 43 23
