instance reducer rep algorithm time dynamic heuristic queue reduction polynomials monomials degree sreductions zeroreductions
buch85 classical 8 random 0.39 0.14 0.06 0.07 0.02 14 35 4 45 21
buch85 F4 2 random 0.55 0.09 0.04 0.24 0.07 27 58 4 446 174
buch85 classical 9 random 0.43 0.26 0.11 0.08 0.02 14 35 6 43 19
buch85 F4 14 perturbation 0.97 0.26 0.13 0.44 0.12 33 83 5 904 310
buch85 classical 0 static 1.17 0.00 0.00 0.62 0.39 59 155 3 414 348
buch85 classical 10 random 0.98 0.27 0.11 0.47 0.12 18 42 3 231 186
buch85 F4 0 static 1.17 0.00 0.00 0.78 0.33 59 155 3 1754 399
buch85 classical 11 random 0.57 0.12 0.05 0.21 0.13 32 109 4 156 115
buch85 F4 15 perturbation 1.54 0.27 0.15 0.70 0.51 44 131 4 1228 281
buch85 classical 0 caboara-perry 0.38 0.18 0.04 0.07 0.06 11 24 3 17 6
buch85 classical 12 random 0.72 0.27 0.11 0.26 0.09 27 74 6 122 85
buch85 F4 3 random 2.58 0.21 0.06 1.45 0.82 47 151 6 3082 662
buch85 F4 16 perturbation 0.70 0.25 0.13 0.30 0.08 30 76 4 573 149
buch85 F4 0 caboara-perry 1.01 0.76 0.09 0.15 0.04 18 48 4 319 55
buch85 classical 13 random 0.69 0.44 0.08 0.10 0.06 17 49 4 84 51
buch85 F4 17 perturbation 0.75 0.25 0.12 0.34 0.09 26 67 5 653 200
buch85 F4 4 random 1.01 0.07 0.03 0.66 0.21 53 125 7 1511 497
buch85 classical 14 random 0.72 0.20 0.08 0.23 0.17 32 129 6 170 125
buch85 F4 26 random 4.53 0.17 0.08 3.07 1.09 67 188 5 4347 1275
eco8 F4 10 perturbation 4.90 0.15 0.09 1.21 3.19 59 2704 5 3919 647
buch85 F4 18 perturbation 1.00 0.24 0.12 0.55 0.15 30 80 4 798 240
buch85 classical 15 random 0.49 0.20 0.08 0.18 0.05 11 24 3 57 30
buch85 F4 27 random 0.51 0.09 0.05 0.31 0.06 25 56 4 446 138
buch85 F4 5 random 1.16 0.07 0.03 0.77 0.26 51 137 3 1629 489
buch85 F4 28 random 0.56 0.07 0.03 0.35 0.09 28 68 4 643 219
buch85 F4 19 perturbation 0.69 0.24 0.12 0.32 0.08 37 82 4 811 332
buch85 classical 16 random 0.74 0.26 0.11 0.27 0.11 23 63 6 103 65
buch85 classical 20 perturbation 5.75 2.05 1.02 2.80 0.55 53 123 6 803 728
buch85 F4 6 random 0.46 0.07 0.03 0.30 0.04 18 43 6 362 138
buch85 F4 29 random 0.35 0.07 0.03 0.20 0.03 18 40 3 351 157
buch85 classical 17 random 0.26 0.12 0.05 0.05 0.04 16 39 4 41 20
buch85 classical 0 perturbation 2.82 1.69 0.98 0.72 0.26 32 79 7 363 316
buch85 F4 20 perturbation 0.94 0.24 0.12 0.49 0.15 37 101 6 1108 334
buch85 classical 18 random 0.80 0.32 0.13 0.22 0.14 30 99 5 160 115
buch85 F4 21 perturbation 0.75 0.22 0.11 0.36 0.11 33 83 5 808 256
buch85 F4 22 perturbation 0.66 0.23 0.12 0.33 0.05 21 48 4 491 208
buch85 classical 19 random 1.25 0.41 0.17 0.51 0.20 27 62 4 219 168
buch85 F4 7 random 2.40 0.16 0.07 1.71 0.45 31 100 5 2019 421
buch85 classical 1 perturbation 1.83 1.08 0.54 0.45 0.18 27 64 3 187 144
buch85 F4 8 random 0.31 0.07 0.03 0.17 0.03 11 24 3 292 111
buch85 F4 23 perturbation 0.67 0.23 0.12 0.30 0.08 30 76 4 573 149
eco8 classical 16 perturbation 8.96 0.47 0.26 0.48 7.78 59 2704 5 347 269
buch85 F4 9 random 0.50 0.07 0.03 0.32 0.06 24 58 6 567 223
eco8 F4 11 perturbation 4.70 0.14 0.08 1.21 3.09 59 2704 5 3919 647
buch85 F4 10 random 0.69 0.07 0.03 0.45 0.11 42 93 4 1011 413
buch85 classical 20 random 1.73 0.63 0.27 0.60 0.33 39 101 6 289 231
buch85 classical 21 perturbation 4.31 2.42 1.23 1.22 0.48 30 86 4 525 469
buch85 classical 21 random 0.26 0.12 0.05 0.05 0.04 13 30 6 26 9
buch85 F4 11 random 0.52 0.07 0.03 0.33 0.07 25 60 6 594 232
buch85 classical 22 random 0.62 0.33 0.14 0.11 0.08 19 56 4 87 51
buch85 F4 12 random 0.83 0.07 0.03 0.55 0.15 33 91 6 899 231
buch85 classical 23 random 0.40 0.19 0.08 0.09 0.06 16 48 3 57 33
buch85 F4 24 perturbation 2.65 0.54 0.27 1.61 0.40 54 141 6 2359 585
buch85 F4 25 perturbation 0.76 0.23 0.12 0.38 0.09 24 63 5 654 190
buch85 classical 24 random 1.03 0.40 0.17 0.34 0.17 28 70 5 146 97
buch85 F4 13 random 1.66 0.07 0.03 1.02 0.50 60 200 6 2561 593
buch85 classical 22 perturbation 2.73 1.55 0.76 0.72 0.31 24 65 5 386 339
buch85 F4 26 perturbation 0.68 0.22 0.11 0.33 0.09 33 79 4 754 255
buch85 classical 25 random 1.17 0.52 0.17 0.34 0.20 18 63 4 109 68
buch85 F4 27 perturbation 0.67 0.23 0.12 0.31 0.08 30 76 4 573 149
buch85 F4 14 random 1.01 0.07 0.03 0.65 0.22 37 99 4 1353 350
eco8 classical 0 static 8.12 0.00 0.00 0.45 7.59 59 2704 5 347 269
eco8 F4 12 perturbation 4.50 0.13 0.07 1.18 2.94 59 2704 5 3919 647
buch85 classical 23 perturbation 1.47 0.76 0.38 0.42 0.16 26 71 5 179 130
buch85 classical 26 random 1.15 0.33 0.14 0.39 0.29 34 130 5 199 142
buch85 F4 15 random 0.85 0.07 0.03 0.54 0.18 28 83 5 992 247
buch85 F4 28 perturbation 1.36 0.23 0.11 0.80 0.27 51 155 4 1495 380
buch85 classical 27 random 0.70 0.33 0.13 0.13 0.15 26 72 6 101 68
buch85 F4 16 random 0.89 0.07 0.03 0.57 0.20 32 119 4 919 227
buch85 F4 29 perturbation 0.76 0.21 0.11 0.39 0.10 33 83 5 904 310
buch85 classical 28 random 0.93 0.39 0.16 0.22 0.21 32 104 5 149 111
buch85 classical 2 perturbation 7.75 2.34 1.17 4.01 1.08 53 137 10 1109 1021
buch85 classical 0 random 0.72 0.32 0.13 0.21 0.08 25 64 6 123 82
buch85 F4 17 random 1.10 0.07 0.03 0.61 0.35 44 136 5 1922 442
buch85 classical 29 random 0.64 0.26 0.10 0.16 0.14 23 52 6 91 58
buch85 classical 1 random 0.82 0.26 0.10 0.33 0.12 39 88 7 243 199
eco8 F4 0 static 3.19 0.00 0.00 0.56 2.47 59 2704 5 3097 297
buch85 classical 24 perturbation 3.31 1.36 0.68 1.41 0.37 27 72 5 396 337
buch85 classical 2 random 0.51 0.36 0.21 0.06 0.02 14 32 4 45 21
eco8 classical 17 perturbation 8.75 0.42 0.24 0.46 7.74 59 2704 5 347 269
buch85 F4 18 random 1.31 0.15 0.06 0.91 0.18 23 62 4 1152 287
buch85 classical 3 random 0.25 0.12 0.05 0.06 0.02 11 24 3 26 9
buch85 classical 4 random 0.46 0.19 0.08 0.13 0.07 27 62 3 104 75
buch85 F4 19 random 0.50 0.07 0.03 0.32 0.06 20 51 4 515 183
buch85 classical 3 perturbation 2.47 1.07 0.53 0.88 0.36 36 94 5 362 304
eco8 F4 13 perturbation 4.52 0.12 0.07 1.17 2.97 59 2704 5 3919 647
buch85 classical 5 random 0.67 0.26 0.11 0.22 0.10 22 64 5 116 78
buch85 F4 20 random 1.19 0.07 0.03 0.80 0.25 40 120 4 1308 325
buch85 classical 6 random 0.90 0.33 0.14 0.26 0.19 33 122 7 176 130
buch85 F4 21 random 0.70 0.07 0.03 0.48 0.10 28 69 6 672 222
buch85 F4 22 random 0.44 0.07 0.03 0.29 0.04 17 39 6 305 84
buch85 F4 0 random 4.04 0.15 0.06 2.60 1.17 51 214 6 4663 866
buch85 classical 7 random 1.17 0.40 0.16 0.43 0.20 25 77 5 151 95
buch85 classical 4 perturbation 2.53 1.27 0.64 0.77 0.34 36 87 5 329 280
buch85 F4 23 random 0.77 0.07 0.03 0.52 0.11 48 107 5 1113 441
buch85 F4 1 random 0.80 0.07 0.03 0.54 0.13 45 100 4 1051 415
buch85 F4 24 random 0.95 0.18 0.03 0.55 0.15 49 113 5 1211 460
eco8 F4 14 perturbation 4.47 0.12 0.07 1.15 2.94 59 2704 5 3919 647
buch85 F4 25 random 0.83 0.07 0.03 0.52 0.17 43 106 5 1270 428
buch85 classical 5 perturbation 2.91 1.42 0.76 0.93 0.39 34 88 5 354 298
buch85 classical 6 perturbation 1.23 0.75 0.37 0.26 0.14 23 57 5 123 91
buch85 classical 25 perturbation 8.22 2.13 1.13 4.05 1.69 64 205 5 1267 1173
eco8 classical 18 perturbation 8.56 0.41 0.23 0.46 7.57 59 2704 5 347 269
eco8 F4 15 perturbation 4.50 0.12 0.06 1.16 2.97 59 2704 5 3919 647
eco8 F4 22 random 4.64 0.10 0.05 1.24 3.03 59 2704 5 3919 647
buch85 classical 26 perturbation 4.01 2.11 1.05 1.10 0.62 30 73 6 544 491
eco8 classical 28 random 8.71 0.35 0.16 0.47 7.77 59 2704 5 347 269
buch85 classical 7 perturbation 5.30 1.85 0.93 2.10 1.07 50 188 5 710 626
eco8 F4 16 perturbation 4.56 0.12 0.07 1.19 2.98 59 2704 5 3919 647
buch85 classical 8 perturbation 2.05 1.03 0.52 0.59 0.29 26 71 5 231 179
eco8 F4 23 random 4.71 0.10 0.04 1.24 3.11 59 2704 5 3919 647
buch85 classical 9 perturbation 1.90 0.77 0.38 0.65 0.31 48 110 4 321 259
eco8 classical 19 perturbation 8.78 0.66 0.49 0.47 7.54 59 2704 5 347 269
buch85 classical 27 perturbation 6.39 2.14 1.08 2.95 1.01 48 116 5 929 848
eco8 F4 17 perturbation 4.50 0.12 0.06 1.17 2.95 59 2704 5 3919 647
buch85 classical 10 perturbation 2.83 1.26 0.64 1.00 0.41 36 94 5 373 315
eco8 F4 24 random 4.70 0.10 0.04 1.23 3.10 59 2704 5 3919 647
buch85 classical 28 perturbation 2.39 1.07 0.53 0.74 0.42 46 106 4 495 447
eco8 classical 29 random 8.84 0.48 0.16 0.47 7.77 59 2704 5 347 269
buch85 classical 29 perturbation 2.06 1.05 0.52 0.58 0.28 36 84 4 227 170
eco8 F4 18 perturbation 4.55 0.12 0.07 1.20 2.96 59 2704 5 3919 647
buch85 F4 0 perturbation 0.74 0.23 0.11 0.35 0.10 24 63 5 654 190
buch85 F4 1 perturbation 0.59 0.23 0.11 0.27 0.04 19 44 4 414 148
buch85 F4 2 perturbation 0.71 0.23 0.11 0.34 0.09 33 79 4 751 261
eco8 classical 20 perturbation 8.34 0.41 0.23 0.46 7.36 59 2704 5 347 269
buch85 F4 3 perturbation 0.82 0.23 0.12 0.31 0.23 30 76 4 573 149
buch85 F4 4 perturbation 2.00 0.22 0.11 1.25 0.45 52 150 4 1993 462
eco8 F4 19 perturbation 4.49 0.12 0.07 1.17 2.94 59 2704 5 3919 647
buch85 F4 5 perturbation 0.62 0.23 0.12 0.29 0.06 33 72 3 626 301
buch85 classical 11 perturbation 10.40 3.61 1.87 4.91 1.54 33 92 7 1206 1120
buch85 F4 6 perturbation 2.08 0.54 0.27 1.22 0.24 26 62 5 1402 360
buch85 F4 7 perturbation 0.75 0.24 0.12 0.36 0.10 28 75 5 725 213
eco8 F4 20 perturbation 4.46 0.12 0.07 1.16 2.92 59 2704 5 3919 647
buch85 classical 12 perturbation 3.04 1.29 0.66 1.01 0.58 35 80 4 463 411
buch85 F4 8 perturbation 1.97 0.22 0.11 1.26 0.43 52 150 4 2127 524
eco8 classical 21 perturbation 8.07 0.41 0.23 0.45 7.09 59 2704 5 347 269
buch85 F4 9 perturbation 0.75 0.22 0.11 0.38 0.10 28 75 5 725 213
buch85 F4 10 perturbation 0.78 0.23 0.12 0.41 0.09 28 67 4 767 284
buch85 F4 11 perturbation 0.73 0.22 0.11 0.36 0.09 24 63 5 654 190
buch85 F4 12 perturbation 0.69 0.20 0.10 0.35 0.08 24 63 5 654 190
buch85 F4 13 perturbation 0.59 0.22 0.11 0.27 0.05 25 57 4 423 136
eco8 F4 21 perturbation 4.52 0.12 0.06 1.16 2.99 59 2704 5 3919 647
buch85 classical 13 perturbation 7.03 2.44 1.24 2.84 1.45 59 148 6 1157 1077
eco8 F4 22 perturbation 4.49 0.13 0.07 1.16 2.94 59 2704 5 3919 647
eco8 classical 22 perturbation 8.00 0.41 0.23 0.44 7.03 59 2704 5 347 269
buch85 classical 14 perturbation 1.71 0.94 0.48 0.45 0.21 29 70 4 254 211
buch85 classical 15 perturbation 1.98 1.21 0.60 0.41 0.27 23 58 5 148 108
buch85 classical 16 perturbation 2.09 0.75 0.39 0.76 0.41 40 95 4 396 336
eco8 F4 23 perturbation 4.48 0.12 0.07 1.16 2.94 59 2704 5 3919 647
buch85 classical 17 perturbation 1.10 0.70 0.36 0.27 0.05 23 57 5 123 91
buch85 classical 18 perturbation 1.93 0.97 0.49 0.55 0.29 32 73 4 249 206
eco8 classical 0 caboara-perry 49.55 1.89 0.39 2.01 45.12 32 2018 9 364 147
eco8 classical 23 perturbation 8.08 0.42 0.24 0.43 7.10 59 2704 5 347 269
eco8 F4 24 perturbation 4.47 0.12 0.06 1.15 2.94 59 2704 5 3919 647
buch85 classical 19 perturbation 3.65 1.63 0.84 1.09 0.72 56 132 6 562 499
eco8 F4 25 perturbation 4.47 0.12 0.07 1.15 2.95 59 2704 5 3919 647
eco8 classical 24 perturbation 7.97 0.41 0.24 0.43 7.00 59 2704 5 347 269
eco8 F4 26 perturbation 4.51 0.12 0.07 1.15 2.98 59 2704 5 3919 647
eco8 F4 0 caboara-perry 12.37 1.90 0.34 1.01 8.95 39 2332 8 4049 270
eco8 F4 27 perturbation 4.48 0.12 0.07 1.16 2.94 59 2704 5 3919 647
eco8 classical 25 perturbation 8.15 0.42 0.24 0.44 7.16 59 2704 5 347 269
eco8 F4 28 perturbation 4.49 0.12 0.06 1.16 2.96 59 2704 5 3919 647
eco8 classical 0 perturbation 8.83 0.47 0.26 0.47 7.77 59 2704 5 347 269
eco8 F4 29 perturbation 4.49 0.12 0.06 1.15 2.97 59 2704 5 3919 647
eco8 classical 26 perturbation 7.96 0.41 0.23 0.42 7.00 59 2704 5 347 269
eco8 classical 1 perturbation 8.83 0.43 0.24 0.47 7.81 59 2704 5 347 269
eco8 classical 0 random 8.43 0.35 0.16 0.46 7.51 59 2704 5 347 269
eco8 F4 25 random 61.79 0.34 0.10 8.19 51.96 17 1105 15 17601 500
eco8 classical 27 perturbation 8.07 0.40 0.23 0.43 7.11 59 2704 5 347 269
eco8 F4 26 random 4.23 0.10 0.04 1.11 2.77 59 2704 5 3919 647
eco8 classical 2 perturbation 8.77 0.41 0.24 0.47 7.77 59 2704 5 347 269
eco8 classical 28 perturbation 8.00 0.40 0.23 0.44 7.03 59 2704 5 347 269
eco8 classical 4 random 89.19 3.95 1.11 5.35 78.17 13 845 20 449 123
eco8 classical 1 random 12.18 0.31 0.14 0.59 11.15 51 2553 8 353 270
eco8 F4 27 random 8.63 0.10 0.04 1.43 6.79 41 2374 8 5366 398
eco8 classical 3 perturbation 8.73 0.41 0.24 0.46 7.73 59 2704 5 347 269
eco8 classical 29 perturbation 8.09 0.40 0.23 0.44 7.13 59 2704 5 347 269
eco8 F4 28 random 4.25 0.10 0.04 1.13 2.78 59 2704 5 3919 647
eco8 classical 5 random 8.77 0.35 0.16 0.47 7.82 59 2704 5 347 269
eco8 classical 2 random 8.49 0.35 0.16 0.46 7.56 59 2704 5 347 269
eco8 F4 0 perturbation 4.34 0.11 0.06 1.11 2.87 59 2704 5 3919 647
eco8 F4 29 random 4.37 0.09 0.04 1.15 2.88 59 2704 5 3919 647
eco8 classical 4 perturbation 8.90 0.41 0.23 0.48 7.88 59 2704 5 347 269
eco8 F4 1 perturbation 4.38 0.12 0.07 1.13 2.88 59 2704 5 3919 647
eco8 classical 3 random 8.59 0.36 0.16 0.46 7.64 59 2704 5 347 269
eco8 F4 2 perturbation 4.47 0.12 0.07 1.09 3.00 59 2704 5 3919 647
eco8 classical 5 perturbation 8.96 0.44 0.25 0.48 7.90 59 2704 5 347 269
eco8 F4 3 perturbation 4.54 0.12 0.07 1.13 3.04 59 2704 5 3919 647
eco8 F4 4 perturbation 4.47 0.12 0.07 1.08 3.02 59 2704 5 3919 647
eco8 classical 6 perturbation 8.93 0.44 0.25 0.48 7.88 59 2704 5 347 269
eco8 F4 5 perturbation 4.43 0.13 0.07 1.10 2.95 59 2704 5 3919 647
eco8 F4 6 perturbation 4.33 0.12 0.07 1.12 2.86 59 2704 5 3919 647
eco8 classical 7 perturbation 8.85 0.43 0.25 0.47 7.82 59 2704 5 347 269
eco8 classical 6 random 31.14 0.85 0.34 1.19 28.80 43 2551 7 454 328
eco8 F4 7 perturbation 4.31 0.12 0.07 1.09 2.85 59 2704 5 3919 647
eco8 F4 8 perturbation 4.21 0.12 0.07 1.04 2.80 59 2704 5 3919 647
eco8 classical 7 random 8.74 0.36 0.16 0.47 7.78 59 2704 5 347 269
eco8 classical 8 perturbation 8.96 0.42 0.24 0.48 7.93 59 2704 5 347 269
eco8 F4 9 perturbation 4.26 0.12 0.07 1.07 2.82 59 2704 5 3919 647
kotsireas classical 0 static 40.38 0.00 0.00 1.19 38.94 86 8869 5 597 441
eco8 classical 8 random 8.73 0.35 0.16 0.47 7.78 59 2704 5 347 269
eco8 classical 9 perturbation 9.00 0.43 0.25 0.48 7.96 59 2704 5 347 269
kotsireas F4 0 static 9.57 0.00 0.00 1.22 7.71 86 8869 5 4991 568
eco8 classical 9 random 8.80 0.35 0.16 0.47 7.84 59 2704 5 347 269
eco8 classical 10 perturbation 8.96 0.42 0.24 0.48 7.93 59 2704 5 347 269
eco8 F4 0 random 144.83 1.19 0.38 12.97 128.67 14 788 21 50694 942
eco8 classical 10 random 8.86 0.35 0.16 0.47 7.91 59 2704 5 347 269
eco8 classical 11 perturbation 8.93 0.42 0.24 0.47 7.91 59 2704 5 347 269
eco8 F4 1 random 4.60 0.10 0.04 1.20 3.04 59 2704 5 3919 647
eco8 F4 2 random 4.45 0.09 0.04 1.19 2.90 59 2704 5 3919 647
eco8 classical 11 random 8.97 0.49 0.30 0.47 7.89 59 2704 5 347 269
eco8 classical 12 perturbation 8.84 0.41 0.24 0.47 7.84 59 2704 5 347 269
eco8 F4 3 random 4.65 0.10 0.05 1.21 3.08 59 2704 5 3919 647
eco8 F4 4 random 4.63 0.10 0.04 1.20 3.05 59 2704 5 3919 647
eco8 classical 12 random 8.88 0.36 0.16 0.47 7.92 59 2704 5 347 269
eco8 classical 13 perturbation 8.93 0.42 0.24 0.48 7.90 59 2704 5 347 269
eco8 F4 5 random 4.62 0.10 0.04 1.20 3.06 59 2704 5 3919 647
kotsireas classical 0 caboara-perry 39.26 1.36 0.30 1.22 36.33 39 4163 13 452 287
eco8 F4 6 random 4.46 0.10 0.04 1.19 2.91 59 2704 5 3919 647
eco8 classical 14 perturbation 8.90 0.41 0.24 0.47 7.89 59 2704 5 347 269
eco8 classical 13 random 13.84 0.69 0.29 0.76 12.20 23 1254 19 294 177
eco8 classical 15 perturbation 8.87 0.42 0.24 0.47 7.86 59 2704 5 347 269
eco8 classical 14 random 17.58 0.82 0.34 0.89 15.66 34 1920 16 357 250
kotsireas F4 0 caboara-perry 25.55 1.30 0.33 3.03 20.44 45 4746 10 9365 316
eco8 classical 15 random 11.67 0.39 0.17 0.61 10.53 48 2580 9 319 235
eco8 classical 16 random 17.94 0.47 0.21 0.78 16.53 43 2311 10 339 245
eco8 classical 17 random 8.81 0.35 0.16 0.47 7.87 59 2704 5 347 269
eco8 classical 18 random 25.14 0.62 0.25 1.45 22.76 29 1595 27 397 262
eco8 classical 19 random 9.26 0.38 0.17 0.48 8.26 59 2704 5 347 269
eco8 F4 7 random 101.16 0.65 0.17 15.05 83.28 30 1950 9 19448 906
eco8 classical 20 random 9.50 0.60 0.17 0.48 8.28 59 2704 5 347 269
eco8 F4 8 random 4.91 0.11 0.05 1.21 3.31 59 2704 5 3919 647
eco8 classical 21 random 9.13 0.37 0.16 0.50 8.12 59 2704 5 347 269
eco8 F4 9 random 10.34 0.18 0.07 2.12 7.68 42 2156 9 5687 426
eco8 F4 10 random 4.80 0.10 0.05 1.24 3.18 59 2704 5 3919 647
eco8 classical 22 random 9.18 0.38 0.17 0.49 8.17 59 2704 5 347 269
eco8 classical 23 random 9.00 0.37 0.16 0.48 8.02 59 2704 5 347 269
eco8 classical 24 random 8.88 0.37 0.16 0.47 7.91 59 2704 5 347 269
eco8 classical 25 random 8.92 0.36 0.16 0.47 7.95 59 2704 5 347 269
eco8 classical 26 random 9.04 0.37 0.16 0.47 8.06 59 2704 5 347 269
eco8 classical 27 random 8.99 0.37 0.16 0.49 7.99 59 2704 5 347 269
noon3 classical 8 perturbation 0.04 0.01 0.01 0.00 0.01 11 85 5 20 9
noon3 classical 9 perturbation 0.04 0.01 0.01 0.00 0.01 11 85 5 20 9
noon3 classical 10 perturbation 0.04 0.01 0.01 0.00 0.01 11 85 5 20 9
noon3 classical 11 perturbation 0.04 0.01 0.01 0.00 0.01 11 85 5 20 9
noon3 classical 12 perturbation 0.04 0.01 0.01 0.00 0.01 11 85 5 20 9
noon3 classical 13 perturbation 0.04 0.01 0.01 0.00 0.01 11 85 5 20 9
noon3 classical 14 perturbation 0.04 0.01 0.01 0.00 0.01 11 85 5 20 9
noon3 classical 15 perturbation 0.04 0.01 0.01 0.00 0.01 11 85 5 20 9
noon3 classical 16 perturbation 0.05 0.01 0.01 0.00 0.01 11 85 5 20 9
noon3 classical 17 perturbation 0.04 0.01 0.01 0.00 0.01 11 85 5 20 9
noon3 classical 18 perturbation 0.04 0.01 0.01 0.00 0.01 11 85 5 20 9
noon3 classical 19 perturbation 0.04 0.01 0.01 0.00 0.01 11 85 5 20 9
noon3 classical 20 perturbation 0.04 0.01 0.01 0.00 0.01 11 85 5 20 9
noon3 classical 21 perturbation 0.04 0.01 0.01 0.00 0.01 11 85 5 20 9
noon3 classical 22 perturbation 0.04 0.01 0.01 0.00 0.01 11 85 5 20 9
noon3 classical 23 perturbation 0.04 0.01 0.01 0.00 0.01 11 85 5 20 9
noon3 classical 24 perturbation 0.04 0.01 0.01 0.00 0.01 11 85 5 20 9
noon3 classical 25 perturbation 0.04 0.01 0.01 0.00 0.01 11 85 5 20 9
noon3 classical 26 perturbation 0.04 0.01 0.01 0.00 0.01 11 85 5 20 9
noon3 classical 27 perturbation 0.04 0.01 0.01 0.00 0.01 11 85 5 20 9
noon3 classical 28 perturbation 0.04 0.01 0.01 0.00 0.01 11 85 5 20 9
noon3 classical 29 perturbation 0.04 0.01 0.01 0.00 0.01 11 85 5 20 9
noon3 F4 0 perturbation 0.08 0.01 0.01 0.01 0.05 8 94 7 203 11
noon3 F4 1 perturbation 0.06 0.01 0.01 0.00 0.03 8 86 7 162 14
noon3 F4 2 perturbation 0.06 0.01 0.01 0.00 0.03 8 75 7 105 13
noon3 F4 3 perturbation 0.06 0.01 0.01 0.00 0.03 8 86 7 162 14
noon3 F4 4 perturbation 0.06 0.01 0.01 0.00 0.03 8 86 7 162 14
noon3 F4 5 perturbation 0.07 0.01 0.01 0.00 0.04 8 93 7 180 11
noon3 F4 6 perturbation 0.05 0.01 0.01 0.00 0.02 8 75 7 105 13
noon3 F4 7 perturbation 0.07 0.01 0.01 0.00 0.04 8 93 7 180 11
noon3 F4 8 perturbation 0.06 0.01 0.01 0.00 0.03 8 86 7 162 14
noon3 F4 9 perturbation 0.08 0.01 0.01 0.01 0.04 8 94 7 203 11
noon3 F4 10 perturbation 0.05 0.01 0.01 0.00 0.02 8 75 7 105 13
noon3 F4 11 perturbation 0.08 0.01 0.01 0.01 0.04 8 94 7 203 11
noon3 F4 12 perturbation 0.07 0.01 0.01 0.01 0.04 8 94 7 203 11
noon3 F4 13 perturbation 0.07 0.01 0.01 0.00 0.04 8 93 7 180 11
noon3 F4 14 perturbation 0.06 0.01 0.01 0.00 0.03 8 75 7 105 13
noon3 F4 15 perturbation 0.06 0.01 0.01 0.00 0.03 8 86 7 162 14
noon3 F4 16 perturbation 0.07 0.01 0.01 0.00 0.04 8 93 7 180 11
noon3 F4 17 perturbation 0.07 0.01 0.01 0.01 0.04 8 94 7 203 11
noon3 F4 18 perturbation 0.06 0.01 0.01 0.00 0.03 8 86 7 162 14
noon3 F4 19 perturbation 0.05 0.01 0.01 0.00 0.02 8 75 7 105 13
noon3 F4 20 perturbation 0.06 0.01 0.01 0.00 0.03 8 86 7 162 14
noon3 F4 21 perturbation 0.06 0.01 0.01 0.00 0.03 8 86 7 162 14
noon3 F4 22 perturbation 0.06 0.01 0.01 0.00 0.03 8 86 7 162 14
noon3 F4 23 perturbation 0.06 0.01 0.01 0.00 0.04 8 93 7 180 11
noon3 F4 24 perturbation 0.07 0.01 0.01 0.01 0.04 8 94 7 203 11
noon3 F4 25 perturbation 0.08 0.01 0.01 0.01 0.05 8 94 7 203 11
noon3 F4 26 perturbation 0.06 0.01 0.01 0.00 0.03 8 86 7 162 14
noon3 F4 27 perturbation 0.07 0.01 0.01 0.01 0.04 8 94 7 203 11
noon3 F4 28 perturbation 0.05 0.01 0.01 0.00 0.02 8 75 7 105 13
noon3 F4 29 perturbation 0.04 0.01 0.01 0.00 0.02 8 75 7 105 13
noon3 classical 0 random 0.05 0.02 0.01 0.00 0.01 11 85 5 20 9
noon3 classical 1 random 0.05 0.02 0.01 0.00 0.01 11 85 5 20 9
noon3 classical 2 random 0.05 0.02 0.01 0.00 0.01 11 85 5 20 9
noon3 classical 3 random 0.05 0.02 0.01 0.00 0.01 11 85 5 20 9
noon3 classical 4 random 0.05 0.02 0.01 0.00 0.01 11 85 5 20 9
noon3 classical 5 random 0.05 0.02 0.01 0.00 0.01 11 85 5 20 9
noon3 classical 6 random 0.05 0.02 0.01 0.00 0.01 11 85 5 20 9
noon3 classical 7 random 0.05 0.02 0.01 0.00 0.01 11 85 5 20 9
noon3 classical 8 random 0.05 0.02 0.01 0.00 0.01 11 85 5 20 9
noon3 classical 9 random 0.05 0.02 0.01 0.00 0.01 11 85 5 20 9
noon3 classical 10 random 0.06 0.03 0.01 0.00 0.01 11 85 5 20 9
noon3 classical 11 random 0.05 0.02 0.01 0.00 0.01 11 85 5 20 9
noon3 classical 12 random 0.05 0.02 0.01 0.00 0.01 11 85 5 20 9
noon3 classical 13 random 0.05 0.02 0.01 0.00 0.01 11 85 5 20 9
noon3 classical 14 random 0.05 0.02 0.01 0.00 0.01 11 85 5 20 9
noon3 classical 15 random 0.05 0.02 0.01 0.00 0.01 11 85 5 20 9
noon3 classical 16 random 0.05 0.02 0.01 0.00 0.01 11 85 5 20 9
noon3 classical 17 random 0.05 0.02 0.01 0.00 0.01 11 85 5 20 9
noon3 classical 18 random 0.05 0.02 0.01 0.00 0.01 11 85 5 20 9
noon3 classical 19 random 0.05 0.02 0.01 0.00 0.01 11 85 5 20 9
noon3 classical 20 random 0.05 0.02 0.01 0.00 0.01 11 85 5 20 9
noon3 classical 21 random 0.05 0.02 0.01 0.00 0.01 11 85 5 20 9
noon3 classical 22 random 0.05 0.02 0.01 0.00 0.01 11 85 5 20 9
noon3 classical 23 random 0.06 0.03 0.02 0.00 0.01 11 85 5 20 9
noon3 classical 24 random 0.05 0.02 0.01 0.00 0.01 11 85 5 20 9
noon3 classical 25 random 0.05 0.02 0.01 0.00 0.01 11 85 5 20 9
noon3 classical 26 random 0.05 0.02 0.01 0.00 0.01 11 85 5 20 9
noon3 classical 27 random 0.05 0.02 0.01 0.00 0.01 11 85 5 20 9
noon3 classical 28 random 0.05 0.02 0.01 0.00 0.01 11 85 5 20 9
noon3 classical 29 random 0.05 0.02 0.01 0.00 0.01 11 85 5 20 9
noon3 F4 0 random 0.05 0.01 0.01 0.00 0.02 7 67 7 114 13
noon3 F4 1 random 0.14 0.01 0.01 0.02 0.09 4 73 14 254 11
noon3 F4 2 random 0.04 0.01 0.01 0.00 0.01 11 85 5 87 14
noon3 F4 3 random 0.13 0.01 0.01 0.02 0.08 4 73 14 254 11
noon3 F4 4 random 0.06 0.01 0.01 0.01 0.03 8 104 9 124 10
noon3 F4 5 random 0.25 0.04 0.03 0.03 0.16 4 73 14 442 30
noon3 F4 6 random 0.10 0.01 0.01 0.01 0.06 6 118 11 221 13
noon3 F4 7 random 0.09 0.01 0.01 0.01 0.05 7 138 10 193 11
noon3 F4 8 random 0.04 0.01 0.01 0.00 0.01 11 85 5 87 14
noon3 F4 9 random 0.08 0.01 0.01 0.01 0.05 7 138 10 175 11
noon3 F4 10 random 0.14 0.01 0.01 0.02 0.09 4 73 14 279 14
noon3 F4 11 random 0.08 0.02 0.01 0.01 0.04 8 104 8 168 14
noon3 F4 12 random 0.11 0.01 0.01 0.01 0.07 5 110 12 229 14
noon3 F4 13 random 0.05 0.01 0.01 0.00 0.02 8 75 7 105 13
noon3 F4 14 random 0.20 0.04 0.02 0.02 0.13 4 73 14 360 17
noon3 F4 15 random 0.05 0.01 0.01 0.00 0.02 7 67 7 112 13
noon3 F4 16 random 0.15 0.01 0.01 0.02 0.10 4 73 14 297 14
noon3 F4 17 random 0.06 0.01 0.01 0.00 0.03 8 96 9 136 9
noon3 F4 18 random 0.04 0.01 0.01 0.00 0.01 11 85 5 87 14
noon3 F4 19 random 0.04 0.01 0.01 0.00 0.01 11 85 5 87 14
noon3 F4 20 random 0.05 0.02 0.02 0.00 0.01 11 85 5 87 14
noon3 F4 21 random 0.11 0.01 0.01 0.01 0.07 6 118 11 229 13
noon3 F4 22 random 0.05 0.01 0.01 0.00 0.02 8 75 7 105 13
noon3 F4 23 random 0.12 0.01 0.01 0.01 0.08 5 110 12 248 13
noon3 F4 24 random 0.11 0.01 0.01 0.01 0.07 5 110 11 221 12
noon3 F4 25 random 0.13 0.01 0.01 0.02 0.09 4 73 14 254 11
noon3 F4 26 random 0.04 0.01 0.01 0.00 0.01 11 85 5 87 14
noon3 F4 27 random 0.06 0.01 0.01 0.00 0.03 8 86 7 162 14
noon3 F4 28 random 0.07 0.01 0.01 0.00 0.04 8 86 7 162 14
noon3 F4 29 random 0.10 0.01 0.01 0.01 0.06 7 135 11 215 13
noon5 classical 0 static 2.04 0.00 0.00 0.22 1.78 72 2343 9 267 195
noon5 F4 0 static 1.64 0.00 0.00 0.16 1.37 72 2343 9 3054 265
eco8 F4 11 random 141.45 1.94 0.53 37.25 97.04 9 585 47 36814 1392
eco8 F4 12 random 4.61 0.10 0.04 1.24 3.01 59 2704 5 3919 647
eco8 F4 13 random 4.54 0.10 0.04 1.22 2.96 59 2704 5 3919 647
eco8 F4 14 random 4.65 0.09 0.04 1.22 3.07 59 2704 5 3919 647
eco8 F4 15 random 4.49 0.09 0.04 1.20 2.94 59 2704 5 3919 647
eco8 F4 16 random 4.66 0.10 0.04 1.21 3.09 59 2704 5 3919 647
eco8 F4 17 random 7.26 0.10 0.04 1.41 5.46 41 2374 9 4151 410
noon5 classical 0 caboara-perry 120.46 1.85 0.44 3.81 113.72 24 3676 36 504 227
eco8 F4 18 random 32.43 0.28 0.09 7.49 23.44 14 847 42 14234 612
eco8 F4 19 random 4.68 0.11 0.05 1.18 3.11 59 2704 5 3919 647
eco8 F4 20 random 2.25 0.04 0.02 0.33 1.77 47 1947 7 2092 211
eco8 F4 21 random 4.47 0.09 0.04 1.16 2.96 59 2704 5 3919 647
kotsireas classical 0 random 481.52 9.57 2.28 18.44 407.65 13 1495 54 1106 565
kotsireas classical 12 perturbation 832.55 14.03 4.18 210.55 604.32 78 8005 7 6785 6136
kotsireas F4 18 random 2671.85 3.43 0.62 317.78 2319.34 22 2309 19 278724 2195
kotsireas F4 19 random 40.59 0.50 0.15 3.10 35.60 29 2903 18 11519 507
kotsireas F4 20 random 85.17 0.53 0.28 2.74 80.56 55 5811 7 24959 658
kotsireas F4 21 random 35.59 0.46 0.15 4.35 29.52 43 4513 11 9955 593
noon5 classical 4 perturbation 2509.08 25.58 7.86 1413.24 1063.59 69 2310 11 19421 18436
kotsireas F4 22 random 72.24 0.48 0.13 13.06 56.70 40 3959 12 22124 1094
kotsireas F4 23 random 47.09 0.42 0.14 4.59 40.70 70 7219 7 15888 1055
kotsireas classical 24 random NA NA NA NA NA NA NA NA NA NA
kotsireas classical 25 random 76.08 2.07 0.71 2.01 71.38 45 4536 12 612 415
kotsireas classical 0 perturbation NA NA NA NA NA NA NA NA NA NA
noon5 classical 5 perturbation 898.59 8.28 2.98 253.25 633.35 48 7727 17 8149 7535
kotsireas F4 6 perturbation NA NA NA NA NA NA NA NA NA NA
kotsireas F4 7 perturbation 47.84 0.42 0.16 6.14 39.93 80 8579 7 14929 1035
kotsireas classical 26 random 244.86 7.22 1.93 7.43 226.03 9 1035 61 779 391
noon5 F4 0 caboara-perry NA NA NA NA NA NA NA NA NA NA
kotsireas classical 1 random NA NA NA NA NA NA NA NA NA NA
kotsireas classical 27 random 218.46 4.91 1.20 7.63 203.67 31 3140 16 861 515
kotsireas classical 2 random 145.16 2.25 0.69 5.83 136.26 46 4652 14 964 685
kotsireas classical 28 random 145.71 2.84 0.95 3.49 138.42 31 3344 21 670 412
kotsireas classical 13 perturbation NA NA NA NA NA NA NA NA NA NA
kotsireas classical 29 random 465.81 9.42 2.28 20.76 431.99 32 3459 15 1355 859
noon5 classical 0 perturbation 1352.05 14.68 4.58 615.10 718.07 70 2824 13 13371 12590
kotsireas F4 8 perturbation 1461.99 4.87 0.67 287.46 1119.08 31 3565 21 123009 2698
kotsireas F4 0 random 624.31 2.61 0.47 32.68 580.50 23 2645 22 81165 1286
kotsireas F4 9 perturbation 232.09 1.20 0.31 54.62 171.52 48 5412 10 33441 1584
kotsireas F4 1 random 274.82 1.28 0.26 16.64 252.97 27 2776 24 57799 895
kotsireas F4 10 perturbation 232.21 1.17 0.27 36.44 190.33 72 7770 7 38236 1513
kotsireas F4 2 random 409.79 2.55 0.55 127.58 265.59 8 807 67 71642 3197
kotsireas F4 3 random 135.40 0.56 0.15 19.32 112.21 35 3696 22 31914 1024
kotsireas F4 11 perturbation 1203.27 2.67 0.40 149.21 1034.74 42 4717 9 97396 2658
kotsireas F4 12 perturbation 161.23 1.04 0.26 63.67 90.28 47 5184 11 27825 1696
kotsireas classical 1 perturbation NA NA NA NA NA NA NA NA NA NA
noon5 classical 6 perturbation NA NA NA NA NA NA NA NA NA NA
noon5 classical 7 perturbation 46.05 1.95 0.89 22.31 21.14 70 2610 11 2188 1920
noon5 classical 1 perturbation 2410.73 25.06 7.07 1296.88 1081.95 71 2940 14 17632 16657
noon5 classical 2 perturbation 4.99 0.43 0.25 1.12 3.25 69 2023 9 739 646
kotsireas classical 3 random NA NA NA NA NA NA NA NA NA NA
kotsireas classical 4 random 132.21 2.76 0.78 3.30 125.16 32 3459 18 625 377
kotsireas classical 14 perturbation NA NA NA NA NA NA NA NA NA NA
kotsireas classical 5 random 126.20 3.30 0.86 3.36 118.65 32 3459 19 647 395
kotsireas F4 24 random NA NA NA NA NA NA NA NA NA NA
kotsireas F4 25 random 38.42 0.36 0.11 6.03 30.44 60 6571 8 10274 1014
kotsireas F4 4 random 2134.73 7.26 1.12 137.27 1970.89 21 2307 19 216250 2595
kotsireas classical 6 random 281.69 8.98 2.26 18.75 243.81 15 1612 21 1220 769
kotsireas F4 5 random 234.59 0.96 0.23 24.82 202.29 28 2999 17 59317 1125
kotsireas F4 26 random 540.72 2.44 0.51 115.05 386.85 9 1035 61 91288 3013
kotsireas F4 6 random 359.11 1.44 0.28 50.47 299.10 32 3459 13 65211 1757
kotsireas F4 7 random 86.62 0.57 0.18 15.85 67.96 60 6161 9 27814 1132
kotsireas F4 27 random 311.77 0.62 0.15 14.24 287.06 30 2705 24 65924 897
kotsireas F4 28 random 31.73 0.41 0.14 4.61 25.49 74 7872 7 10250 896
noon5 classical 3 perturbation 1426.68 22.48 6.43 841.47 557.76 69 2634 11 13594 12769
kotsireas F4 29 random 155.64 0.72 0.20 15.73 132.64 23 2423 25 49619 919
noon3 classical 0 static 0.02 0.00 0.00 0.00 0.01 11 85 5 20 9
noon3 F4 0 static 0.03 0.00 0.00 0.00 0.01 11 85 5 78 10
noon3 classical 0 caboara-perry 0.15 0.05 0.02 0.01 0.06 4 73 14 26 6
noon3 F4 0 caboara-perry 0.15 0.05 0.03 0.01 0.07 6 118 11 245 20
noon3 classical 0 perturbation 0.04 0.01 0.01 0.00 0.01 11 85 5 20 9
noon3 classical 1 perturbation 0.04 0.01 0.01 0.00 0.01 11 85 5 20 9
noon3 classical 2 perturbation 0.03 0.01 0.01 0.00 0.01 11 85 5 20 9
noon3 classical 3 perturbation 0.04 0.01 0.01 0.00 0.01 11 85 5 20 9
noon3 classical 4 perturbation 0.03 0.01 0.01 0.00 0.01 11 85 5 20 9
noon3 classical 5 perturbation 0.03 0.01 0.01 0.00 0.01 11 85 5 20 9
noon3 classical 6 perturbation 0.03 0.01 0.01 0.00 0.01 11 85 5 20 9
noon3 classical 7 perturbation 0.03 0.01 0.01 0.00 0.01 11 85 5 20 9
noon5 F4 22 perturbation 4.43 0.08 0.05 0.74 3.38 69 2337 11 5504 669
kotsireas F4 8 random 541.89 3.04 0.52 35.42 495.63 18 1849 32 91016 1651
kotsireas F4 9 random 75.22 0.37 0.11 10.38 62.16 60 6263 9 27094 866
kotsireas F4 13 perturbation NA NA NA NA NA NA NA NA NA NA
kotsireas classical 2 perturbation NA NA NA NA NA NA NA NA NA NA
kotsireas F4 14 perturbation 109.42 0.57 0.18 15.87 90.34 63 7132 8 23675 1133
kotsireas F4 15 perturbation 83.62 0.47 0.17 14.51 66.73 48 5407 10 21360 946
noon5 F4 23 perturbation 1782.47 0.72 0.19 37.19 1733.21 31 5064 21 169506 1611
noon5 classical 8 perturbation NA NA NA NA NA NA NA NA NA NA
noon5 F4 24 perturbation 10.40 0.04 0.03 0.28 9.85 51 3772 11 8042 208
noon5 F4 25 perturbation 10.40 0.02 0.02 0.28 9.87 51 3772 11 8042 208
noon5 F4 26 perturbation 9.49 0.17 0.08 1.66 7.21 47 3720 11 9400 821
noon5 F4 27 perturbation 10.17 0.02 0.02 0.28 9.65 51 3772 11 8042 208
noon5 F4 28 perturbation 1.79 0.03 0.02 0.17 1.49 72 2343 9 3104 298
noon5 F4 29 perturbation 1.80 0.03 0.02 0.17 1.50 72 2343 9 3104 298
kotsireas F4 16 perturbation 287.09 1.84 0.43 101.72 177.86 42 4190 14 46931 2199
kotsireas F4 17 perturbation 132.12 1.23 0.35 40.48 85.48 36 3926 16 27590 1674
kotsireas F4 18 perturbation 97.42 0.58 0.17 16.65 77.46 68 7618 6 20906 1098
kotsireas F4 19 perturbation 25.07 0.29 0.11 5.19 18.46 72 7264 6 9062 1058
kotsireas F4 20 perturbation 71.01 0.57 0.17 15.14 52.97 52 5867 9 17901 1196
kotsireas classical 15 perturbation NA NA NA NA NA NA NA NA NA NA
kotsireas classical 7 random NA NA NA NA NA NA NA NA NA NA
kotsireas classical 8 random 70.27 1.49 0.47 1.69 66.60 70 7205 8 695 514
kotsireas classical 9 random 92.56 2.92 0.83 2.29 86.67 51 5339 11 713 502
kotsireas F4 21 perturbation 671.50 2.10 0.50 43.18 618.42 37 3936 13 109749 1394
kotsireas classical 10 random 221.79 4.36 1.14 4.50 210.71 26 2990 40 857 548
kotsireas F4 22 perturbation 128.65 1.00 0.26 36.76 85.83 40 4379 12 27350 1639
kotsireas classical 11 random 167.96 3.30 0.93 4.97 158.12 48 4997 10 944 677
kotsireas F4 23 perturbation 221.87 1.03 0.26 40.82 175.78 71 7245 8 40324 1718
kotsireas classical 12 random 70.17 1.65 0.53 1.60 66.47 65 6543 9 681 508
kotsireas classical 13 random 112.66 2.09 0.90 3.28 106.40 46 4855 16 756 513
noon5 classical 28 perturbation NA NA NA NA NA NA NA NA NA NA
kotsireas F4 24 perturbation 309.97 1.56 0.38 49.66 247.09 40 4065 18 51150 1733
noon5 classical 29 perturbation 170.74 3.93 1.41 70.45 95.05 69 2292 12 4851 4447
noon5 F4 0 perturbation 10.52 0.03 0.02 0.28 9.99 51 3772 11 8042 208
kotsireas classical 14 random 204.71 8.92 2.26 10.68 178.18 6 690 114 718 241
noon5 F4 1 perturbation 16.13 0.17 0.08 1.67 13.80 51 3772 11 13626 879
noon5 F4 2 perturbation 1.91 0.02 0.02 0.17 1.62 72 2343 9 3104 298
noon5 F4 3 perturbation 10.00 0.17 0.07 1.70 7.68 47 3720 11 9400 821
noon5 F4 4 perturbation 9.56 0.17 0.07 1.70 7.26 47 3720 11 9400 821
noon5 F4 5 perturbation 19.81 0.16 0.07 1.57 17.58 51 3772 11 15566 848
noon5 F4 6 perturbation 1.51 0.02 0.02 0.16 1.21 72 2343 9 3104 298
noon5 F4 7 perturbation 11.02 0.17 0.08 2.36 8.09 69 2551 11 10886 1113
noon5 F4 8 perturbation 8.97 0.15 0.07 1.64 6.75 47 3720 11 9400 821
noon5 F4 9 perturbation 10.16 0.02 0.01 0.27 9.65 51 3772 11 8042 208
noon5 F4 10 perturbation 1.44 0.02 0.01 0.16 1.16 72 2343 9 3104 298
noon5 F4 11 perturbation 10.05 0.02 0.01 0.27 9.55 51 3772 11 8042 208
noon5 F4 12 perturbation 10.16 0.02 0.01 0.27 9.65 51 3772 11 8042 208
kotsireas classical 15 random 401.02 14.16 3.55 64.96 308.24 8 807 63 2304 1700
kotsireas F4 25 perturbation 492.13 2.28 0.45 217.44 256.43 24 2647 21 61282 3179
noon5 F4 13 perturbation 540.05 1.12 0.24 67.60 430.85 35 6027 27 82491 1834
noon5 F4 14 perturbation 1.56 0.02 0.02 0.16 1.27 72 2343 9 3104 298
noon5 F4 15 perturbation 7.03 0.08 0.04 0.67 6.01 70 2828 11 6949 695
noon5 F4 16 perturbation 21.15 0.17 0.08 1.60 18.86 51 3772 11 15566 848
noon5 F4 17 perturbation 11.35 0.02 0.01 0.28 10.82 51 3772 11 8042 208
noon5 F4 18 perturbation 13.84 0.08 0.04 0.92 12.45 51 3772 11 10537 605
noon5 F4 19 perturbation 2.02 0.02 0.02 0.16 1.73 72 2343 9 3104 298
noon5 F4 20 perturbation 7.90 0.08 0.04 0.79 6.71 68 3640 11 7126 678
noon5 F4 21 perturbation 5.70 0.10 0.06 1.03 4.30 70 2090 9 6611 687
kotsireas F4 26 perturbation 285.52 1.14 0.27 37.71 242.34 65 7361 7 38865 1727
kotsireas F4 27 perturbation 235.31 1.53 0.38 85.50 142.77 43 4216 16 36285 2066
kotsireas F4 28 perturbation 78.52 0.91 0.46 12.20 63.01 43 4724 11 21347 1010
kotsireas F4 29 perturbation 16.14 0.27 0.12 3.26 11.66 97 10306 5 5376 950
noon5 F4 10 random 1.74 0.03 0.02 0.17 1.43 72 2343 9 3104 298
noon5 F4 11 random 1.71 0.03 0.02 0.16 1.41 72 2343 9 3104 298
noon5 F4 12 random 1.73 0.04 0.02 0.16 1.43 72 2343 9 3104 298
kotsireas classical 3 perturbation NA NA NA NA NA NA NA NA NA NA
noon5 classical 9 perturbation NA NA NA NA NA NA NA NA NA NA
noon5 classical 0 random NA NA NA NA NA NA NA NA NA NA
noon5 classical 10 perturbation 42.42 1.83 0.82 19.27 20.70 67 2327 12 2569 2323
kotsireas F4 10 random NA NA NA NA NA NA NA NA NA NA
kotsireas F4 11 random 100.72 0.55 0.15 7.85 90.37 42 4503 13 24186 734
kotsireas classical 16 perturbation NA NA NA NA NA NA NA NA NA NA
kotsireas F4 12 random 1453.47 3.48 0.50 69.24 1368.83 25 2875 19 163825 1824
kotsireas F4 13 random 85.27 0.63 0.15 9.14 72.99 47 4879 10 18888 878
kotsireas classical 16 random NA NA NA NA NA NA NA NA NA NA
noon5 classical 16 random NA NA NA NA NA NA NA NA NA NA
kotsireas classical 4 perturbation NA NA NA NA NA NA NA NA NA NA
noon5 classical 11 perturbation NA NA NA NA NA NA NA NA NA NA
noon5 classical 1 random NA NA NA NA NA NA NA NA NA NA
kotsireas classical 17 perturbation NA NA NA NA NA NA NA NA NA NA
noon5 F4 13 random NA NA NA NA NA NA NA NA NA NA
noon5 F4 14 random 1.77 0.03 0.02 0.17 1.24 72 2343 9 3104 298
noon5 F4 15 random 1.76 0.03 0.02 0.17 1.46 72 2343 9 3104 298
noon5 F4 16 random 1.76 0.03 0.02 0.17 1.45 72 2343 9 3104 298
noon5 F4 17 random 1.75 0.03 0.02 0.17 1.44 72 2343 9 3104 298
noon5 F4 18 random 1.75 0.03 0.02 0.17 1.44 72 2343 9 3104 298
noon5 F4 19 random 1.76 0.03 0.02 0.17 1.45 72 2343 9 3104 298
noon5 F4 20 random 1.75 0.03 0.02 0.17 1.44 72 2343 9 3104 298
noon5 F4 21 random 50.50 0.48 0.15 8.00 41.10 69 2271 11 32105 1387
noon5 classical 12 perturbation 885.09 10.49 3.33 405.66 465.71 67 2267 11 8845 8180
noon5 F4 22 random 1.69 0.03 0.02 0.17 1.39 72 2343 9 3104 298
noon5 F4 23 random 1.70 0.03 0.02 0.17 1.40 72 2343 9 3104 298
noon5 F4 24 random 1.72 0.03 0.02 0.17 1.41 72 2343 9 3104 298
noon5 F4 25 random 1.71 0.03 0.02 0.17 1.41 72 2343 9 3104 298
noon5 F4 26 random 1.69 0.03 0.02 0.17 1.40 72 2343 9 3104 298
noon5 F4 27 random 1.71 0.03 0.02 0.17 1.41 72 2343 9 3104 298
noon5 F4 28 random 1.70 0.03 0.02 0.17 1.40 72 2343 9 3104 298
noon5 F4 29 random 1.70 0.03 0.02 0.16 1.40 72 2343 9 3104 298
s9_1 classical 0 static 0.07 0.00 0.00 0.01 0.05 15 112 3 32 16
s9_1 F4 0 static 0.07 0.00 0.00 0.02 0.04 15 112 3 188 22
s9_1 classical 0 caboara-perry 0.24 0.09 0.03 0.03 0.08 13 91 4 26 12
s9_1 F4 0 caboara-perry 0.27 0.11 0.04 0.05 0.08 8 88 10 312 18
s9_1 classical 0 perturbation 0.16 0.08 0.05 0.01 0.05 15 112 3 32 16
s9_1 classical 1 perturbation 0.14 0.06 0.04 0.01 0.04 15 112 3 32 16
s9_1 classical 2 perturbation 0.14 0.07 0.04 0.01 0.04 15 112 3 32 16
s9_1 classical 3 perturbation 0.14 0.06 0.04 0.01 0.04 15 112 3 32 16
s9_1 classical 4 perturbation 0.14 0.06 0.04 0.01 0.05 15 112 3 32 16
s9_1 classical 5 perturbation 0.14 0.06 0.04 0.01 0.05 15 112 3 32 16
s9_1 classical 6 perturbation 0.15 0.06 0.04 0.01 0.05 15 112 3 32 16
s9_1 classical 7 perturbation 0.15 0.06 0.04 0.01 0.05 15 112 3 32 16
s9_1 classical 8 perturbation 0.15 0.06 0.04 0.01 0.05 15 112 3 32 16
s9_1 classical 9 perturbation 0.15 0.06 0.04 0.01 0.05 15 112 3 32 16
s9_1 classical 10 perturbation 0.15 0.07 0.04 0.01 0.05 15 112 3 32 16
s9_1 classical 11 perturbation 0.15 0.06 0.04 0.01 0.05 15 112 3 32 16
s9_1 classical 12 perturbation 0.15 0.06 0.04 0.01 0.05 15 112 3 32 16
s9_1 classical 13 perturbation 0.15 0.06 0.04 0.01 0.05 15 112 3 32 16
s9_1 classical 14 perturbation 0.15 0.06 0.04 0.01 0.05 15 112 3 32 16
s9_1 classical 15 perturbation 0.15 0.06 0.04 0.01 0.05 15 112 3 32 16
s9_1 classical 16 perturbation 0.15 0.06 0.04 0.01 0.05 15 112 3 32 16
s9_1 classical 17 perturbation 0.15 0.06 0.04 0.01 0.05 15 112 3 32 16
s9_1 classical 18 perturbation 0.15 0.06 0.04 0.01 0.05 15 112 3 32 16
s9_1 classical 19 perturbation 0.15 0.06 0.04 0.01 0.05 15 112 3 32 16
s9_1 classical 20 perturbation 0.15 0.06 0.04 0.01 0.05 15 112 3 32 16
s9_1 classical 21 perturbation 0.15 0.06 0.04 0.01 0.05 15 112 3 32 16
s9_1 classical 22 perturbation 0.15 0.06 0.04 0.01 0.05 15 112 3 32 16
s9_1 classical 23 perturbation 0.15 0.06 0.04 0.01 0.05 15 112 3 32 16
s9_1 classical 24 perturbation 0.15 0.06 0.04 0.01 0.05 15 112 3 32 16
s9_1 classical 25 perturbation 0.15 0.06 0.04 0.01 0.05 15 112 3 32 16
s9_1 classical 26 perturbation 0.15 0.06 0.04 0.01 0.05 15 112 3 32 16
s9_1 classical 27 perturbation 0.15 0.06 0.04 0.01 0.05 15 112 3 32 16
s9_1 classical 28 perturbation 0.15 0.06 0.04 0.01 0.05 15 112 3 32 16
s9_1 classical 29 perturbation 0.15 0.06 0.04 0.01 0.05 15 112 3 32 16
s9_1 F4 0 perturbation 0.11 0.04 0.02 0.02 0.03 15 112 3 151 24
s9_1 F4 1 perturbation 0.11 0.04 0.02 0.02 0.03 15 112 3 151 24
s9_1 F4 2 perturbation 0.11 0.04 0.02 0.02 0.03 15 112 3 151 24
s9_1 F4 3 perturbation 0.10 0.03 0.02 0.02 0.03 15 112 3 151 24
s9_1 F4 4 perturbation 0.10 0.03 0.02 0.02 0.03 15 112 3 151 24
s9_1 F4 5 perturbation 0.10 0.04 0.02 0.02 0.03 15 112 3 151 24
s9_1 F4 6 perturbation 0.10 0.03 0.02 0.02 0.03 15 112 3 151 24
s9_1 F4 7 perturbation 0.10 0.03 0.02 0.02 0.03 15 112 3 151 24
s9_1 F4 8 perturbation 0.10 0.03 0.02 0.02 0.03 15 112 3 151 24
s9_1 F4 9 perturbation 0.10 0.03 0.02 0.02 0.03 15 112 3 151 24
s9_1 F4 10 perturbation 0.10 0.03 0.02 0.02 0.03 15 112 3 151 24
s9_1 F4 11 perturbation 0.10 0.03 0.02 0.02 0.03 15 112 3 151 24
s9_1 F4 12 perturbation 0.10 0.03 0.02 0.02 0.03 15 112 3 151 24
s9_1 F4 13 perturbation 0.10 0.03 0.02 0.02 0.03 15 112 3 151 24
s9_1 F4 14 perturbation 0.10 0.03 0.02 0.02 0.03 15 112 3 151 24
s9_1 F4 15 perturbation 0.10 0.03 0.02 0.02 0.03 15 112 3 151 24
s9_1 F4 16 perturbation 0.10 0.03 0.02 0.02 0.03 15 112 3 151 24
s9_1 F4 17 perturbation 0.10 0.03 0.02 0.02 0.03 15 112 3 151 24
s9_1 F4 18 perturbation 0.10 0.03 0.02 0.02 0.03 15 112 3 151 24
s9_1 F4 19 perturbation 0.10 0.03 0.02 0.02 0.03 15 112 3 151 24
s9_1 F4 20 perturbation 0.10 0.03 0.02 0.02 0.03 15 112 3 151 24
s9_1 F4 21 perturbation 0.10 0.03 0.02 0.02 0.03 15 112 3 151 24
s9_1 F4 22 perturbation 0.10 0.03 0.02 0.02 0.03 15 112 3 151 24
s9_1 F4 23 perturbation 0.10 0.03 0.02 0.02 0.03 15 112 3 151 24
s9_1 F4 24 perturbation 0.10 0.03 0.02 0.02 0.03 15 112 3 151 24
s9_1 F4 25 perturbation 0.10 0.03 0.02 0.02 0.03 15 112 3 151 24
s9_1 F4 26 perturbation 0.10 0.03 0.02 0.02 0.03 15 112 3 151 24
s9_1 F4 27 perturbation 0.10 0.03 0.02 0.02 0.03 15 112 3 151 24
s9_1 F4 28 perturbation 0.10 0.03 0.02 0.02 0.03 15 112 3 151 24
s9_1 F4 29 perturbation 0.10 0.03 0.02 0.02 0.03 15 112 3 151 24
s9_1 classical 0 random 0.15 0.06 0.03 0.01 0.05 15 112 3 32 16
s9_1 classical 1 random 0.15 0.06 0.03 0.01 0.05 15 112 3 32 16
s9_1 classical 2 random 0.15 0.06 0.03 0.01 0.05 15 112 3 32 16
s9_1 classical 3 random 0.15 0.06 0.03 0.01 0.05 15 112 3 32 16
s9_1 classical 4 random 0.22 0.10 0.05 0.02 0.07 16 125 3 40 21
s9_1 classical 5 random 0.15 0.06 0.03 0.01 0.05 15 112 3 32 16
s9_1 classical 6 random 0.15 0.06 0.03 0.01 0.05 15 112 3 32 16
s9_1 classical 7 random 0.15 0.06 0.03 0.01 0.05 15 112 3 32 16
s9_1 classical 8 random 0.15 0.06 0.03 0.01 0.05 15 112 3 32 16
s9_1 classical 9 random 0.15 0.06 0.03 0.01 0.05 15 112 3 32 16
s9_1 classical 10 random 0.15 0.06 0.03 0.01 0.05 15 112 3 32 16
s9_1 classical 11 random 0.15 0.06 0.03 0.01 0.05 15 112 3 32 16
s9_1 classical 12 random 0.15 0.06 0.03 0.01 0.05 15 112 3 32 16
s9_1 classical 13 random 0.15 0.06 0.03 0.01 0.05 15 112 3 32 16
s9_1 classical 14 random 0.15 0.06 0.03 0.01 0.05 15 112 3 32 16
s9_1 classical 15 random 0.15 0.06 0.03 0.01 0.05 15 112 3 32 16
s9_1 classical 16 random 0.15 0.06 0.03 0.01 0.05 15 112 3 32 16
s9_1 classical 17 random 0.15 0.06 0.03 0.01 0.05 15 112 3 32 16
s9_1 classical 18 random 0.15 0.06 0.03 0.01 0.05 15 112 3 32 16
s9_1 classical 19 random 0.15 0.06 0.03 0.01 0.05 15 112 3 32 16
s9_1 classical 20 random 0.15 0.06 0.03 0.01 0.05 15 112 3 32 16
s9_1 classical 21 random 0.15 0.06 0.03 0.01 0.05 15 112 3 32 16
s9_1 classical 22 random 0.15 0.06 0.03 0.01 0.05 15 112 3 32 16
s9_1 classical 23 random 0.15 0.06 0.03 0.01 0.05 15 112 3 32 16
s9_1 classical 24 random 0.15 0.06 0.03 0.01 0.05 15 112 3 32 16
s9_1 classical 25 random 0.15 0.06 0.03 0.01 0.05 15 112 3 32 16
s9_1 classical 26 random 0.15 0.06 0.03 0.01 0.05 15 112 3 32 16
s9_1 classical 27 random 0.15 0.06 0.03 0.01 0.05 15 112 3 32 16
s9_1 classical 28 random 0.15 0.06 0.03 0.01 0.05 15 112 3 32 16
s9_1 classical 29 random 0.15 0.06 0.03 0.01 0.05 15 112 3 32 16
s9_1 F4 0 random 0.11 0.02 0.01 0.03 0.04 8 72 10 171 11
s9_1 F4 1 random 0.09 0.02 0.01 0.02 0.03 15 112 3 197 27
s9_1 F4 2 random 0.07 0.02 0.01 0.01 0.02 9 61 8 80 6
s9_1 F4 3 random 0.08 0.02 0.01 0.02 0.03 12 83 3 153 12
s9_1 F4 4 random 0.12 0.02 0.01 0.04 0.05 9 96 7 224 27
s9_1 F4 5 random 0.07 0.02 0.01 0.02 0.01 11 80 4 69 7
s9_1 F4 6 random 0.07 0.02 0.01 0.02 0.01 11 80 4 63 8
s9_1 F4 7 random 0.07 0.02 0.01 0.02 0.02 11 81 4 97 11
s9_1 F4 8 random 0.26 0.05 0.03 0.08 0.10 9 68 8 325 33
s9_1 F4 9 random 0.08 0.02 0.01 0.02 0.02 8 72 10 77 10
s9_1 F4 10 random 0.09 0.02 0.01 0.02 0.03 15 112 3 197 27
s9_1 F4 11 random 0.09 0.02 0.01 0.02 0.03 11 89 5 145 14
s9_1 F4 12 random 0.10 0.02 0.01 0.02 0.04 11 86 5 219 23
s9_1 F4 13 random 0.09 0.02 0.01 0.02 0.03 15 112 3 197 27
s9_1 F4 14 random 0.09 0.02 0.01 0.02 0.03 15 112 3 197 27
s9_1 F4 15 random 0.09 0.02 0.01 0.02 0.03 15 121 3 154 24
s9_1 F4 16 random 0.18 0.05 0.03 0.05 0.06 8 79 10 230 20
s9_1 F4 17 random 0.08 0.02 0.01 0.02 0.03 11 86 5 129 13
s9_1 F4 18 random 0.07 0.02 0.01 0.01 0.03 12 84 3 130 11
s9_1 F4 19 random 0.10 0.02 0.01 0.02 0.04 9 83 9 152 11
s9_1 F4 20 random 0.07 0.02 0.01 0.02 0.02 9 57 8 84 7
s9_1 F4 21 random 0.09 0.02 0.01 0.02 0.03 15 112 3 197 27
s9_1 F4 22 random 0.08 0.02 0.01 0.02 0.02 9 79 7 98 8
s9_1 F4 23 random 0.08 0.02 0.01 0.02 0.03 12 82 5 133 11
s9_1 F4 24 random 0.11 0.02 0.01 0.02 0.04 14 103 4 230 28
s9_1 F4 25 random 0.09 0.02 0.01 0.02 0.03 15 112 3 197 27
s9_1 F4 26 random 0.06 0.02 0.01 0.01 0.02 11 75 4 80 9
s9_1 F4 27 random 0.09 0.02 0.01 0.02 0.03 15 112 3 197 27
s9_1 F4 28 random 0.12 0.02 0.01 0.04 0.05 9 68 8 210 20
s9_1 F4 29 random 0.09 0.02 0.01 0.02 0.03 15 112 3 197 27
kotsireas classical 17 random NA NA NA NA NA NA NA NA NA NA
noon5 classical 17 random NA NA NA NA NA NA NA NA NA NA
kotsireas F4 14 random NA NA NA NA NA NA NA NA NA NA
kotsireas F4 15 random 39.97 0.55 0.11 8.53 29.81 46 4858 8 20532 826
kotsireas classical 5 perturbation NA NA NA NA NA NA NA NA NA NA
noon5 classical 2 random NA NA NA NA NA NA NA NA NA NA
kotsireas classical 18 perturbation NA NA NA NA NA NA NA NA NA NA
noon5 classical 13 perturbation NA NA NA NA NA NA NA NA NA NA
noon5 classical 14 perturbation 72.56 2.55 1.17 35.02 34.13 67 2397 12 3767 3458
kotsireas F4 16 random 2236.38 3.80 0.52 61.70 2159.39 24 2441 17 301551 2101
kotsireas F4 17 random 48.45 0.33 0.10 6.26 40.47 58 6041 9 18696 957
kotsireas classical 18 random NA NA NA NA NA NA NA NA NA NA
noon5 classical 18 random NA NA NA NA NA NA NA NA NA NA
noon5 classical 19 random 24.34 0.98 0.44 6.76 16.28 70 2358 11 1575 1341
kotsireas classical 6 perturbation NA NA NA NA NA NA NA NA NA NA
noon5 classical 15 perturbation 2567.14 22.44 7.26 1607.07 932.03 67 2288 11 20400 19379
noon5 classical 3 random NA NA NA NA NA NA NA NA NA NA
kotsireas classical 19 random 1618.75 18.91 4.27 230.93 1359.72 59 5947 9 4872 4030
kotsireas classical 20 random 260.39 7.24 1.50 16.50 200.98 8 920 58 937 398
kotsireas classical 19 perturbation NA NA NA NA NA NA NA NA NA NA
kotsireas classical 21 random 763.71 14.40 2.79 94.51 649.99 34 3481 13 3221 2521
kotsireas classical 22 random 106.97 2.90 0.68 2.59 100.39 28 3004 22 664 389
noon5 classical 20 random NA NA NA NA NA NA NA NA NA NA
kotsireas classical 7 perturbation NA NA NA NA NA NA NA NA NA NA
noon5 classical 16 perturbation NA NA NA NA NA NA NA NA NA NA
noon5 classical 17 perturbation 28.84 1.05 0.49 11.96 15.38 72 2558 12 2515 2277
noon5 classical 4 random NA NA NA NA NA NA NA NA NA NA
noon5 classical 18 perturbation 380.37 5.98 2.01 176.52 196.40 68 3990 15 5415 4890
kotsireas classical 20 perturbation NA NA NA NA NA NA NA NA NA NA
kotsireas classical 23 random NA NA NA NA NA NA NA NA NA NA
noon5 classical 19 perturbation 1690.64 22.42 5.81 865.25 798.84 67 2302 12 12085 11177
noon5 classical 20 perturbation 132.95 2.92 1.06 47.38 81.88 69 2302 11 3463 3094
noon5 classical 21 perturbation 233.10 5.46 1.96 137.47 88.71 69 1997 9 8255 7745
noon5 classical 22 perturbation 13.33 1.09 0.78 5.11 6.87 68 2179 11 1778 1591
noon5 classical 21 random NA NA NA NA NA NA NA NA NA NA
kotsireas classical 8 perturbation NA NA NA NA NA NA NA NA NA NA
noon5 classical 5 random NA NA NA NA NA NA NA NA NA NA
kotsireas classical 21 perturbation NA NA NA NA NA NA NA NA NA NA
noon5 classical 23 perturbation NA NA NA NA NA NA NA NA NA NA
noon5 classical 24 perturbation 211.61 4.54 1.57 96.40 109.57 69 2285 11 5147 4665
noon5 classical 22 random NA NA NA NA NA NA NA NA NA NA
kotsireas classical 9 perturbation NA NA NA NA NA NA NA NA NA NA
noon5 classical 6 random NA NA NA NA NA NA NA NA NA NA
kotsireas classical 22 perturbation NA NA NA NA NA NA NA NA NA NA
noon5 classical 25 perturbation NA NA NA NA NA NA NA NA NA NA
noon5 classical 23 random NA NA NA NA NA NA NA NA NA NA
noon5 classical 26 perturbation 216.08 4.52 1.70 101.58 108.67 72 2558 12 6657 6200
kotsireas classical 10 perturbation NA NA NA NA NA NA NA NA NA NA
noon5 classical 7 random NA NA NA NA NA NA NA NA NA NA
noon5 classical 24 random 923.07 15.66 4.30 406.81 497.65 69 2203 11 9924 9004
kotsireas classical 23 perturbation NA NA NA NA NA NA NA NA NA NA
noon5 classical 27 perturbation NA NA NA NA NA NA NA NA NA NA
kotsireas classical 11 perturbation NA NA NA NA NA NA NA NA NA NA
noon5 classical 8 random NA NA NA NA NA NA NA NA NA NA
noon5 classical 25 random NA NA NA NA NA NA NA NA NA NA
kotsireas classical 24 perturbation NA NA NA NA NA NA NA NA NA NA
noon5 classical 9 random NA NA NA NA NA NA NA NA NA NA
noon5 classical 26 random NA NA NA NA NA NA NA NA NA NA
kotsireas classical 25 perturbation NA NA NA NA NA NA NA NA NA NA
noon5 classical 10 random NA NA NA NA NA NA NA NA NA NA
noon5 classical 27 random NA NA NA NA NA NA NA NA NA NA
kotsireas classical 26 perturbation NA NA NA NA NA NA NA NA NA NA
noon5 classical 28 random NA NA NA NA NA NA NA NA NA NA
noon5 classical 11 random NA NA NA NA NA NA NA NA NA NA
kotsireas classical 27 perturbation NA NA NA NA NA NA NA NA NA NA
noon5 classical 12 random NA NA NA NA NA NA NA NA NA NA
noon5 classical 29 random NA NA NA NA NA NA NA NA NA NA
noon5 F4 0 random 1.03 0.02 0.01 0.11 0.83 72 2343 9 3104 298
noon5 F4 1 random 42.41 0.35 0.11 4.73 36.71 71 2940 14 36557 1093
kotsireas classical 28 perturbation NA NA NA NA NA NA NA NA NA NA
noon5 F4 2 random 710.96 1.93 0.27 61.17 644.00 68 1933 9 195358 2173
noon5 F4 3 random 1.04 0.03 0.01 0.11 0.82 72 2343 9 3104 298
noon5 F4 4 random 1.03 0.02 0.01 0.11 0.82 72 2343 9 3104 298
noon5 F4 5 random 1.79 0.02 0.01 0.11 1.58 72 2343 9 3104 298
noon5 F4 6 random 1.04 0.02 0.01 0.11 0.83 72 2343 9 3104 298
noon5 F4 7 random 1.03 0.02 0.01 0.11 0.83 72 2343 9 3104 298
noon5 F4 8 random 1.03 0.02 0.01 0.11 0.83 72 2343 9 3104 298
noon5 F4 9 random 1.03 0.02 0.01 0.11 0.83 72 2343 9 3104 298
noon5 classical 13 random NA NA NA NA NA NA NA NA NA NA
kotsireas classical 29 perturbation NA NA NA NA NA NA NA NA NA NA
kotsireas F4 0 perturbation 187.23 1.13 0.23 34.72 147.73 40 4280 12 41476 1401
kotsireas F4 1 perturbation 75.85 0.70 0.18 12.10 61.49 54 5778 8 40097 1406
kotsireas F4 2 perturbation 71.16 0.37 0.11 7.88 61.10 50 5110 10 27088 1100
kotsireas F4 3 perturbation 839.86 4.66 1.27 296.10 474.00 37 4255 19 87896 3514
kotsireas F4 4 perturbation 60.05 0.40 0.11 15.55 41.67 65 7061 8 20143 1415
kotsireas F4 5 perturbation 476.88 1.44 0.29 81.98 383.78 55 5790 9 60506 2618
noon5 classical 14 random NA NA NA NA NA NA NA NA NA NA
noon5 classical 15 random 1760.09 30.12 7.27 957.52 767.77 69 2326 11 13293 12067
