Compiling ./dynamicgb.pyx...
instance reducer rep algorithm time dynamic heuristic queue reduction polynomials monomials degree sreductions zeroreductions
cyclicn4 classical 0 static 0.12 0.00 0.00 0.00 0.00 7 30 6 12 5 15 2.00 3
cyclicnh4 classical 3 perturbation 0.21 0.09 0.08 0.00 0.00 7 30 6 12 5 15 2.00 3
katsuran4 classical 28 perturbation 0.27 0.09 0.08 0.00 0.01 7 50 4 12 5 480 68.00 259
cyclicnh4 classical 4 perturbation 0.07 0.05 0.05 0.00 0.00 7 30 6 12 5 15 2.00 3
cyclicn4 classical 0 caboara-perry 0.17 0.12 0.09 0.00 0.01 5 21 5 8 3 10 2.00 2
katsuran4 classical 29 perturbation 0.09 0.06 0.06 0.00 0.01 7 50 4 12 5 480 68.00 259
cyclicnh4 classical 5 perturbation 0.07 0.06 0.05 0.00 0.00 7 30 6 12 5 15 2.00 3
cyclicn4 classical 0 perturbation 0.10 0.07 0.06 0.00 0.00 7 30 6 12 5 15 2.00 3
cyclicnh5 classical 13 perturbation 0.39 0.19 0.17 0.01 0.05 12 171 7 32 16 39 3.00 6
cyclicnh4 classical 6 perturbation 0.09 0.06 0.06 0.00 0.00 7 30 6 12 5 15 2.00 3
cyclicn4 classical 1 perturbation 0.06 0.04 0.04 0.00 0.00 7 30 6 12 5 15 2.00 3
katsuran4 classical 0 random 0.12 0.09 0.08 0.00 0.01 7 50 4 12 5 480 68.00 259
cyclicn4 classical 2 perturbation 0.06 0.04 0.04 0.00 0.00 7 30 6 12 5 15 2.00 3
cyclicnh4 classical 7 perturbation 0.08 0.06 0.06 0.00 0.00 7 30 6 12 5 15 2.00 3
katsuran4 classical 1 random 0.08 0.05 0.04 0.00 0.01 7 50 4 12 5 480 68.00 259
cyclicn4 classical 3 perturbation 0.06 0.04 0.04 0.00 0.00 7 30 6 12 5 15 2.00 3
cyclicnh4 classical 8 perturbation 0.07 0.05 0.05 0.00 0.00 7 30 6 12 5 15 2.00 3
katsuran4 classical 2 random 0.08 0.05 0.04 0.00 0.01 7 50 4 12 5 480 68.00 259
cyclicn4 classical 4 perturbation 0.06 0.04 0.04 0.00 0.00 7 30 6 12 5 15 2.00 3
cyclicnh4 classical 9 perturbation 0.07 0.05 0.05 0.00 0.00 7 30 6 12 5 15 2.00 3
cyclicnh5 classical 14 perturbation 0.27 0.19 0.17 0.01 0.05 12 171 7 32 16 39 3.00 6
cyclicn4 classical 5 perturbation 0.06 0.04 0.04 0.00 0.00 7 30 6 12 5 15 2.00 3
katsuran4 classical 3 random 0.08 0.05 0.04 0.00 0.01 7 50 4 12 5 480 68.00 259
cyclicnh4 classical 10 perturbation 0.07 0.05 0.05 0.00 0.00 7 30 6 12 5 15 2.00 3
cyclicn4 classical 6 perturbation 0.06 0.04 0.04 0.00 0.00 7 30 6 12 5 15 2.00 3
katsuran4 classical 4 random 0.08 0.05 0.04 0.00 0.01 7 50 4 12 5 480 68.00 259
cyclicnh4 classical 11 perturbation 0.07 0.05 0.05 0.00 0.00 7 30 6 12 5 15 2.00 3
cyclicn4 classical 7 perturbation 0.06 0.04 0.04 0.00 0.00 7 30 6 12 5 15 2.00 3
cyclicn4 classical 8 perturbation 0.06 0.04 0.04 0.00 0.00 7 30 6 12 5 15 2.00 3
katsuran4 classical 5 random 0.08 0.05 0.04 0.00 0.01 7 50 4 12 5 480 68.00 259
cyclicnh4 classical 12 perturbation 0.07 0.05 0.05 0.00 0.00 7 30 6 12 5 15 2.00 3
cyclicnh5 classical 15 perturbation 0.23 0.15 0.13 0.01 0.05 12 171 7 32 16 39 3.00 6
cyclicn4 classical 9 perturbation 0.06 0.04 0.04 0.00 0.00 7 30 6 12 5 15 2.00 3
cyclicnh4 classical 13 perturbation 0.07 0.05 0.05 0.00 0.00 7 30 6 12 5 15 2.00 3
katsuran4 classical 6 random 0.08 0.06 0.04 0.00 0.01 7 50 4 12 5 480 68.00 259
cyclicn4 classical 10 perturbation 0.06 0.04 0.04 0.00 0.00 7 30 6 12 5 15 2.00 3
cyclicnh4 classical 14 perturbation 0.07 0.05 0.05 0.00 0.00 7 30 6 12 5 15 2.00 3
katsuran4 classical 7 random 0.08 0.05 0.04 0.00 0.01 7 50 4 12 5 480 68.00 259
cyclicn4 classical 11 perturbation 0.06 0.04 0.04 0.00 0.00 7 30 6 12 5 15 2.00 3
cyclicnh4 classical 15 perturbation 0.07 0.05 0.05 0.00 0.00 7 30 6 12 5 15 2.00 3
cyclicn4 classical 12 perturbation 0.06 0.04 0.04 0.00 0.00 7 30 6 12 5 15 2.00 3
katsuran4 classical 8 random 0.08 0.05 0.04 0.00 0.01 7 50 4 12 5 480 68.00 259
cyclicnh5 classical 16 perturbation 0.23 0.14 0.13 0.01 0.05 12 171 7 32 16 39 3.00 6
cyclicnh4 classical 16 perturbation 0.07 0.05 0.05 0.00 0.00 7 30 6 12 5 15 2.00 3
cyclicn4 classical 13 perturbation 0.06 0.04 0.04 0.00 0.00 7 30 6 12 5 15 2.00 3
katsuran4 classical 9 random 0.08 0.05 0.04 0.00 0.01 7 50 4 12 5 480 68.00 259
cyclicnh4 classical 17 perturbation 0.07 0.05 0.05 0.00 0.00 7 30 6 12 5 15 2.00 3
cyclicn4 classical 14 perturbation 0.06 0.04 0.04 0.00 0.00 7 30 6 12 5 15 2.00 3
cyclicn5 classical 8 perturbation 1.28 0.33 0.28 0.05 0.74 23 295 8 124 83 2035 88.00 237
katsuran4 classical 10 random 0.08 0.05 0.04 0.00 0.01 7 50 4 12 5 480 68.00 259
cyclicn4 classical 15 perturbation 0.06 0.04 0.04 0.00 0.00 7 30 6 12 5 15 2.00 3
cyclicnh4 classical 18 perturbation 0.08 0.06 0.06 0.00 0.00 7 30 6 12 5 15 2.00 3
cyclicn4 classical 16 perturbation 0.07 0.04 0.04 0.00 0.00 7 30 6 12 5 15 2.00 3
cyclicnh5 classical 17 perturbation 0.23 0.14 0.13 0.01 0.05 12 171 7 32 16 39 3.00 6
katsuran4 classical 11 random 0.08 0.05 0.04 0.00 0.01 7 50 4 12 5 480 68.00 259
cyclicnh4 classical 19 perturbation 0.07 0.05 0.05 0.00 0.00 7 30 6 12 5 15 2.00 3
cyclicnh4 classical 20 perturbation 0.07 0.05 0.05 0.00 0.00 7 30 6 12 5 15 2.00 3
katsuran4 classical 12 random 0.08 0.05 0.04 0.00 0.01 7 50 4 12 5 480 68.00 259
cyclicn4 classical 17 perturbation 0.10 0.09 0.08 0.00 0.00 7 30 6 12 5 15 2.00 3
cyclicn4 classical 18 perturbation 0.06 0.04 0.04 0.00 0.00 7 30 6 12 5 15 2.00 3
cyclicnh4 classical 21 perturbation 0.07 0.05 0.05 0.00 0.00 7 30 6 12 5 15 2.00 3
katsuran4 classical 13 random 0.08 0.05 0.04 0.00 0.01 7 50 4 12 5 480 68.00 259
cyclicn4 classical 19 perturbation 0.06 0.04 0.04 0.00 0.00 7 30 6 12 5 15 2.00 3
cyclicnh4 classical 22 perturbation 0.07 0.05 0.05 0.00 0.00 7 30 6 12 5 15 2.00 3
cyclicnh5 classical 18 perturbation 0.22 0.14 0.13 0.01 0.05 12 171 7 32 16 39 3.00 6
katsuran4 classical 14 random 0.08 0.05 0.04 0.00 0.01 7 50 4 12 5 480 68.00 259
cyclicn4 classical 20 perturbation 0.06 0.04 0.04 0.00 0.00 7 30 6 12 5 15 2.00 3
cyclicnh4 classical 23 perturbation 0.07 0.05 0.05 0.00 0.00 7 30 6 12 5 15 2.00 3
katsuran4 classical 15 random 0.08 0.05 0.04 0.00 0.01 7 50 4 12 5 480 68.00 259
cyclicn4 classical 21 perturbation 0.06 0.04 0.04 0.00 0.00 7 30 6 12 5 15 2.00 3
cyclicnh4 classical 24 perturbation 0.07 0.05 0.05 0.00 0.00 7 30 6 12 5 15 2.00 3
cyclicn4 classical 22 perturbation 0.06 0.04 0.04 0.00 0.00 7 30 6 12 5 15 2.00 3
katsuran4 classical 16 random 0.07 0.05 0.04 0.00 0.01 7 50 4 12 5 480 68.00 259
cyclicnh4 classical 25 perturbation 0.07 0.05 0.05 0.00 0.00 7 30 6 12 5 15 2.00 3
cyclicn4 classical 23 perturbation 0.06 0.04 0.04 0.00 0.00 7 30 6 12 5 15 2.00 3
cyclicnh5 classical 19 perturbation 0.23 0.15 0.13 0.01 0.05 12 171 7 32 16 39 3.00 6
katsuran4 classical 17 random 0.08 0.05 0.04 0.00 0.01 7 50 4 12 5 480 68.00 259
cyclicn4 classical 24 perturbation 0.06 0.04 0.04 0.00 0.00 7 30 6 12 5 15 2.00 3
cyclicnh4 classical 26 perturbation 0.07 0.05 0.05 0.00 0.00 7 30 6 12 5 15 2.00 3
cyclicn4 classical 25 perturbation 0.06 0.04 0.04 0.00 0.00 7 30 6 12 5 15 2.00 3
cyclicnh4 classical 27 perturbation 0.07 0.05 0.05 0.00 0.00 7 30 6 12 5 15 2.00 3
cyclicn4 classical 26 perturbation 0.06 0.04 0.04 0.00 0.00 7 30 6 12 5 15 2.00 3
cyclicnh4 classical 28 perturbation 0.07 0.05 0.05 0.00 0.00 7 30 6 12 5 15 2.00 3
cyclicn4 classical 27 perturbation 0.06 0.04 0.04 0.00 0.00 7 30 6 12 5 15 2.00 3
cyclicnh5 classical 20 perturbation 0.23 0.15 0.14 0.01 0.05 12 171 7 32 16 39 3.00 6
cyclicnh6 classical 23 perturbation 2.07 0.63 0.53 0.05 1.22 34 1540 9 101 66 229 6.00 18
cyclicnh4 classical 29 perturbation 0.07 0.06 0.05 0.00 0.00 7 30 6 12 5 15 2.00 3
cyclicn4 classical 28 perturbation 0.07 0.04 0.04 0.00 0.00 7 30 6 12 5 15 2.00 3
katsuran4 classical 18 random 0.32 0.30 0.28 0.00 0.01 7 50 4 12 5 480 68.00 259
cyclicnh4 classical 0 random 0.07 0.05 0.04 0.00 0.00 7 30 6 12 5 15 2.00 3
cyclicn4 classical 29 perturbation 0.06 0.04 0.04 0.00 0.00 7 30 6 12 5 15 2.00 3
katsuran4 classical 19 random 0.08 0.05 0.04 0.00 0.01 7 50 4 12 5 480 68.00 259
cyclicnh4 classical 1 random 0.07 0.05 0.04 0.00 0.00 7 30 6 12 5 15 2.00 3
cyclicn4 classical 0 random 0.07 0.05 0.04 0.00 0.00 7 30 6 12 5 15 2.00 3
cyclicnh5 classical 21 perturbation 0.24 0.15 0.14 0.01 0.05 12 171 7 32 16 39 3.00 6
katsuran4 classical 20 random 0.07 0.05 0.04 0.00 0.01 7 50 4 12 5 480 68.00 259
cyclicnh4 classical 2 random 0.08 0.06 0.04 0.00 0.00 7 30 6 12 5 15 2.00 3
cyclicn4 classical 1 random 0.07 0.05 0.04 0.00 0.00 7 30 6 12 5 15 2.00 3
cyclicnh4 classical 3 random 0.07 0.05 0.04 0.00 0.00 7 30 6 12 5 15 2.00 3
cyclicn4 classical 2 random 0.07 0.05 0.04 0.00 0.00 7 30 6 12 5 15 2.00 3
katsuran4 classical 21 random 0.08 0.05 0.04 0.00 0.01 7 50 4 12 5 480 68.00 259
cyclicn5 classical 9 perturbation 1.12 0.28 0.24 0.05 0.73 23 295 8 124 83 2035 88.00 237
cyclicn4 classical 3 random 0.07 0.05 0.04 0.00 0.00 7 30 6 12 5 15 2.00 3
cyclicnh4 classical 4 random 0.07 0.05 0.04 0.00 0.00 7 30 6 12 5 15 2.00 3
katsuran4 classical 22 random 0.08 0.05 0.04 0.00 0.01 7 50 4 12 5 480 68.00 259
cyclicnh5 classical 22 perturbation 0.23 0.14 0.13 0.01 0.05 12 171 7 32 16 39 3.00 6
cyclicnh4 classical 5 random 0.07 0.05 0.04 0.00 0.00 7 30 6 12 5 15 2.00 3
cyclicn4 classical 4 random 0.07 0.05 0.04 0.00 0.00 7 30 6 12 5 15 2.00 3
katsuran4 classical 23 random 0.08 0.05 0.04 0.00 0.01 7 50 4 12 5 480 68.00 259
cyclicn4 classical 5 random 0.07 0.05 0.04 0.00 0.00 7 30 6 12 5 15 2.00 3
cyclicnh4 classical 6 random 0.07 0.05 0.04 0.00 0.00 7 30 6 12 5 15 2.00 3
katsuran4 classical 24 random 0.08 0.05 0.04 0.00 0.01 7 50 4 12 5 480 68.00 259
cyclicn4 classical 6 random 0.07 0.05 0.04 0.00 0.00 7 30 6 12 5 15 2.00 3
cyclicnh4 classical 7 random 0.07 0.05 0.04 0.00 0.00 7 30 6 12 5 15 2.00 3
katsuran4 classical 25 random 0.08 0.05 0.04 0.00 0.01 7 50 4 12 5 480 68.00 259
cyclicn4 classical 7 random 0.07 0.05 0.04 0.00 0.00 7 30 6 12 5 15 2.00 3
cyclicnh4 classical 8 random 0.07 0.05 0.04 0.00 0.00 7 30 6 12 5 15 2.00 3
cyclicnh5 classical 23 perturbation 0.22 0.14 0.13 0.01 0.05 12 171 7 32 16 39 3.00 6
katsuran4 classical 26 random 0.08 0.05 0.04 0.00 0.01 7 50 4 12 5 480 68.00 259
cyclicn4 classical 8 random 0.07 0.05 0.04 0.00 0.00 7 30 6 12 5 15 2.00 3
cyclicnh4 classical 9 random 0.07 0.06 0.04 0.00 0.00 7 30 6 12 5 15 2.00 3
katsuran4 classical 27 random 0.08 0.05 0.04 0.00 0.01 7 50 4 12 5 480 68.00 259
cyclicn4 classical 9 random 0.07 0.05 0.04 0.00 0.00 7 30 6 12 5 15 2.00 3
katsuran4 classical 28 random 0.08 0.05 0.04 0.00 0.01 7 50 4 12 5 480 68.00 259
cyclicnh5 classical 24 perturbation 0.23 0.15 0.13 0.01 0.05 12 171 7 32 16 39 3.00 6
katsuran4 classical 29 random 0.08 0.06 0.04 0.00 0.01 7 50 4 12 5 480 68.00 259
katsuranh4 classical 0 static 0.03 0.00 0.00 0.00 0.01 7 50 4 12 5 480 68.00 259
cyclicnh4 classical 10 random 0.32 0.31 0.04 0.00 0.00 7 30 6 12 5 15 2.00 3
cyclicn4 classical 10 random 0.32 0.31 0.29 0.00 0.00 7 30 6 12 5 15 2.00 3
cyclicnh5 classical 25 perturbation 0.22 0.14 0.13 0.01 0.05 12 171 7 32 16 39 3.00 6
cyclicnh4 classical 11 random 0.07 0.05 0.04 0.00 0.00 7 30 6 12 5 15 2.00 3
katsuranh4 classical 0 caboara-perry 0.20 0.15 0.11 0.01 0.03 7 53 4 12 5 616 88.00 253
cyclicn4 classical 11 random 0.07 0.05 0.04 0.00 0.00 7 30 6 12 5 15 2.00 3
cyclicnh4 classical 12 random 0.07 0.05 0.04 0.00 0.00 7 30 6 12 5 15 2.00 3
cyclicn4 classical 12 random 0.07 0.05 0.04 0.00 0.00 7 30 6 12 5 15 2.00 3
cyclicnh4 classical 13 random 0.07 0.05 0.04 0.00 0.00 7 30 6 12 5 15 2.00 3
katsuranh4 classical 0 perturbation 0.10 0.07 0.06 0.00 0.01 7 50 4 12 5 480 68.00 259
cyclicn4 classical 13 random 0.07 0.05 0.04 0.00 0.00 7 30 6 12 5 15 2.00 3
cyclicnh4 classical 14 random 0.07 0.05 0.04 0.00 0.00 7 30 6 12 5 15 2.00 3
cyclicnh5 classical 26 perturbation 0.22 0.14 0.13 0.01 0.05 12 171 7 32 16 39 3.00 6
katsuranh4 classical 1 perturbation 0.09 0.06 0.06 0.00 0.01 7 50 4 12 5 480 68.00 259
cyclicn4 classical 14 random 0.07 0.05 0.04 0.00 0.00 7 30 6 12 5 15 2.00 3
cyclicnh4 classical 15 random 0.07 0.05 0.04 0.00 0.00 7 30 6 12 5 15 2.00 3
cyclicn5 classical 10 perturbation 1.11 0.28 0.25 0.05 0.72 23 295 8 124 83 2035 88.00 237
katsuranh4 classical 2 perturbation 0.09 0.06 0.06 0.00 0.01 7 50 4 12 5 480 68.00 259
cyclicn4 classical 15 random 0.07 0.05 0.04 0.00 0.00 7 30 6 12 5 15 2.00 3
cyclicnh4 classical 16 random 0.07 0.05 0.04 0.00 0.00 7 30 6 12 5 15 2.00 3
cyclicn4 classical 16 random 0.07 0.05 0.04 0.00 0.00 7 30 6 12 5 15 2.00 3
cyclicnh4 classical 17 random 0.07 0.05 0.04 0.00 0.00 7 30 6 12 5 15 2.00 3
katsuranh4 classical 3 perturbation 0.09 0.07 0.06 0.00 0.01 7 50 4 12 5 480 68.00 259
cyclicnh5 classical 27 perturbation 0.22 0.14 0.13 0.01 0.05 12 171 7 32 16 39 3.00 6
cyclicn4 classical 17 random 0.07 0.05 0.04 0.00 0.00 7 30 6 12 5 15 2.00 3
cyclicnh4 classical 18 random 0.07 0.05 0.04 0.00 0.00 7 30 6 12 5 15 2.00 3
katsuranh4 classical 4 perturbation 0.09 0.07 0.06 0.00 0.01 7 50 4 12 5 480 68.00 259
cyclicn4 classical 18 random 0.06 0.05 0.04 0.00 0.00 7 30 6 12 5 15 2.00 3
cyclicnh4 classical 19 random 0.07 0.05 0.04 0.00 0.00 7 30 6 12 5 15 2.00 3
cyclicn4 classical 19 random 0.07 0.05 0.04 0.00 0.00 7 30 6 12 5 15 2.00 3
katsuranh4 classical 5 perturbation 0.09 0.07 0.06 0.00 0.01 7 50 4 12 5 480 68.00 259
cyclicnh4 classical 20 random 0.07 0.05 0.04 0.00 0.00 7 30 6 12 5 15 2.00 3
cyclicnh5 classical 28 perturbation 0.22 0.14 0.13 0.01 0.05 12 171 7 32 16 39 3.00 6
cyclicn4 classical 20 random 0.07 0.05 0.04 0.00 0.00 7 30 6 12 5 15 2.00 3
katsuranh4 classical 6 perturbation 0.09 0.06 0.06 0.00 0.01 7 50 4 12 5 480 68.00 259
cyclicnh4 classical 21 random 0.07 0.05 0.04 0.00 0.00 7 30 6 12 5 15 2.00 3
cyclicn4 classical 21 random 0.07 0.05 0.04 0.00 0.00 7 30 6 12 5 15 2.00 3
cyclicnh6 classical 24 perturbation 1.89 0.59 0.50 0.05 1.19 34 1540 9 101 66 229 6.00 18
cyclicnh4 classical 22 random 0.07 0.05 0.04 0.00 0.00 7 30 6 12 5 15 2.00 3
katsuranh4 classical 7 perturbation 0.09 0.07 0.06 0.00 0.01 7 50 4 12 5 480 68.00 259
cyclicn4 classical 22 random 0.07 0.05 0.04 0.00 0.00 7 30 6 12 5 15 2.00 3
cyclicnh4 classical 23 random 0.07 0.05 0.04 0.00 0.00 7 30 6 12 5 15 2.00 3
cyclicn4 classical 23 random 0.07 0.05 0.04 0.00 0.00 7 30 6 12 5 15 2.00 3
cyclicnh5 classical 29 perturbation 0.22 0.14 0.13 0.01 0.05 12 171 7 32 16 39 3.00 6
katsuranh4 classical 8 perturbation 0.09 0.07 0.06 0.00 0.01 7 50 4 12 5 480 68.00 259
cyclicnh4 classical 24 random 0.07 0.05 0.04 0.00 0.00 7 30 6 12 5 15 2.00 3
cyclicn4 classical 24 random 0.07 0.05 0.04 0.00 0.00 7 30 6 12 5 15 2.00 3
cyclicnh4 classical 25 random 0.07 0.05 0.04 0.00 0.00 7 30 6 12 5 15 2.00 3
katsuranh4 classical 9 perturbation 0.09 0.07 0.06 0.00 0.01 7 50 4 12 5 480 68.00 259
cyclicn4 classical 25 random 0.07 0.05 0.04 0.00 0.00 7 30 6 12 5 15 2.00 3
cyclicnh4 classical 26 random 0.07 0.05 0.04 0.00 0.00 7 30 6 12 5 15 2.00 3
cyclicn4 classical 26 random 0.06 0.05 0.04 0.00 0.00 7 30 6 12 5 15 2.00 3
katsuranh4 classical 10 perturbation 0.10 0.07 0.06 0.00 0.01 7 50 4 12 5 480 68.00 259
cyclicnh4 classical 27 random 0.07 0.05 0.04 0.00 0.00 7 30 6 12 5 15 2.00 3
cyclicn4 classical 27 random 0.07 0.05 0.04 0.00 0.00 7 30 6 12 5 15 2.00 3
katsuranh4 classical 11 perturbation 0.09 0.07 0.06 0.00 0.01 7 50 4 12 5 480 68.00 259
cyclicnh4 classical 28 random 0.07 0.05 0.04 0.00 0.00 7 30 6 12 5 15 2.00 3
cyclicn4 classical 28 random 0.06 0.05 0.04 0.00 0.00 7 30 6 12 5 15 2.00 3
cyclicnh4 classical 29 random 0.07 0.05 0.04 0.00 0.00 7 30 6 12 5 15 2.00 3
katsuranh4 classical 12 perturbation 0.09 0.07 0.06 0.00 0.01 7 50 4 12 5 480 68.00 259
cyclicn4 classical 29 random 0.07 0.05 0.04 0.00 0.00 7 30 6 12 5 15 2.00 3
cyclicnh4 classical 0 static 0.01 0.00 0.00 0.00 0.00 7 30 6 12 5 15 2.00 3
cyclicnh5 classical 0 random 0.46 0.18 0.14 0.03 0.23 20 281 10 58 31 141 7.00 35
katsuranh4 classical 13 perturbation 0.09 0.07 0.06 0.00 0.01 7 50 4 12 5 480 68.00 259
cyclicn5 classical 11 perturbation 1.09 0.26 0.23 0.05 0.72 23 295 8 124 83 2035 88.00 237
cyclicnh4 classical 0 caboara-perry 0.11 0.08 0.06 0.00 0.01 5 21 5 8 3 10 2.00 2
katsuranh4 classical 14 perturbation 0.10 0.07 0.06 0.00 0.01 7 50 4 12 5 480 68.00 259
cyclicnh4 classical 0 perturbation 0.07 0.06 0.05 0.00 0.00 7 30 6 12 5 15 2.00 3
cyclicnh4 classical 1 perturbation 0.07 0.05 0.05 0.00 0.00 7 30 6 12 5 15 2.00 3
katsuranh4 classical 15 perturbation 0.09 0.07 0.06 0.00 0.01 7 50 4 12 5 480 68.00 259
cyclicnh4 classical 2 perturbation 0.07 0.05 0.05 0.00 0.00 7 30 6 12 5 15 2.00 3
katsuranh4 classical 16 perturbation 0.09 0.07 0.06 0.00 0.01 7 50 4 12 5 480 68.00 259
katsuranh4 classical 3 random 0.08 0.06 0.04 0.00 0.01 7 50 4 12 5 480 68.00 259
katsuranh4 classical 17 perturbation 0.09 0.06 0.06 0.00 0.01 7 50 4 12 5 480 68.00 259
cyclicnh5 classical 1 random 0.41 0.18 0.14 0.02 0.18 22 318 13 62 36 130 5.00 30
katsuranh4 classical 4 random 0.08 0.06 0.04 0.00 0.01 7 50 4 12 5 480 68.00 259
katsuranh4 classical 18 perturbation 0.09 0.07 0.06 0.00 0.01 7 50 4 12 5 480 68.00 259
katsuranh4 classical 5 random 0.08 0.06 0.04 0.00 0.01 7 50 4 12 5 480 68.00 259
katsuranh4 classical 19 perturbation 0.09 0.07 0.06 0.00 0.01 7 50 4 12 5 480 68.00 259
katsuranh4 classical 6 random 0.08 0.06 0.04 0.00 0.01 7 50 4 12 5 480 68.00 259
katsuranh4 classical 20 perturbation 0.09 0.07 0.06 0.00 0.01 7 50 4 12 5 480 68.00 259
cyclicn5 classical 0 static 0.77 0.00 0.00 0.05 0.68 23 295 8 124 83 2035 88.00 237
katsuranh4 classical 7 random 0.08 0.06 0.04 0.00 0.01 7 50 4 12 5 480 68.00 259
katsuranh4 classical 21 perturbation 0.09 0.06 0.06 0.00 0.01 7 50 4 12 5 480 68.00 259
katsuranh4 classical 8 random 0.08 0.06 0.04 0.00 0.01 7 50 4 12 5 480 68.00 259
katsuranh4 classical 22 perturbation 0.09 0.07 0.06 0.00 0.01 7 50 4 12 5 480 68.00 259
katsuranh4 classical 9 random 0.08 0.05 0.04 0.00 0.01 7 50 4 12 5 480 68.00 259
cyclicnh5 classical 2 random 0.48 0.34 0.09 0.02 0.10 13 175 8 39 18 46 3.00 8
katsuranh4 classical 23 perturbation 0.09 0.07 0.06 0.00 0.01 7 50 4 12 5 480 68.00 259
katsuranh4 classical 10 random 0.08 0.06 0.04 0.00 0.01 7 50 4 12 5 480 68.00 259
katsuranh4 classical 11 random 0.08 0.05 0.04 0.00 0.01 7 50 4 12 5 480 68.00 259
katsuranh4 classical 24 perturbation 0.09 0.06 0.06 0.00 0.01 7 50 4 12 5 480 68.00 259
cyclicn5 classical 12 perturbation 1.08 0.26 0.23 0.05 0.71 23 295 8 124 83 2035 88.00 237
katsuranh4 classical 12 random 0.08 0.06 0.04 0.00 0.01 7 50 4 12 5 480 68.00 259
katsuranh4 classical 25 perturbation 0.09 0.06 0.06 0.00 0.01 7 50 4 12 5 480 68.00 259
cyclicnh5 classical 3 random 0.26 0.11 0.09 0.02 0.11 16 238 10 44 24 62 3.00 11
katsuranh4 classical 13 random 0.09 0.06 0.04 0.00 0.01 7 50 4 12 5 480 68.00 259
katsuranh4 classical 26 perturbation 0.09 0.07 0.06 0.00 0.01 7 50 4 12 5 480 68.00 259
cyclicnh6 classical 25 perturbation 1.84 0.59 0.50 0.05 1.15 34 1540 9 101 66 229 6.00 18
katsuranh4 classical 14 random 0.08 0.06 0.04 0.00 0.01 7 50 4 12 5 480 68.00 259
katsuranh4 classical 27 perturbation 0.09 0.07 0.06 0.00 0.01 7 50 4 12 5 480 68.00 259
katsuranh4 classical 15 random 0.08 0.05 0.04 0.00 0.01 7 50 4 12 5 480 68.00 259
katsuranh4 classical 28 perturbation 0.09 0.07 0.06 0.00 0.01 7 50 4 12 5 480 68.00 259
katsuranh4 classical 16 random 0.08 0.06 0.04 0.00 0.01 7 50 4 12 5 480 68.00 259
cyclicnh5 classical 4 random 0.34 0.25 0.19 0.01 0.07 13 190 8 35 17 73 5.00 28
katsuranh4 classical 29 perturbation 0.09 0.07 0.06 0.00 0.01 7 50 4 12 5 480 68.00 259
katsuranh4 classical 17 random 0.08 0.06 0.04 0.00 0.01 7 50 4 12 5 480 68.00 259
katsuranh4 classical 0 random 0.08 0.05 0.04 0.00 0.01 7 50 4 12 5 480 68.00 259
katsuranh4 classical 18 random 0.08 0.06 0.04 0.00 0.01 7 50 4 12 5 480 68.00 259
katsuranh4 classical 1 random 0.08 0.05 0.04 0.00 0.01 7 50 4 12 5 480 68.00 259
katsuranh4 classical 19 random 0.08 0.05 0.04 0.00 0.01 7 50 4 12 5 480 68.00 259
katsuranh4 classical 2 random 0.08 0.05 0.04 0.00 0.01 7 50 4 12 5 480 68.00 259
katsuranh4 classical 20 random 0.08 0.06 0.04 0.00 0.01 7 50 4 12 5 480 68.00 259
katsuranh4 classical 21 random 0.08 0.05 0.04 0.00 0.01 7 50 4 12 5 480 68.00 259
cyclicnh5 classical 5 random 0.39 0.17 0.13 0.03 0.16 13 178 8 53 28 72 5.00 28
katsuranh4 classical 22 random 0.08 0.05 0.04 0.00 0.01 7 50 4 12 5 480 68.00 259
katsuranh4 classical 23 random 0.08 0.05 0.04 0.00 0.01 7 50 4 12 5 480 68.00 259
katsuran5 classical 8 random 0.31 0.11 0.09 0.01 0.17 13 171 5 31 18 3129 240.00 971
cyclicnh5 classical 6 random 0.24 0.11 0.09 0.02 0.09 12 149 7 36 16 32 2.00 5
katsuranh4 classical 24 random 0.09 0.06 0.04 0.00 0.01 7 50 4 12 5 480 68.00 259
cyclicn5 classical 13 perturbation 1.08 0.27 0.24 0.05 0.71 23 295 8 124 83 2035 88.00 237
katsuranh4 classical 25 random 0.08 0.06 0.04 0.00 0.01 7 50 4 12 5 480 68.00 259
katsuranh4 classical 26 random 0.08 0.05 0.04 0.00 0.01 7 50 4 12 5 480 68.00 259
katsuran5 classical 9 random 0.32 0.11 0.09 0.01 0.18 13 171 5 31 18 3129 240.00 971
katsuranh4 classical 27 random 0.08 0.05 0.04 0.00 0.01 7 50 4 12 5 480 68.00 259
katsuranh4 classical 28 random 0.08 0.05 0.04 0.00 0.01 7 50 4 12 5 480 68.00 259
katsuranh4 classical 29 random 0.08 0.06 0.04 0.00 0.01 7 50 4 12 5 480 68.00 259
cyclicn5 classical 0 caboara-perry 1.90 0.54 0.42 0.14 1.06 9 135 24 114 55 4801 533.00 669
katsuran5 classical 10 random 0.32 0.12 0.09 0.01 0.17 13 171 5 31 18 3129 240.00 971
katsuran5 classical 0 static 0.20 0.00 0.00 0.01 0.17 13 171 5 31 18 3129 240.00 971
katsuran5 classical 11 random 0.31 0.11 0.09 0.01 0.17 13 171 5 31 18 3129 240.00 971
cyclicnh6 classical 26 perturbation 1.80 0.56 0.48 0.05 1.14 34 1540 9 101 66 229 6.00 18
cyclicnh5 classical 7 random 0.96 0.51 0.39 0.05 0.36 22 306 13 104 67 119 5.00 28
cyclicn5 classical 14 perturbation 1.06 0.25 0.22 0.05 0.71 23 295 8 124 83 2035 88.00 237
katsuran5 classical 12 random 0.32 0.12 0.09 0.01 0.18 13 171 5 31 18 3129 240.00 971
cyclicnh5 classical 8 random 0.27 0.17 0.13 0.01 0.08 11 146 7 32 14 57 5.00 28
katsuran5 classical 0 caboara-perry 0.80 0.25 0.19 0.02 0.49 12 193 6 32 16 14252 1187.00 1734
cyclicn5 classical 0 perturbation 1.08 0.26 0.23 0.05 0.71 23 295 8 124 83 2035 88.00 237
katsuran5 classical 13 random 0.32 0.12 0.09 0.01 0.18 13 171 5 31 18 3129 240.00 971
katsuran5 classical 0 perturbation 0.36 0.16 0.14 0.01 0.17 13 171 5 31 18 3129 240.00 971
katsuran5 classical 14 random 0.31 0.12 0.09 0.01 0.17 13 171 5 31 18 3129 240.00 971
katsuran5 classical 1 perturbation 0.35 0.15 0.13 0.01 0.18 13 171 5 31 18 3129 240.00 971
cyclicn5 classical 15 perturbation 1.05 0.26 0.23 0.05 0.69 23 295 8 124 83 2035 88.00 237
katsuran5 classical 15 random 0.32 0.12 0.09 0.01 0.17 13 171 5 31 18 3129 240.00 971
cyclicnh5 classical 9 random 0.97 0.24 0.18 0.04 0.64 41 623 13 124 83 4181 101.00 237
katsuran5 classical 2 perturbation 0.35 0.15 0.13 0.01 0.18 13 171 5 31 18 3129 240.00 971
katsuran5 classical 16 random 0.32 0.12 0.09 0.01 0.18 13 171 5 31 18 3129 240.00 971
cyclicn5 classical 1 perturbation 1.07 0.27 0.23 0.05 0.70 23 295 8 124 83 2035 88.00 237
katsuran5 classical 17 random 0.32 0.12 0.09 0.01 0.17 13 171 5 31 18 3129 240.00 971
katsuran5 classical 3 perturbation 0.35 0.15 0.13 0.01 0.18 13 171 5 31 18 3129 240.00 971
cyclicnh6 classical 27 perturbation 2.08 0.82 0.73 0.05 1.16 34 1540 9 101 66 229 6.00 18
cyclicnh5 classical 10 random 0.88 0.24 0.18 0.09 0.51 13 179 8 108 68 66 5.00 28
katsuran5 classical 18 random 0.32 0.12 0.09 0.01 0.18 13 171 5 31 18 3129 240.00 971
katsuran5 classical 4 perturbation 0.35 0.15 0.13 0.01 0.18 13 171 5 31 18 3129 240.00 971
cyclicn5 classical 16 perturbation 1.05 0.25 0.23 0.05 0.69 23 295 8 124 83 2035 88.00 237
katsuran5 classical 19 random 0.32 0.11 0.09 0.01 0.18 13 171 5 31 18 3129 240.00 971
cyclicnh5 classical 11 random 0.45 0.23 0.18 0.03 0.16 16 225 10 60 34 95 5.00 28
katsuran5 classical 5 perturbation 0.35 0.15 0.13 0.01 0.18 13 171 5 31 18 3129 240.00 971
cyclicn5 classical 2 perturbation 1.07 0.26 0.23 0.05 0.70 23 295 8 124 83 2035 88.00 237
katsuran5 classical 20 random 0.32 0.12 0.09 0.01 0.17 13 171 5 31 18 3129 240.00 971
katsuran5 classical 6 perturbation 0.35 0.15 0.13 0.01 0.18 13 171 5 31 18 3129 240.00 971
cyclicnh5 classical 12 random 0.37 0.17 0.13 0.03 0.15 13 194 8 53 28 45 3.00 8
katsuran5 classical 21 random 0.31 0.11 0.09 0.01 0.17 13 171 5 31 18 3129 240.00 971
katsuran5 classical 7 perturbation 0.34 0.14 0.13 0.01 0.17 13 171 5 31 18 3129 240.00 971
cyclicn5 classical 17 perturbation 1.05 0.26 0.22 0.05 0.69 23 295 8 124 83 2035 88.00 237
katsuran5 classical 22 random 0.32 0.11 0.09 0.01 0.17 13 171 5 31 18 3129 240.00 971
katsuran5 classical 8 perturbation 0.35 0.15 0.13 0.01 0.18 13 171 5 31 18 3129 240.00 971
cyclicn5 classical 3 perturbation 1.06 0.26 0.23 0.05 0.70 23 295 8 124 83 2035 88.00 237
katsuran5 classical 23 random 0.32 0.12 0.09 0.01 0.17 13 171 5 31 18 3129 240.00 971
cyclicnh6 classical 28 perturbation 1.85 0.58 0.49 0.05 1.16 34 1540 9 101 66 229 6.00 18
cyclicnh5 classical 13 random 0.99 0.24 0.18 0.05 0.65 41 623 13 124 83 4181 101.00 237
katsuran5 classical 9 perturbation 0.35 0.14 0.13 0.01 0.18 13 171 5 31 18 3129 240.00 971
katsuran5 classical 24 random 0.32 0.12 0.09 0.01 0.17 13 171 5 31 18 3129 240.00 971
cyclicnh5 classical 14 random 0.39 0.11 0.08 0.03 0.23 20 312 12 60 32 141 7.00 30
katsuran5 classical 10 perturbation 0.35 0.14 0.13 0.01 0.18 13 171 5 31 18 3129 240.00 971
cyclicn5 classical 18 perturbation 1.05 0.25 0.22 0.05 0.70 23 295 8 124 83 2035 88.00 237
katsuran5 classical 25 random 0.32 0.12 0.09 0.01 0.17 13 171 5 31 18 3129 240.00 971
cyclicnh5 classical 15 random 0.28 0.17 0.13 0.01 0.08 11 146 7 32 14 57 5.00 28
katsuran5 classical 11 perturbation 0.35 0.14 0.13 0.01 0.18 13 171 5 31 18 3129 240.00 971
katsuran5 classical 26 random 0.32 0.12 0.09 0.01 0.18 13 171 5 31 18 3129 240.00 971
cyclicn5 classical 4 perturbation 1.07 0.25 0.23 0.05 0.71 23 295 8 124 83 2035 88.00 237
cyclicnh5 classical 16 random 0.32 0.10 0.08 0.02 0.17 18 255 8 52 27 117 6.00 37
katsuran5 classical 12 perturbation 0.35 0.14 0.13 0.01 0.18 13 171 5 31 18 3129 240.00 971
katsuran5 classical 27 random 0.31 0.11 0.09 0.01 0.17 13 171 5 31 18 3129 240.00 971
cyclicnh5 classical 17 random 0.29 0.17 0.13 0.01 0.09 11 160 7 32 14 63 5.00 31
katsuran5 classical 28 random 0.32 0.12 0.09 0.01 0.17 13 171 5 31 18 3129 240.00 971
katsuran5 classical 13 perturbation 0.35 0.14 0.13 0.01 0.18 13 171 5 31 18 3129 240.00 971
cyclicn5 classical 19 perturbation 1.04 0.25 0.23 0.05 0.68 23 295 8 124 83 2035 88.00 237
katsuran5 classical 29 random 0.32 0.11 0.09 0.01 0.18 13 171 5 31 18 3129 240.00 971
cyclicnh6 classical 29 perturbation 1.84 0.58 0.50 0.05 1.16 34 1540 9 101 66 229 6.00 18
katsuran5 classical 14 perturbation 0.35 0.14 0.13 0.01 0.18 13 171 5 31 18 3129 240.00 971
katsuranh5 classical 0 static 0.20 0.00 0.00 0.01 0.17 13 171 5 31 18 3129 240.00 971
cyclicn5 classical 5 perturbation 1.06 0.25 0.23 0.05 0.70 23 295 8 124 83 2035 88.00 237
katsuran5 classical 15 perturbation 0.35 0.14 0.13 0.01 0.18 13 171 5 31 18 3129 240.00 971
cyclicnh5 classical 18 random 0.98 0.24 0.18 0.05 0.65 41 623 13 124 83 4181 101.00 237
katsuran5 classical 16 perturbation 0.35 0.14 0.13 0.01 0.18 13 171 5 31 18 3129 240.00 971
cyclicn5 classical 20 perturbation 1.05 0.25 0.23 0.05 0.70 23 295 8 124 83 2035 88.00 237
cyclicnh5 classical 19 random 0.26 0.11 0.08 0.02 0.11 16 205 10 46 23 64 4.00 29
katsuranh5 classical 0 caboara-perry 0.77 0.38 0.29 0.02 0.33 14 198 5 34 20 4883 348.00 1125
katsuran5 classical 17 perturbation 0.35 0.14 0.13 0.01 0.18 13 171 5 31 18 3129 240.00 971
cyclicnh5 classical 20 random 0.38 0.18 0.14 0.02 0.15 17 235 9 49 25 82 4.00 33
cyclicn5 classical 6 perturbation 1.08 0.26 0.23 0.05 0.71 23 295 8 124 83 2035 88.00 237
katsuranh5 classical 0 perturbation 0.39 0.19 0.16 0.01 0.17 13 171 5 31 18 3129 240.00 971
katsuran5 classical 18 perturbation 0.35 0.14 0.13 0.01 0.18 13 171 5 31 18 3129 240.00 971
cyclicnh5 classical 21 random 0.31 0.17 0.13 0.02 0.11 13 166 8 38 18 80 6.00 31
katsuranh5 classical 1 perturbation 0.37 0.17 0.15 0.01 0.17 13 171 5 31 18 3129 240.00 971
cyclicn5 classical 21 perturbation 1.05 0.25 0.22 0.05 0.70 23 295 8 124 83 2035 88.00 237
katsuran5 classical 19 perturbation 0.35 0.15 0.13 0.01 0.18 13 171 5 31 18 3129 240.00 971
cyclicnh5 classical 22 random 0.55 0.28 0.24 0.03 0.21 21 280 13 62 34 178 8.00 31
katsuranh5 classical 2 perturbation 0.38 0.18 0.16 0.01 0.18 13 171 5 31 18 3129 240.00 971
katsuran5 classical 20 perturbation 0.35 0.14 0.13 0.01 0.18 13 171 5 31 18 3129 240.00 971
cyclicnh5 classical 23 random 0.31 0.17 0.13 0.02 0.10 16 228 11 45 24 80 5.00 28
cyclicn5 classical 7 perturbation 1.07 0.26 0.23 0.05 0.71 23 295 8 124 83 2035 88.00 237
katsuranh5 classical 3 perturbation 0.37 0.17 0.16 0.01 0.17 13 171 5 31 18 3129 240.00 971
katsuran5 classical 21 perturbation 0.35 0.14 0.13 0.01 0.18 13 171 5 31 18 3129 240.00 971
katsuranh5 classical 13 random 0.32 0.12 0.09 0.01 0.17 13 171 5 31 18 3129 240.00 971
cyclicnh5 classical 24 random 0.44 0.24 0.19 0.03 0.14 12 172 8 60 36 54 4.00 14
cyclicn5 classical 22 perturbation 1.04 0.25 0.23 0.05 0.69 23 295 8 124 83 2035 88.00 237
katsuran5 classical 22 perturbation 0.35 0.14 0.13 0.01 0.18 13 171 5 31 18 3129 240.00 971
katsuranh5 classical 4 perturbation 0.38 0.18 0.16 0.01 0.17 13 171 5 31 18 3129 240.00 971
katsuranh5 classical 14 random 0.32 0.12 0.09 0.01 0.18 13 171 5 31 18 3129 240.00 971
katsuran5 classical 23 perturbation 0.35 0.14 0.13 0.01 0.18 13 171 5 31 18 3129 240.00 971
katsuranh5 classical 5 perturbation 0.38 0.17 0.16 0.01 0.18 13 171 5 31 18 3129 240.00 971
katsuranh5 classical 15 random 0.32 0.12 0.09 0.01 0.17 13 171 5 31 18 3129 240.00 971
katsuran5 classical 24 perturbation 0.35 0.14 0.13 0.01 0.18 13 171 5 31 18 3129 240.00 971
katsuranh5 classical 6 perturbation 0.38 0.17 0.15 0.01 0.17 13 171 5 31 18 3129 240.00 971
katsuranh5 classical 16 random 0.32 0.12 0.09 0.01 0.17 13 171 5 31 18 3129 240.00 971
cyclicnh5 classical 25 random 1.01 0.24 0.18 0.05 0.67 41 623 13 124 83 4181 101.00 237
cyclicn5 classical 23 perturbation 1.05 0.26 0.24 0.05 0.69 23 295 8 124 83 2035 88.00 237
katsuran5 classical 25 perturbation 0.35 0.14 0.13 0.01 0.18 13 171 5 31 18 3129 240.00 971
katsuranh5 classical 17 random 0.32 0.12 0.09 0.01 0.17 13 171 5 31 18 3129 240.00 971
katsuranh5 classical 7 perturbation 0.37 0.17 0.15 0.01 0.17 13 171 5 31 18 3129 240.00 971
cyclicnh5 classical 26 random 0.36 0.17 0.13 0.03 0.14 12 171 7 50 26 39 3.00 6
katsuran5 classical 26 perturbation 0.35 0.14 0.13 0.01 0.18 13 171 5 31 18 3129 240.00 971
katsuranh5 classical 18 random 0.33 0.12 0.09 0.01 0.18 13 171 5 31 18 3129 240.00 971
katsuranh5 classical 8 perturbation 0.38 0.17 0.16 0.01 0.17 13 171 5 31 18 3129 240.00 971
cyclicnh5 classical 27 random 0.41 0.23 0.18 0.02 0.13 17 240 13 51 27 59 3.00 15
katsuran5 classical 27 perturbation 0.35 0.15 0.13 0.01 0.18 13 171 5 31 18 3129 240.00 971
katsuranh5 classical 19 random 0.32 0.12 0.09 0.01 0.17 13 171 5 31 18 3129 240.00 971
katsuranh5 classical 9 perturbation 0.37 0.17 0.15 0.01 0.17 13 171 5 31 18 3129 240.00 971
katsuranh5 classical 20 random 0.32 0.12 0.09 0.01 0.17 13 171 5 31 18 3129 240.00 971
cyclicn5 classical 24 perturbation 1.05 0.25 0.22 0.05 0.69 23 295 8 124 83 2035 88.00 237
cyclicnh5 classical 28 random 0.38 0.18 0.14 0.02 0.15 17 235 9 49 25 82 4.00 33
katsuran5 classical 28 perturbation 0.35 0.14 0.13 0.01 0.18 13 171 5 31 18 3129 240.00 971
katsuranh5 classical 10 perturbation 0.38 0.17 0.15 0.01 0.18 13 171 5 31 18 3129 240.00 971
katsuranh5 classical 21 random 0.32 0.12 0.09 0.01 0.17 13 171 5 31 18 3129 240.00 971
katsuran5 classical 29 perturbation 0.34 0.14 0.13 0.01 0.17 13 171 5 31 18 3129 240.00 971
katsuranh5 classical 11 perturbation 0.38 0.17 0.15 0.01 0.18 13 171 5 31 18 3129 240.00 971
katsuranh5 classical 22 random 0.32 0.12 0.09 0.01 0.17 13 171 5 31 18 3129 240.00 971
katsuran5 classical 0 random 0.31 0.12 0.09 0.01 0.17 13 171 5 31 18 3129 240.00 971
katsuranh5 classical 12 perturbation 0.37 0.17 0.15 0.01 0.17 13 171 5 31 18 3129 240.00 971
katsuranh5 classical 23 random 0.32 0.12 0.09 0.01 0.17 13 171 5 31 18 3129 240.00 971
katsuran5 classical 1 random 0.31 0.11 0.09 0.01 0.17 13 171 5 31 18 3129 240.00 971
cyclicn5 classical 25 perturbation 1.04 0.25 0.22 0.05 0.69 23 295 8 124 83 2035 88.00 237
cyclicnh5 classical 29 random 1.04 0.25 0.19 0.05 0.68 41 623 13 124 83 4181 101.00 237
katsuran5 classical 2 random 0.32 0.12 0.09 0.01 0.17 13 171 5 31 18 3129 240.00 971
katsuranh5 classical 13 perturbation 0.38 0.17 0.15 0.01 0.18 13 171 5 31 18 3129 240.00 971
katsuran5 classical 3 random 0.30 0.10 0.08 0.01 0.17 13 171 5 31 18 3129 240.00 971
katsuranh5 classical 14 perturbation 0.37 0.17 0.15 0.01 0.17 13 171 5 31 18 3129 240.00 971
katsuran5 classical 4 random 0.30 0.10 0.08 0.01 0.17 13 171 5 31 18 3129 240.00 971
cyclicnh6 classical 0 random 6.83 0.68 0.46 0.21 5.81 46 1997 13 230 155 842 18.00 44
katsuranh5 classical 15 perturbation 0.38 0.17 0.16 0.01 0.17 13 171 5 31 18 3129 240.00 971
cyclicn5 classical 26 perturbation 1.05 0.26 0.24 0.05 0.68 23 295 8 124 83 2035 88.00 237
katsuran5 classical 5 random 0.30 0.10 0.08 0.01 0.17 13 171 5 31 18 3129 240.00 971
katsuranh5 classical 16 perturbation 0.38 0.17 0.16 0.01 0.18 13 171 5 31 18 3129 240.00 971
katsuran5 classical 6 random 0.30 0.10 0.08 0.01 0.17 13 171 5 31 18 3129 240.00 971
katsuran5 classical 7 random 0.31 0.10 0.08 0.01 0.17 13 171 5 31 18 3129 240.00 971
katsuranh5 classical 17 perturbation 0.37 0.17 0.16 0.01 0.17 13 171 5 31 18 3129 240.00 971
cyclicn5 classical 27 perturbation 1.05 0.25 0.23 0.05 0.70 23 295 8 124 83 2035 88.00 237
katsuranh5 classical 18 perturbation 0.37 0.17 0.15 0.01 0.17 13 171 5 31 18 3129 240.00 971
katsuranh5 classical 19 perturbation 0.38 0.17 0.16 0.01 0.18 13 171 5 31 18 3129 240.00 971
katsuranh5 classical 20 perturbation 0.37 0.17 0.15 0.01 0.18 13 171 5 31 18 3129 240.00 971
cyclicn5 classical 28 perturbation 1.05 0.25 0.22 0.05 0.70 23 295 8 124 83 2035 88.00 237
katsuranh5 classical 21 perturbation 0.37 0.17 0.15 0.01 0.18 13 171 5 31 18 3129 240.00 971
katsuranh5 classical 22 perturbation 0.38 0.17 0.16 0.01 0.18 13 171 5 31 18 3129 240.00 971
katsuranh5 classical 23 perturbation 0.37 0.17 0.15 0.01 0.18 13 171 5 31 18 3129 240.00 971
cyclicn5 classical 29 perturbation 1.04 0.25 0.22 0.05 0.69 23 295 8 124 83 2035 88.00 237
katsuranh5 classical 24 perturbation 0.38 0.17 0.16 0.01 0.18 13 171 5 31 18 3129 240.00 971
katsuranh5 classical 25 perturbation 0.39 0.17 0.15 0.01 0.19 13 171 5 31 18 3129 240.00 971
katsuranh5 classical 26 perturbation 0.38 0.18 0.16 0.01 0.18 13 171 5 31 18 3129 240.00 971
cyclicn5 classical 0 random 1.28 0.47 0.18 0.05 0.70 23 295 8 124 83 2035 88.00 237
katsuranh5 classical 27 perturbation 0.38 0.17 0.15 0.01 0.18 13 171 5 31 18 3129 240.00 971
katsuran6 classical 18 random 3.85 0.12 0.09 0.02 3.63 21 518 6 66 45 16686 794.00 3127
katsuranh5 classical 28 perturbation 0.38 0.17 0.16 0.01 0.18 13 171 5 31 18 3129 240.00 971
katsuranh5 classical 29 perturbation 0.38 0.17 0.16 0.01 0.18 13 171 5 31 18 3129 240.00 971
cyclicn5 classical 1 random 1.05 0.24 0.18 0.05 0.71 23 295 8 124 83 2035 88.00 237
katsuranh5 classical 0 random 0.33 0.12 0.09 0.01 0.18 13 171 5 31 18 3129 240.00 971
katsuranh5 classical 24 random 6.92 0.19 0.14 0.04 6.60 29 427 16 104 72 38957 1343.00 5074
katsuranh5 classical 25 random 0.31 0.11 0.09 0.01 0.16 13 171 5 31 18 3129 240.00 971
katsuranh5 classical 1 random 0.43 0.23 0.09 0.01 0.18 13 171 5 31 18 3129 240.00 971
katsuranh5 classical 26 random 0.31 0.11 0.08 0.01 0.17 13 171 5 31 18 3129 240.00 971
katsuranh5 classical 2 random 0.33 0.12 0.09 0.01 0.18 13 171 5 31 18 3129 240.00 971
cyclicn5 classical 2 random 1.04 0.24 0.18 0.05 0.69 23 295 8 124 83 2035 88.00 237
katsuranh5 classical 27 random 0.30 0.11 0.08 0.01 0.16 13 171 5 31 18 3129 240.00 971
katsuranh5 classical 3 random 0.34 0.13 0.10 0.01 0.18 13 171 5 31 18 3129 240.00 971
katsuranh5 classical 28 random 0.29 0.11 0.08 0.01 0.16 13 171 5 31 18 3129 240.00 971
katsuranh5 classical 4 random 0.33 0.12 0.09 0.01 0.18 13 171 5 31 18 3129 240.00 971
katsuranh5 classical 29 random 0.30 0.11 0.08 0.01 0.16 13 171 5 31 18 3129 240.00 971
katsuranh5 classical 5 random 0.32 0.12 0.09 0.01 0.17 13 171 5 31 18 3129 240.00 971
cyclicn5 classical 3 random 1.05 0.24 0.18 0.05 0.71 23 295 8 124 83 2035 88.00 237
katsuranh5 classical 6 random 0.33 0.12 0.09 0.01 0.18 13 171 5 31 18 3129 240.00 971
katsuranh5 classical 7 random 0.34 0.12 0.09 0.01 0.19 13 171 5 31 18 3129 240.00 971
katsuranh5 classical 8 random 0.32 0.12 0.09 0.01 0.18 13 171 5 31 18 3129 240.00 971
katsuran6 classical 19 random 3.85 0.12 0.09 0.02 3.64 21 518 6 66 45 16686 794.00 3127
cyclicn5 classical 4 random 1.05 0.24 0.18 0.05 0.70 23 295 8 124 83 2035 88.00 237
katsuranh5 classical 9 random 0.33 0.12 0.09 0.01 0.18 13 171 5 31 18 3129 240.00 971
katsuranh5 classical 10 random 0.33 0.12 0.09 0.01 0.18 13 171 5 31 18 3129 240.00 971
katsuranh5 classical 11 random 0.32 0.12 0.09 0.01 0.17 13 171 5 31 18 3129 240.00 971
cyclicn5 classical 5 random 1.04 0.24 0.18 0.05 0.70 23 295 8 124 83 2035 88.00 237
katsuranh5 classical 12 random 0.33 0.12 0.09 0.01 0.18 13 171 5 31 18 3129 240.00 971
cyclicn5 classical 6 random 1.00 0.24 0.18 0.05 0.66 23 295 8 124 83 2035 88.00 237
katsuran6 classical 0 static 3.52 0.00 0.00 0.02 3.45 21 518 6 66 45 16686 794.00 3127
cyclicn5 classical 7 random 1.10 0.29 0.22 0.06 0.69 25 313 8 137 89 1928 77.00 243
katsuran6 classical 20 random 3.95 0.23 0.09 0.02 3.63 21 518 6 66 45 16686 794.00 3127
cyclicn5 classical 8 random 0.94 0.22 0.17 0.05 0.63 23 295 8 124 83 2035 88.00 237
katsuranh6 classical 23 random 3.89 0.13 0.10 0.02 3.66 21 518 6 66 45 16686 794.00 3127
cyclicn5 classical 9 random 0.94 0.22 0.17 0.05 0.63 23 295 8 124 83 2035 88.00 237
cyclicn5 classical 10 random 0.99 0.24 0.18 0.05 0.66 23 295 8 124 83 2035 88.00 237
cyclicn5 classical 11 random 0.95 0.22 0.17 0.05 0.64 23 295 8 124 83 2035 88.00 237
katsuran6 classical 21 random 3.84 0.12 0.09 0.02 3.64 21 518 6 66 45 16686 794.00 3127
cyclicn5 classical 12 random 0.94 0.22 0.17 0.05 0.63 23 295 8 124 83 2035 88.00 237
cyclicn5 classical 13 random 0.94 0.22 0.17 0.05 0.62 23 295 8 124 83 2035 88.00 237
katsuranh6 classical 24 random 3.89 0.13 0.09 0.02 3.67 21 518 6 66 45 16686 794.00 3127
katsuran6 classical 0 caboara-perry 7.06 0.57 0.36 0.08 6.30 23 603 6 72 49 22895 995.00 3567
cyclicn5 classical 14 random 1.00 0.23 0.18 0.05 0.66 23 295 8 124 83 2035 88.00 237
katsuran6 classical 22 random 3.87 0.12 0.09 0.02 3.66 21 518 6 66 45 16686 794.00 3127
cyclicn6 classical 18 perturbation 40.95 1.42 1.00 0.41 38.29 46 1168 10 425 312 12769 277.00 674
cyclicn5 classical 15 random 2.80 0.29 0.22 0.16 2.08 16 198 26 191 118 11117 694.00 796
katsuranh6 classical 25 random 3.86 0.13 0.09 0.02 3.64 21 518 6 66 45 16686 794.00 3127
katsuran6 classical 0 perturbation 3.76 0.18 0.16 0.02 3.49 21 518 6 66 45 16686 794.00 3127
cyclicn5 classical 16 random 1.10 0.34 0.18 0.05 0.66 23 295 8 124 83 2035 88.00 237
katsuran6 classical 23 random 3.86 0.12 0.09 0.02 3.64 21 518 6 66 45 16686 794.00 3127
katsuranh6 classical 26 random 3.87 0.13 0.09 0.02 3.65 21 518 6 66 45 16686 794.00 3127
katsuran6 classical 1 perturbation 3.73 0.16 0.15 0.02 3.48 21 518 6 66 45 16686 794.00 3127
cyclicn5 classical 17 random 3.01 0.59 0.43 0.16 1.72 12 144 36 157 88 9841 820.00 981
cyclicn5 classical 18 random 0.98 0.23 0.18 0.05 0.65 23 295 8 124 83 2035 88.00 237
katsuran6 classical 24 random 3.81 0.12 0.09 0.02 3.60 21 518 6 66 45 16686 794.00 3127
katsuran6 classical 2 perturbation 3.68 0.16 0.14 0.02 3.44 21 518 6 66 45 16686 794.00 3127
katsuranh6 classical 27 random 3.87 0.12 0.09 0.02 3.65 21 518 6 66 45 16686 794.00 3127
cyclicn5 classical 19 random 2.96 0.66 0.48 0.14 2.01 18 249 16 172 108 7313 406.00 594
cyclicn5 classical 20 random 0.97 0.23 0.18 0.05 0.65 23 295 8 124 83 2035 88.00 237
katsuran6 classical 25 random 3.83 0.12 0.09 0.02 3.62 21 518 6 66 45 16686 794.00 3127
cyclicn5 classical 21 random 1.66 0.44 0.32 0.12 1.04 23 293 9 194 138 2430 105.00 249
katsuran6 classical 3 perturbation 3.69 0.16 0.14 0.02 3.46 21 518 6 66 45 16686 794.00 3127
cyclicn5 classical 22 random 0.94 0.22 0.17 0.05 0.63 23 295 8 124 83 2035 88.00 237
katsuranh6 classical 28 random 3.89 0.13 0.10 0.02 3.67 21 518 6 66 45 16686 794.00 3127
cyclicn5 classical 23 random 1.01 0.24 0.18 0.05 0.67 23 295 8 124 83 2035 88.00 237
cyclicn5 classical 24 random 0.96 0.23 0.17 0.05 0.64 23 295 8 124 83 2035 88.00 237
katsuran6 classical 26 random 3.82 0.12 0.09 0.02 3.61 21 518 6 66 45 16686 794.00 3127
cyclicn5 classical 25 random 0.94 0.22 0.17 0.05 0.63 23 295 8 124 83 2035 88.00 237
katsuran6 classical 4 perturbation 3.68 0.16 0.14 0.02 3.44 21 518 6 66 45 16686 794.00 3127
cyclicn5 classical 26 random 0.94 0.22 0.17 0.05 0.63 23 295 8 124 83 2035 88.00 237
katsuranh6 classical 29 random 3.90 0.13 0.10 0.02 3.68 21 518 6 66 45 16686 794.00 3127
cyclicn6 classical 0 static 38.16 0.00 0.00 0.38 37.16 46 1168 10 425 312 12769 277.00 674
cyclicn5 classical 27 random 1.04 0.23 0.18 0.05 0.71 23 295 8 124 83 2035 88.00 237
cyclicn5 classical 28 random 1.04 0.24 0.18 0.05 0.70 23 295 8 124 83 2035 88.00 237
katsuran6 classical 27 random 3.81 0.12 0.09 0.02 3.60 21 518 6 66 45 16686 794.00 3127
cyclicn5 classical 29 random 1.03 0.24 0.18 0.05 0.69 23 295 8 124 83 2035 88.00 237
katsuran6 classical 5 perturbation 3.70 0.16 0.14 0.02 3.46 21 518 6 66 45 16686 794.00 3127
cyclicnh5 classical 0 static 0.77 0.00 0.00 0.05 0.68 41 623 13 124 83 4181 101.00 237
cyclicnh5 classical 0 caboara-perry 0.51 0.29 0.20 0.02 0.15 21 298 12 49 28 119 5.00 28
cyclicnh6 classical 1 random 41.50 0.93 0.58 0.35 39.79 113 3948 22 454 341 33081 292.00 665
cyclicnh5 classical 0 perturbation 0.24 0.16 0.14 0.01 0.05 12 171 7 32 16 39 3.00 6
cyclicnh5 classical 1 perturbation 0.23 0.15 0.13 0.01 0.05 12 171 7 32 16 39 3.00 6
cyclicnh5 classical 2 perturbation 0.23 0.15 0.13 0.01 0.05 12 171 7 32 16 39 3.00 6
cyclicnh5 classical 3 perturbation 0.22 0.14 0.13 0.01 0.05 12 171 7 32 16 39 3.00 6
cyclicnh5 classical 4 perturbation 0.22 0.14 0.13 0.01 0.05 12 171 7 32 16 39 3.00 6
cyclicnh5 classical 5 perturbation 0.22 0.14 0.13 0.01 0.05 12 171 7 32 16 39 3.00 6
cyclicnh5 classical 6 perturbation 0.22 0.14 0.13 0.01 0.05 12 171 7 32 16 39 3.00 6
cyclicnh5 classical 7 perturbation 0.22 0.14 0.13 0.01 0.05 12 171 7 32 16 39 3.00 6
katsuran6 classical 28 random 3.80 0.12 0.09 0.02 3.60 21 518 6 66 45 16686 794.00 3127
cyclicnh5 classical 8 perturbation 0.23 0.14 0.13 0.01 0.06 12 171 7 32 16 39 3.00 6
cyclicnh5 classical 9 perturbation 0.22 0.14 0.13 0.01 0.05 12 171 7 32 16 39 3.00 6
cyclicnh5 classical 10 perturbation 0.23 0.14 0.13 0.01 0.05 12 171 7 32 16 39 3.00 6
cyclicnh5 classical 11 perturbation 0.23 0.14 0.13 0.01 0.05 12 171 7 32 16 39 3.00 6
katsuran6 classical 6 perturbation 3.90 0.27 0.25 0.02 3.55 21 518 6 66 45 16686 794.00 3127
cyclicnh5 classical 12 perturbation 0.22 0.14 0.13 0.01 0.05 12 171 7 32 16 39 3.00 6
katsuran6 classical 29 random 3.81 0.12 0.09 0.02 3.61 21 518 6 66 45 16686 794.00 3127
katsuran6 classical 7 perturbation 3.77 0.16 0.15 0.02 3.52 21 518 6 66 45 16686 794.00 3127
katsuranh6 classical 0 static 3.68 0.00 0.00 0.02 3.60 21 518 6 66 45 16686 794.00 3127
katsuran6 classical 8 perturbation 3.88 0.17 0.15 0.02 3.63 21 518 6 66 45 16686 794.00 3127
katsuran6 classical 9 perturbation 3.76 0.17 0.15 0.02 3.51 21 518 6 66 45 16686 794.00 3127
katsuran6 classical 10 perturbation 3.72 0.16 0.14 0.02 3.48 21 518 6 66 45 16686 794.00 3127
cyclicn6 classical 19 perturbation 39.01 1.28 0.91 0.37 36.69 46 1168 10 425 312 12769 277.00 674
cyclicnh6 classical 2 random 21.36 0.82 0.51 0.55 19.56 37 1692 11 319 216 522 14.00 40
katsuran6 classical 11 perturbation 3.75 0.16 0.14 0.02 3.51 21 518 6 66 45 16686 794.00 3127
katsuranh6 classical 0 caboara-perry 13.69 1.44 0.83 0.08 12.04 24 640 6 77 53 32345 1347.00 5051
katsuran6 classical 12 perturbation 3.82 0.17 0.15 0.02 3.56 21 518 6 66 45 16686 794.00 3127
katsuranh6 classical 0 perturbation 3.93 0.22 0.19 0.02 3.62 21 518 6 66 45 16686 794.00 3127
katsuran6 classical 13 perturbation 3.81 0.16 0.14 0.02 3.56 21 518 6 66 45 16686 794.00 3127
katsuranh6 classical 1 perturbation 3.91 0.20 0.18 0.02 3.61 21 518 6 66 45 16686 794.00 3127
katsuran6 classical 14 perturbation 3.88 0.17 0.15 0.02 3.62 21 518 6 66 45 16686 794.00 3127
katsuranh6 classical 2 perturbation 3.91 0.21 0.18 0.02 3.61 21 518 6 66 45 16686 794.00 3127
katsuran6 classical 15 perturbation 3.82 0.17 0.15 0.02 3.56 21 518 6 66 45 16686 794.00 3127
katsuranh6 classical 3 perturbation 3.93 0.20 0.18 0.02 3.64 21 518 6 66 45 16686 794.00 3127
katsuran6 classical 16 perturbation 3.73 0.16 0.14 0.02 3.49 21 518 6 66 45 16686 794.00 3127
katsuranh6 classical 4 perturbation 3.97 0.20 0.18 0.02 3.68 21 518 6 66 45 16686 794.00 3127
katsuran6 classical 17 perturbation 3.74 0.16 0.14 0.02 3.49 21 518 6 66 45 16686 794.00 3127
katsuranh6 classical 5 perturbation 3.97 0.20 0.18 0.02 3.67 21 518 6 66 45 16686 794.00 3127
katsuran6 classical 18 perturbation 3.73 0.16 0.14 0.02 3.49 21 518 6 66 45 16686 794.00 3127
katsuranh6 classical 6 perturbation 3.96 0.20 0.18 0.02 3.67 21 518 6 66 45 16686 794.00 3127
katsuran6 classical 19 perturbation 3.75 0.16 0.14 0.02 3.50 21 518 6 66 45 16686 794.00 3127
cyclicnh6 classical 3 random 32.77 0.84 0.53 0.69 30.84 35 1287 9 325 216 358 10.00 29
katsuranh6 classical 7 perturbation 3.96 0.20 0.18 0.02 3.67 21 518 6 66 45 16686 794.00 3127
katsuran6 classical 20 perturbation 3.83 0.17 0.15 0.02 3.58 21 518 6 66 45 16686 794.00 3127
cyclicn6 classical 20 perturbation 38.38 1.43 1.09 0.35 35.93 46 1168 10 425 312 12769 277.00 674
katsuranh6 classical 8 perturbation 3.97 0.20 0.18 0.02 3.67 21 518 6 66 45 16686 794.00 3127
katsuran6 classical 21 perturbation 3.80 0.17 0.15 0.02 3.55 21 518 6 66 45 16686 794.00 3127
katsuranh6 classical 9 perturbation 3.97 0.20 0.18 0.02 3.67 21 518 6 66 45 16686 794.00 3127
katsuran6 classical 22 perturbation 3.88 0.17 0.15 0.02 3.62 21 518 6 66 45 16686 794.00 3127
katsuranh6 classical 10 perturbation 3.94 0.20 0.18 0.02 3.65 21 518 6 66 45 16686 794.00 3127
katsuran6 classical 23 perturbation 3.88 0.17 0.15 0.02 3.63 21 518 6 66 45 16686 794.00 3127
katsuranh6 classical 11 perturbation 3.97 0.20 0.18 0.02 3.68 21 518 6 66 45 16686 794.00 3127
katsuran6 classical 24 perturbation 3.88 0.17 0.15 0.02 3.63 21 518 6 66 45 16686 794.00 3127
katsuranh6 classical 12 perturbation 3.97 0.20 0.18 0.02 3.68 21 518 6 66 45 16686 794.00 3127
katsuran6 classical 25 perturbation 3.88 0.17 0.15 0.02 3.62 21 518 6 66 45 16686 794.00 3127
katsuranh6 classical 13 perturbation 3.97 0.20 0.18 0.02 3.67 21 518 6 66 45 16686 794.00 3127
katsuran6 classical 26 perturbation 3.88 0.17 0.15 0.02 3.62 21 518 6 66 45 16686 794.00 3127
katsuranh6 classical 14 perturbation 3.97 0.20 0.18 0.02 3.68 21 518 6 66 45 16686 794.00 3127
katsuran6 classical 27 perturbation 3.77 0.16 0.15 0.02 3.52 21 518 6 66 45 16686 794.00 3127
katsuranh6 classical 15 perturbation 3.97 0.20 0.18 0.02 3.67 21 518 6 66 45 16686 794.00 3127
katsuran6 classical 28 perturbation 3.75 0.16 0.15 0.02 3.50 21 518 6 66 45 16686 794.00 3127
katsuranh6 classical 16 perturbation 3.97 0.20 0.18 0.02 3.67 21 518 6 66 45 16686 794.00 3127
katsuran6 classical 29 perturbation 3.86 0.16 0.14 0.02 3.61 21 518 6 66 45 16686 794.00 3127
katsuran6 classical 0 random 3.79 0.12 0.09 0.02 3.58 21 518 6 66 45 16686 794.00 3127
katsuranh6 classical 17 perturbation 3.97 0.20 0.18 0.02 3.68 21 518 6 66 45 16686 794.00 3127
cyclicn6 classical 21 perturbation 38.24 1.23 0.88 0.35 35.99 46 1168 10 425 312 12769 277.00 674
katsuran6 classical 1 random 3.82 0.12 0.09 0.02 3.61 21 518 6 66 45 16686 794.00 3127
katsuranh6 classical 18 perturbation 3.95 0.20 0.18 0.02 3.65 21 518 6 66 45 16686 794.00 3127
katsuran6 classical 2 random 3.81 0.12 0.09 0.02 3.60 21 518 6 66 45 16686 794.00 3127
katsuranh6 classical 19 perturbation 3.93 0.20 0.18 0.02 3.64 21 518 6 66 45 16686 794.00 3127
cyclicnh6 classical 4 random 49.39 1.82 0.97 1.45 45.54 64 2778 17 559 397 2168 33.00 92
katsuran6 classical 3 random 3.78 0.12 0.09 0.02 3.57 21 518 6 66 45 16686 794.00 3127
katsuranh6 classical 20 perturbation 3.95 0.20 0.18 0.02 3.65 21 518 6 66 45 16686 794.00 3127
katsuran6 classical 4 random 3.72 0.12 0.09 0.02 3.52 21 518 6 66 45 16686 794.00 3127
katsuranh6 classical 21 perturbation 3.96 0.20 0.18 0.02 3.67 21 518 6 66 45 16686 794.00 3127
katsuran6 classical 5 random 3.66 0.11 0.08 0.02 3.46 21 518 6 66 45 16686 794.00 3127
katsuranh6 classical 22 perturbation 3.96 0.20 0.18 0.02 3.67 21 518 6 66 45 16686 794.00 3127
katsuran6 classical 6 random 3.66 0.11 0.08 0.02 3.47 21 518 6 66 45 16686 794.00 3127
katsuranh6 classical 23 perturbation 3.97 0.20 0.18 0.02 3.67 21 518 6 66 45 16686 794.00 3127
katsuran6 classical 7 random 3.66 0.11 0.08 0.02 3.46 21 518 6 66 45 16686 794.00 3127
katsuranh6 classical 24 perturbation 3.97 0.20 0.18 0.02 3.67 21 518 6 66 45 16686 794.00 3127
katsuran6 classical 8 random 3.71 0.11 0.08 0.02 3.51 21 518 6 66 45 16686 794.00 3127
katsuranh6 classical 25 perturbation 3.97 0.20 0.18 0.02 3.67 21 518 6 66 45 16686 794.00 3127
katsuran6 classical 9 random 3.69 0.12 0.09 0.02 3.49 21 518 6 66 45 16686 794.00 3127
katsuranh6 classical 26 perturbation 3.97 0.20 0.18 0.02 3.68 21 518 6 66 45 16686 794.00 3127
katsuran6 classical 10 random 3.62 0.11 0.08 0.02 3.43 21 518 6 66 45 16686 794.00 3127
cyclicn6 classical 22 perturbation 38.35 1.23 0.88 0.35 36.11 46 1168 10 425 312 12769 277.00 674
katsuranh6 classical 27 perturbation 3.93 0.20 0.18 0.02 3.63 21 518 6 66 45 16686 794.00 3127
katsuran6 classical 11 random 3.64 0.11 0.08 0.02 3.45 21 518 6 66 45 16686 794.00 3127
katsuranh6 classical 28 perturbation 3.84 0.21 0.18 0.02 3.54 21 518 6 66 45 16686 794.00 3127
katsuran6 classical 12 random 3.66 0.12 0.09 0.02 3.46 21 518 6 66 45 16686 794.00 3127
katsuranh6 classical 29 perturbation 3.94 0.20 0.18 0.02 3.65 21 518 6 66 45 16686 794.00 3127
katsuran6 classical 13 random 3.62 0.09 0.07 0.02 3.45 21 518 6 66 45 16686 794.00 3127
cyclicnh6 classical 5 random 41.72 0.94 0.59 0.35 39.99 113 3948 22 454 341 33081 292.00 665
katsuranh6 classical 0 random 3.86 0.13 0.09 0.02 3.64 21 518 6 66 45 16686 794.00 3127
katsuran6 classical 14 random 3.72 0.09 0.08 0.02 3.54 21 518 6 66 45 16686 794.00 3127
katsuranh6 classical 1 random 3.85 0.13 0.09 0.02 3.63 21 518 6 66 45 16686 794.00 3127
katsuran6 classical 15 random 3.73 0.09 0.08 0.02 3.55 21 518 6 66 45 16686 794.00 3127
katsuranh6 classical 2 random 3.85 0.13 0.09 0.02 3.63 21 518 6 66 45 16686 794.00 3127
katsuran6 classical 16 random 3.67 0.09 0.08 0.02 3.50 21 518 6 66 45 16686 794.00 3127
katsuranh6 classical 3 random 3.86 0.13 0.09 0.02 3.64 21 518 6 66 45 16686 794.00 3127
katsuran6 classical 17 random 3.65 0.09 0.08 0.02 3.48 21 518 6 66 45 16686 794.00 3127
katsuranh6 classical 4 random 3.87 0.13 0.09 0.02 3.65 21 518 6 66 45 16686 794.00 3127
katsuranh6 classical 5 random 3.89 0.13 0.09 0.02 3.67 21 518 6 66 45 16686 794.00 3127
katsuranh6 classical 6 random 3.88 0.13 0.09 0.02 3.66 21 518 6 66 45 16686 794.00 3127
cyclicn6 classical 23 perturbation 38.60 1.25 0.90 0.35 36.31 46 1168 10 425 312 12769 277.00 674
katsuranh6 classical 7 random 3.88 0.13 0.09 0.02 3.66 21 518 6 66 45 16686 794.00 3127
katsuranh6 classical 8 random 3.89 0.13 0.09 0.02 3.67 21 518 6 66 45 16686 794.00 3127
katsuranh6 classical 9 random 3.89 0.13 0.10 0.02 3.67 21 518 6 66 45 16686 794.00 3127
katsuranh6 classical 10 random 3.89 0.13 0.09 0.02 3.67 21 518 6 66 45 16686 794.00 3127
cyclicnh6 classical 6 random 41.38 0.93 0.57 0.35 39.67 113 3948 22 454 341 33081 292.00 665
katsuranh6 classical 11 random 3.89 0.13 0.09 0.02 3.67 21 518 6 66 45 16686 794.00 3127
katsuranh6 classical 12 random 3.88 0.13 0.09 0.02 3.66 21 518 6 66 45 16686 794.00 3127
katsuranh6 classical 13 random 3.89 0.13 0.09 0.02 3.67 21 518 6 66 45 16686 794.00 3127
katsuranh6 classical 14 random 3.91 0.13 0.10 0.02 3.68 21 518 6 66 45 16686 794.00 3127
katsuranh6 classical 15 random 3.91 0.13 0.09 0.02 3.69 21 518 6 66 45 16686 794.00 3127
katsuranh6 classical 16 random 3.90 0.13 0.09 0.02 3.68 21 518 6 66 45 16686 794.00 3127
cyclicn6 classical 24 perturbation 38.66 1.23 0.88 0.36 36.38 46 1168 10 425 312 12769 277.00 674
katsuranh6 classical 17 random 3.90 0.13 0.09 0.02 3.68 21 518 6 66 45 16686 794.00 3127
katsuranh6 classical 18 random 3.90 0.13 0.09 0.02 3.68 21 518 6 66 45 16686 794.00 3127
katsuranh6 classical 19 random 3.89 0.13 0.09 0.02 3.68 21 518 6 66 45 16686 794.00 3127
katsuranh6 classical 20 random 3.90 0.13 0.10 0.02 3.68 21 518 6 66 45 16686 794.00 3127
katsuranh6 classical 21 random 3.87 0.13 0.09 0.02 3.65 21 518 6 66 45 16686 794.00 3127
cyclicnh6 classical 7 random 40.92 0.92 0.57 0.34 39.24 113 3948 22 454 341 33081 292.00 665
katsuranh6 classical 22 random 3.86 0.13 0.09 0.02 3.64 21 518 6 66 45 16686 794.00 3127
cyclicn6 classical 25 perturbation 38.37 1.25 0.89 0.35 36.10 46 1168 10 425 312 12769 277.00 674
cyclicnh6 classical 8 random 40.95 0.91 0.56 0.34 39.27 113 3948 22 454 341 33081 292.00 665
cyclicnh6 classical 9 random 2.18 0.27 0.19 0.07 1.78 37 1428 10 120 75 522 14.00 47
cyclicnh6 classical 10 random 4.03 0.71 0.53 0.12 3.11 49 1696 13 181 121 1146 23.00 51
cyclicnh6 classical 11 random 9.72 0.64 0.43 0.24 8.68 69 2766 19 264 179 2093 30.00 74
cyclicn6 classical 26 perturbation 38.16 1.24 0.88 0.34 35.90 46 1168 10 425 312 12769 277.00 674
katsuran7 classical 1 perturbation 154.11 0.46 0.37 0.07 152.86 39 1932 7 159 120 91582 2348.00 9390
cyclicn6 classical 27 perturbation 38.24 1.25 0.89 0.34 35.96 46 1168 10 425 312 12769 277.00 674
cyclicnh6 classical 12 random 43.90 0.96 0.59 0.37 42.10 113 3948 22 454 341 33081 292.00 665
cyclicn6 classical 28 perturbation 38.32 1.25 0.89 0.34 36.03 46 1168 10 425 312 12769 277.00 674
katsuranh7 classical 6 perturbation 155.69 0.59 0.46 0.08 154.29 39 1932 7 159 120 91582 2348.00 9390
cyclicn6 classical 29 perturbation 38.36 1.25 0.89 0.34 36.07 46 1168 10 425 312 12769 277.00 674
cyclicnh6 classical 13 random 76.50 1.92 1.07 1.65 71.95 44 1723 11 594 425 1040 23.00 56
cyclicnh6 classical 14 random 45.08 1.04 0.64 0.40 43.15 113 3948 22 454 341 33081 292.00 665
cyclicnh6 classical 15 random 1.95 0.22 0.16 0.05 1.62 31 1243 9 97 58 287 9.00 23
katsuran7 classical 2 perturbation 152.47 0.43 0.36 0.07 151.25 39 1932 7 159 120 91582 2348.00 9390
cyclicn6 classical 0 caboara-perry 492.70 3.29 2.09 1.45 232.98 7 189 108 464 286 48836 6976.00 7630
cyclicnh6 classical 16 random 44.83 1.02 0.63 0.40 42.91 113 3948 22 454 341 33081 292.00 665
cyclicnh6 classical 17 random 2.85 0.28 0.20 0.05 2.45 31 1277 11 101 62 387 12.00 34
cyclicnh6 classical 18 random 7.99 0.73 0.54 0.14 6.98 59 2765 11 195 131 1643 27.00 67
cyclicn6 classical 0 perturbation 38.67 1.25 0.89 0.35 36.39 46 1168 10 425 312 12769 277.00 674
katsuranh7 classical 7 perturbation 152.95 0.51 0.42 0.07 151.65 39 1932 7 159 120 91582 2348.00 9390
cyclicnh6 classical 19 random 43.88 1.03 0.64 0.39 41.99 113 3948 22 454 341 33081 292.00 665
cyclicnh6 classical 20 random 6.31 0.61 0.41 0.27 5.30 52 1693 14 239 160 1459 28.00 70
cyclicn6 classical 1 perturbation 38.64 1.24 0.88 0.35 36.38 46 1168 10 425 312 12769 277.00 674
cyclicnh6 classical 21 random 41.21 0.93 0.58 0.34 39.50 113 3948 22 454 341 33081 292.00 665
cyclicnh6 classical 22 random 2.42 0.27 0.19 0.07 2.01 38 1616 12 125 79 785 20.00 62
cyclicn6 classical 2 perturbation 38.70 1.25 0.90 0.35 36.41 46 1168 10 425 312 12769 277.00 674
cyclicnh6 classical 23 random 6.04 0.57 0.38 0.12 5.23 61 2230 16 207 145 2043 33.00 78
cyclicnh6 classical 24 random 2.28 0.41 0.29 0.06 1.74 40 1536 11 127 84 808 20.00 51
katsuran7 classical 3 perturbation 152.44 0.44 0.36 0.07 151.22 39 1932 7 159 120 91582 2348.00 9390
cyclicnh6 classical 25 random 13.93 0.66 0.43 0.37 12.62 31 1443 9 276 187 229 7.00 24
cyclicn6 classical 3 perturbation 38.68 1.24 0.88 0.35 36.41 46 1168 10 425 312 12769 277.00 674
cyclicnh6 classical 26 random 41.22 0.91 0.57 0.34 39.52 113 3948 22 454 341 33081 292.00 665
cyclicn6 classical 4 perturbation 38.71 1.23 0.88 0.36 36.45 46 1168 10 425 312 12769 277.00 674
katsuranh7 classical 8 perturbation 152.82 0.50 0.41 0.07 151.53 39 1932 7 159 120 91582 2348.00 9390
cyclicnh6 classical 27 random 27.97 0.91 0.56 0.59 25.96 39 1694 11 329 219 797 20.00 50
cyclicn6 classical 5 perturbation 38.67 1.23 0.88 0.35 36.41 46 1168 10 425 312 12769 277.00 674
cyclicnh6 classical 28 random 41.37 1.07 0.57 0.34 39.51 113 3948 22 454 341 33081 292.00 665
cyclicnh6 classical 29 random 2.23 0.33 0.24 0.06 1.78 38 1609 10 122 78 588 15.00 41
katsuran4 classical 0 static 0.02 0.00 0.00 0.00 0.01 7 50 4 12 5 480 68.00 259
katsuran4 classical 0 caboara-perry 0.10 0.06 0.05 0.00 0.02 7 55 4 12 5 839 119.00 363
katsuran4 classical 0 perturbation 0.08 0.05 0.05 0.00 0.01 7 50 4 12 5 480 68.00 259
katsuran4 classical 1 perturbation 0.07 0.05 0.04 0.00 0.01 7 50 4 12 5 480 68.00 259
katsuran4 classical 2 perturbation 0.07 0.05 0.04 0.00 0.01 7 50 4 12 5 480 68.00 259
katsuran4 classical 3 perturbation 0.07 0.05 0.04 0.00 0.01 7 50 4 12 5 480 68.00 259
katsuran4 classical 4 perturbation 0.07 0.05 0.05 0.00 0.01 7 50 4 12 5 480 68.00 259
katsuran4 classical 5 perturbation 0.07 0.05 0.04 0.00 0.01 7 50 4 12 5 480 68.00 259
katsuran4 classical 6 perturbation 0.07 0.05 0.04 0.00 0.01 7 50 4 12 5 480 68.00 259
katsuran4 classical 7 perturbation 0.07 0.05 0.04 0.00 0.01 7 50 4 12 5 480 68.00 259
katsuran4 classical 8 perturbation 0.07 0.05 0.04 0.00 0.01 7 50 4 12 5 480 68.00 259
katsuran4 classical 9 perturbation 0.07 0.05 0.04 0.00 0.01 7 50 4 12 5 480 68.00 259
katsuran4 classical 10 perturbation 0.07 0.05 0.04 0.00 0.01 7 50 4 12 5 480 68.00 259
katsuran4 classical 11 perturbation 0.07 0.05 0.05 0.00 0.01 7 50 4 12 5 480 68.00 259
katsuran4 classical 12 perturbation 0.07 0.05 0.05 0.00 0.01 7 50 4 12 5 480 68.00 259
katsuran4 classical 13 perturbation 0.07 0.05 0.04 0.00 0.01 7 50 4 12 5 480 68.00 259
katsuran4 classical 14 perturbation 0.07 0.05 0.04 0.00 0.01 7 50 4 12 5 480 68.00 259
katsuran4 classical 15 perturbation 0.07 0.05 0.04 0.00 0.01 7 50 4 12 5 480 68.00 259
katsuran4 classical 16 perturbation 0.07 0.05 0.04 0.00 0.01 7 50 4 12 5 480 68.00 259
katsuran4 classical 17 perturbation 0.07 0.05 0.04 0.00 0.01 7 50 4 12 5 480 68.00 259
katsuran4 classical 18 perturbation 0.07 0.05 0.04 0.00 0.01 7 50 4 12 5 480 68.00 259
katsuran4 classical 19 perturbation 0.07 0.05 0.05 0.00 0.01 7 50 4 12 5 480 68.00 259
katsuran4 classical 20 perturbation 0.07 0.05 0.05 0.00 0.01 7 50 4 12 5 480 68.00 259
katsuran4 classical 21 perturbation 0.07 0.05 0.05 0.00 0.01 7 50 4 12 5 480 68.00 259
katsuran4 classical 22 perturbation 0.07 0.05 0.05 0.00 0.01 7 50 4 12 5 480 68.00 259
katsuran4 classical 23 perturbation 0.07 0.05 0.04 0.00 0.01 7 50 4 12 5 480 68.00 259
katsuran4 classical 24 perturbation 0.07 0.05 0.04 0.00 0.01 7 50 4 12 5 480 68.00 259
katsuran4 classical 25 perturbation 0.07 0.05 0.04 0.00 0.01 7 50 4 12 5 480 68.00 259
katsuran4 classical 26 perturbation 0.07 0.05 0.05 0.00 0.01 7 50 4 12 5 480 68.00 259
katsuran4 classical 27 perturbation 0.07 0.05 0.04 0.00 0.01 7 50 4 12 5 480 68.00 259
   skipping text from `parameter`
econh4 classical 16 perturbation 0.07 0.05 0.05 0.00 0.00 8 34 5 14 6 34 4.00 6
econh4 classical 17 perturbation 0.07 0.05 0.04 0.00 0.00 8 34 5 14 6 34 4.00 6
econh4 classical 18 perturbation 0.07 0.05 0.04 0.00 0.00 8 34 5 14 6 34 4.00 6
econh4 classical 19 perturbation 0.07 0.05 0.04 0.00 0.00 8 34 5 14 6 34 4.00 6
econh4 classical 20 perturbation 0.07 0.05 0.04 0.00 0.00 8 34 5 14 6 34 4.00 6
econh4 classical 21 perturbation 0.07 0.05 0.04 0.00 0.00 8 34 5 14 6 34 4.00 6
econh4 classical 22 perturbation 0.07 0.05 0.04 0.00 0.00 8 34 5 14 6 34 4.00 6
econh4 classical 23 perturbation 0.07 0.05 0.05 0.00 0.00 8 34 5 14 6 34 4.00 6
econh4 classical 24 perturbation 0.07 0.05 0.04 0.00 0.00 8 34 5 14 6 34 4.00 6
econh4 classical 25 perturbation 0.07 0.05 0.04 0.00 0.00 8 34 5 14 6 34 4.00 6
econh4 classical 26 perturbation 0.07 0.05 0.04 0.00 0.00 8 34 5 14 6 34 4.00 6
econh4 classical 27 perturbation 0.07 0.05 0.04 0.00 0.00 8 34 5 14 6 34 4.00 6
econh4 classical 28 perturbation 0.07 0.05 0.04 0.00 0.00 8 34 5 14 6 34 4.00 6
econh4 classical 29 perturbation 0.07 0.05 0.04 0.00 0.00 8 34 5 14 6 34 4.00 6
econh4 classical 0 random 0.07 0.05 0.04 0.00 0.00 8 34 5 14 6 34 4.00 6
econh4 classical 1 random 0.06 0.05 0.04 0.00 0.00 8 34 5 14 6 34 4.00 6
econh4 classical 2 random 0.06 0.05 0.04 0.00 0.00 8 34 5 14 6 34 4.00 6
econh4 classical 3 random 0.07 0.05 0.04 0.00 0.00 8 34 5 14 6 34 4.00 6
econh4 classical 4 random 0.07 0.05 0.04 0.00 0.00 8 34 5 14 6 34 4.00 6
econh4 classical 5 random 0.06 0.05 0.04 0.00 0.00 8 34 5 14 6 34 4.00 6
econh4 classical 6 random 0.07 0.05 0.04 0.00 0.00 8 34 5 14 6 34 4.00 6
econh4 classical 7 random 0.07 0.05 0.04 0.00 0.00 8 34 5 14 6 34 4.00 6
econh4 classical 8 random 0.07 0.05 0.04 0.00 0.00 8 34 5 14 6 34 4.00 6
econh4 classical 9 random 0.07 0.05 0.04 0.00 0.00 8 34 5 14 6 34 4.00 6
econh4 classical 10 random 0.07 0.05 0.04 0.00 0.00 8 34 5 14 6 34 4.00 6
econh4 classical 11 random 0.06 0.05 0.04 0.00 0.00 8 34 5 14 6 34 4.00 6
econh4 classical 12 random 0.06 0.05 0.04 0.00 0.00 8 34 5 14 6 34 4.00 6
econh4 classical 13 random 0.07 0.05 0.04 0.00 0.01 8 34 5 14 6 34 4.00 6
econh4 classical 14 random 0.07 0.05 0.04 0.00 0.00 8 34 5 14 6 34 4.00 6
econh4 classical 15 random 0.07 0.05 0.04 0.00 0.00 8 34 5 14 6 34 4.00 6
econh4 classical 16 random 0.06 0.05 0.04 0.00 0.00 8 34 5 14 6 34 4.00 6
econh4 classical 17 random 0.06 0.05 0.04 0.00 0.00 8 34 5 14 6 34 4.00 6
econh4 classical 18 random 0.07 0.05 0.04 0.00 0.00 8 34 5 14 6 34 4.00 6
econh4 classical 19 random 0.07 0.05 0.04 0.00 0.01 8 34 5 14 6 34 4.00 6
econh4 classical 20 random 0.07 0.05 0.04 0.00 0.00 8 34 5 14 6 34 4.00 6
econh4 classical 21 random 0.07 0.05 0.04 0.00 0.00 8 34 5 14 6 34 4.00 6
econh4 classical 22 random 0.07 0.05 0.04 0.00 0.00 8 34 5 14 6 34 4.00 6
econh4 classical 23 random 0.06 0.05 0.04 0.00 0.00 8 34 5 14 6 34 4.00 6
econh4 classical 24 random 0.07 0.05 0.04 0.00 0.00 8 34 5 14 6 34 4.00 6
econh4 classical 25 random 0.07 0.05 0.04 0.00 0.00 8 34 5 14 6 34 4.00 6
econh4 classical 26 random 0.06 0.05 0.04 0.00 0.00 8 34 5 14 6 34 4.00 6
econh4 classical 27 random 0.06 0.05 0.04 0.00 0.00 8 34 5 14 6 34 4.00 6
econh4 classical 28 random 0.07 0.05 0.04 0.00 0.00 8 34 5 14 6 34 4.00 6
econh4 classical 29 random 0.06 0.05 0.04 0.00 0.00 8 34 5 14 6 34 4.00 6
econ5 classical 0 static 0.05 0.00 0.00 0.01 0.03 1 1 0 25 8 2 2.00 2
   skipping text from `parameter`
econ5 classical 21 perturbation 0.16 0.10 0.10 0.01 0.03 1 1 0 25 8 2 2.00 2
econ5 classical 22 perturbation 0.16 0.11 0.10 0.01 0.03 1 1 0 25 8 2 2.00 2
econ5 classical 23 perturbation 0.16 0.10 0.10 0.01 0.03 1 1 0 25 8 2 2.00 2
econ5 classical 24 perturbation 0.16 0.10 0.10 0.01 0.03 1 1 0 25 8 2 2.00 2
econ5 classical 25 perturbation 0.16 0.10 0.10 0.01 0.03 1 1 0 25 8 2 2.00 2
econ5 classical 26 perturbation 0.16 0.10 0.10 0.01 0.03 1 1 0 25 8 2 2.00 2
econ5 classical 27 perturbation 0.16 0.10 0.09 0.01 0.03 1 1 0 25 8 2 2.00 2
econ5 classical 28 perturbation 0.16 0.10 0.09 0.01 0.03 1 1 0 25 8 2 2.00 2
econ5 classical 29 perturbation 0.16 0.10 0.10 0.01 0.03 1 1 0 25 8 2 2.00 2
econ5 classical 0 random 0.21 0.14 0.12 0.02 0.03 1 1 0 27 7 2 2.00 2
econ5 classical 1 random 0.15 0.09 0.07 0.01 0.03 1 1 0 25 8 2 2.00 2
econ5 classical 2 random 0.14 0.09 0.07 0.01 0.03 1 1 0 25 8 2 2.00 2
econ5 classical 3 random 0.14 0.09 0.07 0.01 0.03 1 1 0 25 8 2 2.00 2
econ5 classical 4 random 0.22 0.14 0.12 0.02 0.04 1 1 0 33 14 2 2.00 2
econ5 classical 5 random 0.14 0.09 0.07 0.01 0.03 1 1 0 25 8 2 2.00 2
econ5 classical 6 random 0.14 0.09 0.07 0.01 0.03 1 1 0 25 8 2 2.00 2
econ5 classical 7 random 0.21 0.14 0.12 0.02 0.03 1 1 0 32 14 2 2.00 2
econ5 classical 8 random 0.14 0.09 0.07 0.01 0.03 1 1 0 25 8 2 2.00 2
econ5 classical 9 random 0.15 0.09 0.07 0.01 0.03 1 1 0 25 8 2 2.00 2
econ5 classical 10 random 0.14 0.09 0.07 0.01 0.03 1 1 0 25 8 2 2.00 2
econ5 classical 11 random 0.15 0.09 0.07 0.01 0.03 1 1 0 25 8 2 2.00 2
econ5 classical 12 random 0.14 0.09 0.07 0.01 0.03 1 1 0 25 8 2 2.00 2
econ5 classical 13 random 0.15 0.09 0.07 0.01 0.03 1 1 0 25 8 2 2.00 2
econ5 classical 14 random 0.23 0.14 0.12 0.02 0.04 1 1 0 31 11 2 2.00 2
econ5 classical 15 random 0.15 0.09 0.07 0.01 0.03 1 1 0 25 8 2 2.00 2
econ5 classical 16 random 0.14 0.09 0.07 0.01 0.03 1 1 0 25 8 2 2.00 2
econ5 classical 17 random 0.17 0.09 0.08 0.02 0.04 1 1 0 32 13 2 2.00 2
econ5 classical 18 random 0.15 0.09 0.08 0.01 0.03 1 1 0 25 8 2 2.00 2
econ5 classical 19 random 0.14 0.09 0.07 0.01 0.03 1 1 0 25 8 2 2.00 2
econ5 classical 20 random 0.15 0.09 0.08 0.01 0.03 1 1 0 25 8 2 2.00 2
econ5 classical 21 random 0.14 0.09 0.07 0.01 0.03 1 1 0 25 8 2 2.00 2
econ5 classical 22 random 0.22 0.14 0.12 0.02 0.04 1 1 0 32 13 2 2.00 2
econ5 classical 23 random 0.14 0.09 0.07 0.01 0.03 1 1 0 25 8 2 2.00 2
econ5 classical 24 random 0.15 0.09 0.07 0.01 0.03 1 1 0 25 8 2 2.00 2
econ5 classical 25 random 0.15 0.09 0.08 0.01 0.03 1 1 0 25 8 2 2.00 2
econ5 classical 26 random 0.15 0.09 0.08 0.01 0.03 1 1 0 25 8 2 2.00 2
econ5 classical 27 random 0.15 0.09 0.08 0.01 0.03 1 1 0 25 8 2 2.00 2
econ5 classical 28 random 0.15 0.09 0.08 0.01 0.03 1 1 0 25 8 2 2.00 2
econ5 classical 29 random 0.15 0.09 0.08 0.01 0.03 1 1 0 25 8 2 2.00 2
econh5 classical 0 static 0.06 0.00 0.00 0.01 0.04 15 104 7 37 22 81 5.00 11
econh5 classical 0 caboara-perry 0.15 0.10 0.08 0.01 0.03 9 55 5 15 6 52 5.00 10
econh5 classical 0 perturbation 0.21 0.15 0.13 0.01 0.04 15 104 7 37 22 81 5.00 11
econh5 classical 1 perturbation 0.20 0.14 0.13 0.01 0.04 15 104 7 37 22 81 5.00 11
econh5 classical 2 perturbation 0.20 0.15 0.13 0.01 0.04 15 104 7 37 22 81 5.00 11
econh5 classical 3 perturbation 0.20 0.14 0.13 0.01 0.04 15 104 7 37 22 81 5.00 11
econh5 classical 4 perturbation 0.20 0.14 0.13 0.01 0.04 15 104 7 37 22 81 5.00 11
econh5 classical 5 perturbation 0.20 0.14 0.13 0.01 0.04 15 104 7 37 22 81 5.00 11
econh5 classical 6 perturbation 0.20 0.14 0.13 0.01 0.04 15 104 7 37 22 81 5.00 11
econh5 classical 7 perturbation 0.20 0.14 0.13 0.01 0.04 15 104 7 37 22 81 5.00 11
econh5 classical 8 perturbation 0.20 0.14 0.13 0.01 0.04 15 104 7 37 22 81 5.00 11
econh5 classical 9 perturbation 0.20 0.14 0.13 0.01 0.04 15 104 7 37 22 81 5.00 11
econh5 classical 10 perturbation 0.20 0.14 0.13 0.01 0.04 15 104 7 37 22 81 5.00 11
econh5 classical 11 perturbation 0.20 0.14 0.13 0.01 0.04 15 104 7 37 22 81 5.00 11
econh5 classical 12 perturbation 0.20 0.14 0.13 0.01 0.04 15 104 7 37 22 81 5.00 11
econh5 classical 13 perturbation 0.20 0.14 0.13 0.01 0.04 15 104 7 37 22 81 5.00 11
econh5 classical 14 perturbation 0.20 0.14 0.13 0.01 0.04 15 104 7 37 22 81 5.00 11
econh5 classical 15 perturbation 0.20 0.14 0.13 0.01 0.04 15 104 7 37 22 81 5.00 11
econh5 classical 16 perturbation 0.20 0.14 0.13 0.01 0.04 15 104 7 37 22 81 5.00 11
econh5 classical 17 perturbation 0.20 0.14 0.13 0.01 0.04 15 104 7 37 22 81 5.00 11
econh5 classical 18 perturbation 0.20 0.14 0.13 0.01 0.04 15 104 7 37 22 81 5.00 11
econh5 classical 19 perturbation 0.20 0.14 0.12 0.01 0.04 15 104 7 37 22 81 5.00 11
econh5 classical 20 perturbation 0.20 0.14 0.13 0.01 0.04 15 104 7 37 22 81 5.00 11
econh5 classical 21 perturbation 0.20 0.14 0.13 0.01 0.04 15 104 7 37 22 81 5.00 11
econh5 classical 22 perturbation 0.20 0.14 0.13 0.01 0.04 15 104 7 37 22 81 5.00 11
econh5 classical 23 perturbation 0.20 0.14 0.12 0.01 0.04 15 104 7 37 22 81 5.00 11
econh5 classical 24 perturbation 0.20 0.14 0.13 0.01 0.04 15 104 7 37 22 81 5.00 11
econh5 classical 25 perturbation 0.20 0.14 0.13 0.01 0.04 15 104 7 37 22 81 5.00 11
econh5 classical 26 perturbation 0.20 0.14 0.13 0.01 0.04 15 104 7 37 22 81 5.00 11
econh5 classical 27 perturbation 0.20 0.14 0.13 0.01 0.04 15 104 7 37 22 81 5.00 11
econh5 classical 28 perturbation 0.20 0.14 0.12 0.01 0.04 15 104 7 37 22 81 5.00 11
econh5 classical 29 perturbation 0.20 0.14 0.12 0.01 0.04 15 104 7 37 22 81 5.00 11
econh5 classical 0 random 0.24 0.11 0.08 0.02 0.09 14 99 7 69 47 91 6.00 15
econh5 classical 1 random 0.17 0.11 0.08 0.01 0.04 15 104 7 37 22 81 5.00 11
econh5 classical 2 random 0.17 0.11 0.08 0.01 0.04 15 104 7 37 22 81 5.00 11
econh5 classical 3 random 0.17 0.11 0.09 0.01 0.04 15 104 7 37 22 81 5.00 11
econh5 classical 4 random 0.30 0.17 0.13 0.02 0.09 16 109 7 76 53 88 5.00 12
econh5 classical 5 random 0.17 0.11 0.08 0.01 0.04 15 104 7 37 22 81 5.00 11
econh5 classical 6 random 0.17 0.11 0.08 0.01 0.04 15 104 7 37 22 81 5.00 11
econh5 classical 7 random 0.17 0.11 0.08 0.01 0.04 15 104 7 37 22 81 5.00 11
econh5 classical 8 random 0.17 0.11 0.08 0.01 0.04 15 104 7 37 22 81 5.00 11
econh5 classical 9 random 0.17 0.11 0.08 0.01 0.04 15 104 7 37 22 81 5.00 11
econh5 classical 10 random 0.17 0.11 0.08 0.01 0.04 15 104 7 37 22 81 5.00 11
econh5 classical 11 random 0.17 0.11 0.08 0.01 0.04 15 104 7 37 22 81 5.00 11
econh5 classical 12 random 0.17 0.11 0.08 0.01 0.04 15 104 7 37 22 81 5.00 11
econh5 classical 13 random 0.17 0.11 0.08 0.01 0.04 15 104 7 37 22 81 5.00 11
econh5 classical 14 random 0.17 0.11 0.09 0.01 0.04 15 104 7 37 22 81 5.00 11
econh5 classical 15 random 0.17 0.11 0.08 0.01 0.04 15 104 7 37 22 81 5.00 11
econh5 classical 16 random 0.17 0.11 0.08 0.01 0.04 15 104 7 37 22 81 5.00 11
econh5 classical 17 random 0.17 0.11 0.09 0.01 0.04 15 104 7 37 22 81 5.00 11
econh5 classical 18 random 0.17 0.11 0.08 0.01 0.04 15 104 7 37 22 81 5.00 11
econh5 classical 19 random 0.17 0.11 0.09 0.01 0.04 15 104 7 37 22 81 5.00 11
econh5 classical 20 random 0.60 0.35 0.31 0.04 0.17 15 107 8 91 61 120 8.00 19
cyclicn6 classical 6 perturbation 38.72 1.23 0.88 0.35 36.46 46 1168 10 425 312 12769 277.00 674
econh5 classical 21 random 0.17 0.11 0.09 0.01 0.04 15 104 7 37 22 81 5.00 11
econh5 classical 22 random 0.17 0.11 0.08 0.01 0.04 15 104 7 37 22 81 5.00 11
econh5 classical 23 random 0.26 0.11 0.09 0.02 0.10 15 102 7 73 50 89 5.00 15
econh5 classical 24 random 0.29 0.17 0.14 0.02 0.08 15 101 6 67 47 85 5.00 10
econh5 classical 25 random 0.35 0.18 0.14 0.02 0.12 15 108 7 74 50 192 12.00 41
econh5 classical 26 random 0.17 0.11 0.08 0.01 0.04 15 104 7 37 22 81 5.00 11
econh5 classical 27 random 0.17 0.11 0.08 0.01 0.04 15 104 7 37 22 81 5.00 11
econh5 classical 28 random 0.17 0.11 0.08 0.01 0.04 15 104 7 37 22 81 5.00 11
econh5 classical 29 random 0.17 0.11 0.08 0.01 0.04 15 104 7 37 22 81 5.00 11
econ6 classical 0 static 0.17 0.00 0.00 0.04 0.11 1 1 0 54 26 2 2.00 2
   skipping text from `parameter`
   skipping text from `parameter`
econh6 classical 6 random 1.72 0.28 0.23 0.18 1.18 30 356 9 210 146 280 9.00 47
katsuran7 classical 4 perturbation 152.47 0.42 0.35 0.07 151.27 39 1932 7 159 120 91582 2348.00 9390
econh6 classical 7 random 32.43 2.38 1.59 10.63 18.99 22 278 7 1366 1175 435 19.00 72
econh6 classical 8 random 0.50 0.14 0.13 0.02 0.30 28 346 9 94 66 257 9.00 25
cyclicn6 classical 7 perturbation 38.60 1.23 0.88 0.35 36.34 46 1168 10 425 312 12769 277.00 674
econh6 classical 9 random 20.78 1.50 1.04 4.15 14.83 26 342 7 872 711 645 24.00 101
econh6 classical 10 random 3.86 0.69 0.52 0.59 2.47 26 355 7 279 201 853 32.00 111
econh6 classical 11 random 2.13 0.28 0.23 0.10 1.69 36 514 9 170 120 2074 57.00 220
econh6 classical 12 random 3.69 0.47 0.36 0.40 2.72 29 372 7 269 194 649 22.00 91
econh6 classical 13 random 1.00 0.27 0.23 0.04 0.64 30 435 7 111 76 827 27.00 121
econh6 classical 14 random 0.92 0.09 0.08 0.04 0.75 33 455 8 118 83 819 24.00 153
econh6 classical 15 random 1.00 0.14 0.12 0.04 0.77 33 458 8 122 88 1341 40.00 177
econh6 classical 16 random 3.26 0.73 0.57 0.63 1.79 27 291 7 358 275 157 5.00 15
econh6 classical 17 random 1.60 0.36 0.28 0.10 1.09 27 393 8 137 89 842 31.00 96
econh6 classical 18 random 1.43 0.15 0.13 0.12 1.09 26 351 7 157 103 763 29.00 133
cyclicn6 classical 8 perturbation 38.66 1.23 0.88 0.35 36.40 46 1168 10 425 312 12769 277.00 674
econh6 classical 19 random 1.82 0.27 0.22 0.10 1.38 26 336 9 180 128 469 18.00 75
econh6 classical 20 random 4.77 0.45 0.35 0.61 3.60 24 353 8 263 179 712 29.00 110
econh6 classical 21 random 0.81 0.27 0.22 0.04 0.46 29 366 7 106 71 237 8.00 15
econh6 classical 22 random 1.06 0.21 0.17 0.07 0.74 27 345 8 118 77 649 24.00 144
econh6 classical 23 random 0.97 0.21 0.17 0.09 0.62 28 340 7 149 108 217 7.00 20
econh6 classical 24 random 0.99 0.21 0.18 0.06 0.68 22 333 6 99 65 310 14.00 48
katsuranh7 classical 9 perturbation 154.22 0.50 0.41 0.07 152.92 39 1932 7 159 120 91582 2348.00 9390
econh6 classical 25 random 0.44 0.15 0.13 0.02 0.24 22 240 7 77 54 118 5.00 13
econh6 classical 26 random 0.49 0.14 0.12 0.02 0.30 28 346 9 94 66 257 9.00 25
econh6 classical 27 random 2.02 0.22 0.18 0.17 1.56 26 363 10 174 117 389 14.00 40
econh6 classical 28 random 1.27 0.28 0.23 0.06 0.88 22 316 7 124 86 550 25.00 63
econh6 classical 29 random 0.50 0.14 0.12 0.02 0.30 28 346 9 94 66 257 9.00 25
econ7 classical 0 static 0.54 0.00 0.00 0.12 0.40 1 1 0 89 45 2 2.00 2
   skipping text from `parameter`
econ7 classical 11 random 0.81 0.26 0.21 0.11 0.40 1 1 0 89 45 2 2.00 2
econ7 classical 12 random 0.79 0.24 0.21 0.11 0.40 1 1 0 89 45 2 2.00 2
econ7 classical 13 random 0.79 0.24 0.21 0.11 0.39 1 1 0 89 45 2 2.00 2
econ7 classical 14 random 0.79 0.24 0.21 0.11 0.40 1 1 0 89 45 2 2.00 2
econ7 classical 15 random 0.82 0.27 0.22 0.11 0.40 1 1 0 89 45 2 2.00 2
econ7 classical 16 random 0.79 0.24 0.21 0.11 0.40 1 1 0 89 45 2 2.00 2
econ7 classical 17 random 0.82 0.26 0.22 0.11 0.40 1 1 0 89 45 2 2.00 2
econ7 classical 18 random 0.82 0.27 0.22 0.11 0.40 1 1 0 89 45 2 2.00 2
econ7 classical 19 random 0.81 0.25 0.21 0.11 0.40 1 1 0 89 45 2 2.00 2
econ7 classical 20 random 0.81 0.26 0.22 0.11 0.40 1 1 0 89 45 2 2.00 2
econ7 classical 21 random 0.79 0.24 0.21 0.11 0.40 1 1 0 89 45 2 2.00 2
econ7 classical 22 random 0.82 0.27 0.22 0.11 0.40 1 1 0 89 45 2 2.00 2
econ7 classical 23 random 0.82 0.27 0.22 0.11 0.40 1 1 0 89 45 2 2.00 2
econ7 classical 24 random 0.81 0.27 0.22 0.11 0.39 1 1 0 89 45 2 2.00 2
econ7 classical 25 random 0.79 0.24 0.21 0.11 0.39 1 1 0 89 45 2 2.00 2
econ7 classical 26 random 0.79 0.24 0.21 0.11 0.40 1 1 0 89 45 2 2.00 2
econ7 classical 27 random 0.79 0.24 0.21 0.11 0.39 1 1 0 89 45 2 2.00 2
econ7 classical 28 random 0.79 0.24 0.21 0.11 0.39 1 1 0 89 45 2 2.00 2
econ7 classical 29 random 0.81 0.26 0.22 0.11 0.39 1 1 0 89 45 2 2.00 2
econh7 classical 0 static 2.18 0.00 0.00 0.09 2.04 51 1127 10 213 162 535 10.00 30
cyclicn6 classical 9 perturbation 38.62 1.23 0.88 0.36 36.36 46 1168 10 425 312 12769 277.00 674
econh7 classical 0 caboara-perry 33.57 2.84 1.00 0.58 29.95 68 1985 15 324 256 13037 191.00 726
econh7 classical 0 perturbation 2.84 0.78 0.67 0.11 1.88 53 1049 8 219 166 412 7.00 28
econh7 classical 1 perturbation 2.84 0.76 0.66 0.11 1.90 53 1049 8 219 166 412 7.00 28
econh7 classical 2 perturbation 2.78 0.74 0.66 0.11 1.86 53 1049 8 219 166 412 7.00 28
cyclicn6 classical 10 perturbation 38.69 1.23 0.88 0.35 36.42 46 1168 10 425 312 12769 277.00 674
econh7 classical 3 perturbation 2.87 0.78 0.68 0.11 1.91 53 1049 8 219 166 412 7.00 28
econh7 classical 4 perturbation 3.09 0.98 0.89 0.11 1.92 53 1049 8 219 166 412 7.00 28
katsuran7 classical 5 perturbation 152.48 0.44 0.36 0.07 151.26 39 1932 7 159 120 91582 2348.00 9390
econh7 classical 5 perturbation 2.88 0.75 0.67 0.11 1.94 53 1049 8 219 166 412 7.00 28
econh7 classical 6 perturbation 2.89 0.77 0.66 0.11 1.94 53 1049 8 219 166 412 7.00 28
econh7 classical 7 perturbation 2.85 0.75 0.67 0.11 1.91 53 1049 8 219 166 412 7.00 28
econh7 classical 8 perturbation 2.83 0.74 0.66 0.11 1.91 53 1049 8 219 166 412 7.00 28
econh7 classical 9 perturbation 2.84 0.75 0.66 0.11 1.90 53 1049 8 219 166 412 7.00 28
econh7 classical 10 perturbation 2.85 0.76 0.67 0.11 1.90 53 1049 8 219 166 412 7.00 28
econh7 classical 11 perturbation 2.82 0.74 0.66 0.11 1.90 53 1049 8 219 166 412 7.00 28
econh7 classical 12 perturbation 2.80 0.74 0.66 0.11 1.87 53 1049 8 219 166 412 7.00 28
econh7 classical 13 perturbation 2.80 0.75 0.67 0.11 1.87 53 1049 8 219 166 412 7.00 28
econh7 classical 14 perturbation 2.80 0.73 0.66 0.11 1.88 53 1049 8 219 166 412 7.00 28
econh7 classical 15 perturbation 2.84 0.75 0.67 0.11 1.90 53 1049 8 219 166 412 7.00 28
cyclicn6 classical 11 perturbation 38.57 1.23 0.88 0.35 36.30 46 1168 10 425 312 12769 277.00 674
econh7 classical 16 perturbation 2.81 0.74 0.67 0.11 1.88 53 1049 8 219 166 412 7.00 28
econh7 classical 17 perturbation 2.82 0.75 0.67 0.11 1.88 53 1049 8 219 166 412 7.00 28
econh7 classical 18 perturbation 2.82 0.74 0.65 0.11 1.89 53 1049 8 219 166 412 7.00 28
econh7 classical 19 perturbation 2.84 0.76 0.68 0.11 1.90 53 1049 8 219 166 412 7.00 28
econh7 classical 20 perturbation 2.82 0.74 0.66 0.11 1.90 53 1049 8 219 166 412 7.00 28
econh7 classical 21 perturbation 2.79 0.73 0.65 0.11 1.87 53 1049 8 219 166 412 7.00 28
econh7 classical 22 perturbation 2.79 0.74 0.66 0.11 1.87 53 1049 8 219 166 412 7.00 28
econh7 classical 23 perturbation 2.82 0.74 0.66 0.11 1.90 53 1049 8 219 166 412 7.00 28
econh7 classical 24 perturbation 2.81 0.75 0.67 0.11 1.88 53 1049 8 219 166 412 7.00 28
econh7 classical 25 perturbation 2.80 0.73 0.65 0.11 1.88 53 1049 8 219 166 412 7.00 28
econh7 classical 26 perturbation 2.83 0.75 0.67 0.11 1.89 53 1049 8 219 166 412 7.00 28
econh7 classical 27 perturbation 2.86 0.75 0.67 0.11 1.92 53 1049 8 219 166 412 7.00 28
econh7 classical 28 perturbation 2.84 0.74 0.66 0.11 1.92 53 1049 8 219 166 412 7.00 28
econh7 classical 29 perturbation 2.82 0.75 0.67 0.11 1.89 53 1049 8 219 166 412 7.00 28
cyclicn6 classical 12 perturbation 38.72 1.22 0.87 0.35 36.46 46 1168 10 425 312 12769 277.00 674
katsuranh7 classical 10 perturbation 159.18 0.56 0.46 0.08 157.78 39 1932 7 159 120 91582 2348.00 9390
cyclicn6 classical 13 perturbation 38.64 1.23 0.88 0.35 36.37 46 1168 10 425 312 12769 277.00 674
cyclicn6 classical 14 perturbation 39.06 1.23 0.88 0.36 36.73 46 1168 10 425 312 12769 277.00 674
katsuran7 classical 6 perturbation 153.56 0.43 0.35 0.07 152.34 39 1932 7 159 120 91582 2348.00 9390
cyclicn6 classical 15 perturbation 42.50 1.49 1.06 0.40 39.86 46 1168 10 425 312 12769 277.00 674
cyclicn6 classical 16 perturbation 42.36 1.37 0.98 0.42 39.82 46 1168 10 425 312 12769 277.00 674
katsuranh7 classical 11 perturbation 156.88 0.56 0.46 0.08 155.52 39 1932 7 159 120 91582 2348.00 9390
cyclicn6 classical 17 perturbation 41.71 1.36 0.98 0.41 39.20 46 1168 10 425 312 12769 277.00 674
econh7 classical 0 random 226.86 6.54 3.82 51.02 168.08 51 1228 10 3407 3025 2039 39.00 185
katsuran7 classical 7 perturbation 153.27 0.47 0.39 0.08 152.01 39 1932 7 159 120 91582 2348.00 9390
econh7 classical 16 random 58.15 2.44 1.47 8.87 46.34 46 972 8 1139 924 1044 22.00 131
econh7 classical 17 random 23.25 1.08 0.72 1.72 20.19 48 1182 9 482 351 2588 53.00 215
katsuranh7 classical 12 perturbation 152.18 0.50 0.41 0.07 150.90 39 1932 7 159 120 91582 2348.00 9390
econh7 classical 1 random 129.16 4.74 2.78 34.99 88.45 49 1121 9 2514 2191 544 11.00 49
econh7 classical 18 random 71.55 2.95 1.70 10.00 58.00 47 1076 8 1186 937 360 7.00 21
katsuran7 classical 8 perturbation 152.93 0.43 0.36 0.07 151.71 39 1932 7 159 120 91582 2348.00 9390
econh7 classical 19 random 75.26 2.98 1.75 10.02 61.62 48 1217 8 848 652 3558 74.00 277
katsuranh7 classical 13 perturbation 152.35 0.62 0.54 0.07 150.94 39 1932 7 159 120 91582 2348.00 9390
katsuran7 classical 9 perturbation 152.90 0.43 0.35 0.07 151.70 39 1932 7 159 120 91582 2348.00 9390
katsuranh7 classical 14 perturbation 152.27 0.50 0.41 0.07 150.99 39 1932 7 159 120 91582 2348.00 9390
katsuran7 classical 10 perturbation 152.93 0.44 0.37 0.07 151.71 39 1932 7 159 120 91582 2348.00 9390
katsuranh7 classical 15 perturbation 152.35 0.50 0.41 0.07 151.07 39 1932 7 159 120 91582 2348.00 9390
katsuran7 classical 11 perturbation 152.82 0.43 0.36 0.07 151.61 39 1932 7 159 120 91582 2348.00 9390
katsuranh7 classical 16 perturbation 152.45 0.50 0.41 0.07 151.16 39 1932 7 159 120 91582 2348.00 9390
econh7 classical 2 random 606.73 11.92 6.42 165.24 426.94 50 1263 8 6145 5585 1026 20.00 42
katsuran7 classical 12 perturbation 157.51 0.43 0.36 0.07 156.27 39 1932 7 159 120 91582 2348.00 9390
econh7 classical 3 random 77.51 4.15 2.31 14.65 58.03 48 1283 9 1416 1156 2825 58.00 195
econh7 classical 4 random 5.47 0.35 0.25 0.24 4.76 50 1237 11 308 231 777 15.00 56
econh7 classical 5 random 7.37 0.27 0.19 0.11 6.89 49 1346 10 223 169 3406 69.00 323
katsuranh7 classical 17 perturbation 152.46 0.50 0.41 0.07 151.18 39 1932 7 159 120 91582 2348.00 9390
econh7 classical 6 random 76.06 4.13 2.56 22.05 49.20 44 999 9 1852 1576 706 16.00 74
katsuran7 classical 13 perturbation 159.38 0.48 0.40 0.08 158.08 39 1932 7 159 120 91582 2348.00 9390
econh7 classical 7 random 49.37 2.01 1.26 4.82 42.00 45 1336 9 864 678 4464 99.00 268
econh7 classical 8 random 53.47 1.95 1.30 4.32 46.68 38 899 9 972 787 1835 48.00 221
econh7 classical 9 random 4.56 0.72 0.31 0.11 3.64 31 752 7 167 113 530 17.00 45
katsuranh7 classical 18 perturbation 152.50 0.50 0.41 0.07 151.21 39 1932 7 159 120 91582 2348.00 9390
econh7 classical 10 random 25.05 1.47 0.95 3.37 19.86 28 591 7 685 532 244 8.00 21
katsuran7 classical 14 perturbation 158.59 0.47 0.39 0.08 157.29 39 1932 7 159 120 91582 2348.00 9390
econh7 classical 20 random 892.30 18.63 9.95 340.38 529.92 52 1253 8 9288 8620 496 9.00 22
econh7 classical 21 random 5.22 0.36 0.26 0.13 4.64 49 1216 9 218 162 1982 40.00 185
econh7 classical 22 random 11.13 0.43 0.36 0.14 10.44 57 1526 10 262 201 6846 120.00 600
katsuranh7 classical 19 perturbation 152.52 0.50 0.41 0.07 151.23 39 1932 7 159 120 91582 2348.00 9390
econh7 classical 23 random 55.76 2.99 1.85 9.79 42.47 50 1136 8 1248 1019 1961 39.00 217
econh7 classical 24 random 58.32 2.24 1.41 9.28 46.27 50 1252 11 1200 965 3165 63.00 509
econh7 classical 11 random 218.92 5.75 3.28 50.08 161.77 49 1185 9 3492 3095 507 10.00 33
katsuran7 classical 15 perturbation 158.52 0.48 0.39 0.08 157.22 39 1932 7 159 120 91582 2348.00 9390
katsuranh7 classical 20 perturbation 152.50 0.50 0.41 0.07 151.22 39 1932 7 159 120 91582 2348.00 9390
econh7 classical 12 random 75.54 3.50 2.28 8.18 63.24 51 1463 8 1120 897 5168 101.00 211
econh7 classical 13 random 67.54 4.77 2.94 16.43 45.63 49 1102 8 1773 1523 1720 35.00 231
econh7 classical 14 random 7.56 0.77 0.54 0.27 6.39 50 1335 9 288 210 3845 76.00 284
katsuran7 classical 16 perturbation 154.87 0.47 0.39 0.08 153.59 39 1932 7 159 120 91582 2348.00 9390
katsuranh7 classical 21 perturbation 152.46 0.50 0.41 0.07 151.18 39 1932 7 159 120 91582 2348.00 9390
econh7 classical 15 random 129.11 4.62 2.70 28.25 95.24 48 1139 9 2494 2162 787 16.00 59
f633 classical 21 random 1.61 0.20 0.15 0.10 1.23 47 1022 4 214 167 1033 21.00 86
f633 classical 22 random 1.62 0.20 0.15 0.10 1.24 47 1022 4 214 167 1033 21.00 86
f633 classical 23 random 3.60 0.78 0.65 0.17 2.56 39 1215 8 223 166 1144 29.00 94
f633 classical 24 random 2.56 0.70 0.51 0.25 1.52 36 895 6 232 171 777 21.00 43
f633 classical 25 random 1.63 0.20 0.15 0.10 1.25 47 1022 4 214 167 1033 21.00 86
f633 classical 26 random 3.26 0.63 0.46 0.60 1.92 34 628 6 265 188 683 20.00 56
f633 classical 27 random 1.21 0.44 0.32 0.12 0.59 20 434 7 120 79 522 26.00 70
f633 classical 28 random 1.62 0.20 0.15 0.10 1.24 47 1022 4 214 167 1033 21.00 86
f633 classical 29 random 1.66 0.20 0.15 0.11 1.27 47 1022 4 214 167 1033 21.00 86
f633h classical 0 static 1.39 0.00 0.00 0.09 1.25 47 977 6 214 167 1092 23.00 86
katsuran7 classical 17 perturbation 159.40 0.48 0.40 0.08 158.09 39 1932 7 159 120 91582 2348.00 9390
katsuranh7 classical 22 perturbation 152.50 0.50 0.41 0.07 151.22 39 1932 7 159 120 91582 2348.00 9390
katsuran7 classical 18 perturbation 158.54 0.47 0.39 0.08 157.25 39 1932 7 159 120 91582 2348.00 9390
katsuranh7 classical 23 perturbation 152.63 0.50 0.41 0.07 151.35 39 1932 7 159 120 91582 2348.00 9390
econh7 classical 25 random 585.56 12.89 6.71 125.36 445.05 44 1067 10 5754 5230 711 16.00 38
econh7 classical 26 random 13.02 1.46 0.99 1.26 10.09 56 1123 8 527 395 565 10.00 27
econh7 classical 27 random 2.31 0.33 0.25 0.07 1.85 29 595 7 138 97 196 6.00 16
katsuran7 classical 19 perturbation 152.84 0.43 0.36 0.07 151.62 39 1932 7 159 120 91582 2348.00 9390
katsuranh7 classical 24 perturbation 152.86 0.50 0.41 0.07 151.57 39 1932 7 159 120 91582 2348.00 9390
econh7 classical 28 random 137.83 4.23 2.30 28.15 104.43 47 1123 10 2221 1898 1044 22.00 69
econh7 classical 29 random 15.97 1.06 0.71 1.55 13.12 45 1091 10 539 406 575 12.00 50
f633 classical 0 static 1.34 0.00 0.00 0.10 1.20 47 1022 4 214 167 1033 21.00 86
f633 classical 0 caboara-perry 2.26 0.58 0.37 0.15 1.44 31 931 8 148 110 1530 49.00 122
f633 classical 0 perturbation 1.86 0.45 0.38 0.10 1.23 47 1022 4 214 167 1033 21.00 86
f633 classical 1 perturbation 1.88 0.43 0.37 0.10 1.27 47 1022 4 214 167 1033 21.00 86
f633 classical 2 perturbation 1.91 0.47 0.41 0.11 1.25 47 1022 4 214 167 1033 21.00 86
f633 classical 3 perturbation 1.83 0.43 0.38 0.10 1.23 47 1022 4 214 167 1033 21.00 86
f633 classical 4 perturbation 1.83 0.42 0.37 0.10 1.23 47 1022 4 214 167 1033 21.00 86
f633 classical 5 perturbation 1.83 0.42 0.37 0.10 1.23 47 1022 4 214 167 1033 21.00 86
f633 classical 6 perturbation 1.83 0.42 0.37 0.10 1.23 47 1022 4 214 167 1033 21.00 86
f633 classical 7 perturbation 1.83 0.42 0.37 0.10 1.23 47 1022 4 214 167 1033 21.00 86
f633 classical 8 perturbation 1.84 0.42 0.37 0.10 1.24 47 1022 4 214 167 1033 21.00 86
f633 classical 9 perturbation 1.90 0.42 0.37 0.10 1.30 47 1022 4 214 167 1033 21.00 86
f633 classical 10 perturbation 1.91 0.45 0.40 0.11 1.27 47 1022 4 214 167 1033 21.00 86
f633 classical 11 perturbation 1.84 0.42 0.37 0.10 1.24 47 1022 4 214 167 1033 21.00 86
f633 classical 12 perturbation 1.83 0.41 0.37 0.10 1.24 47 1022 4 214 167 1033 21.00 86
f633 classical 13 perturbation 1.83 0.41 0.37 0.10 1.25 47 1022 4 214 167 1033 21.00 86
f633 classical 14 perturbation 1.83 0.41 0.37 0.10 1.24 47 1022 4 214 167 1033 21.00 86
f633 classical 15 perturbation 1.84 0.42 0.37 0.10 1.25 47 1022 4 214 167 1033 21.00 86
f633 classical 16 perturbation 1.83 0.42 0.37 0.10 1.23 47 1022 4 214 167 1033 21.00 86
f633 classical 17 perturbation 1.82 0.41 0.37 0.10 1.23 47 1022 4 214 167 1033 21.00 86
f633 classical 18 perturbation 1.82 0.41 0.37 0.10 1.23 47 1022 4 214 167 1033 21.00 86
f633 classical 19 perturbation 1.94 0.43 0.38 0.12 1.32 47 1022 4 214 167 1033 21.00 86
f633 classical 20 perturbation 1.83 0.42 0.37 0.10 1.23 47 1022 4 214 167 1033 21.00 86
f633 classical 21 perturbation 1.81 0.42 0.37 0.10 1.22 47 1022 4 214 167 1033 21.00 86
f633 classical 22 perturbation 1.82 0.41 0.37 0.10 1.23 47 1022 4 214 167 1033 21.00 86
f633 classical 23 perturbation 1.82 0.41 0.37 0.10 1.23 47 1022 4 214 167 1033 21.00 86
f633 classical 24 perturbation 1.82 0.41 0.37 0.10 1.23 47 1022 4 214 167 1033 21.00 86
f633 classical 25 perturbation 1.82 0.42 0.37 0.10 1.23 47 1022 4 214 167 1033 21.00 86
f633 classical 26 perturbation 1.82 0.41 0.37 0.10 1.23 47 1022 4 214 167 1033 21.00 86
katsuran7 classical 20 perturbation 156.72 0.43 0.36 0.07 155.49 39 1932 7 159 120 91582 2348.00 9390
f633 classical 27 perturbation 1.81 0.42 0.37 0.10 1.22 47 1022 4 214 167 1033 21.00 86
f633 classical 28 perturbation 1.86 0.41 0.37 0.10 1.27 47 1022 4 214 167 1033 21.00 86
f633 classical 29 perturbation 1.88 0.45 0.40 0.11 1.24 47 1022 4 214 167 1033 21.00 86
f633 classical 0 random 1.62 0.20 0.15 0.10 1.24 47 1022 4 214 167 1033 21.00 86
f633 classical 1 random 2.69 0.62 0.44 0.18 1.80 34 946 8 195 138 995 29.00 114
f633 classical 2 random 1.60 0.20 0.15 0.10 1.22 47 1022 4 214 167 1033 21.00 86
f633 classical 3 random 1.59 0.20 0.15 0.10 1.22 47 1022 4 214 167 1033 21.00 86
f633 classical 4 random 1.60 0.20 0.15 0.10 1.23 47 1022 4 214 167 1033 21.00 86
f633 classical 5 random 1.59 0.20 0.15 0.10 1.22 47 1022 4 214 167 1033 21.00 86
f633 classical 6 random 1.59 0.20 0.15 0.10 1.22 47 1022 4 214 167 1033 21.00 86
f633 classical 7 random 1.60 0.20 0.15 0.10 1.22 47 1022 4 214 167 1033 21.00 86
f633 classical 8 random 3.24 0.28 0.21 0.26 2.60 38 1054 7 223 160 1294 34.00 111
f633 classical 9 random 3.20 0.53 0.38 0.18 2.40 37 1150 10 209 151 837 22.00 116
f633 classical 10 random 1.60 0.20 0.15 0.10 1.23 47 1022 4 214 167 1033 21.00 86
f633 classical 11 random 1.60 0.20 0.15 0.10 1.23 47 1022 4 214 167 1033 21.00 86
f633 classical 12 random 1.46 0.28 0.21 0.14 0.97 31 646 7 178 127 739 23.00 82
f633 classical 13 random 1.62 0.20 0.15 0.10 1.24 47 1022 4 214 167 1033 21.00 86
f633 classical 14 random 4.22 0.77 0.62 0.19 3.16 45 1534 7 253 192 1696 37.00 130
f633 classical 15 random 1.62 0.20 0.15 0.10 1.24 47 1022 4 214 167 1033 21.00 86
f633 classical 16 random 1.96 0.38 0.28 0.16 1.34 37 867 7 205 151 662 17.00 71
f633 classical 17 random 4.32 0.40 0.29 0.23 3.55 33 1794 10 191 129 1565 47.00 126
katsuranh7 classical 25 perturbation 154.55 0.53 0.43 0.08 153.21 39 1932 7 159 120 91582 2348.00 9390
f633 classical 18 random 3.55 0.52 0.38 0.22 2.71 36 1126 7 225 165 1116 31.00 110
f633 classical 19 random 3.41 0.38 0.27 0.17 2.72 31 1782 8 186 131 1740 56.00 221
f633 classical 20 random 1.62 0.20 0.15 0.10 1.24 47 1022 4 214 167 1033 21.00 86
f633h classical 26 random 28.37 0.43 0.27 0.16 27.56 59 4825 11 302 240 9305 157.00 613
f633h classical 27 random 2.26 0.38 0.27 0.14 1.65 52 1237 8 249 195 1209 23.00 82
f633h classical 28 random 33.62 0.49 0.32 0.09 32.87 43 3841 10 201 153 6328 147.00 548
f633h classical 29 random 1.65 0.20 0.15 0.09 1.28 47 977 6 214 167 1092 23.00 86
katsuran7 classical 21 perturbation 158.30 0.48 0.40 0.08 157.00 39 1932 7 159 120 91582 2348.00 9390
katsuranh7 classical 26 perturbation 154.64 0.53 0.44 0.08 153.30 39 1932 7 159 120 91582 2348.00 9390
katsuran7 classical 22 perturbation 157.52 0.44 0.36 0.07 156.26 39 1932 7 159 120 91582 2348.00 9390
cyclicn7 classical 0 static NA NA NA NA NA NA NA NA NA NA NA NA NA
katsuranh7 classical 27 perturbation 154.96 0.54 0.44 0.08 153.61 39 1932 7 159 120 91582 2348.00 9390
cyclicn7 classical 28 random NA NA NA NA NA NA NA NA NA NA NA NA NA
