Compiling ./dynamicgb.pyx...
instance reducer rep algorithm time dynamic heuristic queue reduction polynomials monomials degree sreductions zeroreductions
schieleh classical 26 random 0.15 0.04 0.02 0.00 0.00 2 6 2 2 0
hemmecke classical 9 perturbation 0.15 0.04 0.03 0.00 0.00 3 16 15 3 0
binomial_7_4_7_8 classical 0 static 0.04 0.00 0.00 0.01 0.02 17 34 8 59 42
binomial_8_4_8_9 F4 22 random 0.22 0.05 0.03 0.01 0.02 9 18 7 118 42
sym33 F4 15 random 0.09 0.03 0.02 0.00 0.05 10 85 10 175 15
issac97 classical 11 perturbation 0.24 0.05 0.03 0.01 0.05 12 180 5 30 18
econ2 classical 6 perturbation 0.02 0.01 0.01 0.00 0.00 2 4 1 2 0
gerdt93 F4 15 perturbation 0.14 0.04 0.03 0.00 0.07 7 63 5 149 15
binomial_7_4_7_8 classical 3 perturbation 0.19 0.13 0.09 0.01 0.02 17 34 8 59 42
wang16h F4 0 static 0.66 0.00 0.00 0.03 0.50 33 809 9 420 73
cyclicn5-simple F4 25 random 0.43 0.08 0.04 0.12 0.18 20 232 8 575 157
r7_2_2_h F4 24 perturbation 1.23 0.08 0.04 0.25 0.78 67 1487 8 1056 488
issac97 F4 27 perturbation 0.09 0.02 0.01 0.01 0.05 12 180 5 176 40
econ2 classical 29 random 0.03 0.02 0.01 0.00 0.00 2 4 1 2 0
dessin1 classical 14 random 3.25 0.15 0.06 0.20 2.80 20 736 18 143 78
hairer3 classical 1 perturbation 0.09 0.08 0.03 0.00 0.00 1 1 0 1 0
binomial_5_3_5_5 classical 22 perturbation 0.08 0.05 0.03 0.01 0.01 8 16 6 25 14
krider F4 19 random 3.44 0.19 0.10 0.40 2.74 40 570 11 4088 224
solotarev F4 21 random 0.06 0.02 0.01 0.01 0.01 7 37 3 96 13
redcyc6h F4 3 random 3.06 0.09 0.04 0.66 1.99 106 3994 22 2635 786
binomial_5_3_4_4 F4 27 perturbation 0.05 0.02 0.02 0.00 0.01 4 8 3 16 4
wang16h classical 28 random 2.01 0.41 0.08 0.10 1.44 40 1004 14 169 114
redcyc6 F4 15 perturbation 2.32 0.15 0.08 0.48 1.51 21 493 6 1979 328
binomial_6_2_6_7 F4 2 perturbation 0.06 0.03 0.02 0.01 0.01 9 18 3 74 31
cyclicn5-simple classical 10 random 0.50 0.11 0.05 0.05 0.31 20 232 8 113 75
berthh F4 0 perturbation 5.14 0.27 0.18 0.99 3.50 64 4820 45 2603 580
r5_2_4_h classical 0 localsearch 11.14 10.20 5.34 0.18 0.61 38 519 9 130 92
cyclicn4-simple classical 4 random 0.04 0.02 0.01 0.00 0.00 7 30 6 12 5
dessin2 F4 18 perturbation 1.20 0.00 0.00 0.22 0.88 46 1337 4 1350 205
fabrice24h F4 4 perturbation 2.91 0.07 0.04 0.41 2.16 102 3831 8 2435 642
czapor87_2h F4 26 perturbation 0.09 0.02 0.01 0.01 0.04 12 180 5 176 40
hairer1 classical 7 perturbation 0.12 0.05 0.03 0.01 0.04 15 193 8 31 16
el44 classical 3 perturbation 18.89 1.65 0.91 3.24 13.75 10 47 2 320 161
krider classical 8 perturbation 7.73 1.50 0.96 1.04 5.06 8 135 17 242 156
r5_2_4_h classical 0 static 0.52 0.00 0.00 0.05 0.44 35 453 9 122 87
vermeer classical 26 random 1.00 0.21 0.10 0.07 0.68 20 433 6 135 88
dessin1 F4 16 perturbation 0.79 0.00 0.00 0.08 0.63 39 1385 5 844 105
reimer5h F4 19 random 22.74 0.14 0.05 2.20 18.94 174 17767 16 8097 1457
binomial_5_3_4_6 F4 12 random 0.05 0.03 0.02 0.00 0.01 8 16 7 47 9
katsuran4-simple F4 2 perturbation 0.04 0.02 0.01 0.00 0.01 7 49 4 60 12
czapor87_2h F4 21 random 0.10 0.03 0.01 0.01 0.05 12 180 5 176 40
berth classical 0 random 0.24 0.06 0.03 0.01 0.15 3 111 26 29 10
berth classical 11 perturbation 0.22 0.04 0.03 0.01 0.15 3 111 26 29 10
econ2 classical 24 random 0.03 0.02 0.01 0.00 0.00 2 4 1 2 0
extcyc5 classical 3 random 31.29 1.08 0.56 0.95 28.90 102 6728 10 663 498
rabmo F4 25 perturbation 12.59 0.31 0.14 6.57 5.30 20 169 3 5169 755
fabrice24h classical 12 perturbation 31.90 0.99 0.63 0.63 30.06 102 3831 8 606 504
econ8 classical 26 random 10.07 0.51 0.18 0.48 8.97 59 2704 5 342 266
syz1 classical 20 perturbation 0.02 0.01 0.01 0.00 0.00 2 4 2 2 0
binomial_5_3_4_6 classical 4 perturbation 0.15 0.08 0.05 0.02 0.02 5 10 5 48 30
dessin2 F4 1 perturbation 1.16 0.00 0.00 0.22 0.84 46 1337 4 1350 205
berthh classical 2 random 2.57 0.22 0.14 0.12 2.17 42 3461 40 131 71
r5_2_2 classical 24 random 0.25 0.08 0.04 0.02 0.12 21 160 6 68 47
binomial_7_4_7_8 classical 5 random 0.27 0.14 0.08 0.04 0.05 13 26 8 109 86
r5_2_2 F4 3 perturbation 0.10 0.02 0.01 0.02 0.03 21 160 6 231 99
r7_2_2_h classical 20 perturbation 5.29 0.37 0.21 0.28 4.54 67 1487 8 339 272
r6_2_2_h classical 28 perturbation 1.19 0.17 0.10 0.09 0.89 39 498 7 162 123
cyclicn5-permut classical 22 perturbation 0.50 0.09 0.06 0.05 0.32 20 232 8 113 75
uteshev_bikker F4 14 perturbation 0.22 0.02 0.01 0.01 0.16 17 519 7 297 35
r7_2_2 classical 9 perturbation 5.83 0.37 0.22 0.29 5.06 67 1487 8 339 272
sparsesym5h F4 12 random 0.02 0.00 0.00 0.00 0.00 6 16 18 42 10
binomial_5_3_5_5 F4 20 random 0.06 0.03 0.02 0.00 0.01 8 16 6 46 17
berth F4 16 perturbation 0.46 0.04 0.03 0.02 0.37 4 143 21 481 19
dessin2 classical 27 perturbation 4.04 0.26 0.15 0.19 3.52 46 1337 4 211 163
dessin2 classical 0 perturbation 5.12 0.64 0.34 0.40 3.99 45 1370 4 228 167
berthh classical 16 random 43.61 1.58 0.79 4.30 37.35 41 7268 38 1128 941
wang16h classical 8 random 0.61 0.12 0.06 0.03 0.42 33 809 9 97 64
hemmecke classical 28 perturbation 0.13 0.12 0.02 0.00 0.00 3 16 15 3 0
katsuran8 classical 23 perturbation 20.86 0.81 0.38 0.34 19.54 74 6823 8 381 307
econh2 classical 0 random 0.02 0.01 0.01 0.00 0.00 2 4 2 2 0
trinks classical 11 perturbation 0.12 0.06 0.04 0.01 0.03 13 109 5 29 16
r8_2_2 classical 29 perturbation 39.65 0.92 0.44 1.21 37.25 128 5194 9 779 651
solotarev F4 23 perturbation 0.05 0.02 0.01 0.01 0.01 7 36 3 79 15
extcyc5h F4 26 perturbation 1.94 0.04 0.02 0.05 1.74 41 3069 12 1155 87
wu90h F4 24 random 0.24 0.03 0.02 0.03 0.14 30 508 8 521 81
r7_2_2 classical 8 perturbation 5.67 0.36 0.21 0.29 4.93 67 1487 8 339 272
binomial_6_2_6_7 F4 24 random 0.06 0.03 0.02 0.01 0.01 12 24 4 124 58
econ3 classical 17 perturbation 0.02 0.01 0.01 0.00 0.00 3 9 2 3 0
buchberger87 classical 7 perturbation 0.05 0.03 0.02 0.00 0.00 8 16 6 17 9
lichtblau F4 23 perturbation 0.49 0.03 0.02 0.04 0.38 8 563 9 381 33
wu90 classical 12 perturbation 0.14 0.05 0.03 0.01 0.06 13 166 4 32 18
sendrah classical 11 perturbation 0.04 0.01 0.01 0.00 0.02 7 221 14 9 2
bench2h F4 24 random 8.68 0.05 0.02 3.17 4.85 257 5379 10 9143 2362
rabmo F4 9 random 13.60 0.20 0.08 7.05 5.91 20 169 3 5169 755
cyclicnh2 F4 19 random 0.01 0.00 0.00 0.00 0.00 2 4 2 0 0
reimer5h F4 29 perturbation 24.07 0.15 0.07 1.87 20.87 157 13756 16 10171 1333
r7_2_2 F4 7 perturbation 0.88 0.04 0.02 0.24 0.49 67 1487 8 1056 488
bench1 F4 4 perturbation 6.73 0.21 0.12 3.82 2.34 97 3808 4 3509 1130
fmtm classical 14 perturbation 0.05 0.03 0.02 0.00 0.00 8 16 7 15 7
econh3 classical 13 random 0.03 0.02 0.01 0.00 0.00 4 11 4 5 1
binomial_6_3_6_6 F4 0 random 0.06 0.03 0.02 0.01 0.01 11 22 5 101 40
czapor87_1h classical 15 perturbation 0.14 0.07 0.04 0.01 0.05 12 156 5 30 18
r6_2_2 classical 5 random 1.23 0.27 0.19 0.09 0.83 39 498 7 162 123
buchberger87 F4 1 random 0.06 0.03 0.02 0.00 0.01 8 16 6 38 10
berth F4 20 perturbation 0.09 0.02 0.02 0.00 0.05 3 111 26 71 1
reimer5h F4 11 perturbation 38.79 0.18 0.07 2.45 34.38 193 22885 16 11906 1595
cyclicn2 F4 11 random 0.01 0.00 0.00 0.00 0.00 2 4 2 0 0
issac97 F4 10 random 0.15 0.03 0.01 0.01 0.10 10 170 8 308 30
berth F4 1 random 0.11 0.03 0.02 0.00 0.05 3 111 26 71 1
el44 classical 26 perturbation 38.13 2.75 1.26 11.34 23.68 15 100 4 557 359
bench1 classical 28 random 48.78 1.08 0.42 1.95 45.32 47 2774 8 496 325
katsuran2 F4 21 random 0.01 0.00 0.00 0.00 0.00 2 5 2 0 0
econh3 classical 9 random 0.04 0.02 0.01 0.00 0.00 4 11 4 5 1
econh8 F4 6 perturbation 3.48 0.06 0.04 0.38 2.79 101 4184 12 3803 600
el44 F4 19 perturbation 9.78 0.44 0.21 4.95 4.06 14 79 2 5024 435
hairer3 F4 21 perturbation 0.01 0.00 0.00 0.00 0.00 1 1 0 0 0
rabmo classical 6 random 12.27 0.86 0.36 1.51 9.73 20 169 3 288 162
wu90h classical 18 perturbation 7.49 0.79 0.39 1.56 4.99 22 316 8 544 444
sym33 classical 0 static 0.03 0.00 0.00 0.00 0.02 10 85 10 18 8
binomial_6_2_6_7 classical 5 perturbation 0.09 0.05 0.04 0.01 0.01 9 18 3 28 16
dessin1h F4 29 perturbation 3.55 0.04 0.03 0.12 3.24 56 2152 11 3438 244
binomial_5_3_4_6 F4 0 static 0.03 0.00 0.00 0.01 0.01 16 32 9 131 41
berth classical 14 perturbation 0.96 0.17 0.12 0.15 0.60 4 152 24 146 110
liu F4 7 perturbation 0.12 0.03 0.02 0.01 0.06 16 148 9 355 50
roseh classical 3 perturbation 0.35 0.07 0.05 0.04 0.21 20 565 17 94 65
cyclicn2 classical 19 random 0.03 0.02 0.01 0.00 0.00 2 4 2 2 0
lichtblau classical 22 random 0.04 0.02 0.01 0.00 0.00 2 22 11 2 0
issac97 classical 2 random 0.12 0.05 0.03 0.01 0.05 12 180 5 30 18
hfe_segers F4 6 random 0.51 0.04 0.02 0.29 0.12 41 192 3 1027 507
r8_2_2 F4 1 random 3.63 0.04 0.02 0.97 2.22 128 5194 9 2329 1087
rose F4 26 perturbation 7.03 0.18 0.10 1.49 5.14 9 282 22 6698 360
reimer5 F4 2 perturbation 4.64 0.07 0.04 0.42 3.95 38 2625 8 2492 210
hairer3 classical 8 perturbation 0.09 0.08 0.03 0.00 0.00 1 1 0 1 0
krider classical 14 random 24.35 1.52 0.72 9.56 12.85 25 129 10 872 650
cyclicn4-simple F4 2 perturbation 0.04 0.02 0.01 0.00 0.01 7 30 6 41 5
sendrah classical 28 random 0.05 0.02 0.01 0.00 0.01 7 221 14 9 2
syz1 F4 4 random 0.01 0.00 0.00 0.00 0.00 2 4 2 0 0
syz1 classical 28 random 0.02 0.01 0.01 0.00 0.00 2 4 2 2 0
reimer5h F4 9 perturbation 25.34 0.16 0.07 1.89 22.04 157 13756 16 10171 1333
econh3 F4 14 random 0.04 0.02 0.01 0.00 0.00 4 11 4 8 1
katsuranh2 classical 0 localsearch 0.04 0.03 0.01 0.00 0.00 2 5 2 2 0
czapor87_2h classical 0 localsearch 1.75 1.63 0.71 0.01 0.08 13 197 5 33 20
f744 classical 15 perturbation 73.95 2.26 1.03 3.15 68.16 87 3932 4 762 609
binomial_8_4_8_9 F4 2 random 0.07 0.04 0.02 0.00 0.01 9 18 7 120 41
cyclicn5-simple F4 12 random 0.35 0.06 0.03 0.12 0.13 20 232 8 575 157
binomial_4_2_4_1 F4 9 random 0.04 0.02 0.01 0.00 0.00 6 12 3 40 14
bench1 F4 28 perturbation 67.25 0.62 0.27 18.94 46.24 84 4897 4 22127 1491
r5_2_2 classical 26 perturbation 0.24 0.07 0.05 0.02 0.12 21 160 6 68 47
czapor87_2h classical 3 random 0.13 0.05 0.03 0.01 0.06 12 180 5 30 18
redcyc6h classical 19 random 114.48 2.42 0.91 3.89 107.63 117 4617 22 1097 816
hairer1 F4 2 random 0.11 0.04 0.02 0.01 0.05 13 119 8 171 16
binomial_8_4_8_9 F4 9 perturbation 0.08 0.06 0.04 0.00 0.01 9 18 7 108 40
i1 classical 12 perturbation 76.08 2.69 1.23 12.37 60.48 52 2784 5 1103 885
schieleh F4 5 random 0.01 0.00 0.00 0.00 0.00 2 6 2 0 0
katsuranh2 F4 17 random 0.01 0.00 0.00 0.00 0.00 2 5 2 0 0
extcyc5 F4 22 random 12.96 0.21 0.08 3.90 7.58 102 6728 10 5408 2031
wang16h F4 6 perturbation 0.24 0.02 0.02 0.03 0.15 33 809 9 420 73
binomial_4_2_4_1 F4 20 random 0.04 0.03 0.01 0.00 0.00 6 12 3 40 14
binomial_6_2_6_7 classical 15 random 0.09 0.06 0.03 0.01 0.01 12 24 4 34 22
katsuran8 classical 15 random 21.02 0.54 0.22 0.35 19.96 74 6823 8 381 307
issac97 F4 13 random 0.09 0.01 0.01 0.01 0.05 12 180 5 176 40
r7_2_2 F4 0 caboara-perry 3.98 2.74 0.53 0.51 0.59 73 1647 8 1053 365
reimer5 classical 10 random 31.04 0.89 0.31 1.25 28.69 27 1303 8 327 175
binomial_5_3_4_4 classical 2 perturbation 0.05 0.02 0.01 0.00 0.00 11 22 7 27 16
katsuranh3 classical 2 random 0.04 0.02 0.01 0.00 0.00 4 16 3 5 1
cyclicnh2 F4 6 perturbation 0.01 0.00 0.00 0.00 0.00 2 4 2 0 0
dessin2h F4 19 random 3.83 0.04 0.02 0.54 3.03 90 2838 7 3884 586
solotarevh classical 0 caboara-perry 0.08 0.04 0.02 0.01 0.02 9 51 6 19 10
czapor87_1h classical 23 random 0.16 0.08 0.04 0.01 0.05 12 156 5 30 18
redcyc6 classical 28 random 6.87 0.42 0.19 0.39 5.94 21 493 6 272 173
trinks classical 16 random 0.12 0.06 0.03 0.01 0.04 13 109 5 29 16
katsuran2 F4 11 random 0.01 0.00 0.00 0.00 0.00 2 5 2 0 0
reimer5h classical 5 random 250.50 3.36 0.64 1.96 244.38 248 78441 21 1120 866
katsuran6-simple classical 20 perturbation 0.47 0.10 0.06 0.02 0.31 22 528 6 70 48
r6_2_2_h classical 5 perturbation 1.07 0.18 0.11 0.08 0.75 39 498 7 162 123
redcyc6 F4 27 random 7.44 0.22 0.10 1.31 5.61 20 486 12 5068 448
katsuranh2 F4 9 random 0.01 0.00 0.00 0.00 0.00 2 5 2 0 0
berth F4 4 random 4.88 0.22 0.12 0.33 4.12 4 137 19 4122 112
binomial_5_3_5_5 F4 24 random 0.05 0.03 0.02 0.00 0.00 5 10 3 33 12
cyclicn2 F4 4 random 0.01 0.00 0.00 0.00 0.00 2 4 2 0 0
reimer5h classical 19 perturbation 197.62 6.54 2.11 30.37 159.55 83 12792 13 2928 2563
katsuran4-simple classical 6 random 0.05 0.03 0.01 0.00 0.01 7 49 4 12 5
fmtm F4 29 perturbation 0.05 0.02 0.02 0.00 0.01 8 16 7 53 13
wang16 classical 19 random 2.20 0.30 0.15 0.31 1.49 18 378 5 230 162
dessin1 classical 8 perturbation 1.91 0.32 0.19 0.11 1.40 34 1183 5 130 88
econ2 classical 1 random 0.03 0.02 0.01 0.00 0.00 2 4 1 2 0
r6_2_2 F4 12 random 0.25 0.03 0.02 0.07 0.11 39 498 7 510 236
bench2h F4 15 random 8.11 0.05 0.02 2.79 4.70 257 5379 10 9143 2362
berthh classical 19 random 2.80 0.58 0.37 0.22 1.91 52 3455 43 213 142
buchberger87 classical 24 perturbation 0.05 0.03 0.02 0.00 0.00 8 16 6 17 9
sparsesym5h classical 0 random 0.05 0.04 0.02 0.00 0.00 6 16 18 16 10
econh2 F4 0 localsearch 0.01 0.00 0.00 0.00 0.00 2 4 2 0 0
berthh classical 24 perturbation 3.36 0.34 0.23 0.43 2.49 29 1399 39 271 182
binomial_7_4_7_8 F4 10 random 0.07 0.03 0.02 0.01 0.01 13 26 7 135 53
dessin2h F4 24 random 3.65 0.04 0.02 0.48 2.93 90 2838 7 3884 586
r5_2_2_h classical 11 random 0.23 0.08 0.04 0.02 0.10 21 160 6 68 47
binomial_7_3_7_9 F4 14 random 0.07 0.04 0.02 0.01 0.01 12 24 4 141 66
dessin2h classical 11 perturbation 35.84 0.76 0.42 1.71 33.07 109 3645 7 866 735
fabrice24h F4 27 random 2.60 0.04 0.02 0.37 1.95 102 3831 8 2435 642
redcyc6h classical 10 random 45.15 1.35 0.56 1.98 41.47 64 2644 16 856 660
extcyc5h F4 5 random 8.73 0.12 0.05 1.66 6.07 165 12004 15 4374 1484
schiele classical 8 random 0.03 0.02 0.01 0.00 0.00 2 6 2 2 0
sparsesym5 classical 1 random 0.04 0.03 0.01 0.00 0.00 5 12 10 5 0
binomial_5_3_5_3 classical 9 perturbation 0.05 0.02 0.01 0.00 0.01 12 24 6 27 15
schieleh classical 11 random 0.04 0.03 0.01 0.00 0.00 2 6 2 2 0
czapor87_2h F4 2 perturbation 0.08 0.02 0.01 0.01 0.04 12 180 5 176 40
cyclicn5-simple F4 29 perturbation 0.34 0.06 0.04 0.11 0.13 20 232 8 575 157
solotarevh F4 13 perturbation 0.05 0.03 0.02 0.00 0.01 6 23 5 63 14
katsuranh2 F4 11 perturbation 0.01 0.00 0.00 0.00 0.00 2 5 2 0 0
katsuranh2 classical 28 perturbation 0.03 0.02 0.01 0.00 0.00 2 5 2 2 0
binomial_8_3_8_16 F4 5 perturbation 0.13 0.06 0.04 0.04 0.01 20 40 4 280 146
econh8 classical 24 perturbation 14.56 0.61 0.35 0.51 13.26 102 3620 9 524 421
fmtm_non_hom F4 10 random 0.03 0.02 0.01 0.00 0.00 3 6 4 5 1
trinks F4 11 random 0.07 0.03 0.01 0.01 0.02 13 109 5 130 28
gerdt93 classical 12 random 0.06 0.03 0.01 0.00 0.02 9 109 6 18 9
katsuranh8 classical 6 random 17.85 0.66 0.21 0.30 16.70 74 6823 8 381 307
hairer3 classical 28 perturbation 0.09 0.08 0.03 0.00 0.00 1 1 0 1 0
wu90 classical 7 random 0.14 0.05 0.03 0.01 0.05 9 153 7 27 11
cyclicnh2 classical 24 perturbation 0.02 0.01 0.01 0.00 0.00 2 4 2 2 0
cyclicnh2 F4 26 random 0.01 0.00 0.00 0.00 0.00 2 4 2 0 0
extcyc5 classical 0 caboara-perry 152.60 5.27 0.87 6.70 138.82 12 679 170 958 583
katsuranh2 F4 19 perturbation 0.01 0.00 0.00 0.00 0.00 2 5 2 0 0
econ2 classical 2 random 0.03 0.02 0.01 0.00 0.00 2 4 1 2 0
uteshev_bikker F4 14 random 0.32 0.03 0.01 0.01 0.25 20 622 8 406 38
sparsesym5 classical 0 caboara-perry 0.05 0.02 0.01 0.01 0.01 5 12 10 5 0
extcyc5h F4 3 perturbation 1.99 0.04 0.02 0.05 1.77 41 3069 12 1155 87
r8_2_2_h classical 0 random 42.59 0.78 0.26 1.28 40.27 128 5195 9 779 651
cyclicn3 F4 27 perturbation 0.01 0.00 0.00 0.00 0.00 3 8 3 0 0
binomial_8_3_8_16 classical 20 perturbation 0.15 0.10 0.06 0.02 0.01 13 26 4 52 36
r8_2_2_h classical 24 random 42.21 0.67 0.27 1.27 39.97 128 5195 9 779 651
lichtblau classical 0 perturbation 0.64 0.13 0.08 0.12 0.36 3 54 8 113 80
sparsesym5h classical 25 perturbation 0.06 0.04 0.03 0.00 0.00 6 16 18 16 10
filter9 F4 9 random 925.37 1.53 0.56 676.28 244.84 65 451 7 105902 4576
r6_2_4_h classical 25 random 35.16 0.97 0.37 0.98 32.91 152 8725 13 692 540
bench2h F4 14 random 8.51 0.05 0.03 2.98 4.90 257 5379 10 9143 2362
r8_2_2_h classical 25 random 37.94 0.64 0.26 1.18 35.82 128 5195 9 779 651
solotarevh F4 7 random 0.07 0.03 0.02 0.00 0.01 10 50 6 98 25
katsuran4-simple classical 16 perturbation 0.04 0.02 0.01 0.00 0.01 7 49 4 12 5
binomial_7_3_7_9 F4 4 perturbation 0.09 0.05 0.04 0.01 0.01 12 24 4 141 66
redcyc6h F4 12 perturbation 3.20 0.13 0.08 0.65 2.11 106 3994 22 2635 786
berth F4 9 perturbation 1.55 0.05 0.04 0.03 1.40 4 137 19 1384 33
r5_2_2 classical 19 random 0.25 0.08 0.04 0.02 0.12 21 160 6 68 47
r5_2_2 F4 23 perturbation 0.10 0.03 0.02 0.02 0.03 21 160 6 231 99
econh2 classical 0 localsearch 0.04 0.03 0.00 0.00 0.00 2 4 2 2 0
vermeer classical 3 random 1.02 0.21 0.10 0.07 0.70 20 433 6 135 88
fmtm_non_hom classical 25 random 0.03 0.02 0.01 0.00 0.00 3 6 5 4 1
binomial_4_2_4_1 classical 0 localsearch 0.13 0.11 0.05 0.00 0.01 7 14 4 15 8
cyclicn5-permut F4 15 random 0.36 0.06 0.03 0.12 0.14 20 232 8 565 168
issac97 F4 25 random 0.09 0.03 0.01 0.01 0.05 12 180 5 176 40
wu90 classical 26 random 0.18 0.05 0.03 0.02 0.08 8 122 7 37 18
reimer5h classical 9 random 745.76 12.29 2.82 114.88 616.41 84 12728 13 3964 3414
hairer3 classical 6 perturbation 0.10 0.08 0.03 0.00 0.00 1 1 0 1 0
dessin1h classical 11 perturbation 5.84 0.34 0.20 0.19 5.21 56 2152 11 277 220
cyclicn3 F4 3 random 0.01 0.00 0.00 0.00 0.00 3 8 3 0 0
weispfenning94 F4 21 perturbation 0.18 0.02 0.01 0.01 0.12 22 511 14 363 29
sparsesym5h classical 19 perturbation 0.05 0.03 0.02 0.00 0.00 6 16 18 16 10
r6_2_2_h F4 18 perturbation 0.24 0.03 0.02 0.06 0.11 39 498 7 510 236
r5_2_2 F4 19 perturbation 0.10 0.02 0.01 0.02 0.03 21 160 6 231 99
katsuranh8 classical 25 perturbation 18.16 0.92 0.42 0.31 16.74 74 6823 8 381 307
fabrice24 classical 16 perturbation 1002.95 25.05 6.33 293.30 681.91 45 1664 5 2217 1602
econ8 classical 27 random 8.83 0.55 0.18 0.43 7.72 59 2704 5 342 266
reimer5 classical 1 random 113.09 2.97 1.05 15.01 94.34 23 1170 8 1910 1636
wang16h F4 3 random 0.23 0.03 0.02 0.02 0.14 33 809 9 420 73
katsuranh3 F4 25 perturbation 0.03 0.02 0.01 0.00 0.00 4 16 3 12 1
bench2 classical 19 perturbation 120.82 7.63 3.56 62.05 50.22 62 880 4 2496 2204
binomial_6_3_6_6 F4 9 random 0.07 0.04 0.02 0.01 0.01 7 14 5 93 34
binomial_6_2_6_7 F4 4 perturbation 0.06 0.04 0.02 0.01 0.01 9 18 3 74 31
fmtmdeh F4 20 perturbation 0.03 0.02 0.01 0.00 0.00 8 16 5 53 13
gerdt93 F4 5 perturbation 0.09 0.04 0.02 0.00 0.03 7 63 5 149 15
schiele classical 2 perturbation 0.03 0.02 0.01 0.00 0.00 2 6 2 2 0
liu classical 12 random 0.14 0.06 0.03 0.01 0.05 16 148 9 46 30
syz1 F4 2 perturbation 0.01 0.00 0.00 0.00 0.00 2 4 2 0 0
lichtblau classical 16 random 0.04 0.03 0.02 0.00 0.00 2 22 11 2 0
bench1 F4 15 perturbation 19.78 0.41 0.19 9.12 9.57 93 4741 4 8800 1485
binomial_7_3_7_9 F4 0 static 0.02 0.00 0.00 0.00 0.01 14 28 5 90 29
berth classical 18 perturbation 0.49 0.09 0.06 0.05 0.31 4 155 25 71 41
binomial_6_2_6_7 F4 14 perturbation 0.06 0.03 0.02 0.01 0.00 9 18 3 74 31
binomial_6_3_6_6 F4 5 perturbation 0.07 0.04 0.03 0.01 0.01 7 14 5 96 34
r6_2_2 F4 0 static 0.17 0.00 0.00 0.05 0.08 39 498 7 420 179
sparsesym5h classical 27 perturbation 0.06 0.04 0.03 0.00 0.00 6 16 18 16 10
sendra F4 6 random 0.19 0.05 0.03 0.00 0.12 6 229 18 233 5
hairer3 F4 18 random 0.01 0.00 0.00 0.00 0.00 1 1 0 0 0
r8_2_2_h F4 6 perturbation 3.39 0.06 0.03 0.86 2.10 128 5195 9 2329 1087
berthh F4 18 random 12.42 0.38 0.22 1.17 10.34 50 7407 43 4307 723
hairer3 classical 22 perturbation 0.10 0.08 0.03 0.00 0.00 1 1 0 1 0
el44 F4 0 random 36.25 0.63 0.15 12.73 22.24 14 88 4 15468 657
econ2 F4 11 perturbation 0.01 0.00 0.00 0.00 0.00 2 4 1 0 0
uteshev_bikker classical 6 random 0.28 0.10 0.05 0.01 0.15 17 519 7 44 27
solotarev F4 7 random 0.05 0.03 0.01 0.00 0.01 4 16 3 54 10
binomial_5_3_4_4 classical 19 perturbation 0.04 0.02 0.02 0.00 0.00 11 22 7 27 16
econh8 F4 11 perturbation 4.12 0.07 0.05 0.40 3.38 101 4184 12 3803 600
katsuranh3 F4 4 random 0.04 0.03 0.01 0.00 0.00 4 16 3 12 1
binomial_8_3_8_16 classical 9 random 0.13 0.08 0.04 0.02 0.01 13 26 4 52 36
hairer3 F4 28 random 0.01 0.00 0.00 0.00 0.00 1 1 0 0 0
berth classical 16 random 0.22 0.05 0.03 0.01 0.13 3 111 26 29 10
sparsesym5 classical 0 localsearch 0.11 0.08 0.03 0.00 0.01 5 12 10 5 0
f744 classical 24 random 68.47 1.25 0.48 3.01 63.77 87 3932 4 762 609
uteshev_bikker F4 8 perturbation 0.20 0.03 0.02 0.01 0.14 17 519 7 297 35
katsuran2 F4 4 random 0.01 0.00 0.00 0.00 0.00 2 5 2 0 0
dessin2 F4 15 perturbation 0.96 0.00 0.00 0.19 0.67 46 1337 4 1350 205
berthh classical 4 random 4.40 0.47 0.18 0.13 3.70 55 7014 43 151 84
dessin1h classical 23 random 49.39 1.19 0.47 2.05 45.81 51 2142 11 635 478
krider classical 21 random 363.34 9.37 4.02 143.54 208.61 20 153 14 2971 2405
hairer1 F4 8 random 0.12 0.03 0.02 0.01 0.06 15 193 8 209 22
bench2 F4 14 perturbation 17.45 0.63 0.26 10.97 5.31 78 1741 4 7325 1552
cyclicnh3 F4 0 perturbation 0.01 0.00 0.00 0.00 0.00 3 8 3 0 0
fmtm_non_hom F4 19 perturbation 0.03 0.01 0.01 0.00 0.00 3 6 5 10 2
r7_2_2 classical 17 perturbation 5.16 0.42 0.24 0.26 4.34 67 1487 8 339 272
fmtm_non_hom F4 7 random 0.04 0.03 0.01 0.00 0.00 3 6 4 5 1
r7_2_2_h classical 0 localsearch 116.56 109.13 41.08 1.25 6.01 72 1667 8 362 290
lichtblau classical 0 localsearch 0.06 0.04 0.02 0.00 0.00 2 23 11 2 0
econh3 classical 3 random 0.04 0.03 0.01 0.00 0.00 4 11 4 5 1
r8_2_2 classical 5 random 34.49 0.67 0.26 1.09 32.41 128 5194 9 779 651
sendra F4 14 perturbation 0.46 0.02 0.01 0.01 0.39 6 186 11 928 20
bench1 F4 10 random 1412.58 2.86 0.29 85.01 1313.94 34 2214 10 149475 2092
hairer3 classical 19 perturbation 0.06 0.05 0.02 0.00 0.00 1 1 0 1 0
f744 F4 28 random 43.46 0.16 0.06 12.93 29.22 84 3835 6 15229 1083
wu90h classical 15 perturbation 10.63 1.19 0.65 3.33 5.85 27 390 7 988 867
sparsesym5 classical 14 random 0.04 0.02 0.01 0.00 0.00 5 12 10 5 0
rabmo classical 4 random 9.79 0.79 0.33 1.24 7.61 20 169 3 288 162
r5_2_2 classical 24 perturbation 0.18 0.05 0.04 0.02 0.09 21 160 6 68 47
reimer5h F4 17 random 47.63 0.35 0.10 4.30 40.31 289 37216 23 12688 2191
rose classical 3 random 1.33 0.18 0.09 0.20 0.91 13 363 13 140 83
f744 classical 9 perturbation 67.85 2.33 1.05 2.91 62.21 87 3932 4 762 609
fmtm classical 14 random 0.06 0.04 0.02 0.00 0.00 8 16 7 15 7
fmtm classical 26 random 0.07 0.05 0.03 0.00 0.00 8 16 7 15 7
r5_2_4_h F4 27 random 0.17 0.03 0.01 0.03 0.08 35 453 9 386 133
katsuran8 classical 27 random 18.88 0.57 0.22 0.31 17.81 74 6823 8 381 307
binomial_5_3_4_6 F4 21 perturbation 0.04 0.03 0.02 0.00 0.01 9 18 9 48 13
schieleh F4 18 perturbation 0.01 0.00 0.00 0.00 0.00 2 6 2 0 0
cyclicn5-permut classical 10 random 0.49 0.12 0.06 0.05 0.28 20 232 8 113 75
i1 F4 23 perturbation 25.03 0.17 0.09 10.31 13.84 87 4062 4 9497 900
roseh F4 4 perturbation 3.18 0.11 0.07 0.82 2.04 32 975 18 3583 512
cyclicn5-simple classical 9 random 0.47 0.11 0.06 0.04 0.27 20 232 8 113 75
cyclicn5-permut F4 19 random 0.33 0.06 0.03 0.10 0.12 20 232 8 565 168
binomial_8_4_8_9 classical 21 random 0.11 0.07 0.04 0.01 0.02 14 28 7 56 41
hfe_segers classical 8 perturbation 4.36 0.45 0.25 0.94 2.84 42 204 4 369 275
econh8 classical 17 random 1273.06 15.02 5.23 489.35 764.98 47 1921 9 8713 7936
cyclicn2 classical 25 random 0.03 0.02 0.01 0.00 0.00 2 4 2 2 0
uteshev_bikker F4 0 perturbation 0.22 0.02 0.02 0.01 0.16 17 519 7 297 35
rabmo F4 7 random 11.83 0.19 0.08 6.05 5.18 20 169 3 5169 755
krider classical 9 random 28.16 1.94 1.01 11.25 14.52 23 189 12 748 504
r5_2_2 F4 13 perturbation 0.09 0.02 0.01 0.02 0.03 21 160 6 231 99
dessin1 classical 9 perturbation 1.92 0.31 0.17 0.10 1.45 34 1183 5 130 88
sparsesym5 F4 0 caboara-perry 0.01 0.00 0.00 0.00 0.00 5 12 10 9 0
r5_2_2 F4 7 perturbation 0.09 0.02 0.01 0.02 0.03 21 160 6 231 99
redcyc6h classical 4 random 7.99 0.43 0.19 0.33 7.06 106 3994 22 400 294
sendrah classical 26 random 0.05 0.03 0.01 0.00 0.01 7 221 14 9 2
fmtmdeh classical 0 localsearch 0.11 0.10 0.04 0.00 0.00 5 10 13 12 5
econ8 F4 24 perturbation 4.24 0.12 0.07 0.91 2.96 59 2704 5 4078 609
wu90h classical 20 perturbation 4.35 0.44 0.26 0.78 2.99 28 409 9 413 321
cyclicn5-simple classical 17 random 1.29 0.24 0.12 0.22 0.76 20 233 11 180 114
katsuranh3 F4 13 random 0.04 0.03 0.01 0.00 0.00 4 16 3 12 1
katsuran3 F4 6 random 0.03 0.02 0.01 0.00 0.00 4 16 3 12 1
redcyc6 classical 4 random 5.69 0.43 0.19 0.33 4.78 21 493 6 272 173
r6_2_2 F4 29 perturbation 0.25 0.03 0.02 0.07 0.11 39 498 7 510 236
r5_2_2_h classical 18 perturbation 0.20 0.06 0.04 0.02 0.10 21 160 6 68 47
reimer5 F4 23 perturbation 23.81 0.26 0.09 4.90 17.53 27 1609 9 8237 534
weispfenning94 classical 24 random 0.36 0.12 0.07 0.02 0.19 12 436 10 52 28
hairer3 classical 23 perturbation 0.06 0.05 0.02 0.00 0.00 1 1 0 1 0
wang16 F4 14 random 0.19 0.03 0.02 0.02 0.11 18 374 4 355 44
gerdt93 classical 4 random 0.07 0.03 0.01 0.00 0.02 9 109 6 18 9
econh8 classical 10 perturbation 14.62 0.60 0.35 0.52 13.29 102 3620 9 524 421
hairer3 classical 16 perturbation 0.06 0.05 0.02 0.00 0.00 1 1 0 1 0
fmtm_non_hom F4 17 random 0.04 0.02 0.01 0.00 0.00 3 6 4 5 1
econh3 classical 26 random 0.04 0.02 0.01 0.00 0.00 4 11 4 5 1
dessin1h F4 11 perturbation 3.43 0.05 0.03 0.10 3.14 56 2152 11 3438 244
bench2h classical 25 random 122.62 2.59 0.98 4.37 114.85 257 5379 10 2281 2024
binomial_5_3_4_4 classical 29 random 0.05 0.03 0.01 0.00 0.00 11 22 7 27 16
liu classical 11 perturbation 0.14 0.06 0.04 0.01 0.06 16 148 9 46 30
binomial_7_3_7_9 F4 29 perturbation 0.08 0.04 0.03 0.01 0.01 12 24 4 141 66
extcyc5h classical 11 random 27.51 0.89 0.32 0.85 25.47 165 12004 15 663 498
binomial_4_2_4_1 F4 0 random 0.04 0.02 0.01 0.00 0.00 6 12 3 40 14
hairer3 classical 20 perturbation 0.05 0.04 0.02 0.00 0.00 1 1 0 1 0
dessin1h classical 6 random 4.49 0.18 0.09 0.12 4.10 56 2152 11 243 187
rose F4 21 random 10.54 0.33 0.16 2.83 7.12 13 354 11 16392 409
binomial_5_3_5_3 classical 0 perturbation 0.04 0.02 0.01 0.00 0.01 12 24 6 27 15
katsuran6-simple classical 23 perturbation 0.41 0.07 0.04 0.02 0.30 22 528 6 70 48
jcf26 classical 9 random 203.88 18.75 2.23 17.65 162.19 35 421 33 490 94
bench1 classical 16 perturbation 89.89 2.87 1.28 12.61 73.90 106 5650 4 1478 1278
r5_2_2 F4 0 random 0.09 0.03 0.01 0.02 0.03 21 160 6 231 99
buchberger87 F4 28 random 0.04 0.03 0.01 0.00 0.00 6 12 6 39 7
r5_2_2 classical 9 perturbation 0.21 0.06 0.04 0.02 0.10 21 160 6 68 47
roseh F4 12 random 0.43 0.03 0.02 0.03 0.32 42 1459 18 831 65
extcyc5 F4 0 static 5.09 0.00 0.00 0.86 3.70 102 6728 10 2757 745
berthh F4 24 random 8.30 0.39 0.21 2.03 5.25 50 3196 41 3669 1001
berthh F4 10 random 11.10 0.34 0.19 1.03 9.29 44 4916 43 4430 678
r5_2_2 classical 22 perturbation 0.21 0.06 0.04 0.02 0.10 21 160 6 68 47
uteshev_bikker F4 21 random 0.67 0.03 0.01 0.02 0.58 28 921 10 672 60
buchberger87 F4 13 perturbation 0.04 0.03 0.02 0.00 0.00 8 16 6 38 10
jcf26 classical 8 perturbation 64.18 16.31 4.76 3.78 43.18 75 1916 5 454 309
katsuran3 F4 24 perturbation 0.03 0.02 0.01 0.00 0.00 4 16 3 12 1
gerdt93 F4 25 random 0.10 0.03 0.02 0.00 0.05 9 109 6 226 18
katsuranh2 classical 10 perturbation 0.02 0.01 0.01 0.00 0.00 2 5 2 2 0
econ3 classical 15 random 0.03 0.02 0.01 0.00 0.00 3 9 2 3 0
cyclicn5-simple classical 6 random 0.53 0.11 0.06 0.05 0.33 20 232 8 113 75
fmtm_non_hom classical 0 localsearch 0.04 0.03 0.01 0.00 0.00 2 4 4 2 0
katsuran2 F4 9 random 0.01 0.00 0.00 0.00 0.00 2 5 2 0 0
filter9 classical 9 random 1676.26 49.79 18.99 900.22 718.36 66 448 8 6379 4678
bench2h classical 18 random 104.82 2.34 0.96 4.19 97.46 257 5379 10 2281 2024
econ3 F4 29 random 0.03 0.02 0.01 0.00 0.00 3 9 2 2 0
binomial_7_4_7_8 F4 11 perturbation 0.07 0.04 0.03 0.01 0.01 17 34 8 174 71
dessin2 F4 26 perturbation 1.18 0.00 0.00 0.19 0.90 46 1337 4 1350 205
fmtm_non_hom classical 11 random 0.03 0.02 0.01 0.00 0.00 4 8 7 6 2
cyclicnh3 F4 18 random 0.01 0.00 0.00 0.00 0.00 3 8 3 0 0
berth F4 8 random 0.35 0.07 0.04 0.01 0.24 4 143 21 369 6
binomial_7_3_7_9 F4 3 perturbation 0.07 0.04 0.03 0.01 0.01 12 24 4 141 66
r8_2_2_h classical 14 random 34.42 0.66 0.26 1.09 32.37 128 5195 9 779 651
dessin1h classical 2 random 21.86 0.42 0.18 0.53 20.68 61 2402 11 535 430
vermeer classical 2 perturbation 0.98 0.16 0.11 0.07 0.70 20 433 6 135 88
uteshev_bikker classical 10 perturbation 0.29 0.08 0.05 0.01 0.18 17 519 7 44 27
dessin1h F4 13 perturbation 3.33 0.05 0.03 0.12 3.02 56 2152 11 3438 244
fmtmdeh classical 7 random 0.04 0.03 0.01 0.00 0.00 5 10 13 16 7
rabmo classical 11 perturbation 48.90 3.35 1.42 10.26 34.87 15 110 3 735 542
sym33 classical 17 perturbation 0.05 0.02 0.01 0.00 0.02 10 85 10 18 8
hairer1 classical 18 random 0.10 0.03 0.01 0.01 0.04 15 193 8 31 16
bench2h F4 7 perturbation 14.13 0.12 0.07 4.29 8.85 293 7707 10 11912 2758
hemmecke classical 24 perturbation 0.03 0.02 0.02 0.00 0.00 3 16 15 3 0
cyclicn5-permut F4 16 perturbation 0.35 0.05 0.03 0.12 0.14 20 232 8 565 168
katsuranh8 classical 8 random 19.56 0.58 0.22 0.35 18.44 74 6823 8 381 307
weispfenning94 classical 12 perturbation 0.22 0.07 0.05 0.01 0.11 22 511 14 48 26
katsuran4-simple F4 25 perturbation 0.04 0.01 0.01 0.00 0.01 7 49 4 60 12
roseh classical 25 random 1.77 0.34 0.19 0.38 0.95 13 324 16 264 200
hfe_segers F4 11 random 0.45 0.04 0.02 0.25 0.11 41 192 3 1027 507
hairer1 classical 3 random 0.10 0.03 0.01 0.01 0.04 15 193 8 31 16
i1 classical 11 random 32.08 1.04 0.41 1.72 28.95 29 1692 13 353 195
extcyc5h classical 23 perturbation 1.99 0.26 0.15 0.07 1.60 41 3069 12 125 80
r8_2_2_h F4 1 perturbation 3.08 0.04 0.03 0.80 1.89 128 5195 9 2329 1087
vermeer F4 4 perturbation 0.32 0.05 0.03 0.06 0.18 14 277 6 781 84
czapor87_1h classical 6 random 0.14 0.07 0.04 0.01 0.04 12 156 5 30 18
dessin1 F4 25 random 0.80 0.00 0.00 0.07 0.67 39 1385 5 844 105
bench2 classical 19 random 21.09 1.21 0.49 3.63 15.89 25 531 8 467 281
extcyc5 classical 5 perturbation 25.75 0.84 0.34 0.81 23.82 102 6728 10 663 498
solotarev F4 3 perturbation 0.04 0.02 0.01 0.00 0.01 7 36 3 79 15
solotarevh classical 15 random 0.05 0.02 0.01 0.00 0.01 10 50 6 24 14
jcf26 classical 6 perturbation 86.29 14.33 4.13 6.48 64.53 79 2114 5 556 394
katsuranh3 F4 12 random 0.02 0.01 0.01 0.00 0.00 4 16 3 12 1
gerdt93 F4 21 perturbation 0.07 0.03 0.02 0.00 0.03 7 63 5 149 15
cyclicn5-permut F4 21 random 0.29 0.05 0.03 0.10 0.11 20 232 8 565 168
cyclicn3 classical 15 random 0.03 0.02 0.01 0.00 0.00 3 8 3 3 0
binomial_7_3_7_9 classical 26 perturbation 0.11 0.07 0.05 0.01 0.01 8 16 4 37 20
katsuranh2 F4 22 random 0.01 0.00 0.00 0.00 0.00 2 5 2 0 0
bench2 F4 22 perturbation 16.91 0.60 0.25 10.83 4.97 78 1741 4 7325 1552
r6_2_2 F4 8 perturbation 0.23 0.03 0.02 0.06 0.10 39 498 7 510 236
cyclicn5-simple classical 13 perturbation 0.42 0.08 0.05 0.04 0.26 20 232 8 113 75
filter9 classical 11 random 1638.82 44.25 15.25 525.48 1062.03 30 210 13 4425 2809
rabmo F4 17 random 11.64 0.19 0.07 5.94 5.12 20 169 3 5169 755
jcf26 F4 16 perturbation 7.71 0.58 0.19 3.61 3.03 74 1884 5 2581 354
sparsesym5h F4 26 perturbation 0.01 0.00 0.00 0.00 0.00 6 16 18 42 10
binomial_6_2_6_7 classical 6 perturbation 0.08 0.05 0.03 0.01 0.01 9 18 3 28 16
r5_2_4_h classical 18 perturbation 0.50 0.06 0.04 0.04 0.35 35 453 9 122 87
cyclicn5-permut F4 16 random 0.31 0.06 0.03 0.10 0.11 20 232 8 565 168
hfe_segers F4 23 random 0.42 0.04 0.02 0.24 0.10 41 192 3 1027 507
econ8 F4 22 perturbation 3.97 0.12 0.06 0.85 2.77 59 2704 5 4078 609
cyclicnh2 F4 0 caboara-perry 0.01 0.00 0.00 0.00 0.00 2 4 2 0 0
czapor87_2h classical 5 random 0.12 0.05 0.03 0.01 0.04 12 180 5 30 18
econh2 F4 0 perturbation 0.01 0.00 0.00 0.00 0.00 2 4 2 0 0
r5_2_2_h classical 15 perturbation 0.19 0.05 0.04 0.02 0.10 21 160 6 68 47
fabrice24h classical 17 random 25.80 0.38 0.16 0.55 24.65 102 3831 8 606 504
redcyc6h F4 28 perturbation 2.67 0.11 0.06 0.56 1.72 106 3994 22 2635 786
extcyc5 F4 13 random 11.52 0.21 0.08 3.26 6.95 102 6728 10 5408 2031
binomial_5_3_4_6 classical 5 perturbation 0.13 0.06 0.05 0.02 0.02 13 26 10 72 50
reimer5 F4 21 random 20.20 0.16 0.06 2.01 17.56 25 1263 10 10181 449
binomial_5_3_5_3 classical 25 perturbation 0.04 0.02 0.01 0.00 0.01 12 24 6 27 15
lichtblau classical 29 random 0.04 0.03 0.01 0.00 0.00 2 23 11 2 0
cyclicnh3 F4 15 random 0.01 0.00 0.00 0.00 0.00 3 8 3 0 0
katsuranh8 F4 24 perturbation 6.12 0.05 0.03 0.23 5.47 74 6823 8 2957 470
binomial_5_3_5_5 classical 6 perturbation 0.07 0.04 0.03 0.01 0.00 8 16 6 25 14
hairer3 classical 5 perturbation 0.06 0.05 0.02 0.00 0.00 1 1 0 1 0
katsuranh8 F4 0 localsearch NA NA NA NA NA NA NA NA NA NA
r6_2_2 classical 0 perturbation 1.27 0.17 0.11 0.09 0.88 39 498 7 162 123
solotarevh classical 6 random 0.06 0.03 0.01 0.00 0.01 10 50 6 24 14
katsuranh2 classical 8 perturbation 0.03 0.02 0.01 0.00 0.00 2 5 2 2 0
fmtm classical 27 random 0.08 0.06 0.04 0.00 0.00 8 16 7 15 7
extcyc5h F4 27 perturbation 2.22 0.04 0.02 0.05 2.00 41 3069 12 1155 87
redcyc6h F4 0 localsearch 116.47 99.52 29.46 2.38 13.36 81 3677 16 12706 2499
redcyc6 classical 3 random 6.72 0.42 0.19 0.38 5.79 21 493 6 272 173
binomial_6_2_6_7 F4 0 perturbation 0.05 0.03 0.02 0.01 0.01 9 18 3 74 31
fabrice24 F4 0 localsearch NA NA NA NA NA NA NA NA NA NA
dessin1 classical 21 random 1.68 0.14 0.06 0.08 1.40 39 1385 5 130 90
binomial_7_3_7_9 classical 0 caboara-perry 0.10 0.04 0.02 0.01 0.02 8 16 4 24 16
dessin2 F4 24 random 1.30 0.00 0.00 0.20 1.01 46 1337 4 1350 205
berth F4 10 perturbation 5.53 0.10 0.06 0.21 5.02 3 111 26 5123 84
dessin2h classical 3 perturbation 42.49 0.78 0.42 1.93 39.47 109 3645 7 866 735
weispfenning94 classical 14 perturbation 0.23 0.07 0.05 0.01 0.12 22 511 14 48 26
binomial_8_3_8_16 F4 27 random 0.11 0.04 0.02 0.04 0.01 13 26 4 213 97
katsuran2 classical 0 caboara-perry 0.02 0.00 0.00 0.00 0.00 2 6 2 2 0
hairer3 classical 29 perturbation 0.10 0.09 0.03 0.00 0.00 1 1 0 1 0
r7_2_2 classical 6 perturbation 5.53 0.38 0.22 0.29 4.76 67 1487 8 339 272
trinks F4 17 random 0.08 0.03 0.01 0.01 0.02 13 109 5 130 28
katsuranh2 F4 8 random 0.01 0.00 0.00 0.00 0.00 2 5 2 0 0
czapor87_1h F4 29 random 0.09 0.03 0.01 0.01 0.05 12 156 5 197 39
r8_2_2 F4 26 random 3.53 0.04 0.02 0.93 2.17 128 5194 9 2329 1087
r7_2_2_h classical 8 perturbation 5.27 0.33 0.20 0.28 4.57 67 1487 8 339 272
binomial_8_4_8_9 classical 27 random 0.11 0.05 0.03 0.01 0.02 14 28 7 56 41
katsuran2 classical 27 perturbation 0.02 0.01 0.01 0.00 0.00 2 5 2 2 0
cyclicn5-simple classical 19 random 0.93 0.18 0.09 0.12 0.57 14 132 15 134 82
katsuran3 classical 21 random 0.03 0.02 0.01 0.00 0.00 4 16 3 5 1
czapor87_1h F4 5 perturbation 0.09 0.03 0.02 0.01 0.04 12 156 5 197 39
fabrice24h F4 1 random 2.76 0.04 0.02 0.41 2.05 102 3831 8 2435 642
jcf26 F4 3 random 94.52 0.53 0.09 13.10 79.15 56 1207 6 15615 552
berth classical 2 perturbation 0.82 0.16 0.11 0.13 0.49 4 140 20 108 70
dessin2h classical 25 random 17.41 0.34 0.15 0.60 16.29 90 2838 7 519 429
econ2 classical 10 perturbation 0.02 0.01 0.01 0.00 0.00 2 4 1 2 0
fmtm_non_hom F4 18 random 0.04 0.02 0.01 0.00 0.01 3 6 4 5 1
redcyc6h classical 24 random 16.94 0.55 0.24 0.77 15.40 75 4093 21 521 390
hfe_segers F4 1 random 0.47 0.04 0.02 0.27 0.11 41 192 3 1027 507
econh8 F4 18 perturbation 3.69 0.07 0.04 0.43 2.94 101 4184 12 3803 600
r5_2_2 classical 21 random 0.24 0.08 0.04 0.02 0.11 21 160 6 68 47
filter9 F4 11 perturbation 180.49 1.07 0.51 143.60 35.05 136 930 5 32662 3008
fabrice24 F4 4 perturbation 2.83 0.06 0.04 0.72 1.85 56 1950 5 1948 388
r5_2_2_h classical 19 random 0.25 0.08 0.04 0.02 0.12 21 160 6 68 47
jcf26 classical 2 perturbation 112.56 18.51 5.19 8.66 84.22 81 1970 5 632 453
sparsesym5h classical 0 static 0.01 0.00 0.00 0.00 0.00 6 16 18 16 10
binomial_7_4_7_8 F4 8 perturbation 0.08 0.04 0.03 0.01 0.01 17 34 8 174 71
czapor87_2h F4 25 perturbation 0.10 0.02 0.02 0.01 0.05 12 180 5 176 40
binomial_5_3_4_6 F4 28 random 0.05 0.03 0.02 0.00 0.01 8 16 7 47 9
liu classical 6 random 0.15 0.06 0.03 0.01 0.06 16 148 9 46 30
r6_2_2_h F4 8 random 0.27 0.03 0.02 0.08 0.11 39 498 7 510 236
redcyc6 classical 24 perturbation 7.09 0.44 0.24 0.39 6.15 21 493 6 272 173
redcyc6h F4 14 perturbation 3.23 0.12 0.07 0.69 2.10 106 3994 22 2635 786
r5_2_4_h classical 2 random 0.65 0.09 0.05 0.05 0.47 35 453 9 122 87
binomial_6_3_6_6 F4 20 perturbation 0.07 0.03 0.02 0.01 0.01 12 24 6 116 42
sparsesym5h classical 27 random 0.05 0.03 0.02 0.00 0.00 6 16 18 16 10
fmtmdeh classical 0 perturbation 0.03 0.01 0.01 0.00 0.00 6 12 5 12 5
binomial_8_3_8_16 classical 23 random 0.12 0.07 0.04 0.01 0.01 8 16 3 34 20
reimer5h classical 7 perturbation 206.72 3.53 1.23 11.30 190.96 123 29341 16 2184 1932
bench2h F4 10 random 8.94 0.05 0.02 3.18 5.07 257 5379 10 9143 2362
binomial_8_4_8_9 classical 9 perturbation 0.12 0.09 0.06 0.01 0.01 9 18 7 35 25
binomial_5_3_5_3 classical 29 random 0.05 0.03 0.01 0.01 0.01 12 24 6 27 15
r6_2_4_h classical 21 perturbation 37.37 1.07 0.46 1.02 35.00 152 8725 13 692 540
katsuran6-simple classical 28 random 0.52 0.09 0.04 0.02 0.38 22 528 6 70 48
sendra classical 26 random 0.05 0.02 0.01 0.00 0.02 6 186 11 9 2
binomial_6_2_6_7 classical 21 perturbation 0.09 0.05 0.03 0.01 0.01 9 18 3 28 16
cyclicn5-simple F4 22 perturbation 0.36 0.05 0.03 0.12 0.14 20 232 8 575 157
dessin1h F4 8 random 3.59 0.04 0.02 0.12 3.28 56 2152 11 3438 244
katsuranh8 classical 21 random 20.88 0.56 0.22 0.35 19.79 74 6823 8 381 307
katsuran3 classical 6 random 0.03 0.02 0.01 0.00 0.00 4 16 3 5 1
hemmecke F4 14 perturbation 0.01 0.00 0.00 0.00 0.00 3 16 15 0 0
binomial_5_3_4_4 F4 15 perturbation 0.03 0.02 0.02 0.00 0.00 4 8 3 16 4
katsuran8 classical 1 perturbation 21.41 0.80 0.37 0.35 20.09 74 6823 8 381 307
hairer3 classical 7 perturbation 0.06 0.05 0.02 0.00 0.00 1 1 0 1 0
wang16 classical 25 random 3.35 0.34 0.17 0.72 2.20 18 396 5 291 211
cyclicnh2 classical 26 perturbation 0.02 0.01 0.01 0.00 0.00 2 4 2 2 0
weispfenning94 F4 15 random 0.20 0.03 0.02 0.01 0.14 22 511 14 363 29
katsuran2 F4 20 random 0.01 0.00 0.00 0.00 0.00 2 5 2 0 0
wang16 F4 21 random 0.20 0.03 0.01 0.02 0.12 18 374 4 355 44
econh3 F4 17 random 0.03 0.02 0.01 0.00 0.00 4 11 4 8 1
bench2 F4 9 random 71.08 0.58 0.17 36.66 32.81 49 883 5 22772 1236
hairer3 classical 4 perturbation 0.06 0.05 0.02 0.00 0.00 1 1 0 1 0
czapor87_1h classical 23 perturbation 0.14 0.06 0.04 0.01 0.05 12 156 5 30 18
binomial_7_4_7_8 F4 12 random 0.07 0.03 0.02 0.01 0.01 17 34 8 167 67
cyclicnh3 classical 25 random 0.02 0.01 0.01 0.00 0.00 3 8 3 3 0
sparsesym5h F4 15 perturbation 0.01 0.00 0.00 0.00 0.00 6 16 18 42 10
czapor87_1h F4 7 random 0.10 0.03 0.01 0.01 0.05 12 156 5 197 39
trinks F4 28 random 0.08 0.03 0.01 0.01 0.02 13 109 5 130 28
cyclicn3 F4 17 perturbation 0.01 0.00 0.00 0.00 0.00 3 8 3 0 0
buchberger87 classical 0 static 0.02 0.00 0.00 0.00 0.00 8 16 6 17 9
katsuran3 F4 13 perturbation 0.02 0.01 0.01 0.00 0.00 4 16 3 12 1
katsuran4-simple classical 29 perturbation 0.03 0.01 0.01 0.00 0.01 7 49 4 12 5
bench2 F4 23 random 5.70 0.12 0.05 3.72 1.62 86 1487 4 3661 1044
binomial_6_2_6_7 F4 3 perturbation 0.05 0.03 0.02 0.01 0.01 9 18 3 74 31
binomial_8_4_8_9 classical 3 perturbation 0.11 0.08 0.06 0.01 0.01 9 18 7 35 25
econ2 F4 0 localsearch 0.01 0.00 0.00 0.00 0.00 2 4 1 0 0
katsuran2 F4 18 perturbation 0.01 0.00 0.00 0.00 0.00 2 5 2 0 0
katsuran6-simple classical 13 perturbation 0.49 0.07 0.05 0.02 0.37 22 528 6 70 48
redcyc6 F4 5 perturbation 2.40 0.13 0.07 0.50 1.58 21 493 6 1979 328
dessin2 classical 0 localsearch 146.90 139.51 61.25 0.99 6.01 10 389 42 204 70
uteshev_bikker classical 25 perturbation 0.24 0.07 0.04 0.01 0.14 17 519 7 44 27
econ8 classical 8 perturbation 9.60 0.48 0.26 0.44 8.55 59 2704 5 342 266
sym33 F4 11 perturbation 0.07 0.02 0.02 0.00 0.04 10 85 10 175 15
wu90 classical 19 perturbation 0.27 0.03 0.02 0.03 0.18 20 266 4 67 44
sparsesym5h classical 21 perturbation 0.05 0.03 0.03 0.00 0.00 6 16 18 16 10
econh2 classical 22 perturbation 0.02 0.01 0.01 0.00 0.00 2 4 2 2 0
r6_2_4_h classical 24 random 37.50 0.92 0.35 1.02 35.28 152 8725 13 692 540
dessin1 classical 15 random 1.69 0.18 0.08 0.15 1.30 26 831 10 126 85
binomial_5_3_4_6 F4 24 perturbation 0.04 0.02 0.02 0.00 0.01 9 18 9 48 13
hairer1 classical 11 random 0.11 0.03 0.01 0.01 0.04 15 193 8 31 16
issac97 classical 3 perturbation 0.11 0.03 0.02 0.01 0.05 12 180 5 30 18
fabrice24 classical 3 perturbation 2716.76 42.88 11.46 1378.46 1290.89 56 2109 6 4629 3704
cyclicn4-simple classical 2 perturbation 0.03 0.01 0.01 0.00 0.00 7 30 6 12 5
lichtblau F4 7 random 0.04 0.03 0.01 0.00 0.00 2 23 11 7 1
katsuran4-simple classical 10 perturbation 0.03 0.01 0.01 0.00 0.01 7 49 4 12 5
i1 classical 22 perturbation 21.59 1.10 0.59 1.34 18.92 67 3408 6 554 431
econh8 classical 15 random NA NA NA NA NA NA NA NA NA NA
roseh classical 16 random 1.23 0.20 0.13 0.24 0.74 8 173 18 175 122
econ2 classical 19 perturbation 0.02 0.01 0.01 0.00 0.00 2 4 1 2 0
katsuranh8 classical 20 perturbation 21.45 0.94 0.43 0.36 19.98 74 6823 8 381 307
redcyc6 F4 6 perturbation 2.39 0.14 0.08 0.49 1.57 21 493 6 1979 328
katsuranh2 F4 10 perturbation 0.01 0.00 0.00 0.00 0.00 2 5 2 0 0
hairer1 F4 11 random 0.13 0.03 0.02 0.01 0.07 15 193 8 209 22
rabmo F4 27 random 13.50 0.20 0.08 7.09 5.76 20 169 3 5169 755
econ3 classical 8 perturbation 0.02 0.01 0.01 0.00 0.00 3 9 2 3 0
czapor87_1h F4 0 localsearch 1.60 1.45 0.68 0.03 0.09 12 156 5 328 86
r7_2_2_h classical 12 perturbation 6.05 0.36 0.21 0.30 5.28 67 1487 8 339 272
wang16 F4 0 static 0.18 0.00 0.00 0.02 0.13 18 374 4 355 44
krider F4 9 random 2.76 0.19 0.11 0.75 1.71 22 142 14 3347 311
bench2h classical 0 static 129.70 0.00 0.00 4.96 124.31 257 5379 10 2281 2024
czapor87_1h classical 26 perturbation 0.14 0.07 0.04 0.01 0.05 12 156 5 30 18
binomial_5_3_4_6 F4 0 perturbation 0.04 0.02 0.02 0.00 0.01 9 18 9 48 13
reimer5 F4 3 perturbation 23.01 0.24 0.09 4.10 17.95 35 2159 8 6668 616
katsuranh2 F4 24 random 0.01 0.00 0.00 0.00 0.00 2 5 2 0 0
issac97 classical 11 random 0.13 0.05 0.03 0.01 0.05 12 180 5 30 18
rabmo classical 20 random 12.50 0.88 0.37 1.53 9.92 20 169 3 288 162
schiele F4 2 perturbation 0.01 0.00 0.00 0.00 0.00 2 6 2 0 0
cyclicn2 F4 12 random 0.01 0.00 0.00 0.00 0.00 2 4 2 0 0
econh3 F4 27 perturbation 0.03 0.01 0.01 0.00 0.00 4 11 4 8 1
fmtm_non_hom classical 21 random 0.04 0.02 0.01 0.00 0.00 3 6 5 4 1
hairer1 classical 0 localsearch 0.57 0.51 0.20 0.01 0.03 7 69 4 8 1
cyclicnh2 F4 21 random 0.01 0.00 0.00 0.00 0.00 2 4 2 0 0
katsuran3 classical 0 localsearch 0.08 0.06 0.02 0.00 0.00 4 16 3 5 1
econh8 classical 8 random NA NA NA NA NA NA NA NA NA NA
schiele classical 4 random 0.03 0.02 0.01 0.00 0.00 2 6 2 2 0
schieleh F4 27 random 0.01 0.00 0.00 0.00 0.00 2 6 2 0 0
binomial_8_3_8_16 F4 0 localsearch 0.77 0.65 0.23 0.08 0.02 14 28 4 344 165
fabrice24 classical 20 random 49.09 1.48 0.53 3.10 44.09 23 904 10 414 243
hairer3 F4 25 random 0.01 0.00 0.00 0.00 0.00 1 1 0 0 0
bench2h F4 0 perturbation 9.78 0.10 0.06 2.96 6.07 268 6618 10 11148 2466
econ3 classical 6 perturbation 0.02 0.01 0.01 0.00 0.00 3 9 2 3 0
cyclicn4-simple F4 19 random 0.04 0.02 0.01 0.00 0.01 7 30 6 41 5
uteshev_bikker F4 20 perturbation 0.18 0.02 0.01 0.01 0.13 17 519 7 297 35
wu90 F4 10 random 0.14 0.02 0.01 0.03 0.07 20 266 4 366 87
r6_2_4_h F4 17 perturbation 3.56 0.12 0.06 0.62 2.44 152 8725 13 2177 840
berthh F4 26 random 2.53 0.14 0.09 0.25 1.97 11 521 35 2241 225
solotarevh classical 24 perturbation 0.05 0.02 0.02 0.00 0.01 10 50 6 24 14
czapor87_1h classical 25 random 0.16 0.09 0.04 0.01 0.05 12 156 5 30 18
cyclicnh2 classical 3 perturbation 0.02 0.01 0.01 0.00 0.00 2 4 2 2 0
katsuranh2 classical 0 caboara-perry 0.02 0.01 0.01 0.00 0.00 2 6 2 2 0
katsuran4-simple F4 4 random 0.04 0.02 0.01 0.00 0.01 8 58 4 65 10
binomial_7_3_7_9 classical 12 perturbation 0.12 0.07 0.05 0.01 0.01 11 22 5 44 25
dessin1 F4 0 random 0.60 0.00 0.00 0.07 0.46 39 1385 5 844 105
cyclicn5-permut F4 27 random 0.35 0.06 0.03 0.11 0.13 19 218 11 599 160
assur44 F4 15 random NA NA NA NA NA NA NA NA NA NA
sendrah F4 24 perturbation 0.06 0.02 0.01 0.00 0.03 7 221 14 66 2
redcyc6 classical 18 random 7.07 0.44 0.20 0.39 6.11 21 493 6 272 173
cyclicnh2 classical 14 perturbation 0.02 0.01 0.01 0.00 0.00 2 4 2 2 0
katsuran3 F4 28 perturbation 0.02 0.01 0.01 0.00 0.00 4 16 3 12 1
econh2 classical 17 random 0.03 0.02 0.01 0.00 0.00 2 4 2 2 0
dessin2 classical 14 random 4.13 0.15 0.08 0.19 3.71 46 1337 4 211 163
binomial_8_3_8_16 F4 14 perturbation 0.14 0.05 0.04 0.05 0.02 20 40 4 280 146
binomial_5_3_5_5 classical 7 random 0.09 0.06 0.03 0.01 0.01 6 12 4 21 9
buchberger87 classical 23 random 0.04 0.03 0.01 0.00 0.00 8 16 6 17 9
rose F4 1 random 1.04 0.10 0.05 0.12 0.76 14 406 14 1569 81
fmtm classical 4 random 0.06 0.04 0.03 0.00 0.00 8 16 7 15 7
fabrice24h F4 16 random 2.57 0.04 0.02 0.43 1.82 102 3831 8 2435 642
binomial_7_4_7_8 classical 15 random 0.11 0.07 0.04 0.01 0.01 9 18 7 36 22
berth classical 8 random 0.45 0.10 0.06 0.03 0.30 5 174 16 42 12
binomial_5_3_4_6 F4 0 random 0.04 0.03 0.02 0.00 0.00 4 8 3 13 3
reimer5 classical 21 random 273.67 4.83 1.36 20.37 247.64 19 682 7 830 482
redcyc6 classical 10 perturbation 5.73 0.43 0.24 0.33 4.83 21 493 6 272 173
binomial_6_2_6_7 classical 0 random 0.08 0.05 0.03 0.01 0.01 12 24 4 34 22
katsuran2 classical 10 random 0.03 0.02 0.01 0.00 0.00 2 5 2 2 0
econ8 F4 7 perturbation 3.88 0.12 0.06 0.88 2.65 59 2704 5 4078 609
bench1 classical 0 localsearch NA NA NA NA NA NA NA NA NA NA
r5_2_2 F4 22 random 0.09 0.03 0.01 0.02 0.03 21 160 6 231 99
binomial_4_2_4_1 classical 28 random 0.03 0.02 0.01 0.00 0.00 6 12 3 12 6
vermeer classical 0 perturbation 0.85 0.17 0.10 0.06 0.58 20 433 6 135 88
i1 classical 22 random 32.86 1.15 0.63 1.82 29.59 43 2449 9 454 298
r8_2_2 classical 0 localsearch 1636.96 1581.05 257.39 8.82 46.71 134 5564 9 814 679
berthh F4 1 perturbation 20.73 0.72 0.40 5.00 13.30 48 3759 41 6091 1764
issac97 classical 22 perturbation 0.11 0.03 0.02 0.01 0.05 12 180 5 30 18
el44 classical 12 random 9.28 0.63 0.28 1.79 6.70 9 43 3 237 128
bench2 F4 8 random 6.00 0.12 0.05 4.22 1.41 86 1487 4 3661 1044
rabmo F4 28 perturbation 13.50 0.33 0.15 6.99 5.72 20 169 3 5169 755
bench1 F4 22 perturbation 20.41 0.68 0.31 8.26 10.49 87 5192 4 8061 1610
r7_2_2 classical 0 localsearch 107.50 100.33 36.48 1.14 5.87 72 1667 8 362 290
r5_2_2 classical 0 localsearch 2.98 2.75 1.54 0.06 0.14 22 171 6 71 49
katsuran4-simple classical 1 random 0.04 0.02 0.01 0.00 0.01 7 49 4 12 5
syz1 classical 20 random 0.03 0.02 0.01 0.00 0.00 2 4 2 2 0
econh2 classical 8 perturbation 0.02 0.01 0.01 0.00 0.00 2 4 2 2 0
dessin2 classical 10 random 3.28 0.18 0.08 0.16 2.86 46 1337 4 211 163
r5_2_2_h F4 13 random 0.09 0.03 0.01 0.02 0.03 21 160 6 231 99
r8_2_2 classical 6 perturbation 42.59 0.93 0.45 1.27 40.11 128 5194 9 779 651
vermeer classical 29 perturbation 1.00 0.16 0.11 0.07 0.72 20 433 6 135 88
dessin1h classical 28 perturbation 6.14 0.34 0.19 0.19 5.50 56 2152 11 277 220
binomial_4_2_4_1 F4 1 random 0.04 0.03 0.01 0.00 0.00 6 12 3 40 14
sparsesym5h classical 13 perturbation 0.05 0.03 0.02 0.00 0.00 6 16 18 16 10
sendra classical 0 localsearch 3.00 2.87 0.89 0.01 0.10 5 235 19 24 7
fmtmdeh classical 17 perturbation 0.03 0.01 0.01 0.00 0.00 6 12 5 11 5
uteshev_bikker F4 27 random 0.22 0.03 0.01 0.01 0.16 17 519 7 297 35
hairer1 classical 10 perturbation 0.11 0.03 0.02 0.01 0.04 15 193 8 31 16
syz1 F4 0 localsearch 0.01 0.00 0.00 0.00 0.00 2 4 2 0 0
katsuran2 classical 3 random 0.02 0.01 0.01 0.00 0.00 2 5 2 2 0
schiele F4 3 perturbation 0.01 0.00 0.00 0.00 0.00 2 6 2 0 0
binomial_8_3_8_16 classical 19 perturbation 0.14 0.09 0.06 0.02 0.01 13 26 4 52 36
sendra F4 21 perturbation 0.41 0.02 0.01 0.01 0.35 6 202 13 725 19
wu90h F4 0 perturbation 0.32 0.03 0.02 0.04 0.20 39 602 9 702 126
czapor87_2h classical 20 random 0.13 0.05 0.03 0.01 0.06 12 180 5 30 18
cyclicn5-permut classical 6 random 0.50 0.08 0.04 0.05 0.34 20 232 8 113 75
r6_2_2_h classical 16 perturbation 1.19 0.15 0.10 0.09 0.90 39 498 7 162 123
r8_2_2_h classical 14 perturbation 35.11 0.87 0.41 1.10 32.90 128 5195 9 779 651
roseh classical 28 perturbation 3.22 0.30 0.18 0.80 2.01 40 1295 22 397 300
katsuranh8 classical 24 random 22.01 0.58 0.23 0.36 20.89 74 6823 8 381 307
katsuran4-simple F4 25 random 0.04 0.01 0.01 0.00 0.01 7 49 4 60 12
binomial_5_3_5_5 classical 12 perturbation 0.07 0.04 0.03 0.01 0.01 8 16 6 25 14
jcf26 classical 11 perturbation 536.80 79.15 17.05 95.83 358.66 72 1791 7 1617 1238
roseh F4 0 localsearch 18.22 15.35 6.52 0.18 2.52 33 972 30 6535 453
f744 F4 24 random 31.35 0.18 0.06 14.34 15.79 82 3996 7 12029 1633
solotarev F4 0 static 0.02 0.00 0.00 0.00 0.01 10 50 3 77 14
berth classical 9 perturbation 0.54 0.10 0.07 0.05 0.36 5 174 16 68 31
issac97 classical 5 random 0.11 0.05 0.03 0.01 0.05 12 180 5 30 18
katsuranh3 F4 9 random 0.03 0.02 0.01 0.00 0.00 4 16 3 12 1
econ8 F4 17 random 4.03 0.09 0.04 0.89 2.82 59 2704 5 4078 609
cyclicnh2 F4 23 perturbation 0.01 0.00 0.00 0.00 0.00 2 4 2 0 0
issac97 F4 0 random 0.09 0.03 0.01 0.01 0.04 12 180 5 176 40
extcyc5 classical 15 random 25.48 0.79 0.29 0.81 23.61 102 6728 10 663 498
jcf26 F4 3 perturbation 24.57 2.58 0.70 12.50 8.55 85 2263 5 5342 967
hairer3 classical 26 perturbation 0.06 0.05 0.02 0.00 0.00 1 1 0 1 0
krider classical 7 perturbation 57.17 4.64 2.57 20.91 31.04 31 244 13 1550 1277
reimer5 F4 28 random 3.17 0.06 0.03 0.36 2.62 29 1566 8 2339 184
rose F4 0 localsearch 5.69 4.76 1.59 0.14 0.72 19 552 13 1666 210
rose F4 0 perturbation 40.01 0.31 0.15 2.82 36.46 16 470 18 37111 351
sendra F4 19 random 1.90 0.11 0.06 0.12 1.59 6 186 11 2396 76
katsuranh2 classical 9 random 0.03 0.02 0.01 0.00 0.00 2 5 2 2 0
dessin1h F4 21 perturbation 3.14 0.05 0.03 0.11 2.84 56 2152 11 3438 244
roseh F4 23 random 2.70 0.11 0.06 0.30 2.16 19 566 16 4671 269
wang16h F4 29 perturbation 0.21 0.02 0.01 0.02 0.13 33 809 9 420 73
katsuran8 F4 4 perturbation 5.98 0.05 0.03 0.24 5.32 74 6823 8 2957 470
binomial_8_3_8_16 classical 13 random 0.12 0.07 0.04 0.02 0.01 13 26 4 52 36
rabmo F4 23 random 11.42 0.18 0.07 5.87 4.98 20 169 3 5169 755
bench2h classical 0 perturbation NA NA NA NA NA NA NA NA NA NA
hairer3 classical 25 perturbation 0.06 0.05 0.02 0.00 0.00 1 1 0 1 0
wang16 classical 15 perturbation 0.37 0.05 0.03 0.04 0.25 16 331 5 80 49
binomial_5_3_4_4 F4 27 random 0.04 0.03 0.02 0.00 0.00 4 8 3 16 4
hfe_segers F4 25 random 0.45 0.04 0.02 0.25 0.10 41 192 3 1027 507
binomial_7_4_7_8 F4 1 perturbation 0.07 0.03 0.02 0.01 0.01 17 34 8 174 71
krider classical 20 random 9.25 0.71 0.37 2.02 6.28 21 192 15 514 366
czapor87_2h classical 1 perturbation 0.11 0.04 0.03 0.01 0.05 12 180 5 30 18
hairer3 classical 2 perturbation 0.06 0.05 0.02 0.00 0.00 1 1 0 1 0
cyclicn2 classical 29 perturbation 0.02 0.01 0.00 0.00 0.00 2 4 2 2 0
sendra F4 4 perturbation 0.10 0.01 0.01 0.00 0.08 6 216 17 161 4
r5_2_4_h F4 22 perturbation 0.16 0.02 0.01 0.03 0.08 35 453 9 386 133
econh3 classical 25 random 0.02 0.01 0.01 0.00 0.00 4 11 4 5 1
katsuran6-simple classical 19 random 0.45 0.09 0.04 0.02 0.31 22 528 6 70 48
fmtm_non_hom classical 0 caboara-perry 0.02 0.01 0.00 0.00 0.00 2 4 4 2 0
wang16h F4 0 localsearch 10.53 9.57 4.22 0.19 0.66 36 898 11 1948 473
weispfenning94 classical 28 random 0.21 0.08 0.04 0.01 0.10 22 511 14 48 26
bench2h classical 24 perturbation NA NA NA NA NA NA NA NA NA NA
binomial_5_3_4_4 classical 20 perturbation 0.04 0.02 0.01 0.00 0.00 11 22 7 27 16
hairer1 F4 22 perturbation 0.13 0.04 0.03 0.01 0.06 15 193 8 209 22
weispfenning94 F4 5 random 0.19 0.03 0.02 0.01 0.12 22 511 14 363 29
cyclicn3 classical 3 random 0.03 0.02 0.01 0.00 0.00 3 8 3 3 0
econ2 classical 23 random 0.03 0.02 0.01 0.00 0.00 2 4 1 2 0
binomial_4_2_4_1 classical 26 perturbation 0.03 0.01 0.01 0.00 0.00 6 12 3 12 6
liu F4 29 random 0.11 0.03 0.02 0.01 0.06 16 148 9 355 50
r6_2_4_h F4 8 random 3.64 0.11 0.04 0.61 2.53 152 8725 13 2177 840
sendra classical 17 perturbation 0.03 0.01 0.00 0.00 0.01 6 186 11 9 2
binomial_5_3_5_3 classical 24 perturbation 0.04 0.02 0.01 0.00 0.01 12 24 6 27 15
hairer3 classical 17 perturbation 0.06 0.05 0.02 0.00 0.00 1 1 0 1 0
binomial_6_3_6_6 classical 6 perturbation 0.17 0.09 0.06 0.03 0.02 7 14 5 58 36
vermeer classical 0 localsearch 5.54 5.20 2.48 0.03 0.27 14 625 10 63 37
f744 F4 11 perturbation 7.15 0.09 0.05 3.36 3.31 87 3932 4 3892 819
dessin1h classical 16 perturbation 5.03 0.33 0.19 0.17 4.42 56 2152 11 277 220
cyclicn2 classical 5 random 0.03 0.02 0.01 0.00 0.00 2 4 2 2 0
jcf26 F4 25 random 12.15 0.30 0.08 4.70 6.53 46 798 14 4607 220
gerdt93 F4 23 perturbation 0.07 0.03 0.02 0.00 0.03 7 63 5 149 15
fmtmdeh F4 26 random 0.04 0.02 0.01 0.00 0.01 5 10 16 53 12
dessin1h classical 22 random 4.67 0.28 0.12 0.12 4.18 56 2152 11 243 187
buchberger87 F4 3 random 0.04 0.03 0.01 0.00 0.00 4 8 3 13 3
bench2 F4 0 perturbation 6.92 0.25 0.13 4.34 2.08 63 1042 4 4144 763
redcyc6h classical 9 random 14.59 0.94 0.53 0.50 12.96 114 4355 22 475 347
econh8 classical 0 caboara-perry 18.94 3.90 0.25 1.05 13.79 81 4239 11 433 352
dessin1 classical 18 random 1.52 0.13 0.06 0.07 1.27 39 1385 5 130 90
sendrah classical 22 random 0.05 0.02 0.01 0.00 0.01 7 221 14 9 2
syz1 F4 13 perturbation 0.01 0.00 0.00 0.00 0.00 2 4 2 0 0
wu90 classical 1 random 0.26 0.05 0.03 0.02 0.16 20 266 4 67 44
r6_2_4_h classical 27 random 29.54 0.90 0.33 0.86 27.53 152 8725 13 692 540
binomial_5_3_4_4 classical 14 random 0.05 0.03 0.01 0.00 0.00 11 22 7 27 16
cyclicn3 F4 18 perturbation 0.01 0.00 0.00 0.00 0.00 3 8 3 0 0
katsuran3 classical 2 perturbation 0.02 0.01 0.01 0.00 0.00 4 16 3 5 1
r5_2_4_h F4 5 random 0.17 0.03 0.01 0.03 0.08 35 453 9 386 133
r8_2_2_h classical 2 random 33.45 0.60 0.24 1.07 31.53 128 5195 9 779 651
fmtmdeh classical 8 perturbation 0.02 0.01 0.01 0.00 0.00 6 12 5 11 5
econ2 classical 11 perturbation 0.01 0.00 0.00 0.00 0.00 2 4 1 2 0
dessin2h classical 0 perturbation 34.85 0.66 0.36 1.61 32.31 109 3645 7 866 735
binomial_5_3_4_6 classical 0 static 0.03 0.00 0.00 0.01 0.01 16 32 9 49 33
katsuran2 classical 20 random 0.02 0.01 0.01 0.00 0.00 2 5 2 2 0
lichtblau classical 16 perturbation 0.36 0.05 0.03 0.04 0.24 7 280 7 68 35
berth F4 4 perturbation 3.38 0.09 0.06 0.15 2.99 3 111 26 2975 78
cyclicnh3 classical 8 perturbation 0.02 0.01 0.01 0.00 0.00 3 8 3 3 0
trinks F4 11 perturbation 0.07 0.03 0.02 0.01 0.02 13 109 5 130 28
fabrice24 classical 14 random 58.06 1.45 0.51 3.52 52.60 29 1115 10 513 327
binomial_8_3_8_16 classical 21 random 0.07 0.04 0.02 0.01 0.01 8 16 3 33 20
binomial_5_3_4_4 F4 24 perturbation 0.03 0.02 0.02 0.00 0.00 4 8 3 16 4
binomial_6_3_6_6 F4 6 perturbation 0.07 0.03 0.02 0.02 0.01 12 24 6 119 44
hairer1 F4 8 perturbation 0.13 0.04 0.03 0.01 0.06 15 193 8 209 22
katsuran8 classical 4 perturbation 17.44 0.76 0.36 0.30 16.22 74 6823 8 381 307
binomial_5_3_4_6 F4 26 random 0.04 0.03 0.01 0.00 0.00 5 10 5 25 5
cyclicnh2 F4 11 random 0.01 0.00 0.00 0.00 0.00 2 4 2 0 0
hairer3 classical 17 random 0.04 0.03 0.01 0.00 0.00 1 1 0 1 0
r5_2_2 classical 0 static 0.13 0.00 0.00 0.02 0.10 21 160 6 68 47
el44 F4 19 random 16.28 0.32 0.12 5.12 10.47 11 57 3 8625 342
fmtm classical 8 random 0.07 0.05 0.03 0.00 0.00 8 16 7 15 7
i1 F4 6 random 83.46 0.60 0.15 23.19 57.75 49 3030 9 21512 1135
extcyc5h classical 3 random 25.73 0.83 0.30 0.80 23.81 165 12004 15 663 498
dessin2h classical 4 random 14.99 0.31 0.14 0.52 13.98 90 2838 7 519 429
katsuran3 classical 22 perturbation 0.02 0.01 0.01 0.00 0.00 4 16 3 5 1
r6_2_4_h F4 9 random 10.32 0.12 0.05 2.81 6.41 184 11081 13 4947 1701
czapor87_1h classical 10 perturbation 0.12 0.06 0.04 0.01 0.04 12 156 5 30 18
el44 classical 25 random 39.73 1.55 0.59 4.78 33.12 11 68 3 402 212
wang16 F4 0 perturbation 0.17 0.01 0.01 0.02 0.11 18 374 4 355 44
katsuran3 classical 8 perturbation 0.02 0.01 0.01 0.00 0.00 4 16 3 5 1
katsuran3 F4 1 random 0.03 0.02 0.01 0.00 0.00 4 16 3 12 1
i1 classical 0 static 42.29 0.00 0.00 2.45 39.64 118 5536 4 856 707
dessin2h classical 8 perturbation 35.03 0.70 0.38 1.61 32.42 109 3645 7 866 735
czapor87_1h classical 8 random 0.14 0.08 0.04 0.01 0.04 12 156 5 30 18
rose classical 0 random 0.12 0.05 0.03 0.00 0.05 11 301 22 25 12
katsuran2 classical 18 random 0.02 0.01 0.01 0.00 0.00 2 5 2 2 0
f744 classical 12 random 66.50 1.32 0.41 2.90 61.91 87 3932 4 762 609
econ3 F4 25 random 0.03 0.02 0.01 0.00 0.00 3 9 2 2 0
r7_2_2 F4 20 random 0.66 0.03 0.01 0.20 0.33 67 1487 8 1056 488
hairer3 classical 15 perturbation 0.05 0.04 0.02 0.00 0.00 1 1 0 1 0
r5_2_2 classical 16 perturbation 0.20 0.06 0.04 0.02 0.10 21 160 6 68 47
binomial_8_3_8_16 classical 7 perturbation 0.12 0.08 0.05 0.01 0.01 13 26 4 52 36
binomial_7_4_7_8 F4 26 perturbation 0.06 0.03 0.02 0.01 0.01 17 34 8 174 71
r5_2_2 F4 28 perturbation 0.08 0.02 0.01 0.02 0.03 21 160 6 231 99
berth classical 13 perturbation 0.40 0.05 0.04 0.03 0.28 4 143 21 54 23
bench1 classical 16 random 59.13 3.78 1.06 3.65 50.60 10 606 66 360 60
cyclicn5-simple F4 8 random 0.34 0.07 0.03 0.11 0.13 20 232 8 575 157
econh8 classical 6 perturbation 15.00 0.62 0.36 0.54 13.64 102 3620 9 524 421
cyclicn4-simple F4 8 perturbation 0.04 0.02 0.01 0.00 0.01 7 30 6 41 5
solotarev classical 10 random 0.05 0.02 0.01 0.00 0.01 10 50 3 24 14
binomial_4_2_4_1 F4 13 random 0.04 0.03 0.01 0.00 0.00 6 12 3 40 14
reimer5h F4 20 random 86.46 0.21 0.05 1.97 80.82 172 48925 16 12423 1380
binomial_5_3_5_3 classical 15 random 0.05 0.03 0.02 0.00 0.01 12 24 6 27 15
solotarevh F4 26 perturbation 0.04 0.02 0.02 0.00 0.01 6 23 5 63 14
r6_2_4_h classical 21 random 31.00 0.95 0.35 0.90 28.86 152 8725 13 692 540
econ3 F4 1 perturbation 0.02 0.01 0.01 0.00 0.00 3 9 2 2 0
r5_2_4_h F4 0 localsearch 4.18 3.54 1.62 0.18 0.37 35 453 9 1526 549
schiele classical 7 perturbation 0.02 0.01 0.01 0.00 0.00 2 6 2 2 0
r5_2_4_h classical 25 perturbation 0.55 0.08 0.05 0.05 0.38 35 453 9 122 87
econh3 classical 24 perturbation 0.02 0.01 0.01 0.00 0.00 4 11 4 5 1
extcyc5 F4 3 perturbation 12.24 0.24 0.09 3.40 7.46 102 6728 10 5408 2031
filter9 F4 0 localsearch NA NA NA NA NA NA NA NA NA NA
issac97 F4 2 random 0.09 0.03 0.01 0.01 0.04 12 180 5 176 40
hairer3 classical 3 perturbation 0.06 0.05 0.02 0.00 0.00 1 1 0 1 0
fmtmdeh F4 18 random 0.04 0.02 0.01 0.00 0.00 6 12 10 42 10
buchberger87 classical 29 perturbation 0.04 0.03 0.02 0.00 0.00 8 16 6 17 9
dessin1h F4 23 perturbation 3.39 0.05 0.03 0.11 3.09 56 2152 11 3438 244
extcyc5 F4 18 perturbation 11.92 0.23 0.09 3.40 7.14 102 6728 10 5408 2031
dessin2h classical 15 random 15.88 0.32 0.14 0.54 14.85 90 2838 7 519 429
dessin1 classical 6 random 1.59 0.14 0.06 0.08 1.32 39 1385 5 130 90
extcyc5h classical 11 perturbation 2.10 0.27 0.16 0.07 1.70 41 3069 12 125 80
issac97 F4 29 perturbation 0.08 0.02 0.01 0.01 0.04 12 180 5 176 40
issac97 F4 3 random 0.09 0.03 0.01 0.01 0.04 12 180 5 176 40
reimer5h classical 3 random 237.53 5.68 1.79 12.71 218.21 192 14809 27 1891 1499
hairer3 classical 13 perturbation 0.06 0.05 0.02 0.00 0.00 1 1 0 1 0
uteshev_bikker F4 19 random 0.44 0.03 0.01 0.02 0.34 27 884 11 628 59
econh8 F4 7 random 3.53 0.04 0.02 0.40 2.83 101 4184 12 3803 600
fmtmdeh classical 11 perturbation 0.03 0.02 0.01 0.00 0.00 6 12 5 11 5
binomial_7_3_7_9 F4 5 perturbation 0.07 0.04 0.03 0.01 0.01 12 24 4 141 66
sparsesym5h F4 18 perturbation 0.01 0.00 0.00 0.00 0.00 6 16 18 42 10
redcyc6 classical 21 random 5.98 0.58 0.36 0.34 4.94 21 493 6 272 173
sym33 classical 3 perturbation 0.05 0.02 0.01 0.00 0.02 10 85 10 18 8
r8_2_2 classical 0 static 33.75 0.00 0.00 1.10 32.47 128 5194 9 779 651
binomial_7_3_7_9 F4 1 random 0.07 0.03 0.02 0.01 0.01 14 28 5 162 78
r6_2_4_h F4 12 perturbation 3.68 0.13 0.06 0.62 2.53 152 8725 13 2177 840
weispfenning94 classical 11 random 0.85 0.23 0.12 0.08 0.49 18 761 11 115 75
berthh classical 29 random 7.45 0.88 0.50 0.93 5.48 37 3412 40 472 367
binomial_4_2_4_1 classical 6 perturbation 0.02 0.01 0.01 0.00 0.00 6 12 3 12 6
katsuran8 F4 5 perturbation 6.18 0.04 0.03 0.24 5.51 74 6823 8 2957 470
cyclicnh2 F4 29 random 0.01 0.00 0.00 0.00 0.00 2 4 2 0 0
dessin1h classical 16 random 4.92 0.30 0.13 0.13 4.39 56 2152 11 243 187
r8_2_2 F4 0 caboara-perry 21.71 15.82 1.65 2.45 2.96 140 6047 9 2607 922
katsuran4-simple classical 24 random 0.04 0.02 0.01 0.00 0.01 7 49 4 12 5
berth classical 4 perturbation 0.52 0.10 0.07 0.05 0.33 3 111 26 62 31
fmtmdeh F4 11 random 0.04 0.03 0.01 0.00 0.00 8 16 6 44 13
bench2 F4 13 random 10.13 0.19 0.08 6.39 3.27 72 1436 5 6261 1025
lichtblau classical 28 random 0.04 0.03 0.01 0.00 0.00 2 23 11 2 0
czapor87_1h classical 0 perturbation 0.13 0.06 0.04 0.01 0.04 12 156 5 30 18
sendrah F4 0 perturbation 0.05 0.01 0.01 0.00 0.03 7 221 14 66 2
cyclicnh3 F4 1 random 0.01 0.00 0.00 0.00 0.00 3 8 3 0 0
econh3 classical 8 perturbation 0.02 0.01 0.01 0.00 0.00 4 11 4 5 1
sparsesym5 classical 20 random 0.02 0.01 0.01 0.00 0.00 5 12 10 5 0
econ8 classical 15 perturbation 8.46 0.53 0.28 0.41 7.39 59 2704 5 342 266
berth F4 25 perturbation 1.54 0.05 0.03 0.02 1.40 3 111 26 1436 27
sparsesym5h F4 0 localsearch 0.14 0.13 0.06 0.00 0.00 6 16 18 42 10
hemmecke F4 16 random 0.01 0.00 0.00 0.00 0.00 3 16 15 0 0
reimer5h F4 15 perturbation 23.62 0.17 0.08 1.68 20.62 157 13756 16 10171 1333
hfe_segers F4 17 random 0.67 0.04 0.02 0.26 0.11 41 192 3 1027 507
sendrah F4 25 perturbation 0.05 0.01 0.01 0.00 0.03 7 221 14 66 2
fmtm_non_hom F4 23 perturbation 0.02 0.01 0.01 0.00 0.00 3 6 5 10 2
rabmo classical 0 localsearch NA NA NA NA NA NA NA NA NA NA
solotarev classical 13 perturbation 0.05 0.02 0.01 0.00 0.01 10 50 3 24 14
reimer5 F4 15 random 20.32 0.16 0.07 1.72 18.04 24 1475 12 7842 331
solotarev classical 29 perturbation 0.04 0.01 0.01 0.00 0.01 10 50 3 24 14
extcyc5 classical 4 perturbation 32.46 0.92 0.38 0.97 30.27 102 6728 10 663 498
weispfenning94 classical 0 caboara-perry 0.39 0.11 0.05 0.03 0.22 24 716 12 53 29
sparsesym5h classical 7 perturbation 0.05 0.03 0.02 0.00 0.00 6 16 18 16 10
extcyc5h F4 23 perturbation 2.05 0.03 0.02 0.05 1.84 41 3069 12 1155 87
cyclicn2 F4 10 random 0.01 0.00 0.00 0.00 0.00 2 4 2 0 0
binomial_8_3_8_16 F4 10 perturbation 0.13 0.05 0.03 0.05 0.02 20 40 4 280 146
roseh F4 4 random 8.31 0.24 0.13 1.69 6.05 25 680 20 13752 672
r6_2_2 F4 2 perturbation 0.27 0.03 0.02 0.08 0.12 39 498 7 510 236
wu90h F4 0 localsearch 3.86 3.30 1.57 0.12 0.38 23 380 7 1505 318
dessin2 classical 4 random 4.06 0.19 0.09 0.19 3.60 46 1337 4 211 163
katsuran8 F4 12 random 6.97 0.04 0.02 0.28 6.21 74 6823 8 2957 470
rose classical 26 perturbation 0.10 0.02 0.01 0.01 0.07 12 325 14 27 13
trinks F4 19 random 0.08 0.03 0.01 0.01 0.03 13 109 5 130 28
hfe_segers F4 5 perturbation 0.52 0.06 0.03 0.29 0.11 41 192 3 1027 507
redcyc6 classical 24 random 6.83 0.42 0.19 0.38 5.90 21 493 6 272 173
binomial_4_2_4_1 F4 0 localsearch 0.14 0.12 0.05 0.00 0.01 7 14 4 72 26
cyclicn5-permut classical 23 random 0.54 0.12 0.06 0.05 0.33 20 232 8 113 75
r5_2_2 F4 26 random 0.09 0.02 0.01 0.02 0.03 21 160 6 231 99
syz1 classical 0 localsearch 0.02 0.01 0.00 0.00 0.00 2 4 2 2 0
buchberger87 classical 2 random 0.05 0.03 0.01 0.00 0.00 8 16 6 17 9
binomial_4_2_4_1 F4 28 random 0.04 0.03 0.01 0.00 0.00 6 12 3 40 14
dessin2h F4 13 random 3.88 0.04 0.02 0.54 3.07 90 2838 7 3884 586
econh2 classical 9 perturbation 0.02 0.01 0.01 0.00 0.00 2 4 2 2 0
czapor87_1h classical 14 perturbation 0.13 0.06 0.04 0.01 0.05 12 156 5 30 18
cyclicn3 F4 27 random 0.01 0.00 0.00 0.00 0.00 3 8 3 0 0
katsuran4-simple F4 28 random 0.04 0.01 0.01 0.00 0.01 7 49 4 60 12
bench2 classical 0 localsearch NA NA NA NA NA NA NA NA NA NA
binomial_8_3_8_16 classical 29 perturbation 0.14 0.09 0.06 0.02 0.01 13 26 4 52 36
rabmo F4 24 perturbation 13.86 0.32 0.15 7.12 5.97 20 169 3 5169 755
cyclicnh2 classical 17 perturbation 0.02 0.01 0.01 0.00 0.00 2 4 2 2 0
hairer3 classical 10 perturbation 0.06 0.05 0.02 0.00 0.00 1 1 0 1 0
bench2 F4 0 localsearch NA NA NA NA NA NA NA NA NA NA
wang16 classical 0 caboara-perry 0.86 0.25 0.10 0.09 0.45 5 105 13 76 37
katsuranh2 classical 20 perturbation 0.02 0.01 0.01 0.00 0.00 2 5 2 2 0
sparsesym5h classical 23 random 0.05 0.03 0.02 0.00 0.00 6 16 18 16 10
berthh classical 24 random 5.84 0.47 0.28 0.18 5.10 68 6977 44 180 106
roseh F4 0 static 0.17 0.00 0.00 0.01 0.14 23 663 17 478 35
cyclicn3 F4 12 random 0.01 0.00 0.00 0.00 0.00 3 8 3 0 0
r8_2_2_h F4 28 perturbation 3.62 0.04 0.03 0.97 2.18 128 5195 9 2329 1087
gerdt93 classical 2 perturbation 0.07 0.03 0.02 0.00 0.03 9 109 6 18 9
econh3 F4 5 random 0.04 0.03 0.01 0.00 0.00 4 11 4 8 1
berth classical 1 random 0.59 0.13 0.07 0.05 0.38 3 111 26 60 31
sendrah classical 15 perturbation 0.04 0.01 0.01 0.00 0.02 7 221 14 9 2
wu90 F4 0 static 0.12 0.00 0.00 0.02 0.08 20 266 4 320 54
r8_2_2 F4 0 static 3.38 0.00 0.00 0.95 2.06 128 5194 9 2144 963
buchberger87 classical 9 perturbation 0.04 0.02 0.02 0.00 0.00 8 16 6 17 9
czapor87_2h classical 19 random 0.11 0.03 0.02 0.01 0.06 12 180 5 30 18
weispfenning94 classical 7 random 0.65 0.19 0.10 0.07 0.35 9 237 10 87 55
r8_2_2 classical 28 perturbation 42.10 0.88 0.43 1.26 39.71 128 5194 9 779 651
extcyc5 classical 27 random 33.27 0.83 0.31 0.99 31.16 102 6728 10 663 498
fmtm classical 0 localsearch 0.11 0.09 0.04 0.00 0.01 6 12 6 11 5
cyclicnh3 classical 22 random 0.03 0.02 0.01 0.00 0.00 3 8 3 3 0
hairer3 F4 11 random 0.01 0.00 0.00 0.00 0.00 1 1 0 0 0
liu classical 0 perturbation 0.15 0.06 0.04 0.01 0.06 16 148 9 46 30
hairer3 classical 14 perturbation 0.06 0.05 0.02 0.00 0.00 1 1 0 1 0
dessin2 F4 11 random 1.34 0.00 0.00 0.22 1.02 46 1337 4 1350 205
jcf26 classical 5 random 116.60 4.21 0.96 15.31 95.19 59 1367 7 567 337
buchberger87 classical 1 random 0.05 0.03 0.01 0.00 0.00 8 16 6 17 9
redcyc6 F4 7 random 2.18 0.13 0.06 0.50 1.36 21 493 6 1979 328
f744 F4 6 perturbation 8.57 0.08 0.05 3.92 4.11 87 3932 4 3892 819
r5_2_2_h classical 10 random 0.26 0.09 0.04 0.02 0.13 21 160 6 68 47
cyclicn5-permut classical 12 random 0.55 0.11 0.06 0.05 0.35 20 232 8 113 75
sendra F4 20 perturbation 0.11 0.01 0.01 0.00 0.09 6 216 17 161 4
sym33 F4 17 perturbation 0.07 0.02 0.01 0.00 0.04 10 85 10 175 15
r8_2_2 F4 5 perturbation 3.37 0.05 0.03 0.98 1.92 128 5194 9 2329 1087
redcyc6h F4 15 random 3.39 0.09 0.04 0.69 2.29 106 3994 22 2635 786
binomial_7_4_7_8 classical 0 localsearch 0.30 0.25 0.12 0.01 0.02 9 18 7 27 18
fmtm F4 25 random 0.03 0.02 0.01 0.00 0.01 8 16 7 53 13
solotarev F4 7 perturbation 0.04 0.02 0.01 0.01 0.01 7 36 3 79 15
econ2 classical 9 perturbation 0.01 0.01 0.00 0.00 0.00 2 4 1 2 0
cyclicn5-permut classical 17 random 1.51 0.23 0.11 0.25 0.97 20 233 11 180 114
dessin2 F4 10 perturbation 1.06 0.00 0.00 0.22 0.74 46 1337 4 1350 205
binomial_7_3_7_9 F4 7 random 0.07 0.04 0.02 0.01 0.01 14 28 5 162 78
filter9 F4 4 random NA NA NA NA NA NA NA NA NA NA
binomial_5_3_5_5 classical 3 perturbation 0.07 0.04 0.03 0.01 0.01 8 16 6 25 14
econh8 F4 22 random 4.00 0.04 0.02 0.42 3.26 101 4184 12 3803 600
schiele F4 0 static 0.01 0.00 0.00 0.00 0.00 2 6 2 0 0
fabrice24h F4 9 perturbation 3.01 0.07 0.04 0.44 2.20 102 3831 8 2435 642
hairer3 classical 10 random 0.05 0.04 0.01 0.00 0.00 1 1 0 1 0
berth F4 13 random 3.21 0.11 0.06 0.16 2.78 5 166 14 2343 76
katsuran8 classical 22 perturbation 21.24 0.81 0.38 0.33 19.91 74 6823 8 381 307
sym33 F4 22 perturbation 0.07 0.02 0.01 0.00 0.04 10 85 10 175 15
binomial_7_3_7_9 F4 17 perturbation 0.07 0.04 0.03 0.01 0.01 12 24 4 141 66
econh2 F4 9 random 0.01 0.00 0.00 0.00 0.00 2 4 2 0 0
solotarevh classical 0 localsearch 0.20 0.17 0.07 0.00 0.01 6 31 5 12 6
solotarev F4 28 perturbation 0.04 0.02 0.01 0.01 0.01 7 36 3 79 15
cyclicn5-permut classical 28 random 0.47 0.12 0.06 0.04 0.27 20 232 8 113 75
i1 F4 0 caboara-perry 135.13 10.05 0.87 34.88 85.13 11 737 55 27856 554
binomial_5_3_4_6 F4 8 perturbation 0.04 0.02 0.02 0.00 0.01 9 18 9 48 13
assur44 F4 11 random 8.91 0.04 0.02 2.45 5.89 58 2855 6 4119 612
r7_2_2_h F4 10 random 1.10 0.03 0.02 0.25 0.69 67 1487 8 1056 488
extcyc5 F4 27 perturbation 13.27 0.24 0.09 3.92 7.79 102 6728 10 5408 2031
r8_2_2_h F4 24 random 3.65 0.04 0.02 0.97 2.23 128 5195 9 2329 1087
hfe_segers classical 20 random 2.10 0.19 0.09 0.20 1.64 41 192 3 232 183
schieleh classical 19 perturbation 0.03 0.02 0.01 0.00 0.00 2 6 2 2 0
r6_2_2 classical 21 perturbation 1.19 0.15 0.10 0.09 0.90 39 498 7 162 123
wang16 classical 13 perturbation 0.51 0.09 0.06 0.04 0.34 14 330 5 75 45
sparsesym5 classical 3 perturbation 0.03 0.02 0.01 0.00 0.00 5 12 10 5 0
katsuran6-simple F4 7 random 0.27 0.02 0.01 0.02 0.20 22 528 6 445 90
r6_2_2_h classical 9 perturbation 1.19 0.14 0.10 0.09 0.90 39 498 7 162 123
hairer1 F4 23 perturbation 0.14 0.04 0.03 0.01 0.07 15 193 8 209 22
bench2h classical 3 perturbation NA NA NA NA NA NA NA NA NA NA
r5_2_4_h classical 8 random 0.63 0.09 0.04 0.05 0.45 35 453 9 122 87
solotarevh F4 6 random 0.06 0.03 0.02 0.00 0.01 10 50 6 98 25
binomial_8_3_8_16 classical 16 random 0.12 0.07 0.04 0.02 0.01 13 26 4 52 36
reimer5 classical 3 perturbation 1804.81 18.69 5.05 888.39 894.56 21 952 9 4344 3656
rose F4 0 random 3.70 0.14 0.07 0.54 2.86 17 486 18 5434 268
fmtm classical 19 random 0.04 0.03 0.02 0.00 0.00 8 16 7 15 7
binomial_5_3_5_5 classical 11 perturbation 0.12 0.04 0.03 0.02 0.03 19 38 7 57 37
r8_2_2_h F4 0 random 3.48 0.04 0.02 0.99 2.03 128 5195 9 2329 1087
r6_2_2 F4 16 random 0.28 0.03 0.02 0.08 0.12 39 498 7 510 236
r5_2_2_h F4 2 perturbation 0.10 0.02 0.01 0.02 0.03 21 160 6 231 99
r5_2_2_h classical 2 random 0.27 0.09 0.04 0.02 0.13 21 160 6 68 47
dessin1h classical 3 random 5.81 0.31 0.13 0.15 5.25 56 2152 11 243 187
binomial_6_2_6_7 F4 25 random 0.06 0.03 0.02 0.01 0.01 9 18 3 75 31
trinks F4 29 random 0.45 0.03 0.01 0.01 0.40 13 109 5 130 28
vermeer F4 18 perturbation 0.66 0.05 0.04 0.11 0.44 20 433 6 1185 165
sym33 classical 19 random 0.06 0.02 0.01 0.00 0.02 10 85 10 18 8
binomial_6_3_6_6 classical 11 perturbation 0.18 0.09 0.06 0.04 0.03 7 14 5 58 36
solotarevh classical 11 random 0.05 0.01 0.01 0.00 0.01 10 50 6 24 14
i1 F4 4 perturbation 6.73 0.19 0.11 3.89 2.30 97 3808 4 3509 1130
fmtmdeh F4 19 perturbation 0.03 0.01 0.01 0.00 0.01 8 16 5 53 13
reimer5h F4 26 random 200.22 0.45 0.10 8.95 183.10 289 57290 28 31065 3379
cyclicn3 classical 19 random 0.03 0.02 0.01 0.00 0.00 3 8 3 3 0
gerdt93 classical 28 random 0.07 0.03 0.01 0.00 0.03 9 109 6 18 9
econ8 classical 0 localsearch 194.55 180.52 40.90 1.83 12.02 50 2794 7 320 243
schiele classical 19 random 0.02 0.01 0.01 0.00 0.00 2 6 2 2 0
binomial_4_2_4_1 classical 25 random 0.04 0.03 0.01 0.00 0.00 6 12 3 12 6
czapor87_1h F4 12 perturbation 0.09 0.02 0.01 0.01 0.05 12 156 5 197 39
katsuranh8 classical 21 perturbation 22.20 0.91 0.42 0.36 20.75 74 6823 8 381 307
gerdt93 classical 10 perturbation 0.07 0.03 0.02 0.00 0.03 9 109 6 18 9
weispfenning94 classical 9 perturbation 0.24 0.06 0.04 0.01 0.14 22 511 14 48 26
trinks F4 28 perturbation 0.08 0.03 0.02 0.01 0.02 13 109 5 130 28
katsuran6-simple classical 29 perturbation 0.52 0.07 0.05 0.03 0.40 22 528 6 70 48
binomial_5_3_4_4 F4 6 random 0.04 0.03 0.02 0.00 0.00 4 8 3 16 4
wu90h classical 0 localsearch 29.94 27.72 16.01 0.36 1.79 45 781 12 183 138
cyclicn5-permut classical 12 perturbation 0.51 0.08 0.06 0.05 0.34 20 232 8 113 75
sendrah classical 8 perturbation 0.04 0.01 0.01 0.00 0.02 7 221 14 9 2
uteshev_bikker F4 5 perturbation 0.23 0.02 0.01 0.01 0.17 17 519 7 297 35
vermeer F4 0 localsearch NA NA NA NA NA NA NA NA NA NA
reimer5h classical 23 random 356.36 7.71 2.39 24.80 322.64 196 17219 24 2325 1866
uteshev_bikker F4 26 random 2.08 0.07 0.03 0.20 1.66 48 1654 14 2148 291
fmtm classical 0 caboara-perry 0.05 0.02 0.01 0.00 0.00 6 12 7 11 5
gerdt93 classical 5 perturbation 0.06 0.02 0.02 0.00 0.03 9 109 6 18 9
solotarev classical 19 perturbation 0.04 0.01 0.01 0.00 0.01 10 50 3 24 14
Traceback (most recent call last):
  File "caboara_perry.pxi", line 727, in _home_gmlangeloh_dynamic_sage_dynamicgb_pyx_0.choose_ordering_restricted
    while not found and (CLTs[j][1] != g.lm() or all_possible_lts):
IndexError: list index out of range
Exception ignored in: '_home_gmlangeloh_dynamic_sage_dynamicgb_pyx_0.LocalSearchState.add_polynomial'
Traceback (most recent call last):
  File "caboara_perry.pxi", line 727, in _home_gmlangeloh_dynamic_sage_dynamicgb_pyx_0.choose_ordering_restricted
    while not found and (CLTs[j][1] != g.lm() or all_possible_lts):
IndexError: list index out of range
Traceback (most recent call last):
  File "caboara_perry.pxi", line 727, in _home_gmlangeloh_dynamic_sage_dynamicgb_pyx_0.choose_ordering_restricted
    while not found and (CLTs[j][1] != g.lm() or all_possible_lts):
IndexError: list index out of range
Exception ignored in: '_home_gmlangeloh_dynamic_sage_dynamicgb_pyx_0.LocalSearchState.add_polynomial'
Traceback (most recent call last):
  File "caboara_perry.pxi", line 727, in _home_gmlangeloh_dynamic_sage_dynamicgb_pyx_0.choose_ordering_restricted
    while not found and (CLTs[j][1] != g.lm() or all_possible_lts):
IndexError: list index out of range
Traceback (most recent call last):
  File "caboara_perry.pxi", line 727, in _home_gmlangeloh_dynamic_sage_dynamicgb_pyx_0.choose_ordering_restricted
    while not found and (CLTs[j][1] != g.lm() or all_possible_lts):
IndexError: list index out of range
Exception ignored in: '_home_gmlangeloh_dynamic_sage_dynamicgb_pyx_0.LocalSearchState.add_polynomial'
Traceback (most recent call last):
  File "caboara_perry.pxi", line 727, in _home_gmlangeloh_dynamic_sage_dynamicgb_pyx_0.choose_ordering_restricted
    while not found and (CLTs[j][1] != g.lm() or all_possible_lts):
IndexError: list index out of range
Traceback (most recent call last):
  File "caboara_perry.pxi", line 727, in _home_gmlangeloh_dynamic_sage_dynamicgb_pyx_0.choose_ordering_restricted
    while not found and (CLTs[j][1] != g.lm() or all_possible_lts):
IndexError: list index out of range
Exception ignored in: '_home_gmlangeloh_dynamic_sage_dynamicgb_pyx_0.LocalSearchState.add_polynomial'
Traceback (most recent call last):
  File "caboara_perry.pxi", line 727, in _home_gmlangeloh_dynamic_sage_dynamicgb_pyx_0.choose_ordering_restricted
    while not found and (CLTs[j][1] != g.lm() or all_possible_lts):
IndexError: list index out of range
Traceback (most recent call last):
  File "caboara_perry.pxi", line 727, in _home_gmlangeloh_dynamic_sage_dynamicgb_pyx_0.choose_ordering_restricted
    while not found and (CLTs[j][1] != g.lm() or all_possible_lts):
IndexError: list index out of range
Exception ignored in: '_home_gmlangeloh_dynamic_sage_dynamicgb_pyx_0.LocalSearchState.add_polynomial'
Traceback (most recent call last):
  File "caboara_perry.pxi", line 727, in _home_gmlangeloh_dynamic_sage_dynamicgb_pyx_0.choose_ordering_restricted
    while not found and (CLTs[j][1] != g.lm() or all_possible_lts):
IndexError: list index out of range
Traceback (most recent call last):
  File "caboara_perry.pxi", line 727, in _home_gmlangeloh_dynamic_sage_dynamicgb_pyx_0.choose_ordering_restricted
    while not found and (CLTs[j][1] != g.lm() or all_possible_lts):
IndexError: list index out of range
Exception ignored in: '_home_gmlangeloh_dynamic_sage_dynamicgb_pyx_0.LocalSearchState.add_polynomial'
Traceback (most recent call last):
  File "caboara_perry.pxi", line 727, in _home_gmlangeloh_dynamic_sage_dynamicgb_pyx_0.choose_ordering_restricted
    while not found and (CLTs[j][1] != g.lm() or all_possible_lts):
IndexError: list index out of range
Traceback (most recent call last):
  File "caboara_perry.pxi", line 727, in _home_gmlangeloh_dynamic_sage_dynamicgb_pyx_0.choose_ordering_restricted
    while not found and (CLTs[j][1] != g.lm() or all_possible_lts):
IndexError: list index out of range
Exception ignored in: '_home_gmlangeloh_dynamic_sage_dynamicgb_pyx_0.LocalSearchState.add_polynomial'
Traceback (most recent call last):
  File "caboara_perry.pxi", line 727, in _home_gmlangeloh_dynamic_sage_dynamicgb_pyx_0.choose_ordering_restricted
    while not found and (CLTs[j][1] != g.lm() or all_possible_lts):
IndexError: list index out of range
Traceback (most recent call last):
  File "caboara_perry.pxi", line 727, in _home_gmlangeloh_dynamic_sage_dynamicgb_pyx_0.choose_ordering_restricted
    while not found and (CLTs[j][1] != g.lm() or all_possible_lts):
IndexError: list index out of range
Exception ignored in: '_home_gmlangeloh_dynamic_sage_dynamicgb_pyx_0.LocalSearchState.add_polynomial'
Traceback (most recent call last):
  File "caboara_perry.pxi", line 727, in _home_gmlangeloh_dynamic_sage_dynamicgb_pyx_0.choose_ordering_restricted
    while not found and (CLTs[j][1] != g.lm() or all_possible_lts):
IndexError: list index out of range
Traceback (most recent call last):
  File "caboara_perry.pxi", line 727, in _home_gmlangeloh_dynamic_sage_dynamicgb_pyx_0.choose_ordering_restricted
    while not found and (CLTs[j][1] != g.lm() or all_possible_lts):
IndexError: list index out of range
Exception ignored in: '_home_gmlangeloh_dynamic_sage_dynamicgb_pyx_0.LocalSearchState.add_polynomial'
Traceback (most recent call last):
  File "caboara_perry.pxi", line 727, in _home_gmlangeloh_dynamic_sage_dynamicgb_pyx_0.choose_ordering_restricted
    while not found and (CLTs[j][1] != g.lm() or all_possible_lts):
IndexError: list index out of range
Traceback (most recent call last):
  File "caboara_perry.pxi", line 727, in _home_gmlangeloh_dynamic_sage_dynamicgb_pyx_0.choose_ordering_restricted
    while not found and (CLTs[j][1] != g.lm() or all_possible_lts):
IndexError: list index out of range
Exception ignored in: '_home_gmlangeloh_dynamic_sage_dynamicgb_pyx_0.LocalSearchState.add_polynomial'
Traceback (most recent call last):
  File "caboara_perry.pxi", line 727, in _home_gmlangeloh_dynamic_sage_dynamicgb_pyx_0.choose_ordering_restricted
    while not found and (CLTs[j][1] != g.lm() or all_possible_lts):
IndexError: list index out of range
Traceback (most recent call last):
  File "caboara_perry.pxi", line 727, in _home_gmlangeloh_dynamic_sage_dynamicgb_pyx_0.choose_ordering_restricted
    while not found and (CLTs[j][1] != g.lm() or all_possible_lts):
IndexError: list index out of range
Exception ignored in: '_home_gmlangeloh_dynamic_sage_dynamicgb_pyx_0.LocalSearchState.add_polynomial'
Traceback (most recent call last):
  File "caboara_perry.pxi", line 727, in _home_gmlangeloh_dynamic_sage_dynamicgb_pyx_0.choose_ordering_restricted
    while not found and (CLTs[j][1] != g.lm() or all_possible_lts):
IndexError: list index out of range
Traceback (most recent call last):
  File "caboara_perry.pxi", line 727, in _home_gmlangeloh_dynamic_sage_dynamicgb_pyx_0.choose_ordering_restricted
    while not found and (CLTs[j][1] != g.lm() or all_possible_lts):
IndexError: list index out of range
Exception ignored in: '_home_gmlangeloh_dynamic_sage_dynamicgb_pyx_0.LocalSearchState.add_polynomial'
Traceback (most recent call last):
  File "caboara_perry.pxi", line 727, in _home_gmlangeloh_dynamic_sage_dynamicgb_pyx_0.choose_ordering_restricted
    while not found and (CLTs[j][1] != g.lm() or all_possible_lts):
IndexError: list index out of range
Traceback (most recent call last):
  File "caboara_perry.pxi", line 727, in _home_gmlangeloh_dynamic_sage_dynamicgb_pyx_0.choose_ordering_restricted
    while not found and (CLTs[j][1] != g.lm() or all_possible_lts):
IndexError: list index out of range
Exception ignored in: '_home_gmlangeloh_dynamic_sage_dynamicgb_pyx_0.LocalSearchState.add_polynomial'
Traceback (most recent call last):
  File "caboara_perry.pxi", line 727, in _home_gmlangeloh_dynamic_sage_dynamicgb_pyx_0.choose_ordering_restricted
    while not found and (CLTs[j][1] != g.lm() or all_possible_lts):
IndexError: list index out of range
