ahmlh 277.624298096 201.166290283 123 41914 28 443
ahml 5.2284784317 2.35663580894 36 6326 12 116
assur44 inf inf inf inf inf inf
aubry2 inf inf inf inf inf inf
berthh 11.4803237915 10.1353549957 16 7371 36 22
berth 0.282681941986 0.129024267197 3 111 26 12
binomial_4_2_4_1 0.14071393013 0.051206111908 7 14 4 15
binomial_5_3_4_4 0.141355991364 0.0495009422302 5 10 4 7
binomial_5_3_4_6 0.155685901642 0.048680305481 5 10 5 8
binomial_5_3_5_3 0.216557979584 0.104804039001 14 28 7 34
binomial_5_3_5_5 0.150665044785 0.0534117221832 7 14 4 13
binomial_6_2_6_7 0.395467996597 0.22353887558 18 36 6 61
binomial_6_3_6_6 0.269811153412 0.14683675766 16 32 7 46
binomial_7_3_7_9 0.163042068481 0.0577800273895 8 16 4 24
binomial_7_4_7_8 0.230889797211 0.106272935867 13 26 8 45
binomial_8_3_8_16 0.236145973206 0.0897800922394 13 26 4 46
binomial_8_4_8_9 0.204883098602 0.0835256576538 9 18 7 31
buchberger87 0.148790121078 0.0534369945526 5 10 5 9
butcher8 inf inf inf inf inf inf
cohn3 inf inf inf inf inf inf
cyclicn2 0.115489959717 0.026841878891 2 4 2 2
cyclicn3 0.122606039047 0.035621881485 3 8 3 3
cyclicn4 0.150798082352 0.0549409389496 5 21 5 8
cyclicn5 5.48028707504 4.73934936523 17 164 15 132
cyclicn6 164.065765381 154.450057983 29 622 25 417
cyclicn7 inf inf inf inf inf inf
cyclicn8 inf inf inf inf inf inf
cyclicnh2 0.116633892059 0.0302209854126 2 4 2 2
cyclicnh3 0.124422073364 0.0359439849854 3 8 3 3
cyclicnh4 0.131520032883 0.0417630672455 4 15 4 5
cyclicnh5 0.307592868805 0.156363010406 14 191 9 28
cyclicnh6 3.59116697311 2.59346199036 37 1208 10 107
cyclicnh7 217.115432739 178.35710144 117 25763 13 434
czapor87_1h 0.315127849579 0.148916244507 12 156 5 30
czapor87_2h 0.475522041321 0.292070865631 12 180 5 30
dessin1 474.467773438 467.906494141 10 425 28 173
dl inf inf inf inf inf inf
ducos7_3 inf inf inf inf inf inf
ducos7_5 inf inf inf inf inf inf
econ2 0.105263948441 0.0224168300629 2 4 1 2
econ3 0.124414205551 0.0338830947876 3 9 2 3
econ4 0.146213054657 0.0504522323608 5 22 3 12
econ5 0.211972951889 0.0911724567413 8 55 5 17
econ6 0.991150856018 0.705899238586 13 181 6 49
econ7 25.5606403351 23.9711017609 14 401 14 100
econ8 513.25213623 503.111663818 34 1969 9 243
econh2 0.124947786331 0.0305271148682 2 4 2 2
econh3 0.169924974442 0.0670890808105 4 11 4 5
econh4 0.148589849472 0.0541560649872 4 14 3 5
econh5 0.354161977768 0.179713010788 14 99 8 37
econh6 6.36556816101 5.1583032608 37 568 9 137
econh7 4.46122217178 3.35520720482 34 724 7 129
extcyc5h 41.1122245789 34.382270813 77 6449 22 259
extcyc5 inf inf inf inf inf inf
extcyc6h inf inf inf inf inf inf
extcyc6 inf inf inf inf inf inf
fatemanh 1.57903981209 0.938215255737 35 1419 16 86
fateman 0.639309883118 0.36686372757 20 753 12 41
fmtmdeh 0.141916036606 0.0434005260468 5 10 13 12
fmtm_non_hom 0.116718053818 0.0300562381744 2 4 4 2
fmtm 0.15305685997 0.0553319454193 6 12 7 11
gerdt93 0.246273994446 0.116538524628 6 58 6 10
hemmecke 0.173263788223 0.0786497592926 4 15 15 5
hfe_segers 39.1673736572 35.6696090698 55 254 4 349
ilias12 inf inf inf inf inf inf
ilias13h inf inf inf inf inf inf
ilias13 inf inf inf inf inf inf
ilias_k_2 inf inf inf inf inf inf
issac97 0.509553909302 0.288588047028 10 170 8 36
jason210 inf inf inf inf inf inf
joswig101-trimmed inf inf inf inf inf inf
katsuran2 0.108935832977 0.0259380340576 2 6 2 2
katsuran3 0.126163005829 0.0363762378693 4 19 3 5
katsuran4 0.213578224182 0.0990676879883 5 39 6 14
katsuran5 1.42848801613 1.13482642174 6 102 12 37
katsuran6 23.8725776672 22.2667617798 7 231 24 96
katsuran7 21.1986160278 17.6020202637 39 2206 9 183
katsuranh2 0.120050907135 0.0350048542023 2 6 2 2
katsuranh3 0.160317897797 0.0557601451874 4 18 3 5
katsuranh4 0.252894163132 0.13009595871 8 64 4 14
katsuranh5 1.06927895546 0.733027458191 22 277 10 67
katsuranh6 3.74869704247 2.60560131073 32 895 8 117
lichtblau 0.116534948349 0.0327079296112 2 22 11 2
liu 0.594717979431 0.370307922363 18 210 10 54
mckay inf inf inf inf inf inf
noon7 inf inf inf inf inf inf
noon8 inf inf inf inf inf inf
nya inf inf inf inf inf inf
r5_2_2_h 0.717138051987 0.414667129517 22 166 6 72
r5_2_2 0.709041118622 0.409248352051 22 166 6 72
r5_2_4_h 2.49292588234 1.79542779922 35 453 9 122
r5_2_4 inf inf inf inf inf inf
r5_2_6_h inf inf inf inf inf inf
r5_2_6 inf inf inf inf inf inf
r6_2_2_h 7.89370632172 6.0488409996 46 588 7 194
r6_2_2 7.78661203384 5.98529529572 46 588 7 194
r6_2_4_h 1440.22766113 1358.28015137 218 13902 13 1008
r6_2_4 inf inf inf inf inf inf
r6_2_6_h inf inf inf inf inf inf
r7_2_2_h 58.9373550415 50.3395652771 77 1763 8 394
r7_2_2 61.9608345032 53.358127594 77 1763 8 394
r7_2_4_h inf inf inf inf inf inf
r7_2_6_h inf inf inf inf inf inf
r8_2_2_h 897.850402832 851.84753418 138 5863 9 836
r8_2_2 842.729736328 799.057739258 138 5863 9 836
r8_2_4_h inf inf inf inf inf inf
redcyc6h 92.5759124756 86.2570800781 75 5258 22 281
redcyc6 1076.98522949 1063.07385254 18 413 18 306
redcyc7h inf inf inf inf inf inf
redcyc7 inf inf inf inf inf inf
reimer5h inf inf inf inf inf inf
reimer5 891.134094238 850.475585938 55 4887 9 433
reimer6h inf inf inf inf inf inf
reimer6 inf inf inf inf inf inf
reimer7h inf inf inf inf inf inf
reimer7 inf inf inf inf inf inf
roseh 2.04884696007 1.58368110657 34 1036 19 82
rose 0.86731505394 0.537907361984 15 461 18 56
rpblh inf inf inf inf inf inf
rpbl 1001.23120117 951.140686035 128 7146 15 748
safey inf inf inf inf inf inf
schieleh 0.122027158737 0.0358517169952 2 7 2 2
schiele 0.111967802048 0.0268759727478 2 6 2 2
schrans_troost inf inf inf inf inf inf
sendrah 0.201202869415 0.0916466712952 5 146 13 7
sendra 0.189092159271 0.0557949542999 6 226 17 13
solotarevh 0.280934810638 0.128251075745 13 100 7 35
solotarev 0.152359962463 0.0487289428711 5 24 4 7
sparsesym5h 0.263883829117 0.124584197998 6 16 18 16
sparsesym5 0.151155948639 0.0540399551392 5 12 10 5
sym33 0.201071023941 0.0983467102051 8 33 10 17
syz1 0.107126951218 0.022714138031 2 4 2 2
trinks 0.400146007538 0.224932193756 14 128 6 33
uteshev_bikker 3.9590241909 2.88099646568 39 1323 14 130
vermeer 17.8645095825 14.1862831116 24 1456 12 169
virasoro inf inf inf inf inf inf
wang16h 3.01040697098 2.10466885567 36 1297 10 112
wang16 21.401227951 19.8780994415 5 125 18 106
weispfenning94 0.39885187149 0.212400913239 16 354 11 32
wu90h 1.58219695091 0.97115278244 26 399 8 95
wu90 0.259757041931 0.10284280777 11 126 6 25
