ahmlh inf inf inf inf inf inf
ahml inf inf inf inf inf inf
assur44 inf inf inf inf inf inf
aubry2 inf inf inf inf inf inf
berthh 39.4881591797 33.3049125671 8 7200 35 161
berth 0.435354948044 0.24062037468 3 111 26 12
binomial_4_2_4_1 0.226962089539 0.0750501155853 5 10 3 9
binomial_5_3_4_4 0.244257926941 0.092102766037 5 10 4 7
binomial_5_3_4_6 0.288989067078 0.144839763641 5 10 5 8
binomial_5_3_5_3 0.467848062515 0.304787874222 6 12 5 13
binomial_5_3_5_5 0.250501871109 0.111185789108 5 10 3 7
binomial_6_2_6_7 0.834185838699 0.672591209412 7 14 3 14
binomial_6_3_6_6 0.979686021805 0.804202079773 7 14 5 18
binomial_7_3_7_9 1.68457198143 1.50868177414 8 16 4 24
binomial_7_4_7_8 1.88132095337 1.70895171165 9 18 7 27
binomial_8_3_8_16 1.56544399261 1.38936877251 8 16 3 25
binomial_8_4_8_9 4.57957315445 4.40487146378 9 18 7 31
buchberger87 0.365164041519 0.205813646317 6 12 4 11
butcher8 inf inf inf inf inf inf
cohn3 inf inf inf inf inf inf
cyclicn2 0.151216030121 0.0126020908356 2 4 2 2
cyclicn3 0.183171033859 0.0461051464081 3 8 3 7
cyclicn4 0.847712039948 0.650528907776 6 24 8 31
cyclicn5 inf inf inf inf inf inf
cyclicn6 inf inf inf inf inf inf
cyclicn7 inf inf inf inf inf inf
cyclicn8 inf inf inf inf inf inf
cyclicnh2 0.156036138535 0.0176689624786 2 4 2 2
cyclicnh3 0.20969581604 0.066153049469 3 8 3 7
cyclicnh4 0.286984205246 0.139001131058 4 17 4 7
cyclicnh5 218.426010132 218.090209961 12 171 7 58
cyclicnh6 inf inf inf inf inf inf
cyclicnh7 inf inf inf inf inf inf
czapor87_1h 6.71464633942 6.47970294952 12 156 5 30
czapor87_2h 15.7148780823 15.3659057617 12 180 5 55
dessin1 inf inf inf inf inf inf
dl inf inf inf inf inf inf
ducos7_3 inf inf inf inf inf inf
ducos7_5 inf inf inf inf inf inf
econ2 0.140992879868 0.00968098640442 2 4 1 2
econ3 0.162939071655 0.0246679782867 3 9 2 3
econ4 0.380878925323 0.225426912308 4 20 4 10
econ5 12.9830551147 12.7815513611 5 45 8 17
econ6 inf inf inf inf inf inf
econ7 inf inf inf inf inf inf
econ8 inf inf inf inf inf inf
econh2 0.158212900162 0.017951965332 2 4 2 2
econh3 0.276783943176 0.127288818359 4 17 4 7
econh4 17.7692508698 17.4814891815 9 84 5 45
econh5 inf inf inf inf inf inf
econh6 inf inf inf inf inf inf
econh7 inf inf inf inf inf inf
extcyc5h inf inf inf inf inf inf
extcyc5 inf inf inf inf inf inf
extcyc6h inf inf inf inf inf inf
extcyc6 inf inf inf inf inf inf
fatemanh 461.227935791 459.723693848 24 1026 16 202
fateman 389.975097656 388.552825928 24 1026 16 202
fmtmdeh 0.305639028549 0.148381233215 5 10 19 16
fmtm_non_hom 0.157884120941 0.0183820724487 2 4 4 2
fmtm 0.302021980286 0.153854131699 6 12 6 11
gerdt93 16.1742305756 15.9930438995 8 71 6 17
hemmecke inf inf inf inf inf inf
hfe_segers inf inf inf inf inf inf
ilias12 inf inf inf inf inf inf
ilias13h inf inf inf inf inf inf
ilias13 inf inf inf inf inf inf
ilias_k_2 inf inf inf inf inf inf
issac97 894.407592773 894.013061523 4 68 16 44
jason210 inf inf inf inf inf inf
joswig101-trimmed inf inf inf inf inf inf
katsuran2 0.164694070816 0.0163371562958 2 6 2 2
katsuran3 0.267243862152 0.106329202652 3 15 4 9
katsuran4 5.82454204559 5.62335824966 4 36 8 17
katsuran5 inf inf inf inf inf inf
katsuran6 inf inf inf inf inf inf
katsuran7 inf inf inf inf inf inf
katsuranh2 0.154922008514 0.0217208862305 2 5 2 2
katsuranh3 0.261091947556 0.113948583603 3 9 2 6
katsuranh4 11.1786737442 10.9185838699 7 41 4 39
katsuranh5 402.366455078 401.871887207 13 127 5 74
katsuranh6 inf inf inf inf inf inf
lichtblau 0.163692951202 0.022686958313 2 22 11 2
liu 878.07232666 877.830993652 13 112 5 34
mckay inf inf inf inf inf inf
noon7 inf inf inf inf inf inf
noon8 inf inf inf inf inf inf
nya inf inf inf inf inf inf
r5_2_2_h 134.933395386 134.209732056 21 160 6 137
r5_2_2 133.830810547 133.130371094 21 160 6 137
r5_2_4_h 1297.88696289 1295.22338867 35 453 9 409
r5_2_4 inf inf inf inf inf inf
r5_2_6_h inf inf inf inf inf inf
r5_2_6 inf inf inf inf inf inf
r6_2_2_h inf inf inf inf inf inf
r6_2_2 inf inf inf inf inf inf
r6_2_4_h inf inf inf inf inf inf
r6_2_4 inf inf inf inf inf inf
r6_2_6_h inf inf inf inf inf inf
r7_2_2_h inf inf inf inf inf inf
r7_2_2 inf inf inf inf inf inf
r7_2_4_h inf inf inf inf inf inf
r7_2_6_h inf inf inf inf inf inf
r8_2_2_h inf inf inf inf inf inf
r8_2_2 inf inf inf inf inf inf
r8_2_4_h inf inf inf inf inf inf
redcyc6h inf inf inf inf inf inf
redcyc6 inf inf inf inf inf inf
redcyc7h inf inf inf inf inf inf
redcyc7 inf inf inf inf inf inf
reimer5h inf inf inf inf inf inf
reimer5 inf inf inf inf inf inf
reimer6h inf inf inf inf inf inf
reimer6 inf inf inf inf inf inf
reimer7h inf inf inf inf inf inf
reimer7 inf inf inf inf inf inf
roseh 319.700439453 319.001251221 28 936 17 125
rose inf inf inf inf inf inf
rpblh inf inf inf inf inf inf
rpbl inf inf inf inf inf inf
safey inf inf inf inf inf inf
schieleh 0.172675132751 0.0379948616028 2 7 2 2
schiele 0.172757863998 0.0225689411163 2 6 2 2
schrans_troost inf inf inf inf inf inf
sendrah 0.2904920578 0.126116991043 6 217 14 8
sendra 90.6019897461 89.8485565186 2 94 46 52
solotarevh 509.665893555 508.804321289 18 108 6 217
solotarev 0.301743030548 0.14435338974 4 21 6 8
sparsesym5h 37.7102203369 37.5136566162 17 44 17 45
sparsesym5 inf inf inf inf inf inf
sym33 1.47849702835 1.31185603142 8 33 10 22
syz1 0.144848823547 0.0118551254272 2 4 2 2
trinks inf inf inf inf inf inf
uteshev_bikker 182.297195435 181.353317261 17 517 7 144
vermeer inf inf inf inf inf inf
virasoro inf inf inf inf inf inf
wang16h inf inf inf inf inf inf
wang16 inf inf inf inf inf inf
weispfenning94 0.738322973251 0.582826852798 6 72 9 12
wu90h inf inf inf inf inf inf
wu90 inf inf inf inf inf inf
