ahmlh inf inf inf inf inf inf
ahml inf inf inf inf inf inf
assur44 inf inf inf inf inf inf
aubry2 inf inf inf inf inf inf
berthh 34.8556365967 27.3421096802 13 17082 36 48
berth 0.891777992249 0.685180187225 3 111 26 12
binomial_4_2_4_1 0.269675970078 0.13204407692 4 8 2 6
binomial_5_3_4_4 0.315191984177 0.177287101746 4 8 3 5
binomial_5_3_4_6 0.379888057709 0.244574308395 4 8 3 5
binomial_5_3_5_3 0.580316781998 0.434323310852 5 10 3 8
binomial_5_3_5_5 0.531118869781 0.375251531601 5 10 3 7
binomial_6_2_6_7 1.07899403572 0.898333311081 6 12 2 9
binomial_6_3_6_6 2.04402709007 1.8727209568 6 12 3 13
binomial_7_3_7_9 2.27000403404 2.10542941093 7 14 3 19
binomial_7_4_7_8 1331.12939453 1330.64294434 13 26 7 148
binomial_8_3_8_16 4.88467121124 4.71418428421 8 16 3 25
binomial_8_4_8_9 61.9888267517 61.7448806763 9 18 7 100
buchberger87 0.704214096069 0.55876326561 4 8 4 8
butcher8 inf inf inf inf inf inf
cohn3 inf inf inf inf inf inf
cyclicn2 0.188887119293 0.0462939739227 2 4 2 2
cyclicn3 0.250352859497 0.0936708450317 3 8 3 3
cyclicn4 0.943206071854 0.780423879623 5 21 5 16
cyclicn5 inf inf inf inf inf inf
cyclicn6 inf inf inf inf inf inf
cyclicn7 inf inf inf inf inf inf
cyclicn8 inf inf inf inf inf inf
cyclicnh2 0.191354036331 0.0565459728241 2 4 2 2
cyclicnh3 0.259397983551 0.116498231888 3 8 3 3
cyclicnh4 0.995230913162 0.833348989487 4 17 4 10
cyclicnh5 141.929580688 141.655334473 13 186 8 40
cyclicnh6 inf inf inf inf inf inf
cyclicnh7 inf inf inf inf inf inf
czapor87_1h 65.9718017578 65.6135635376 12 156 5 54
czapor87_2h 101.923736572 101.435897827 12 180 5 73
dessin1 inf inf inf inf inf inf
dl inf inf inf inf inf inf
ducos7_3 inf inf inf inf inf inf
ducos7_5 inf inf inf inf inf inf
econ2 0.201335906982 0.0385191440582 2 4 1 2
econ3 0.236557006836 0.0830428600311 3 9 2 3
econ4 6.68208599091 6.43125247955 4 20 4 34
econ5 inf inf inf inf inf inf
econ6 inf inf inf inf inf inf
econ7 inf inf inf inf inf inf
econ8 inf inf inf inf inf inf
econh2 0.205247879028 0.0619089603424 2 4 2 2
econh3 0.446825027466 0.301248788834 4 17 4 7
econh4 11.4296798706 11.2010183334 9 47 5 30
econh5 inf inf inf inf inf inf
econh6 inf inf inf inf inf inf
econh7 inf inf inf inf inf inf
extcyc5h inf inf inf inf inf inf
extcyc5 inf inf inf inf inf inf
extcyc6h inf inf inf inf inf inf
extcyc6 inf inf inf inf inf inf
fatemanh inf inf inf inf inf inf
fateman inf inf inf inf inf inf
fmtmdeh 0.974771022797 0.791254281998 4 8 9 30
fmtm_non_hom 0.199724912643 0.0609951019287 2 4 4 2
fmtm 2.35288286209 2.15855121613 8 16 8 32
gerdt93 0.544543027878 0.409111976624 3 12 3 3
hemmecke 0.622104167938 0.481472969055 3 34 15 3
hfe_segers inf inf inf inf inf inf
ilias12 inf inf inf inf inf inf
ilias13h inf inf inf inf inf inf
ilias13 inf inf inf inf inf inf
ilias_k_2 inf inf inf inf inf inf
issac97 inf inf inf inf inf inf
jason210 inf inf inf inf inf inf
joswig101-trimmed inf inf inf inf inf inf
katsuran2 0.185532808304 0.046226978302 2 6 2 2
katsuran3 0.265286922455 0.125944852829 4 19 3 5
katsuran4 6.50578594208 6.23694992065 7 45 4 55
katsuran5 788.736755371 787.992370605 13 178 5 130
katsuran6 inf inf inf inf inf inf
katsuran7 inf inf inf inf inf inf
katsuranh2 0.198398113251 0.0659379959106 2 5 2 2
katsuranh3 0.321408987045 0.176416873932 3 9 2 3
katsuranh4 2.84970808029 2.65984272957 7 41 4 18
katsuranh5 inf inf inf inf inf inf
katsuranh6 inf inf inf inf inf inf
lichtblau 0.220036029816 0.0880119800568 2 22 11 2
liu 35.6808853149 35.4964599609 7 46 4 19
mckay inf inf inf inf inf inf
noon7 inf inf inf inf inf inf
noon8 inf inf inf inf inf inf
nya inf inf inf inf inf inf
r5_2_2_h inf inf inf inf inf inf
r5_2_2 inf inf inf inf inf inf
r5_2_4_h inf inf inf inf inf inf
r5_2_4 inf inf inf inf inf inf
r5_2_6_h inf inf inf inf inf inf
r5_2_6 inf inf inf inf inf inf
r6_2_2_h inf inf inf inf inf inf
r6_2_2 inf inf inf inf inf inf
r6_2_4_h inf inf inf inf inf inf
r6_2_4 inf inf inf inf inf inf
r6_2_6_h inf inf inf inf inf inf
r7_2_2_h inf inf inf inf inf inf
r7_2_2 inf inf inf inf inf inf
r7_2_4_h inf inf inf inf inf inf
r7_2_6_h inf inf inf inf inf inf
r8_2_2_h inf inf inf inf inf inf
r8_2_2 inf inf inf inf inf inf
r8_2_4_h inf inf inf inf inf inf
redcyc6h inf inf inf inf inf inf
redcyc6 inf inf inf inf inf inf
redcyc7h inf inf inf inf inf inf
redcyc7 inf inf inf inf inf inf
reimer5h inf inf inf inf inf inf
reimer5 inf inf inf inf inf inf
reimer6h inf inf inf inf inf inf
reimer6 inf inf inf inf inf inf
reimer7h inf inf inf inf inf inf
reimer7 inf inf inf inf inf inf
roseh 684.529052734 682.177062988 6 106 14 472
rose inf inf inf inf inf inf
rpblh inf inf inf inf inf inf
rpbl inf inf inf inf inf inf
safey inf inf inf inf inf inf
schieleh 0.25497508049 0.115406990051 2 7 2 2
schiele 0.213834047318 0.0675210952759 2 6 2 2
schrans_troost inf inf inf inf inf inf
sendrah 0.237415075302 0.0990071296692 2 26 7 2
sendra 23.1653347015 20.3674488068 5 235 20 325
solotarevh 78.7541351318 78.3965530396 9 54 5 72
solotarev 0.546146869659 0.349143028259 4 21 6 8
sparsesym5h 5.01167583466 4.84149169922 6 16 18 18
sparsesym5 inf inf inf inf inf inf
sym33 7.54713726044 7.34355640411 8 92 10 26
syz1 0.168303966522 0.0360252857208 2 4 2 2
trinks inf inf inf inf inf inf
uteshev_bikker 72.2361221313 71.6611175537 17 518 7 96
vermeer inf inf inf inf inf inf
virasoro inf inf inf inf inf inf
wang16h inf inf inf inf inf inf
wang16 inf inf inf inf inf inf
weispfenning94 inf inf inf inf inf inf
wu90h inf inf inf inf inf inf
wu90 1.22375893593 1.0746679306 5 42 3 7
