ahmlh inf inf inf inf inf inf
ahml inf inf inf inf inf inf
assur44 inf inf inf inf inf inf
aubry2 inf inf inf inf inf inf
berthh 1.33130502701 1.04360318184 19 844 37 28
berth 0.26095700264 0.060173034668 3 111 26 12
binomial_4_2_4_1 0.20353603363 0.0531616210938 5 10 3 9
binomial_5_3_4_4 0.215960025787 0.0659961700439 5 10 4 7
binomial_5_3_4_6 0.255386829376 0.0929276943207 5 10 5 8
binomial_5_3_5_3 0.324914932251 0.158226966858 6 12 5 13
binomial_5_3_5_5 0.265887975693 0.118562936783 5 10 3 7
binomial_6_2_6_7 0.524796962738 0.36428809166 7 14 3 14
binomial_6_3_6_6 0.581539869308 0.402899265289 7 14 5 18
binomial_7_3_7_9 0.833797216415 0.668991088867 8 16 4 24
binomial_7_4_7_8 0.669231891632 0.479544878006 9 18 7 27
binomial_8_3_8_16 1.75299692154 1.56955265999 8 16 3 25
binomial_8_4_8_9 1.92937803268 1.76344513893 9 18 7 31
buchberger87 0.216991186142 0.0604877471924 6 12 4 11
butcher8 inf inf inf inf inf inf
cohn3 inf inf inf inf inf inf
cyclicn2 0.169126033783 0.0146958827972 2 4 2 2
cyclicn3 0.187124013901 0.0290420055389 3 8 3 5
cyclicn4 0.252789974213 0.0872941017151 6 24 8 17
cyclicn5 3.659938097 3.03275322914 12 122 15 86
cyclicn6 345.04473877 328.890808105 19 363 48 406
cyclicn7 inf inf inf inf inf inf
cyclicn8 inf inf inf inf inf inf
cyclicnh2 0.15704202652 0.0188701152802 2 4 2 2
cyclicnh3 0.177803039551 0.0347168445587 3 8 3 5
cyclicnh4 0.256754875183 0.094938993454 7 29 8 15
cyclicnh5 6.82600593567 5.98492479324 38 493 16 124
cyclicnh6 29.5841503143 22.991191864 61 1845 15 259
cyclicnh7 inf inf inf inf inf inf
czapor87_1h 0.733353853226 0.463632822037 14 186 6 38
czapor87_2h 0.61029791832 0.367510318756 14 214 6 38
dessin1 486.562866211 477.373779297 9 378 32 174
dl inf inf inf inf inf inf
ducos7_3 inf inf inf inf inf inf
ducos7_5 inf inf inf inf inf inf
econ2 0.149425029755 0.0102331638336 2 4 1 2
econ3 0.168267011642 0.026015996933 3 9 2 3
econ4 0.253062009811 0.092921257019 4 20 4 10
econ5 0.63238286972 0.424906253815 6 54 6 16
econ6 1.62325596809 1.28848361969 12 174 9 41
econ7 20.6742401123 19.3370056152 10 330 14 79
econ8 72.613609314 64.5046539307 54 2576 6 255
econh2 0.165065050125 0.018904209137 2 4 2 2
econh3 0.198835849762 0.0567653179169 4 17 4 7
econh4 0.381123065948 0.208226203918 8 90 5 17
econh5 3.61593818665 2.76911664009 30 291 13 103
econh6 13.0985584259 10.6630630493 40 796 8 159
econh7 36.739112854 32.0818061829 54 2398 8 243
extcyc5h 183.636810303 157.639648438 103 8812 23 456
extcyc5 inf inf inf inf inf inf
extcyc6h inf inf inf inf inf inf
extcyc6 inf inf inf inf inf inf
fatemanh 0.841418981552 0.466531038284 20 753 12 43
fateman 0.940927028656 0.566153764725 20 753 12 43
fmtmdeh 0.174280881882 0.0315186977386 5 10 13 12
fmtm_non_hom 0.158939123154 0.0187089443207 2 4 4 2
fmtm 0.205804109573 0.0514333248138 6 12 6 11
gerdt93 0.349323987961 0.167134523392 9 101 6 19
hemmecke 69.858757019 9.2905921936 60 50512 59 168
hfe_segers inf inf inf inf inf inf
ilias12 inf inf inf inf inf inf
ilias13h inf inf inf inf inf inf
ilias13 inf inf inf inf inf inf
ilias_k_2 inf inf inf inf inf inf
issac97 0.601666927338 0.315408706665 10 169 8 36
jason210 inf inf inf inf inf inf
joswig101-trimmed inf inf inf inf inf inf
katsuran2 0.157467126846 0.0146539211273 2 6 2 2
katsuran3 0.177931070328 0.034809589386 4 14 3 7
katsuran4 0.235161066055 0.0864005088806 5 35 3 7
katsuran5 0.599029064178 0.336187839508 9 157 5 23
katsuran6 2.39732503891 1.74864864349 15 519 7 44
katsuran7 13.572719574 9.50477981567 27 2199 12 113
katsuranh2 0.162912130356 0.0233008861542 2 5 2 2
katsuranh3 0.223206996918 0.0682623386383 4 18 3 7
katsuranh4 0.340762853622 0.174402952194 5 39 3 8
katsuranh5 0.67843413353 0.458446979523 8 111 4 16
katsuranh6 26.1646080017 21.514131546 61 1777 16 259
lichtblau 0.168605089188 0.0229380130768 2 22 11 2
liu 1.32695484161 0.899978160858 18 248 8 56
mckay inf inf inf inf inf inf
noon7 inf inf inf inf inf inf
noon8 inf inf inf inf inf inf
nya inf inf inf inf inf inf
r5_2_2_h 0.910532951355 0.579852342606 22 166 6 72
r5_2_2 1.07024097443 0.697703838348 22 166 6 72
r5_2_4_h 5.6050491333 4.33358478546 42 585 9 147
r5_2_4 inf inf inf inf inf inf
r5_2_6_h inf inf inf inf inf inf
r5_2_6 inf inf inf inf inf inf
r6_2_2_h 11.3537197113 8.83410453796 50 620 7 214
r6_2_2 11.0757598877 8.42089939117 50 620 7 214
r6_2_4_h inf inf inf inf inf inf
r6_2_4 inf inf inf inf inf inf
r6_2_6_h inf inf inf inf inf inf
r7_2_2_h 58.581489563 49.5654067993 76 1657 8 393
r7_2_2 60.9037666321 51.740436554 76 1657 8 393
r7_2_4_h inf inf inf inf inf inf
r7_2_6_h inf inf inf inf inf inf
r8_2_2_h inf inf inf inf inf inf
r8_2_2 inf inf inf inf inf inf
r8_2_4_h inf inf inf inf inf inf
redcyc6h 624.185974121 601.04284668 129 5407 27 504
redcyc6 1366.25109863 1341.43908691 20 400 48 373
redcyc7h inf inf inf inf inf inf
redcyc7 inf inf inf inf inf inf
reimer5h inf inf inf inf inf inf
reimer5 inf inf inf inf inf inf
reimer6h inf inf inf inf inf inf
reimer6 inf inf inf inf inf inf
reimer7h inf inf inf inf inf inf
reimer7 inf inf inf inf inf inf
roseh 2.45980906487 2.10291481018 27 655 30 62
rose 9.36886501312 8.08368587494 6 202 55 87
rpblh inf inf inf inf inf inf
rpbl inf inf inf inf inf inf
safey inf inf inf inf inf inf
schieleh 0.181418895721 0.039998292923 2 7 2 2
schiele 0.161794900894 0.0212931632996 2 6 2 2
schrans_troost inf inf inf inf inf inf
sendrah 0.226793050766 0.0581872463226 7 264 15 10
sendra 0.232893943787 0.0460779666901 6 229 18 14
solotarevh 0.855835914612 0.511446475983 23 151 10 72
solotarev 0.197147846222 0.0497605800629 4 21 6 8
sparsesym5h 0.585527896881 0.400167942047 17 44 17 45
sparsesym5 1.56189513206 1.20903682709 14 69 21 70
sym33 0.267196178436 0.10725569725 8 33 10 17
syz1 0.152457952499 0.0124640464783 2 4 2 2
trinks 3.91997504234 3.41931939125 24 370 8 72
uteshev_bikker 4.37154006958 3.18929100037 32 1068 9 104
vermeer 0.505671977997 0.290733575821 11 92 5 32
virasoro inf inf inf inf inf inf
wang16h 2.85617589951 1.82857346535 36 1208 11 113
wang16 129.295852661 125.297821045 4 100 24 137
weispfenning94 0.282774925232 0.124282360077 6 72 9 12
wu90h 14.6283769608 11.9214935303 58 889 14 233
wu90 0.574581861496 0.321635961533 13 180 4 33
