ahmlh 338.513000488 301.971282959 100 28294 15 348
ahml inf inf inf inf inf inf
assur44 inf inf inf inf inf inf
aubry2 inf inf inf inf inf inf
berthh 1.80293703079 1.54159355164 17 795 36 24
berth 0.382132053375 0.164503097534 3 111 26 12
binomial_4_2_4_1 0.298188924789 0.147075176239 4 8 2 6
binomial_5_3_4_4 0.346832990646 0.198516130447 4 8 3 5
binomial_5_3_4_6 0.414304971695 0.263621091843 4 8 3 5
binomial_5_3_5_3 0.662090063095 0.499117851257 5 10 3 8
binomial_5_3_5_5 0.516530990601 0.367321252823 5 10 3 7
binomial_6_2_6_7 1.10386681557 0.949454069138 6 12 2 9
binomial_6_3_6_6 1.28014492989 1.1159350872 6 12 3 13
binomial_7_3_7_9 2.27142596245 2.11112928391 7 14 3 19
binomial_7_4_7_8 1.85812807083 1.63204097748 12 24 7 40
binomial_8_3_8_16 4.98600006104 4.80987548828 8 16 3 25
binomial_8_4_8_9 6.30517292023 6.11567878723 9 18 7 31
buchberger87 0.30428314209 0.153306007385 5 10 5 8
butcher8 866.234741211 837.325927734 28 703 4 332
cohn3 inf inf inf inf inf inf
cyclicn2 0.154048919678 0.0404822826385 2 4 2 2
cyclicn3 0.209114074707 0.0851790904999 3 8 3 3
cyclicn4 0.429822921753 0.264623880386 6 24 8 17
cyclicn5 4.55953598022 3.833735466 16 170 11 105
cyclicn6 397.887084961 381.42477417 18 343 48 417
cyclicn7 inf inf inf inf inf inf
cyclicn8 inf inf inf inf inf inf
cyclicnh2 0.201328039169 0.0598721504211 2 4 2 2
cyclicnh3 0.263971090317 0.12050819397 3 8 3 3
cyclicnh4 0.410166978836 0.257563114166 4 17 4 7
cyclicnh5 1.66614699364 1.42037320137 11 156 7 23
cyclicnh6 24.5927791595 21.5674591064 58 1654 15 196
cyclicnh7 inf inf inf inf inf inf
czapor87_1h 1.67529606819 1.19262504578 25 479 8 80
czapor87_2h 1.22377109528 0.956439495087 15 247 5 40
dessin1 31.74584198 29.1085453033 21 789 10 136
dl inf inf inf inf inf inf
ducos7_3 inf inf inf inf inf inf
ducos7_5 inf inf inf inf inf inf
econ2 0.157393932343 0.0316388607025 2 4 1 2
econ3 0.196865081787 0.0727851390839 3 9 2 3
econ4 0.405231952667 0.249325275421 4 20 4 10
econ5 1.25907683372 1.04251194 6 48 6 22
econ6 4.58888816833 4.13068056107 9 153 9 51
econ7 29.5205841064 27.7806434631 19 476 7 105
econ8 inf inf inf inf inf inf
econh2 0.225306034088 0.0680201053619 2 4 2 2
econh3 0.336941003799 0.18023276329 5 16 5 8
econh4 0.683666944504 0.527215003967 6 61 5 9
econh5 2.06201291084 1.77389931679 15 424 6 37
econh6 24.8308010101 22.8096351624 40 2544 8 151
econh7 93.2084960938 86.9638748169 51 3410 11 216
extcyc5h 9.92022514343 9.48327445984 13 938 9 26
extcyc5 inf inf inf inf inf inf
extcyc6h inf inf inf inf inf inf
extcyc6 inf inf inf inf inf inf
fatemanh 1.19956493378 0.823038339615 20 753 12 43
fateman 1.3464589119 0.962589979172 20 753 12 43
fmtmdeh 0.260621070862 0.10506772995 5 10 13 12
fmtm_non_hom 0.186546087265 0.0575981140137 2 4 4 2
fmtm 0.429420948029 0.236954450607 14 28 15 34
gerdt93 0.563461065292 0.422814130783 3 12 3 3
hemmecke 0.685782194138 0.538786172867 3 34 15 3
hfe_segers inf inf inf inf inf inf
ilias12 inf inf inf inf inf inf
ilias13h inf inf inf inf inf inf
ilias13 inf inf inf inf inf inf
ilias_k_2 inf inf inf inf inf inf
issac97 1.00730085373 0.668823480606 10 170 7 42
jason210 inf inf inf inf inf inf
joswig101-trimmed inf inf inf inf inf inf
katsuran2 0.188495874405 0.0494301319122 2 6 2 2
katsuran3 0.235551118851 0.095046043396 4 19 3 5
katsuran4 0.457486867905 0.284458875656 5 45 6 14
katsuran5 1.52551293373 1.1542263031 11 176 7 41
katsuran6 4.59749889374 3.90190052986 21 491 6 68
katsuran7 416.573730469 400.314453125 10 650 29 275
katsuranh2 0.214843034744 0.0725848674774 2 5 2 2
katsuranh3 0.301487207413 0.163265943527 3 9 2 3
katsuranh4 0.72105383873 0.532992124557 8 47 4 15
katsuranh5 2.87480592728 2.33093333244 25 373 6 76
katsuranh6 6.99571228027 6.3575220108 24 579 6 78
lichtblau 0.210998058319 0.0831661224365 2 22 11 2
liu 2.13233709335 1.88890004158 15 152 6 45
mckay inf inf inf inf inf inf
noon7 inf inf inf inf inf inf
noon8 inf inf inf inf inf inf
nya inf inf inf inf inf inf
r5_2_2_h 1.84073114395 1.45705223083 22 166 6 72
r5_2_2 1.73611712456 1.36614775658 22 166 6 72
r5_2_4_h 3.27801704407 2.5265443325 35 453 9 123
r5_2_4 inf inf inf inf inf inf
r5_2_6_h inf inf inf inf inf inf
r5_2_6 inf inf inf inf inf inf
r6_2_2_h 8.48226165771 7.04843759537 40 516 7 167
r6_2_2 9.23978042603 7.69984292984 40 516 7 167
r6_2_4_h 1388.12268066 1300.11364746 199 12216 13 922
r6_2_4 inf inf inf inf inf inf
r6_2_6_h inf inf inf inf inf inf
r7_2_2_h 75.5816421509 65.9520187378 81 1931 8 414
r7_2_2 71.7969207764 62.6561508179 81 1931 8 414
r7_2_4_h inf inf inf inf inf inf
r7_2_6_h inf inf inf inf inf inf
r8_2_2_h inf inf inf inf inf inf
r8_2_2 inf inf inf inf inf inf
r8_2_4_h inf inf inf inf inf inf
redcyc6h 424.796112061 402.373840332 137 5615 27 544
redcyc6 408.949737549 392.626983643 20 442 36 336
redcyc7h inf inf inf inf inf inf
redcyc7 inf inf inf inf inf inf
reimer5h inf inf inf inf inf inf
reimer5 22.8878250122 16.1928138733 47 16152 13 160
reimer6h inf inf inf inf inf inf
reimer6 inf inf inf inf inf inf
reimer7h inf inf inf inf inf inf
reimer7 inf inf inf inf inf inf
roseh 1.74988484383 1.19102454185 33 1070 20 84
rose 1.77707600594 1.34100985527 14 428 21 64
rpblh inf inf inf inf inf inf
rpbl inf inf inf inf inf inf
safey inf inf inf inf inf inf
schieleh 0.29092001915 0.134846925735 2 7 2 2
schiele 0.212046146393 0.0662488937378 2 6 2 2
schrans_troost inf inf inf inf inf inf
sendrah 0.234459161758 0.0997340679169 2 26 7 2
sendra 0.34286904335 0.141423940659 5 235 19 16
solotarevh 0.622894048691 0.454679012299 8 43 5 18
solotarev 0.278898000717 0.129367589951 5 24 4 7
sparsesym5h 1.12934494019 0.95858001709 6 16 18 13
sparsesym5 0.529946804047 0.390048980713 5 12 10 6
sym33 0.55775809288 0.373652696609 11 127 12 23
syz1 0.171663999557 0.0358242988586 2 4 2 2
trinks 6.36212825775 5.90552711487 24 291 10 72
uteshev_bikker 6.40418481827 4.74749088287 41 1396 10 135
vermeer 6.05328369141 4.78511714935 14 323 6 142
virasoro inf inf inf inf inf inf
wang16h 8.88460922241 6.8407869339 49 1577 13 163
wang16 3.12695908546 2.33992004395 15 355 6 83
weispfenning94 0.80414390564 0.522009849548 15 523 12 34
wu90h 2.77764701843 2.60620999336 7 67 5 11
wu90 1.06693506241 0.875735282898 8 103 7 15
