ahmlh inf inf inf inf inf inf
ahml inf inf inf inf inf inf
assur44 inf inf inf inf inf inf
aubry2 730.986816406 150.996017456 79 7215 6 1013
berthh inf inf inf inf inf inf
berth 0.999014139175 0.815319538116 3 111 26 18
binomial_4_2_4_1 0.557947158813 0.43548989296 4 8 2 13
binomial_5_3_4_4 0.486794948578 0.380848169327 5 10 4 7
binomial_5_3_4_6 0.715842962265 0.611042022705 5 10 5 13
binomial_5_3_5_3 0.732762098312 0.620122909546 6 12 5 16
binomial_5_3_5_5 0.466281890869 0.36611866951 5 10 3 7
binomial_6_2_6_7 0.909461021423 0.791427612305 9 18 3 19
binomial_6_3_6_6 0.884823083878 0.768687725067 7 14 5 19
binomial_7_3_7_9 1.99535107613 1.79544878006 8 16 4 39
binomial_7_4_7_8 2.49705004692 2.25403285027 12 24 7 59
binomial_8_3_8_16 2.03604698181 1.87350440025 8 16 3 31
binomial_8_4_8_9 1.43291711807 1.31437397003 9 18 7 31
buchberger87 0.650495052338 0.546152830124 4 8 3 9
butcher8 53.5822982788 22.4493846893 44 1300 4 572
cohn3 inf inf inf inf inf inf
cyclicn2 0.156961917877 0.0673191547394 2 4 2 2
cyclicn3 0.231389045715 0.133529186249 3 8 3 3
cyclicn4 0.368564844131 0.272433042526 4 17 4 5
cyclicn5 3.26268792152 2.6635594368 20 232 8 113
cyclicn6 19.6613712311 10.8845710754 45 1135 9 354
cyclicn7 1015.8581543 238.819061279 209 27185 12 2099
cyclicn8 inf inf inf inf inf inf
cyclicnh2 0.194756031036 0.0978999137878 2 4 2 2
cyclicnh3 0.268236160278 0.173202991486 3 8 3 3
cyclicnh4 0.531655073166 0.425915956497 4 17 4 7
cyclicnh5 1.30219221115 1.15821170807 12 171 7 22
cyclicnh6 4.97609090805 4.04790306091 34 1540 9 95
cyclicnh7 78.1808624268 30.0737285614 121 28595 12 449
czapor87_1h 2.79094409943 2.21721768379 14 184 5 116
czapor87_2h 1.02280807495 0.849836826324 12 180 5 30
dessin1 5.05698299408 3.83974695206 25 810 6 81
dl inf inf inf inf inf inf
ducos7_3 1536.83288574 389.134368896 80 8634 6 1270
ducos7_5 inf inf inf inf inf inf
econ2 0.171438932419 0.0720701217651 2 4 1 2
econ3 0.218099117279 0.126086950302 3 9 2 3
econ4 0.470698833466 0.362869739532 7 29 2 13
econ5 2.02095198631 1.70554041862 9 71 4 73
econ6 1.8535490036 1.56415677071 18 232 4 61
econ7 7.97766494751 5.4845905304 25 626 6 238
econ8 21.0154132843 11.2015886307 59 2704 5 342
econh2 0.185944795609 0.0977880954742 2 4 2 2
econh3 0.324557065964 0.225210905075 4 11 4 5
econh4 0.966699123383 0.835552215576 7 29 4 24
econh5 3.33695888519 2.78147959709 15 97 6 125
econh6 156.92590332 25.4211540222 27 297 7 4318
econh7 inf inf inf inf inf inf
extcyc5h 7.13413524628 5.15991306305 41 3069 12 116
extcyc5 56.0816612244 23.556722641 102 6728 10 663
extcyc6h 271.410919189 82.3964614868 200 65044 20 826
extcyc6 inf inf inf inf inf inf
fatemanh 2.56447982788 2.12899160385 27 1009 14 63
fateman 3.72123289108 2.59060764313 16 784 11 135
fmtmdeh 0.612164020538 0.487793445587 8 16 7 23
fmtm_non_hom 0.234008789062 0.13907790184 3 6 5 4
fmtm 0.531182050705 0.425213098526 6 12 8 13
gerdt93 0.96505689621 0.843503713608 6 56 5 16
hemmecke 0.366696834564 0.273339033127 3 16 15 3
hfe_segers inf inf inf inf inf inf
ilias12 inf inf inf inf inf inf
ilias13h inf inf inf inf inf inf
ilias13 inf inf inf inf inf inf
ilias_k_2 inf inf inf inf inf inf
issac97 0.784490823746 0.618871212006 12 180 5 30
jason210 2.01593279839 1.89445900917 8 13 23 24
joswig101-trimmed inf inf inf inf inf inf
katsuran2 0.188872098923 0.0969099998474 2 5 2 2
katsuran3 0.322724103928 0.222284317017 4 16 3 5
katsuran4 0.574968099594 0.468358039856 7 49 4 12
katsuran5 1.21967601776 1.04341101646 13 168 5 31
katsuran6 2.68103981018 2.14338421822 22 528 6 70
katsuran7 8.29376792908 5.29243326187 41 1923 7 169
katsuranh2 0.223664999008 0.128719091415 2 5 2 2
katsuranh3 0.378391027451 0.279613733292 4 16 3 5
katsuranh4 0.683788061142 0.575345277786 7 49 4 12
katsuranh5 1.45655703545 1.29013991356 13 168 5 31
katsuranh6 3.0980079174 2.55810308456 22 528 6 70
lichtblau 0.248114109039 0.151423931122 3 48 10 4
liu 1.15638899803 1.01798033714 11 68 4 30
mckay inf inf inf inf inf inf
noon7 inf inf inf inf inf inf
noon8 inf inf inf inf inf inf
nya inf inf inf inf inf inf
r5_2_2_h 1.74701309204 1.46398162842 21 160 6 68
r5_2_2 1.71790909767 1.43360042572 21 160 6 68
r5_2_4_h 3.14486598969 2.47674226761 35 453 9 122
r5_2_4 418.779724121 67.6242370605 206 171210 16 757
r5_2_6_h 108.698326111 36.8022918701 225 21205 19 845
r5_2_6 inf inf inf inf inf inf
r6_2_2_h 5.20880126953 3.86751627922 39 498 7 169
r6_2_2 5.52471923828 4.09034490585 39 498 7 179
r6_2_4_h 1185.43127441 140.367492676 152 8725 13 7989
r6_2_4 inf inf inf inf inf inf
r6_2_6_h inf inf inf inf inf inf
r7_2_2_h 14.1805534363 8.36698627472 67 1487 8 339
r7_2_2 13.7534332275 8.25419902802 67 1487 8 339
r7_2_4_h 242.177825928 69.3940811157 249 23533 14 1379
r7_2_6_h inf inf inf inf inf inf
r8_2_2_h 568.968383789 113.947280884 128 5195 9 3949
r8_2_2 inf inf inf inf inf inf
r8_2_4_h inf inf inf inf inf inf
redcyc6h 26.8469409943 16.9069328308 106 3994 22 400
redcyc6 17.6456756592 10.6391019821 21 493 6 272
redcyc7h 1155.4765625 342.78994751 442 86579 27 2118
redcyc7 712.479614258 197.511947632 78 9763 7 1428
reimer5h inf inf inf inf inf inf
reimer5 inf inf inf inf inf inf
reimer6h inf inf inf inf inf inf
reimer6 inf inf inf inf inf inf
reimer7h inf inf inf inf inf inf
reimer7 inf inf inf inf inf inf
roseh 0.366166114807 0.266796827316 3 29 9 5
rose 0.343279838562 0.234261274338 4 56 16 7
rpblh inf inf inf inf inf inf
rpbl inf inf inf inf inf inf
safey inf inf inf inf inf inf
schieleh 0.249460935593 0.15775179863 2 6 2 2
schiele 0.216418027878 0.128280162811 2 6 2 2
schrans_troost inf inf inf inf inf inf
sendrah 0.711203098297 0.555332422256 6 185 13 18
sendra 0.504102945328 0.351907730103 6 186 11 16
solotarevh 0.529862880707 0.423767089844 6 23 5 11
solotarev 0.374387979507 0.272120952606 5 19 2 6
sparsesym5h 4.74503898621 4.31721496582 6 16 18 101
sparsesym5 0.44552898407 0.345392942429 5 12 10 5
sym33 0.908785820007 0.768193483353 8 33 10 28
syz1 0.191256999969 0.0964760780334 2 4 2 2
trinks 0.862565994263 0.756403207779 6 55 4 9
uteshev_bikker 5.00484275818 3.61298131943 17 518 7 178
vermeer 2.54957103729 2.18720149994 11 76 5 105
virasoro inf inf inf inf inf inf
wang16h inf inf inf inf inf inf
wang16 inf inf inf inf inf inf
weispfenning94 5.50268793106 2.95602273941 7 132 10 359
wu90h inf inf inf inf inf inf
wu90 14.0657281876 5.48725509644 16 212 4 748
