ahmlh inf inf inf inf inf inf
ahml inf inf inf inf inf inf
assur44 inf inf inf inf inf inf
aubry2 704.764526367 148.647018433 79 7215 6 1013
berthh inf inf inf inf inf inf
berth 0.779274940491 0.631717205048 3 111 26 12
binomial_4_2_4_1 0.556107997894 0.44270658493 4 8 2 13
binomial_5_3_4_4 0.466486930847 0.365071296692 5 10 4 7
binomial_5_3_4_6 0.707026004791 0.599592924118 5 10 5 13
binomial_5_3_5_3 0.710695981979 0.596937894821 6 12 5 15
binomial_5_3_5_5 0.47683596611 0.378190279007 5 10 3 7
binomial_6_2_6_7 0.862752914429 0.749097824097 9 18 3 19
binomial_6_3_6_6 1.19632411003 1.0677587986 8 16 5 24
binomial_7_3_7_9 1.53873705864 1.39565491676 8 16 4 29
binomial_7_4_7_8 2.40412902832 2.12424969673 9 18 7 61
binomial_8_3_8_16 2.12159895897 1.96311450005 8 16 3 32
binomial_8_4_8_9 1.32586503029 1.21836495399 9 18 7 31
buchberger87 0.684697151184 0.575293540955 4 8 3 9
butcher8 54.3924484253 22.7313518524 44 1300 4 570
cohn3 inf inf inf inf inf inf
cyclicn2 0.168230056763 0.0681810379028 2 4 2 2
cyclicn3 0.233314990997 0.135740995407 3 8 3 3
cyclicn4 0.361480951309 0.261904001236 4 17 4 5
cyclicn5 3.14513802528 2.57101726532 20 232 8 113
cyclicn6 19.7961425781 10.7281208038 45 1135 9 354
cyclicn7 1007.20483398 239.934936523 209 27185 12 2099
cyclicn8 inf inf inf inf inf inf
cyclicnh2 0.193648099899 0.100588798523 2 4 2 2
cyclicnh3 0.265092134476 0.171034097672 3 8 3 3
cyclicnh4 0.516890048981 0.406064987183 4 17 4 6
cyclicnh5 1.27834701538 1.13106107712 12 171 7 22
cyclicnh6 5.44378376007 4.52253007889 34 1540 9 95
cyclicnh7 77.2286148071 30.4931163788 121 28595 12 449
czapor87_1h 5.50489330292 3.33387327194 12 156 5 272
czapor87_2h 0.980271100998 0.812086582184 12 180 5 30
dessin1 3.91784095764 3.21765470505 27 909 5 67
dl inf inf inf inf inf inf
ducos7_3 1535.78796387 387.118591309 80 8634 6 1270
ducos7_5 inf inf inf inf inf inf
econ2 0.164109945297 0.0682237148285 2 4 1 2
econ3 0.21869802475 0.125226974487 3 9 2 3
econ4 0.463990211487 0.358246088028 7 29 2 13
econ5 0.98206114769 0.848721265793 8 55 3 25
econ6 2.00861811638 1.69590711594 18 232 4 61
econ7 8.4042673111 5.63302326202 23 578 6 289
econ8 20.0421791077 10.9704532623 59 2704 5 342
econh2 0.198223114014 0.1020860672 2 4 2 2
econh3 0.31449007988 0.220036029816 4 11 4 5
econh4 1.07118487358 0.907424211502 8 34 5 34
econh5 5.70443820953 3.84992218018 14 85 6 275
econh6 inf inf inf inf inf inf
econh7 inf inf inf inf inf inf
extcyc5h 6.73862075806 4.90731430054 41 3069 12 116
extcyc5 57.3377342224 23.5002422333 102 6728 10 663
extcyc6h 256.405731201 80.9741897583 200 65044 20 826
extcyc6 inf inf inf inf inf inf
fatemanh 2.56763195992 2.13678097725 27 1009 14 63
fateman 133.665496826 15.891661644 19 937 11 2862
fmtmdeh 0.870496034622 0.672821044922 8 16 5 64
fmtm_non_hom 0.223941087723 0.13397192955 3 6 5 4
fmtm 0.659063816071 0.541475296021 6 12 8 17
gerdt93 1.67394113541 1.47808718681 7 57 5 34
hemmecke 0.356755018234 0.259999036789 3 16 15 3
hfe_segers 69.3040618896 22.2120723724 48 222 4 1097
ilias12 inf inf inf inf inf inf
ilias13h inf inf inf inf inf inf
ilias13 inf inf inf inf inf inf
ilias_k_2 inf inf inf inf inf inf
issac97 0.74843788147 0.589312314987 12 180 5 30
jason210 inf inf inf inf inf inf
joswig101-trimmed inf inf inf inf inf inf
katsuran2 0.182594060898 0.0942659378052 2 5 2 2
katsuran3 0.316605806351 0.209121227264 4 16 3 5
katsuran4 0.553261995316 0.445865869522 7 49 4 12
katsuran5 1.26844096184 1.09806704521 13 168 5 31
katsuran6 2.62453389168 2.11221241951 22 528 6 70
katsuran7 8.02487564087 5.13810348511 41 1923 7 169
katsuranh2 0.211359977722 0.124572277069 2 5 2 2
katsuranh3 0.371623039246 0.273332118988 4 16 3 5
katsuranh4 0.686555862427 0.577060937881 7 49 4 12
katsuranh5 1.43168592453 1.26005792618 13 168 5 31
katsuranh6 3.20890188217 2.6827173233 22 528 6 70
lichtblau 0.252809047699 0.153126239777 2 23 11 3
liu 1.5270781517 1.32437372208 11 68 4 50
mckay inf inf inf inf inf inf
noon7 inf inf inf inf inf inf
noon8 inf inf inf inf inf inf
nya inf inf inf inf inf inf
r5_2_2_h 1.74741196632 1.45875668526 21 160 6 68
r5_2_2 1.71526098251 1.43277573586 21 160 6 68
r5_2_4_h 3.2501680851 2.55289626122 35 453 9 122
r5_2_4 412.172912598 67.7015533447 206 171210 16 757
r5_2_6_h 114.551452637 38.6198539734 225 21205 19 845
r5_2_6 inf inf inf inf inf inf
r6_2_2_h 9.35552024841 6.39581203461 39 498 7 246
r6_2_2 10.2138566971 6.45727920532 39 498 7 316
r6_2_4_h inf inf inf inf inf inf
r6_2_4 inf inf inf inf inf inf
r6_2_6_h inf inf inf inf inf inf
r7_2_2_h 14.0267210007 8.53732299805 67 1487 8 339
r7_2_2 13.7347326279 8.19438171387 67 1487 8 339
r7_2_4_h 236.091064453 68.9996261597 249 23533 14 1379
r7_2_6_h inf inf inf inf inf inf
r8_2_2_h 76.1375808716 28.7341270447 128 5195 9 856
r8_2_2 86.1321868896 29.4425086975 129 5252 9 904
r8_2_4_h inf inf inf inf inf inf
redcyc6h 27.6472320557 17.1974964142 106 3994 22 400
redcyc6 17.3103561401 10.6487827301 21 493 6 272
redcyc7h 1144.49279785 340.669616699 442 86579 27 2118
redcyc7 714.816162109 200.149627686 78 9763 7 1428
reimer5h inf inf inf inf inf inf
reimer5 inf inf inf inf inf inf
reimer6h inf inf inf inf inf inf
reimer6 inf inf inf inf inf inf
reimer7h inf inf inf inf inf inf
reimer7 inf inf inf inf inf inf
roseh 0.367974042892 0.264209032059 3 29 9 5
rose 125.426170349 12.6179227829 16 441 10 2350
rpblh inf inf inf inf inf inf
rpbl inf inf inf inf inf inf
safey inf inf inf inf inf inf
schieleh 0.26334810257 0.16392993927 2 6 2 2
schiele 0.22842001915 0.132992982864 2 6 2 2
schrans_troost inf inf inf inf inf inf
sendrah 0.504780054092 0.376102685928 3 73 13 13
sendra 0.532533884048 0.35976099968 6 186 11 23
solotarevh 0.537328004837 0.432672262192 6 23 5 11
solotarev 0.338540077209 0.23682308197 4 15 2 4
sparsesym5h 3.10447597504 2.83432197571 6 16 18 83
sparsesym5 0.444916009903 0.346934080124 5 12 10 5
sym33 0.939568996429 0.781536102295 7 50 9 31
syz1 0.184885025024 0.093024969101 2 4 2 2
trinks 0.890852928162 0.778330087662 6 55 4 9
uteshev_bikker 16.3042945862 6.74554634094 17 519 7 723
vermeer 0.547951936722 0.443587064743 6 35 6 8
virasoro 834.397827148 67.1249542236 122 17187 8 4750
wang16h inf inf inf inf inf inf
wang16 inf inf inf inf inf inf
weispfenning94 1.28604698181 1.05706906319 9 223 13 43
wu90h 235.919509888 26.7428588867 13 162 5 5631
wu90 1.35651111603 1.11817145348 12 144 5 52
