ahmlh inf inf inf inf inf inf
ahml 687.599914551 672.133911133 35 8067 16 293
assur44 inf inf inf inf inf inf
aubry2 inf inf inf inf inf inf
berthh 0.362385034561 0.253353118896 3 117 27 6
berth 0.25807094574 0.15605711937 3 117 26 6
binomial_4_2_4_1 0.288052797318 0.188475608826 3 6 2 7
binomial_5_3_4_4 0.360579967499 0.257560968399 4 8 3 7
binomial_5_3_4_6 0.607944965363 0.491637706757 5 10 5 13
binomial_5_3_5_3 0.595052957535 0.487999677658 9 18 5 20
binomial_5_3_5_5 0.537400007248 0.435724973679 8 16 6 16
binomial_6_2_6_7 0.714070796967 0.601900100708 9 18 3 18
binomial_6_3_6_6 1.21896100044 1.09472036362 7 14 5 30
binomial_7_3_7_9 1.36240315437 1.23815798759 12 24 4 39
binomial_7_4_7_8 2.71720600128 2.56121969223 17 34 8 59
binomial_8_3_8_16 2.00047087669 1.86912870407 13 26 4 46
binomial_8_4_8_9 0.936733007431 0.8299908638 9 18 7 31
buchberger87 0.471395969391 0.369521379471 4 8 4 11
butcher8 inf inf inf inf inf inf
cohn3 inf inf inf inf inf inf
cyclicn2 0.133723020554 0.0449712276459 2 4 2 2
cyclicn3 0.190918207169 0.103267908096 3 8 3 3
cyclicn4 0.366446971893 0.261636257172 4 17 4 14
cyclicn5 20.9715862274 20.3889598846 20 232 8 113
cyclicn6 1092.37768555 1084.84265137 45 1135 9 354
cyclicn7 inf inf inf inf inf inf
cyclicn8 inf inf inf inf inf inf
cyclicnh2 0.14941906929 0.0620169639587 2 4 2 2
cyclicnh3 0.200093984604 0.108328342438 3 8 3 3
cyclicnh4 0.492824792862 0.387482643127 5 21 5 13
cyclicnh5 1.1758441925 1.03059077263 12 171 7 22
cyclicnh6 27.8374500275 26.9421920776 34 1540 9 95
cyclicnh7 inf inf inf inf inf inf
czapor87_1h 0.954324007034 0.79287981987 12 156 5 30
czapor87_2h 0.882463216782 0.722615003586 12 180 5 30
dessin1 96.6679229736 94.9687423706 39 1385 5 130
dl inf inf inf inf inf inf
ducos7_3 inf inf inf inf inf inf
ducos7_5 inf inf inf inf inf inf
econ2 0.190855026245 0.0612449645996 2 4 1 2
econ3 0.212629079819 0.115409851074 3 9 2 3
econ4 0.333496809006 0.235566139221 7 29 2 13
econ5 1.39425802231 1.24410796165 9 62 4 28
econ6 4.58553123474 4.29690217972 18 232 4 61
econ7 66.1719894409 64.7468643188 32 747 4 153
econ8 868.560913086 860.197814941 59 2704 5 342
econh2 0.164484024048 0.0710110664368 2 4 2 2
econh3 0.228267908096 0.136948108673 4 11 4 5
econh4 0.373148202896 0.272522211075 5 19 4 7
econh5 inf inf inf inf inf inf
econh6 inf inf inf inf inf inf
econh7 inf inf inf inf inf inf
extcyc5h 47.7742424011 45.9587440491 41 3069 12 116
extcyc5 inf inf inf inf inf inf
extcyc6h inf inf inf inf inf inf
extcyc6 inf inf inf inf inf inf
fatemanh 38.0173835754 35.4314041138 19 1008 12 263
fateman 37.3385925293 35.3905906677 37 2173 20 140
fmtmdeh 0.772693872452 0.625769853592 7 14 5 36
fmtm_non_hom 0.17863202095 0.087296962738 2 4 3 4
fmtm 0.425647974014 0.32708978653 8 16 7 15
gerdt93 0.859686136246 0.73731803894 5 28 5 19
hemmecke 0.287217855453 0.190414190292 3 16 15 3
hfe_segers 1099.31835938 1094.65307617 43 192 4 329
ilias12 inf inf inf inf inf inf
ilias13h inf inf inf inf inf inf
ilias13 inf inf inf inf inf inf
ilias_k_2 inf inf inf inf inf inf
issac97 0.840887069702 0.655515193939 12 180 5 30
jason210 inf inf inf inf inf inf
joswig101-trimmed inf inf inf inf inf inf
katsuran2 0.149473905563 0.062087059021 2 5 2 2
katsuran3 0.231532096863 0.141069889069 4 16 3 5
katsuran4 0.417037963867 0.312567472458 7 49 4 12
katsuran5 1.31040787697 1.1311507225 13 168 5 31
katsuran6 8.04472827911 7.53259658813 22 528 6 70
katsuran7 94.0296783447 91.1541137695 41 1923 7 169
katsuranh2 0.167129993439 0.0801382064819 2 5 2 2
katsuranh3 0.278542041779 0.180337905884 4 16 3 5
katsuranh4 0.498954057693 0.394115686417 7 49 4 12
katsuranh5 1.5658788681 1.3981552124 13 168 5 31
katsuranh6 8.42911338806 7.92638969421 22 528 6 70
lichtblau 0.83073592186 0.624810934067 3 54 8 44
liu 2.12289500237 1.94556427002 16 148 9 46
mckay inf inf inf inf inf inf
noon7 inf inf inf inf inf inf
noon8 inf inf inf inf inf inf
nya inf inf inf inf inf inf
r5_2_2_h 3.99261903763 3.71996474266 21 160 6 68
r5_2_2 3.96891283989 3.70351886749 21 160 6 68
r5_2_4_h 19.7818870544 19.1033439636 35 453 9 122
r5_2_4 inf inf inf inf inf inf
r5_2_6_h inf inf inf inf inf inf
r5_2_6 inf inf inf inf inf inf
r6_2_2_h 46.0149116516 44.8616828918 39 498 7 162
r6_2_2 46.9127883911 45.7674064636 39 498 7 162
r6_2_4_h inf inf inf inf inf inf
r6_2_4 inf inf inf inf inf inf
r6_2_6_h inf inf inf inf inf inf
r7_2_2_h 503.400817871 497.825500488 67 1487 8 339
r7_2_2 507.154541016 501.548156738 67 1487 8 339
r7_2_4_h inf inf inf inf inf inf
r7_2_6_h inf inf inf inf inf inf
r8_2_2_h inf inf inf inf inf inf
r8_2_2 inf inf inf inf inf inf
r8_2_4_h inf inf inf inf inf inf
redcyc6h inf inf inf inf inf inf
redcyc6 1108.48413086 1102.47595215 21 493 6 272
redcyc7h inf inf inf inf inf inf
redcyc7 inf inf inf inf inf inf
reimer5h inf inf inf inf inf inf
reimer5 inf inf inf inf inf inf
reimer6h inf inf inf inf inf inf
reimer6 inf inf inf inf inf inf
reimer7h inf inf inf inf inf inf
reimer7 inf inf inf inf inf inf
roseh 768.89642334 745.276855469 46 1718 20 925
rose 8.11275577545 7.1107172966 13 350 13 179
rpblh inf inf inf inf inf inf
rpbl inf inf inf inf inf inf
safey inf inf inf inf inf inf
schieleh 0.196314096451 0.103002309799 2 6 2 2
schiele 0.172950983047 0.0829918384552 2 6 2 2
schrans_troost inf inf inf inf inf inf
sendrah 0.301305055618 0.191191911697 2 26 7 9
sendra 0.235908985138 0.118824720383 3 177 19 7
solotarevh 0.389193058014 0.29047703743 6 23 5 11
solotarev 0.620183944702 0.503433227539 5 33 4 22
sparsesym5h 0.645213842392 0.546996831894 6 16 18 16
sparsesym5 0.272619009018 0.193773984909 5 12 10 5
sym33 0.588908910751 0.471832036972 10 85 10 18
syz1 0.162761211395 0.0666382312775 2 4 2 2
trinks 1.80672216415 1.65195202827 13 109 5 29
uteshev_bikker 261.525115967 256.806243896 62 2182 36 244
vermeer 2.47575283051 2.18401432037 5 25 5 69
virasoro inf inf inf inf inf inf
wang16h 126.137451172 121.155906677 50 1233 16 445
wang16 15.2548570633 14.4272871017 10 218 9 103
weispfenning94 2.34002399445 2.07963323593 22 511 14 48
wu90h 135.315917969 133.113677979 31 475 17 195
wu90 2.40478491783 2.17423844337 10 124 7 33
