ahmlh inf inf inf inf inf inf
ahml 641.783874512 622.999389648 34 5211 11 461
assur44 inf inf inf inf inf inf
aubry2 inf inf inf inf inf inf
berthh 1.18704199791 0.658160924911 4 1273 28 20
berth 2.40129113197 2.17227935791 4 134 18 32
binomial_4_2_4_1 0.318856954575 0.222178936005 4 8 2 9
binomial_5_3_4_4 0.336959838867 0.240104913712 4 8 3 8
binomial_5_3_4_6 0.332046985626 0.239014863968 5 10 5 8
binomial_5_3_5_3 0.400995969772 0.297381877899 6 12 5 13
binomial_5_3_5_5 0.439603805542 0.341331005096 6 12 4 10
binomial_6_2_6_7 0.439817905426 0.33735871315 7 14 3 14
binomial_6_3_6_6 0.482172966003 0.374505281448 6 12 3 13
binomial_7_3_7_9 0.484111070633 0.376818180084 7 14 3 23
binomial_7_4_7_8 1.47010302544 1.29863286018 9 18 7 52
binomial_8_3_8_16 0.593333005905 0.48601102829 8 16 3 25
binomial_8_4_8_9 1.48255109787 1.28500795364 9 18 7 83
buchberger87 0.388408899307 0.289263248444 4 8 3 11
butcher8 inf inf inf inf inf inf
cohn3 inf inf inf inf inf inf
cyclicn2 0.165673017502 0.080794095993 2 4 2 2
cyclicn3 0.265576124191 0.147077798843 3 8 3 3
cyclicn4 0.5739839077 0.444446086884 4 15 4 25
cyclicn5 1067.39575195 1049.47314453 22 250 11 1003
cyclicn6 inf inf inf inf inf inf
cyclicn7 inf inf inf inf inf inf
cyclicn8 inf inf inf inf inf inf
cyclicnh2 0.175018072128 0.0868599414825 2 4 2 2
cyclicnh3 0.215986013412 0.126964092255 3 8 3 3
cyclicnh4 0.308498859406 0.21476483345 4 17 4 6
cyclicnh5 10.0516366959 9.06696510315 12 158 7 140
cyclicnh6 49.8643836975 46.7902336121 29 1393 9 156
cyclicnh7 inf inf inf inf inf inf
czapor87_1h 16.3718948364 15.5522108078 12 156 5 141
czapor87_2h 0.837090015411 0.672191619873 12 180 5 30
dessin1 171.340377808 167.758728027 12 434 22 140
dl inf inf inf inf inf inf
ducos7_3 inf inf inf inf inf inf
ducos7_5 inf inf inf inf inf inf
econ2 0.205712080002 0.106179952621 2 4 1 2
econ3 0.247577905655 0.147186279297 3 9 2 3
econ4 0.524603843689 0.416083812714 5 22 3 13
econ5 3.16979312897 2.96494960785 6 44 6 38
econ6 199.71156311 196.545898438 13 206 6 199
econ7 inf inf inf inf inf inf
econ8 inf inf inf inf inf inf
econh2 0.191153049469 0.0973541736603 2 4 2 2
econh3 0.260854959488 0.166975021362 4 11 4 5
econh4 0.474655866623 0.372526407242 7 30 5 13
econh5 inf inf inf inf inf inf
econh6 inf inf inf inf inf inf
econh7 inf inf inf inf inf inf
extcyc5h 79.4654922485 73.1639785767 36 2680 12 230
extcyc5 inf inf inf inf inf inf
extcyc6h inf inf inf inf inf inf
extcyc6 inf inf inf inf inf inf
fatemanh 1519.06945801 1323.1685791 23 902 14 5684
fateman 34.5717506409 30.6283226013 21 1181 12 253
fmtmdeh 1.73834204674 1.55776381493 5 10 19 58
fmtm_non_hom 0.17515707016 0.0894749164581 2 4 4 2
fmtm 0.620889902115 0.500350952148 7 14 6 24
gerdt93 2.53175020218 2.27336215973 11 109 7 68
hemmecke 0.246242046356 0.163792133331 3 16 15 3
hfe_segers 611.463256836 606.639343262 41 188 4 341
ilias12 inf inf inf inf inf inf
ilias13h inf inf inf inf inf inf
ilias13 inf inf inf inf inf inf
ilias_k_2 inf inf inf inf inf inf
issac97 0.962208032608 0.788287401199 12 180 5 30
jason210 inf inf inf inf inf inf
joswig101-trimmed inf inf inf inf inf inf
katsuran2 0.179352998734 0.0906760692596 2 5 2 2
katsuran3 0.256578922272 0.164505958557 4 16 3 5
katsuran4 0.409518957138 0.313607215881 7 49 4 12
katsuran5 5.42629814148 4.96868991852 14 205 5 68
katsuran6 3.91564416885 3.42071843147 22 528 6 70
katsuran7 39.9614753723 32.3843994141 39 4236 14 170
katsuranh2 0.183940887451 0.0925631523132 2 5 2 2
katsuranh3 0.263586997986 0.171990156174 4 16 3 5
katsuranh4 0.444957017899 0.342811107635 7 49 4 12
katsuranh5 1.03546881676 0.864086866379 13 168 5 31
katsuranh6 4.04890632629 3.55295133591 22 528 6 70
lichtblau 0.511000156403 0.397270917892 4 106 7 16
liu 15.3063402176 14.6944274902 16 200 8 127
mckay inf inf inf inf inf inf
noon7 inf inf inf inf inf inf
noon8 inf inf inf inf inf inf
nya inf inf inf inf inf inf
r5_2_2_h 6.12108421326 5.6977391243 21 160 6 85
r5_2_2 74.8676605225 73.3295440674 21 160 6 161
r5_2_4_h 13.7997283936 13.1078996658 35 453 9 122
r5_2_4 inf inf inf inf inf inf
r5_2_6_h inf inf inf inf inf inf
r5_2_6 inf inf inf inf inf inf
r6_2_2_h 64.6022109985 62.3925895691 45 553 7 199
r6_2_2 98.274269104 95.8225479126 40 519 7 207
r6_2_4_h inf inf inf inf inf inf
r6_2_4 inf inf inf inf inf inf
r6_2_6_h inf inf inf inf inf inf
r7_2_2_h 266.497406006 260.961486816 67 1487 8 339
r7_2_2 255.652679443 250.020858765 67 1487 8 339
r7_2_4_h inf inf inf inf inf inf
r7_2_6_h inf inf inf inf inf inf
r8_2_2_h inf inf inf inf inf inf
r8_2_2 inf inf inf inf inf inf
r8_2_4_h inf inf inf inf inf inf
redcyc6h inf inf inf inf inf inf
redcyc6 inf inf inf inf inf inf
redcyc7h inf inf inf inf inf inf
redcyc7 inf inf inf inf inf inf
reimer5h inf inf inf inf inf inf
reimer5 inf inf inf inf inf inf
reimer6h inf inf inf inf inf inf
reimer6 inf inf inf inf inf inf
reimer7h inf inf inf inf inf inf
reimer7 inf inf inf inf inf inf
roseh 1.74355006218 1.49225640297 6 106 14 48
rose 4.62017297745 4.10678625107 13 360 22 74
rpblh inf inf inf inf inf inf
rpbl inf inf inf inf inf inf
safey inf inf inf inf inf inf
schieleh 0.186098098755 0.0978162288666 2 6 2 2
schiele 0.212373971939 0.09348487854 2 6 2 2
schrans_troost inf inf inf inf inf inf
sendrah 0.229006767273 0.137060165405 2 26 7 4
sendra 0.474597930908 0.352685928345 4 125 12 10
solotarevh 2.27467393875 2.01149392128 11 72 6 60
solotarev 0.345103025436 0.25257396698 4 16 3 7
sparsesym5h 0.498961210251 0.401487827301 6 16 18 16
sparsesym5 0.308817863464 0.228885889053 5 12 10 5
sym33 4.74789428711 4.25646591187 11 117 11 114
syz1 0.174782037735 0.0875589847565 2 4 2 2
trinks 1.26651000977 1.11243963242 14 126 6 33
uteshev_bikker 19.828754425 18.2926254272 28 922 11 149
vermeer 1.47971200943 1.24694156647 7 35 7 53
virasoro inf inf inf inf inf inf
wang16h inf inf inf inf inf inf
wang16 41.751789093 40.0544967651 13 305 6 183
weispfenning94 123.407188416 115.850776672 8 139 11 679
wu90h 155.923614502 152.952774048 27 447 7 252
wu90 1.85214495659 1.59135556221 16 216 3 50
