ahmlh inf inf inf inf inf inf
ahml inf inf inf inf inf inf
assur44 inf inf inf inf inf inf
aubry2 688.612426758 97.9923400879 79 7215 6 1013
berthh 18.9234313965 6.80618095398 20 10555 37 261
berth 0.971133947372 0.831251859665 3 111 26 12
binomial_4_2_4_1 0.368236064911 0.260601997375 4 8 2 6
binomial_5_3_4_4 0.368988990784 0.266278028488 4 8 3 6
binomial_5_3_4_6 0.425440073013 0.325684070587 5 10 5 8
binomial_5_3_5_3 0.582278966904 0.466319322586 6 12 5 14
binomial_5_3_5_5 0.514051914215 0.406611919403 5 10 3 8
binomial_6_2_6_7 0.67632818222 0.549434661865 6 12 2 16
binomial_6_3_6_6 0.712228059769 0.580361366272 7 14 5 19
binomial_7_3_7_9 0.878782987595 0.72544670105 7 14 3 29
binomial_7_4_7_8 3.54185891151 2.42211294174 9 18 7 197
binomial_8_3_8_16 1.23161005974 1.03436756134 8 16 3 38
binomial_8_4_8_9 3.22252178192 2.49539613724 14 28 7 134
buchberger87 0.671168088913 0.548970937729 6 12 4 16
butcher8 490.96697998 68.2352981567 35 963 7 1274
cohn3 inf inf inf inf inf inf
cyclicn2 0.213610887527 0.120407104492 2 4 2 2
cyclicn3 0.281191110611 0.184617996216 3 8 3 3
cyclicn4 0.45295882225 0.347806692123 5 21 5 10
cyclicn5 inf inf inf inf inf inf
cyclicn6 59.2335205078 22.32563591 32 686 25 553
cyclicn7 inf inf inf inf inf inf
cyclicn8 inf inf inf inf inf inf
cyclicnh2 0.226278066635 0.130163908005 2 4 2 2
cyclicnh3 0.282194137573 0.186550855637 3 8 3 3
cyclicnh4 0.421457052231 0.319570302963 4 17 4 6
cyclicnh5 1.12176203728 0.949667692184 14 190 8 30
cyclicnh6 7.7347536087 4.81829214096 27 1195 9 201
cyclicnh7 116.305747986 24.1939220428 139 35922 15 593
czapor87_1h 2.10229206085 1.65753436089 12 156 5 84
czapor87_2h 3.52741909027 2.54440593719 13 197 5 142
dessin1 8.97346782684 5.04166841507 32 1242 6 184
dl inf inf inf inf inf inf
ducos7_3 1391.36047363 255.16305542 80 8634 6 1270
ducos7_5 inf inf inf inf inf inf
econ2 0.204761981964 0.112800121307 2 4 1 2
econ3 0.27076792717 0.177119970322 3 9 2 3
econ4 0.630116224289 0.513071060181 7 29 2 21
econ5 1.63090896606 1.26698589325 11 84 5 81
econ6 5.94303226471 4.16428470612 16 208 7 206
econ7 4.44240570068 3.03883934021 28 748 6 120
econ8 27.0848026276 14.1865158081 14 910 16 206
econh2 0.227854967117 0.132390975952 2 4 2 2
econh3 0.322461843491 0.232290029526 4 11 4 5
econh4 0.601288795471 0.490802526474 7 29 5 13
econh5 7.72970581055 3.95280456543 13 98 6 376
econh6 15.0638866425 6.94368743896 17 202 7 494
econh7 229.324310303 32.2745094299 48 1071 8 3151
extcyc5h 35.7143478394 13.5510625839 110 9297 28 441
extcyc5 149.303253174 38.9295806885 80 5315 19 1274
extcyc6h 595.031311035 78.1538238525 255 78212 20 1286
extcyc6 inf inf inf inf inf inf
fatemanh 3.04673099518 2.28962731361 24 1087 15 117
fateman 9.75304603577 5.17386341095 17 871 11 408
fmtmdeh 1.56613779068 1.19849777222 6 12 5 93
fmtm_non_hom 0.224534034729 0.133960008621 2 4 4 2
fmtm 0.996934890747 0.842057943344 8 16 7 39
gerdt93 0.459179162979 0.350342512131 5 23 5 9
hemmecke 0.345193147659 0.245095014572 3 16 15 3
hfe_segers inf inf inf inf inf inf
ilias12 inf inf inf inf inf inf
ilias13h inf inf inf inf inf inf
ilias13 inf inf inf inf inf inf
ilias_k_2 616.567321777 114.636505127 61 8141 11 1101
issac97 0.85893702507 0.697423458099 12 180 5 30
jason210 inf inf inf inf inf inf
joswig101-trimmed inf inf inf inf inf inf
katsuran2 0.215392827988 0.128510951996 2 5 2 2
katsuran3 0.344975948334 0.246176242828 4 16 3 5
katsuran4 0.534327983856 0.429490089417 7 49 4 12
katsuran5 4.62613677979 3.17571139336 13 138 5 187
katsuran6 3.03516387939 2.11073517799 23 573 6 89
katsuran7 13.2987861633 5.5367770195 37 2120 10 203
katsuranh2 0.222902059555 0.130502939224 2 5 2 2
katsuranh3 0.354462862015 0.255177259445 4 16 3 5
katsuranh4 0.588165998459 0.473722696304 7 49 4 12
katsuranh5 1.12534594536 0.933034896851 13 141 5 34
katsuranh6 2.01596403122 1.50784444809 22 528 6 70
lichtblau 0.386389017105 0.277129173279 3 51 9 6
liu 2.06326794624 1.57743215561 10 70 4 107
mckay inf inf inf inf inf inf
noon7 inf inf inf inf inf inf
noon8 inf inf inf inf inf inf
nya inf inf inf inf inf inf
r5_2_2_h 6.97438383102 4.4126329422 24 174 6 263
r5_2_2 1.60465598106 1.32800984383 21 160 6 68
r5_2_4_h 3.03743195534 2.33438396454 35 453 9 122
r5_2_4 416.492462158 58.3602333069 206 171210 16 757
r5_2_6_h 159.363327026 42.1980209351 226 21324 19 1043
r5_2_6 inf inf inf inf inf inf
r6_2_2_h 9.60153388977 5.66317272186 40 505 7 270
r6_2_2 7.97316360474 4.97507381439 45 553 7 237
r6_2_4_h 337.997070312 65.9743118286 154 8894 13 1515
r6_2_4 inf inf inf inf inf inf
r6_2_6_h inf inf inf inf inf inf
r7_2_2_h 11.5920228958 5.6635684967 67 1487 8 339
r7_2_2 39.4935836792 13.3143501282 76 1651 8 555
r7_2_4_h 213.531387329 40.9542770386 249 23533 14 1379
r7_2_6_h inf inf inf inf inf inf
r8_2_2_h 92.7555541992 17.33411026 147 6124 9 907
r8_2_2 79.8876800537 15.7692298889 137 5694 9 841
r8_2_4_h inf inf inf inf inf inf
redcyc6h inf inf inf inf inf inf
redcyc6 inf inf inf inf inf inf
redcyc7h inf inf inf inf inf inf
redcyc7 inf inf inf inf inf inf
reimer5h inf inf inf inf inf inf
reimer5 inf inf inf inf inf inf
reimer6h inf inf inf inf inf inf
reimer6 inf inf inf inf inf inf
reimer7h inf inf inf inf inf inf
reimer7 inf inf inf inf inf inf
roseh 7.34020900726 4.04371929169 11 267 14 371
rose 19.3640918732 6.78178119659 11 282 10 768
rpblh 174.046829224 37.296875 179 8121 26 1303
rpbl 335.751098633 49.4454879761 97 4785 8 2968
safey inf inf inf inf inf inf
schieleh 0.226189136505 0.133037805557 2 6 2 2
schiele 0.22101688385 0.129157066345 2 6 2 2
schrans_troost 435.259368896 49.7575683594 96 12382 24 1256
sendrah 0.293117046356 0.195291757584 2 26 7 4
sendra 1.95043802261 1.50604081154 6 207 13 77
solotarevh 0.836467027664 0.703089952469 7 36 5 24
solotarev 0.65926194191 0.529824972153 4 16 3 17
sparsesym5h 4.59056901932 3.41674923897 6 16 18 255
sparsesym5 0.414540052414 0.315733909607 5 12 10 5
sym33 1.42976093292 1.18539214134 7 50 9 56
syz1 0.224600076675 0.128983020782 2 4 2 2
trinks 1.2329928875 1.0253303051 16 163 6 40
uteshev_bikker 4.10303115845 2.92395949364 18 554 8 128
vermeer 2.2109310627 1.87746238708 11 89 6 82
virasoro 864.830810547 103.456802368 98 11486 20 1953
wang16h 8.0194568634 5.15177726746 30 714 9 272
wang16 14.8988933563 6.70570659637 11 255 12 543
weispfenning94 0.98687005043 0.816405057907 6 72 9 28
wu90h inf inf inf inf inf inf
wu90 6.8288898468 3.82511949539 12 144 5 163
