ahmlh inf inf inf inf inf inf
ahml 697.799987793 641.271728516 95 26886 14 330
assur44 inf inf inf inf inf inf
aubry2 inf inf inf inf inf inf
berthh 320.05670166 312.683776855 77 7592 45 203
berth 80.0044403076 78.2327957153 15 1175 9 91
binomial_4_2_4_1 0.173998117447 0.0790026187897 6 12 3 12
binomial_5_3_4_4 0.388803958893 0.275272369385 11 22 7 27
binomial_5_3_4_6 1.00165295601 0.863894939423 16 32 9 49
binomial_5_3_5_3 0.46520614624 0.351294994354 12 24 6 27
binomial_5_3_5_5 2.22048401833 2.06379985809 20 40 9 55
binomial_6_2_6_7 0.53445315361 0.414199590683 12 24 4 34
binomial_6_3_6_6 0.561374902725 0.43185710907 13 26 6 34
binomial_7_3_7_9 0.794909000397 0.654839277267 14 28 5 42
binomial_7_4_7_8 0.929991006851 0.77671289444 17 34 8 59
binomial_8_3_8_16 2.19951915741 2.01619100571 20 40 4 74
binomial_8_4_8_9 1.62765789032 1.46808433533 18 36 7 60
buchberger87 0.244139909744 0.142651557922 8 16 6 17
butcher8 inf inf inf inf inf inf
cohn3 inf inf inf inf inf inf
cyclicn2 0.108988046646 0.0192010402679 2 4 2 2
cyclicn3 0.141791820526 0.0470571517944 3 8 3 4
cyclicn4 0.753130197525 0.580953121185 6 24 8 39
cyclicn5 74.2708587646 71.9638519287 22 259 9 220
cyclicn6 inf inf inf inf inf inf
cyclicn7 inf inf inf inf inf inf
cyclicn8 inf inf inf inf inf inf
cyclicnh2 0.112006187439 0.0225639343262 2 4 2 2
cyclicnh3 0.163743019104 0.0664269924164 3 8 3 6
cyclicnh4 0.172881126404 0.0692801475525 4 15 4 6
cyclicnh5 2.70548200607 2.34541010857 14 190 9 62
cyclicnh6 820.159912109 797.311523438 46 2010 14 528
cyclicnh7 inf inf inf inf inf inf
czapor87_1h 14.2362308502 13.5928649902 26 366 12 97
czapor87_2h 1.88766288757 1.61294674873 13 197 5 44
dessin1 inf inf inf inf inf inf
dl inf inf inf inf inf inf
ducos7_3 inf inf inf inf inf inf
ducos7_5 inf inf inf inf inf inf
econ2 0.114697933197 0.0209188461304 2 4 1 2
econ3 0.125165939331 0.033833026886 3 9 2 3
econ4 0.204996824265 0.107217073441 7 29 2 13
econ5 0.636967897415 0.499673843384 11 82 3 28
econ6 6.1511297226 5.74824333191 14 203 6 66
econ7 388.332672119 383.642791748 17 531 9 169
econ8 inf inf inf inf inf inf
econh2 0.117601156235 0.0232150554657 2 4 2 2
econh3 0.178111791611 0.079122543335 5 16 5 8
econh4 0.63535618782 0.492109060287 10 46 7 29
econh5 0.897945165634 0.716346979141 9 55 5 26
econh6 167.095123291 163.584762573 47 747 16 239
econh7 inf inf inf inf inf inf
extcyc5h inf inf inf inf inf inf
extcyc5 inf inf inf inf inf inf
extcyc6h inf inf inf inf inf inf
extcyc6 inf inf inf inf inf inf
fatemanh 23.5496273041 20.6355991364 29 1486 16 264
fateman 134.684677124 125.01159668 49 2947 22 543
fmtmdeh 0.206889152527 0.109359264374 8 16 5 15
fmtm_non_hom 0.136183023453 0.0446329116821 4 8 6 6
fmtm 0.227440834045 0.127921819687 8 16 7 15
gerdt93 0.305124044418 0.178411722183 9 109 6 18
hemmecke 0.130117893219 0.0393331050873 3 16 15 3
hfe_segers 229.033111572 224.705337524 55 262 5 327
ilias12 inf inf inf inf inf inf
ilias13h inf inf inf inf inf inf
ilias13 inf inf inf inf inf inf
ilias_k_2 inf inf inf inf inf inf
issac97 1.54723501205 1.30176782608 12 180 5 41
jason210 inf inf inf inf inf inf
joswig101-trimmed inf inf inf inf inf inf
katsuran2 0.120838165283 0.0225050449371 2 5 2 2
katsuran3 0.158485889435 0.0627470016479 4 19 3 6
katsuran4 0.274506807327 0.15952539444 7 51 4 14
katsuran5 6.91957378387 6.48957538605 8 114 13 54
katsuran6 257.461456299 253.3777771 11 344 13 171
katsuran7 1412.84423828 1380.60900879 43 2466 7 471
katsuranh2 0.117079973221 0.0243220329285 2 5 2 2
katsuranh3 0.166979074478 0.0694539546967 4 16 3 6
katsuranh4 0.320974111557 0.19512295723 7 54 4 14
katsuranh5 4.06835699081 3.64129734039 16 169 7 64
katsuranh6 109.058990479 104.161880493 27 707 6 208
lichtblau 3.19605493546 2.68649458885 16 929 10 49
liu 1.25482201576 1.07539153099 16 148 9 46
mckay inf inf inf inf inf inf
noon7 inf inf inf inf inf inf
noon8 inf inf inf inf inf inf
nya inf inf inf inf inf inf
r5_2_2_h 11.5875873566 10.9588184357 25 189 6 97
r5_2_2 8.83046340942 8.34069633484 22 166 6 86
r5_2_4_h 211.608886719 206.796432495 42 558 9 272
r5_2_4 inf inf inf inf inf inf
r5_2_6_h inf inf inf inf inf inf
r5_2_6 inf inf inf inf inf inf
r6_2_2_h 372.407775879 365.792572021 40 504 7 284
r6_2_2 313.254821777 307.96282959 43 549 7 251
r6_2_4_h inf inf inf inf inf inf
r6_2_4 inf inf inf inf inf inf
r6_2_6_h inf inf inf inf inf inf
r7_2_2_h inf inf inf inf inf inf
r7_2_2 inf inf inf inf inf inf
r7_2_4_h inf inf inf inf inf inf
r7_2_6_h inf inf inf inf inf inf
r8_2_2_h inf inf inf inf inf inf
r8_2_2 inf inf inf inf inf inf
r8_2_4_h inf inf inf inf inf inf
redcyc6h inf inf inf inf inf inf
redcyc6 inf inf inf inf inf inf
redcyc7h inf inf inf inf inf inf
redcyc7 inf inf inf inf inf inf
reimer5h inf inf inf inf inf inf
reimer5 inf inf inf inf inf inf
reimer6h inf inf inf inf inf inf
reimer6 inf inf inf inf inf inf
reimer7h inf inf inf inf inf inf
reimer7 inf inf inf inf inf inf
roseh 15.7657299042 14.9160957336 36 1195 20 100
rose 13.5869235992 12.1741733551 12 319 11 111
rpblh inf inf inf inf inf inf
rpbl inf inf inf inf inf inf
safey inf inf inf inf inf inf
schieleh 0.115649938583 0.0263648033142 2 6 2 2
schiele 0.106419086456 0.0252687931061 2 6 2 2
schrans_troost inf inf inf inf inf inf
sendrah 0.198040962219 0.0889070034027 7 221 14 9
sendra 0.186607837677 0.0776052474976 6 186 11 9
solotarevh 6.74795818329 6.27580976486 14 119 7 85
solotarev 0.322285890579 0.209580898285 10 50 3 24
sparsesym5h 0.210758924484 0.110852956772 6 16 18 16
sparsesym5 0.173520088196 0.0770976543427 5 12 10 5
sym33 0.321269989014 0.205458164215 10 85 10 18
syz1 0.113881826401 0.0225958824158 2 4 2 2
trinks 32.3929252625 31.2688789368 15 138 6 121
uteshev_bikker 20.4747905731 18.7802791595 19 586 7 135
vermeer 43.7586517334 42.4135131836 12 107 8 158
virasoro inf inf inf inf inf inf
wang16h 100.384986877 97.2888870239 43 1355 14 194
wang16 4.9103937149 4.40245819092 14 329 6 63
weispfenning94 1.65922403336 1.39667725563 22 511 14 48
wu90h 7.47328186035 6.95040130615 29 407 7 102
wu90 13.5815849304 12.9527759552 10 170 6 70
