ahmlh inf inf inf inf inf inf
ahml inf inf inf inf inf inf
assur44 inf inf inf inf inf inf
aubry2 inf inf inf inf inf inf
berthh 363.085235596 352.874633789 128 12895 48 299
berth inf inf inf inf inf inf
binomial_4_2_4_1 0.195378065109 0.0901968479156 6 12 3 12
binomial_5_3_4_4 0.291558980942 0.177676677704 11 22 8 26
binomial_5_3_4_6 0.262305021286 0.145456790924 9 18 7 18
binomial_5_3_5_3 0.213006973267 0.101333141327 6 12 5 13
binomial_5_3_5_5 0.39839887619 0.248350381851 17 34 9 44
binomial_6_2_6_7 0.225220918655 0.110798835754 7 14 3 14
binomial_6_3_6_6 0.24662399292 0.126789331436 7 14 5 18
binomial_7_3_7_9 0.317931175232 0.185408353806 10 20 5 28
binomial_7_4_7_8 0.301620006561 0.168146133423 9 18 7 27
binomial_8_3_8_16 0.410155057907 0.255074977875 14 28 4 47
binomial_8_4_8_9 0.530168056488 0.355439424515 17 34 7 57
buchberger87 0.193550109863 0.0914149284363 5 10 5 9
butcher8 inf inf inf inf inf inf
cohn3 inf inf inf inf inf inf
cyclicn2 0.145212888718 0.0416641235352 2 4 2 2
cyclicn3 0.162348985672 0.0599799156189 3 8 3 3
cyclicn4 0.222409009933 0.129488229752 5 21 5 8
cyclicn5 11.607509613 10.2479543686 10 87 15 143
cyclicn6 inf inf inf inf inf inf
cyclicn7 inf inf inf inf inf inf
cyclicn8 inf inf inf inf inf inf
cyclicnh2 0.138628959656 0.0471551418304 2 4 2 2
cyclicnh3 0.165902137756 0.0659341812134 3 8 3 3
cyclicnh4 0.234218835831 0.125124931335 4 17 4 5
cyclicnh5 2.30734801292 2.08973479271 18 268 10 40
cyclicnh6 28.7573280334 27.4065513611 41 1924 11 123
cyclicnh7 inf inf inf inf inf inf
czapor87_1h 1.05537796021 0.894152879715 12 156 5 30
czapor87_2h 1.38838815689 1.21181821823 12 180 5 30
dessin1 inf inf inf inf inf inf
dl inf inf inf inf inf inf
ducos7_3 inf inf inf inf inf inf
ducos7_5 inf inf inf inf inf inf
econ2 0.129408121109 0.0347881317139 2 4 1 2
econ3 0.183817863464 0.0576400756836 3 9 2 3
econ4 0.341844797134 0.227162361145 4 20 4 13
econ5 1.3584151268 1.16854953766 5 45 8 35
econ6 60.1814193726 54.8671417236 6 102 16 186
econ7 29.7680110931 28.0389709473 15 437 9 130
econ8 inf inf inf inf inf inf
econh2 0.144512891769 0.0478060245514 2 4 2 2
econh3 0.1870200634 0.0846838951111 4 11 4 5
econh4 0.302173852921 0.19146323204 7 29 6 13
econh5 0.964552164078 0.763744831085 14 106 7 35
econh6 4.00782775879 3.44727182388 25 373 6 88
econh7 41.3056755066 37.4926109314 56 1697 9 247
extcyc5h 70.957321167 68.8989181519 42 3155 12 118
extcyc5 inf inf inf inf inf inf
extcyc6h inf inf inf inf inf inf
extcyc6 inf inf inf inf inf inf
fatemanh 60.9779243469 58.9283447266 61 2796 28 165
fateman 7.07513189316 6.70044326782 26 966 14 60
fmtmdeh 0.236891031265 0.128087997437 5 10 13 14
fmtm_non_hom 0.130275964737 0.0438988208771 2 4 4 2
fmtm 0.18887591362 0.0896143913269 6 12 6 11
gerdt93 0.464051008224 0.350391626358 7 63 5 13
hemmecke 0.229298114777 0.130927085876 3 16 15 3
hfe_segers 9.35359477997 6.34286022186 45 222 4 294
ilias12 inf inf inf inf inf inf
ilias13h inf inf inf inf inf inf
ilias13 inf inf inf inf inf inf
ilias_k_2 inf inf inf inf inf inf
issac97 6.63929510117 6.06374549866 4 68 16 71
jason210 inf inf inf inf inf inf
joswig101-trimmed inf inf inf inf inf inf
katsuran2 0.142683029175 0.0462810993195 2 5 2 2
katsuran3 0.200916051865 0.0990898609161 4 16 3 5
katsuran4 0.359905004501 0.249890804291 7 49 4 12
katsuran5 1.15665698051 0.970955371857 13 169 5 31
katsuran6 5.77184486389 5.11268043518 25 617 6 80
katsuran7 inf inf inf inf inf inf
katsuranh2 0.149186849594 0.0520548820496 2 5 2 2
katsuranh3 0.210597991943 0.108038902283 4 16 3 5
katsuranh4 0.611076116562 0.474513053894 10 74 6 21
katsuranh5 4.38973522186 3.79769587517 29 424 15 95
katsuranh6 44.2328491211 38.0209732056 76 2252 32 336
lichtblau 0.224581003189 0.125132083893 2 23 11 2
liu 2.89182782173 2.56165146828 20 272 12 62
mckay inf inf inf inf inf inf
noon7 inf inf inf inf inf inf
noon8 inf inf inf inf inf inf
nya inf inf inf inf inf inf
r5_2_2_h 1.65225315094 1.31983566284 22 171 6 71
r5_2_2 1.62024497986 1.30079817772 22 171 6 71
r5_2_4_h 4.09753608704 3.41311407089 35 453 9 122
r5_2_4 inf inf inf inf inf inf
r5_2_6_h 781.591552734 700.456054688 234 22710 19 872
r5_2_6 inf inf inf inf inf inf
r6_2_2_h 6.7016248703 5.44302272797 40 514 7 166
r6_2_2 6.66222906113 5.38852787018 40 514 7 166
r6_2_4_h inf inf inf inf inf inf
r6_2_4 inf inf inf inf inf inf
r6_2_6_h inf inf inf inf inf inf
r7_2_2_h 35.8321456909 29.1020431519 71 1631 8 359
r7_2_2 35.4599304199 28.6309242249 71 1631 8 359
r7_2_4_h inf inf inf inf inf inf
r7_2_6_h inf inf inf inf inf inf
r8_2_2_h 589.445800781 543.166992188 134 5565 9 813
r8_2_2 595.882324219 552.287658691 134 5564 9 813
r8_2_4_h inf inf inf inf inf inf
redcyc6h 94.4432601929 85.923789978 85 3824 16 310
redcyc6 607.775634766 532.90020752 19 373 48 657
redcyc7h inf inf inf inf inf inf
redcyc7 inf inf inf inf inf inf
reimer5h inf inf inf inf inf inf
reimer5 inf inf inf inf inf inf
reimer6h inf inf inf inf inf inf
reimer6 inf inf inf inf inf inf
reimer7h inf inf inf inf inf inf
reimer7 inf inf inf inf inf inf
roseh 13.0837116241 12.5771160126 33 972 30 83
rose 86.9820556641 81.6454925537 3 72 68 206
rpblh inf inf inf inf inf inf
rpbl inf inf inf inf inf inf
safey inf inf inf inf inf inf
schieleh 0.154819011688 0.0570199489594 2 6 2 2
schiele 0.15282201767 0.0521969795227 2 6 2 2
schrans_troost inf inf inf inf inf inf
sendrah 1.48245191574 1.36156392097 7 221 14 9
sendra 7.00535869598 6.78427886963 5 235 18 33
solotarevh 0.259275197983 0.148712873459 6 23 5 11
solotarev 0.267486095428 0.164870262146 5 24 4 10
sparsesym5h 0.254911899567 0.146428108215 6 16 18 16
sparsesym5 0.192693948746 0.0888540744781 5 12 10 5
sym33 0.462533950806 0.341157913208 9 61 10 16
syz1 0.131652116776 0.0366797447205 2 4 2 2
trinks 0.72748708725 0.574429512024 11 98 5 22
uteshev_bikker 5.36686992645 4.96852731705 19 587 7 50
vermeer 192.822189331 181.005249023 19 1226 10 278
virasoro inf inf inf inf inf inf
wang16h 12.6422433853 11.6867723465 40 1000 11 123
wang16 6.07733106613 5.67799806595 16 345 6 75
weispfenning94 4.23422813416 3.98431801796 15 600 10 29
wu90h 20.7061920166 18.6618041992 48 827 10 192
wu90 8.45889091492 7.82867765427 5 85 16 73
