ahmlh inf inf inf inf inf inf
ahml 921.730651855 866.100646973 95 26886 14 330
assur44 inf inf inf inf inf inf
aubry2 inf inf inf inf inf inf
berthh 124.947013855 122.537033081 67 4646 42 136
berth 30.6233005524 28.9976005554 15 1175 9 91
binomial_4_2_4_1 0.196459054947 0.0950520038605 6 12 3 12
binomial_5_3_4_4 0.368501186371 0.25918674469 11 22 7 27
binomial_5_3_4_6 0.752286911011 0.622044086456 16 32 9 49
binomial_5_3_5_3 0.447844982147 0.333172082901 12 24 6 27
binomial_5_3_5_5 1.84875798225 1.70001912117 20 40 9 55
binomial_6_2_6_7 0.523019075394 0.401015520096 12 24 4 34
binomial_6_3_6_6 0.612872838974 0.491084814072 13 26 6 34
binomial_7_3_7_9 0.713649988174 0.579454898834 14 28 5 42
binomial_7_4_7_8 1.02879095078 0.873097658157 17 34 8 59
binomial_8_3_8_16 2.76167607307 2.56740784645 20 40 4 74
binomial_8_4_8_9 2.24583792686 2.08762979507 18 36 7 60
buchberger87 0.28439283371 0.182849168777 8 16 6 17
butcher8 inf inf inf inf inf inf
cohn3 inf inf inf inf inf inf
cyclicn2 0.148380041122 0.0558309555054 2 4 2 2
cyclicn3 0.160184860229 0.0709791183472 3 8 3 4
cyclicn4 0.219383001328 0.122843980789 7 29 6 13
cyclicn5 44.5285606384 43.6638145447 25 298 8 141
cyclicn6 inf inf inf inf inf inf
cyclicn7 inf inf inf inf inf inf
cyclicn8 inf inf inf inf inf inf
cyclicnh2 0.148097038269 0.0589110851288 2 4 2 2
cyclicnh3 0.167013168335 0.0742771625519 3 8 3 4
cyclicnh4 0.256556987762 0.153704404831 7 29 6 13
cyclicnh5 45.7095909119 44.9541282654 41 492 14 127
cyclicnh6 inf inf inf inf inf inf
cyclicnh7 inf inf inf inf inf inf
czapor87_1h 3.07005286217 2.77822399139 15 199 5 49
czapor87_2h 2.96190094948 2.67276072502 15 229 5 49
dessin1 83.7058792114 81.4614868164 41 1517 5 139
dl inf inf inf inf inf inf
ducos7_3 inf inf inf inf inf inf
ducos7_5 inf inf inf inf inf inf
econ2 0.143090009689 0.0548369884491 2 4 1 2
econ3 0.151148080826 0.0621030330658 3 9 2 3
econ4 0.21174287796 0.109857320786 7 29 2 13
econ5 0.592195034027 0.459575176239 11 82 3 28
econ6 10.5592031479 9.91420555115 18 207 4 87
econ7 306.701843262 301.281005859 31 711 4 246
econ8 1445.38989258 1423.30871582 50 2323 6 358
econh2 0.157785892487 0.0587239265442 2 4 2 2
econh3 0.18505191803 0.0915033817291 4 13 4 6
econh4 0.275231122971 0.16468834877 7 36 5 13
econh5 8.94494247437 8.38499450684 16 175 6 72
econh6 44.2229118347 42.7720756531 28 629 7 116
econh7 332.639465332 326.014129639 48 2141 8 225
extcyc5h inf inf inf inf inf inf
extcyc5 inf inf inf inf inf inf
extcyc6h inf inf inf inf inf inf
extcyc6 inf inf inf inf inf inf
fatemanh 1209.04394531 1199.31066895 104 5745 52 342
fateman 1144.51965332 1134.24072266 104 5745 52 342
fmtmdeh 0.200657129288 0.101732254028 8 16 5 15
fmtm_non_hom 0.162060022354 0.07115483284 4 8 6 6
fmtm 0.223110198975 0.126570940018 8 16 7 15
gerdt93 0.450013160706 0.325995206833 9 109 6 18
hemmecke 0.184463977814 0.0855259895325 3 16 15 3
hfe_segers 347.578918457 344.405700684 51 234 4 294
ilias12 inf inf inf inf inf inf
ilias13h inf inf inf inf inf inf
ilias13 inf inf inf inf inf inf
ilias_k_2 inf inf inf inf inf inf
issac97 1.76952886581 1.50335931778 14 212 5 45
jason210 inf inf inf inf inf inf
joswig101-trimmed inf inf inf inf inf inf
katsuran2 0.145623922348 0.057822227478 2 5 2 2
katsuran3 0.182622909546 0.0843880176544 4 14 3 6
katsuran4 0.250221967697 0.146466255188 7 56 4 13
katsuran5 4.04406499863 3.62579441071 13 143 5 55
katsuran6 43.4765396118 41.8685302734 24 606 6 117
katsuran7 627.746704102 616.872253418 47 2294 7 266
katsuranh2 0.151382923126 0.0619902610779 2 5 2 2
katsuranh3 0.187721014023 0.0949468612671 4 14 3 6
katsuranh4 0.327980995178 0.209237098694 7 56 4 13
katsuranh5 13.3506546021 12.8620119095 19 220 5 71
katsuranh6 809.52331543 800.876281738 52 1464 8 287
lichtblau 2.25513601303 1.77115130424 16 929 10 49
liu 1.79151511192 1.61320877075 16 148 9 46
mckay inf inf inf inf inf inf
noon7 inf inf inf inf inf inf
noon8 inf inf inf inf inf inf
nya inf inf inf inf inf inf
r5_2_2_h 55.6844558716 54.6627731323 27 201 6 126
r5_2_2 55.8765487671 54.846824646 27 201 6 126
r5_2_4_h 154.399154663 152.202636719 45 631 9 185
r5_2_4 inf inf inf inf inf inf
r5_2_6_h inf inf inf inf inf inf
r5_2_6 inf inf inf inf inf inf
r6_2_2_h 602.230102539 597.309204102 52 721 7 261
r6_2_2 604.504333496 599.470214844 52 721 7 261
r6_2_4_h inf inf inf inf inf inf
r6_2_4 inf inf inf inf inf inf
r6_2_6_h inf inf inf inf inf inf
r7_2_2_h inf inf inf inf inf inf
r7_2_2 inf inf inf inf inf inf
r7_2_4_h inf inf inf inf inf inf
r7_2_6_h inf inf inf inf inf inf
r8_2_2_h inf inf inf inf inf inf
r8_2_2 inf inf inf inf inf inf
r8_2_4_h inf inf inf inf inf inf
redcyc6h inf inf inf inf inf inf
redcyc6 inf inf inf inf inf inf
redcyc7h inf inf inf inf inf inf
redcyc7 inf inf inf inf inf inf
reimer5h inf inf inf inf inf inf
reimer5 inf inf inf inf inf inf
reimer6h inf inf inf inf inf inf
reimer6 inf inf inf inf inf inf
reimer7h inf inf inf inf inf inf
reimer7 inf inf inf inf inf inf
roseh inf inf inf inf inf inf
rose 1.62938714027 1.3564593792 19 537 10 49
rpblh inf inf inf inf inf inf
rpbl inf inf inf inf inf inf
safey inf inf inf inf inf inf
schieleh 0.149858951569 0.0643501281738 2 6 2 2
schiele 0.151011943817 0.0623269081116 2 6 2 2
schrans_troost inf inf inf inf inf inf
sendrah 0.241551876068 0.119620084763 7 221 14 9
sendra 0.201685905457 0.0911786556244 6 186 11 9
solotarevh 10.1603374481 9.7101354599 21 172 7 87
solotarev 0.303069114685 0.188376426697 10 50 3 24
sparsesym5h 0.23015499115 0.132216453552 6 16 18 16
sparsesym5 0.18278503418 0.0895082950592 5 12 10 5
sym33 0.335569858551 0.219978809357 10 85 10 18
syz1 0.155391931534 0.058748960495 2 4 2 2
trinks 55.9030418396 54.9573669434 25 267 7 112
uteshev_bikker 77.8323440552 75.6124954224 44 1511 8 159
vermeer 656.169555664 647.803955078 33 1694 10 241
virasoro inf inf inf inf inf inf
wang16h 27.7856674194 26.9570083618 36 1099 16 111
wang16 4.85552120209 4.36202478409 18 413 5 78
weispfenning94 2.03646802902 1.7798140049 22 511 14 48
wu90h 10.8719472885 10.3452453613 29 407 7 102
wu90 3.61262392998 3.28673505783 20 266 4 67
