ahmlh inf inf inf inf inf inf
ahml inf inf inf inf inf inf
assur44 inf inf inf inf inf inf
aubry2 inf inf inf inf inf inf
berthh 65.4520874023 64.100692749 16 7371 36 22
berth 0.201774835587 0.0401587486267 3 111 26 12
binomial_4_2_4_1 0.118874073029 0.0134541988373 7 14 4 15
binomial_5_3_4_4 0.12616610527 0.0151572227478 5 10 4 7
binomial_5_3_4_6 0.117815971375 0.012772321701 4 8 3 5
binomial_5_3_5_3 0.13562297821 0.0181663036346 6 12 5 13
binomial_5_3_5_5 0.120136976242 0.0142350196838 5 10 3 7
binomial_6_2_6_7 0.155502080917 0.0285959243774 9 18 3 20
binomial_6_3_6_6 0.1896879673 0.0519931316376 7 14 5 18
binomial_7_3_7_9 0.160012960434 0.0327434539795 8 16 4 24
binomial_7_4_7_8 0.178880929947 0.0393991470337 9 18 7 27
binomial_8_3_8_16 0.165333032608 0.0357422828674 8 16 3 25
binomial_8_4_8_9 0.201491117477 0.0466010570526 9 18 7 31
buchberger87 0.127348899841 0.0175032615662 6 12 5 11
butcher8 inf inf inf inf inf inf
cohn3 inf inf inf inf inf inf
cyclicn2 0.0977358818054 0.00267100334167 2 4 2 2
cyclicn3 0.0995051860809 0.00636982917786 3 8 3 3
cyclicn4 0.124445199966 0.0162789821625 5 21 5 8
cyclicn5 10.5341110229 9.93627166748 10 87 15 106
cyclicn6 inf inf inf inf inf inf
cyclicn7 inf inf inf inf inf inf
cyclicn8 inf inf inf inf inf inf
cyclicnh2 0.100531101227 0.00496220588684 2 4 2 2
cyclicnh3 0.101832866669 0.00963377952576 3 8 3 3
cyclicnh4 0.135338068008 0.0230882167816 5 21 5 8
cyclicnh5 1.83338713646 1.6131772995 16 243 9 34
cyclicnh6 1402.60644531 1395.1204834 68 3600 17 285
cyclicnh7 inf inf inf inf inf inf
czapor87_1h 2.59111404419 2.28973865509 19 261 8 58
czapor87_2h 1.04618191719 0.823024988174 14 214 6 38
dessin1 24.26770401 22.7200393677 30 1042 7 98
dl inf inf inf inf inf inf
ducos7_3 inf inf inf inf inf inf
ducos7_5 inf inf inf inf inf inf
econ2 0.0990109443665 9.91821289062e-05 2 4 1 2
econ3 0.103513002396 0.00530290603638 3 9 2 3
econ4 0.136059999466 0.0204837322235 4 20 4 11
econ5 0.19393992424 0.0551145076752 5 45 8 13
econ6 2.24226808548 1.94396114349 14 198 5 51
econ7 87.8563537598 86.1701278687 14 401 14 100
econ8 inf inf inf inf inf inf
econh2 0.0998539924622 0.00533199310303 2 4 2 2
econh3 0.113667964935 0.0127332210541 4 11 4 5
econh4 0.162975788116 0.0417251586914 7 30 5 12
econh5 0.668441057205 0.481340885162 15 114 7 39
econh6 48.6654853821 47.5676040649 37 556 12 137
econh7 34.527053833 33.4432640076 28 635 7 107
extcyc5h 827.389221191 824.14831543 58 3765 16 186
extcyc5 1699.68127441 1692.34545898 33 2022 14 310
extcyc6h inf inf inf inf inf inf
extcyc6 inf inf inf inf inf inf
fatemanh 7.19181489944 6.89113140106 20 753 12 41
fateman 5.70399093628 5.42545318604 20 753 12 41
fmtmdeh 0.119286060333 0.0117325782776 5 10 19 15
fmtm_non_hom 0.0981688499451 0.00519895553589 2 4 4 2
fmtm 0.126169919968 0.0125589370728 6 12 7 11
gerdt93 0.198443174362 0.0812299251556 6 58 6 10
hemmecke 0.559401035309 0.412691831589 13 140 26 25
hfe_segers 59.6392173767 56.6914367676 47 196 4 282
ilias12 inf inf inf inf inf inf
ilias13h inf inf inf inf inf inf
ilias13 inf inf inf inf inf inf
ilias_k_2 inf inf inf inf inf inf
issac97 0.55669593811 0.336126804352 10 170 8 36
jason210 inf inf inf inf inf inf
joswig101-trimmed inf inf inf inf inf inf
katsuran2 0.0926239490509 0.00296401977539 2 6 2 2
katsuran3 0.116465806961 0.00991821289062 3 15 4 6
katsuran4 0.184248924255 0.0526397228241 5 38 7 15
katsuran5 0.92111992836 0.648263216019 11 176 8 37
katsuran6 468.675323486 465.496734619 6 193 32 117
katsuran7 518.252380371 509.596710205 34 2130 15 250
katsuranh2 0.107182979584 0.0073618888855 2 6 2 2
katsuranh3 0.109750986099 0.0142488479614 4 18 3 5
katsuranh4 0.2827231884 0.141111373901 10 72 6 21
katsuranh5 1.632625103 1.39006114006 15 212 6 39
katsuranh6 45.7455406189 44.5110816956 32 895 8 117
lichtblau 0.0951070785522 0.00559902191162 2 22 11 2
liu 3.34238600731 3.03438663483 21 270 11 68
mckay inf inf inf inf inf inf
noon7 inf inf inf inf inf inf
noon8 inf inf inf inf inf inf
nya inf inf inf inf inf inf
r5_2_2_h 1.35900497437 1.02458786964 22 166 6 72
r5_2_2 1.47648477554 1.15440368652 22 166 6 72
r5_2_4_h 12.2648286819 11.5340824127 35 453 9 122
r5_2_4 inf inf inf inf inf inf
r5_2_6_h inf inf inf inf inf inf
r5_2_6 inf inf inf inf inf inf
r6_2_2_h 23.1238288879 21.8719234467 39 498 7 162
r6_2_2 23.243303299 21.9519844055 39 498 7 162
r6_2_4_h inf inf inf inf inf inf
r6_2_4 inf inf inf inf inf inf
r6_2_6_h inf inf inf inf inf inf
r7_2_2_h 325.197662354 319.611785889 67 1487 8 339
r7_2_2 387.099700928 381.287445068 67 1487 8 339
r7_2_4_h inf inf inf inf inf inf
r7_2_6_h inf inf inf inf inf inf
r8_2_2_h inf inf inf inf inf inf
r8_2_2 inf inf inf inf inf inf
r8_2_4_h inf inf inf inf inf inf
redcyc6h inf inf inf inf inf inf
redcyc6 inf inf inf inf inf inf
redcyc7h inf inf inf inf inf inf
redcyc7 inf inf inf inf inf inf
reimer5h inf inf inf inf inf inf
reimer5 inf inf inf inf inf inf
reimer6h inf inf inf inf inf inf
reimer6 inf inf inf inf inf inf
reimer7h inf inf inf inf inf inf
reimer7 inf inf inf inf inf inf
roseh 23.2733230591 22.7796592712 35 1068 19 84
rose 83.2924728394 80.7102355957 4 136 130 125
rpblh inf inf inf inf inf inf
rpbl inf inf inf inf inf inf
safey inf inf inf inf inf inf
schieleh 0.107067108154 0.00822615623474 2 6 2 2
schiele 0.101480960846 0.00588893890381 2 6 2 2
schrans_troost inf inf inf inf inf inf
sendrah 0.197186946869 0.0789630413055 5 146 13 7
sendra 0.16476893425 0.0296976566315 6 226 17 13
solotarevh 1.1499080658 0.881080150604 18 149 6 50
solotarev 0.126059055328 0.0133318901062 4 21 6 8
sparsesym5h 0.30552816391 0.159477233887 17 44 17 45
sparsesym5 0.122363090515 0.0155889987946 5 12 10 5
sym33 0.145108938217 0.0338578224182 8 33 10 17
syz1 0.093337059021 7.39097595215e-05 2 4 2 2
trinks 7.24903392792 6.81386375427 25 269 9 73
uteshev_bikker 40.5715408325 39.533706665 34 1141 8 107
vermeer 94.1128311157 91.9521102905 13 498 10 110
virasoro inf inf inf inf inf inf
wang16h 138.481719971 136.712722778 51 1301 15 168
wang16 inf inf inf inf inf inf
weispfenning94 1.63330101967 1.43353271484 16 354 11 32
wu90h 22.8981761932 22.0618038177 33 536 8 120
wu90 0.281887054443 0.12011885643 8 103 8 18
