ahmlh inf inf inf inf inf inf
ahml inf inf inf inf inf inf
assur44 inf inf inf inf inf inf
aubry2 inf inf inf inf inf inf
berthh 11.7520256042 11.4847860336 20 911 37 30
berth inf inf inf inf inf inf
binomial_4_2_4_1 0.173458099365 0.0714888572693 6 12 3 12
binomial_5_3_4_4 0.258631944656 0.147661447525 11 22 8 26
binomial_5_3_4_6 0.234258890152 0.120364665985 9 18 7 18
binomial_5_3_5_3 0.180045127869 0.0761978626251 6 12 5 13
binomial_5_3_5_5 0.517548084259 0.363102436066 18 36 12 53
binomial_6_2_6_7 0.188193082809 0.0852978229523 6 12 2 10
binomial_6_3_6_6 0.21032500267 0.0983276367188 7 14 5 18
binomial_7_3_7_9 0.604299068451 0.424154996872 18 36 6 65
binomial_7_4_7_8 0.362844944 0.218872070312 13 26 7 41
binomial_8_3_8_16 0.78905582428 0.586673259735 20 40 4 78
binomial_8_4_8_9 3.2226691246 2.86034464836 34 68 8 128
buchberger87 0.185518980026 0.0818862915039 6 12 5 12
butcher8 inf inf inf inf inf inf
cohn3 inf inf inf inf inf inf
cyclicn2 0.124724149704 0.0322759151459 2 4 2 2
cyclicn3 0.138243198395 0.0455410480499 3 8 3 3
cyclicn4 0.194618940353 0.0895767211914 5 21 5 8
cyclicn5 297.896087646 296.220977783 10 87 15 152
cyclicn6 inf inf inf inf inf inf
cyclicn7 inf inf inf inf inf inf
cyclicn8 inf inf inf inf inf inf
cyclicnh2 0.129323959351 0.0362010002136 2 4 2 2
cyclicnh3 0.147469997406 0.051549911499 3 8 3 3
cyclicnh4 0.199238061905 0.096795797348 5 21 5 8
cyclicnh5 2.95230603218 2.74888539314 16 243 9 34
cyclicnh6 111.814453125 110.8983078 35 1586 10 99
cyclicnh7 inf inf inf inf inf inf
czapor87_1h 0.993826150894 0.825648546219 12 156 5 30
czapor87_2h 1.13803386688 0.966944694519 12 180 5 30
dessin1 inf inf inf inf inf inf
dl inf inf inf inf inf inf
ducos7_3 inf inf inf inf inf inf
ducos7_5 inf inf inf inf inf inf
econ2 0.125716209412 0.0287163257599 2 4 1 2
econ3 0.140009880066 0.0424618721008 3 9 2 3
econ4 0.285962104797 0.173556089401 5 22 3 14
econ5 1.12877297401 0.972764253616 8 65 5 33
econ6 47.9543991089 47.3436012268 12 164 8 86
econ7 inf inf inf inf inf inf
econ8 inf inf inf inf inf inf
econh2 0.12940788269 0.0374639034271 2 4 2 2
econh3 0.158296823502 0.0597929954529 4 11 4 5
econh4 0.251268863678 0.141211271286 7 29 6 13
econh5 1.13159203529 0.961969137192 14 102 6 36
econh6 16.1836128235 15.6795005798 26 352 8 89
econh7 250.731628418 248.495529175 45 1122 10 192
extcyc5h inf inf inf inf inf inf
extcyc5 inf inf inf inf inf inf
extcyc6h inf inf inf inf inf inf
extcyc6 inf inf inf inf inf inf
fatemanh 16.7308654785 16.3270568848 26 966 14 60
fateman 16.0307178497 15.6300086975 26 966 14 60
fmtmdeh inf inf inf inf inf inf
fmtm 0.199383020401 0.0938198566437 8 16 8 15
gerdt93 0.811992168427 0.659998178482 10 139 7 21
hemmecke 0.186578035355 0.0916657447815 3 16 15 3
hfe_segers 204.775619507 201.894119263 41 184 4 268
ilias12 inf inf inf inf inf inf
ilias13h inf inf inf inf inf inf
ilias13 inf inf inf inf inf inf
ilias_k_2 inf inf inf inf inf inf
issac97 13.6488246918 13.2515707016 10 170 9 57
jason210 inf inf inf inf inf inf
joswig101-trimmed inf inf inf inf inf inf
katsuran2 0.129329204559 0.0360460281372 2 5 2 2
katsuran3 0.160672903061 0.0658848285675 4 16 3 5
katsuran4 0.902758836746 0.76199054718 5 41 6 18
katsuran5 19.2866344452 18.8385829926 11 166 8 60
katsuran6 inf inf inf inf inf inf
katsuran7 inf inf inf inf inf inf
katsuranh2 0.131374835968 0.040225982666 2 5 2 2
katsuranh3 0.173718929291 0.0757751464844 4 16 3 5
katsuranh4 0.334784984589 0.220252037048 7 49 4 12
katsuranh5 1.56172585487 1.38078260422 13 168 5 31
katsuranh6 443.226013184 440.120666504 54 1547 19 226
lichtblau inf inf inf inf inf inf
liu 4.44879388809 4.14326953888 21 246 11 68
mckay inf inf inf inf inf inf
noon7 inf inf inf inf inf inf
noon8 inf inf inf inf inf inf
nya inf inf inf inf inf inf
r5_2_2_h 2.31825709343 1.9998486042 22 171 6 71
r5_2_2 2.12521791458 1.80954098701 22 171 6 71
r5_2_4_h 18.3336925507 17.462387085 38 506 9 134
r5_2_4 inf inf inf inf inf inf
r5_2_6_h inf inf inf inf inf inf
r5_2_6 inf inf inf inf inf inf
r6_2_2_h 28.044631958 26.6910419464 41 521 7 172
r6_2_2 33.0098953247 31.561498642 41 521 7 172
r6_2_4_h inf inf inf inf inf inf
r6_2_4 inf inf inf inf inf inf
r6_2_6_h inf inf inf inf inf inf
r7_2_2_h 654.859069824 646.957458496 74 1627 8 381
r7_2_2 690.722961426 683.022399902 74 1627 8 381
r7_2_4_h inf inf inf inf inf inf
r7_2_6_h inf inf inf inf inf inf
r8_2_2_h inf inf inf inf inf inf
r8_2_2 inf inf inf inf inf inf
r8_2_4_h inf inf inf inf inf inf
redcyc6h inf inf inf inf inf inf
redcyc6 inf inf inf inf inf inf
redcyc7h inf inf inf inf inf inf
redcyc7 inf inf inf inf inf inf
reimer5h inf inf inf inf inf inf
reimer5 inf inf inf inf inf inf
reimer6h inf inf inf inf inf inf
reimer6 inf inf inf inf inf inf
reimer7h inf inf inf inf inf inf
reimer7 inf inf inf inf inf inf
roseh 7.40878677368 7.13077783585 24 703 19 58
rose inf inf inf inf inf inf
rpblh inf inf inf inf inf inf
rpbl inf inf inf inf inf inf
safey inf inf inf inf inf inf
schieleh 0.13281083107 0.0444350242615 2 6 2 2
schiele 0.167296886444 0.0639328956604 2 6 2 2
schrans_troost inf inf inf inf inf inf
sendrah 1.00360894203 0.88748717308 7 221 14 9
sendra 0.916276931763 0.798835277557 6 202 13 10
solotarevh 0.216853141785 0.111453771591 6 23 5 11
solotarev 0.165416955948 0.0708560943604 5 19 2 6
sparsesym5h 0.475560903549 0.351495981216 11 38 23 31
sparsesym5 0.172818183899 0.0695550441742 5 12 10 5
sym33 0.505636930466 0.380818367004 10 85 10 18
syz1 0.12330698967 0.030021905899 2 4 2 2
trinks 0.874756813049 0.719976902008 11 100 5 22
uteshev_bikker 5.91391420364 5.57505607605 18 551 7 47
vermeer inf inf inf inf inf inf
virasoro inf inf inf inf inf inf
wang16h 286.795410156 284.143707275 61 1657 16 206
wang16 inf inf inf inf inf inf
weispfenning94 67.1723556519 66.3746185303 36 1805 16 91
wu90h 21.8287067413 20.9188995361 30 518 7 106
wu90 105.623001099 104.736106873 5 85 16 91
