ahmlh inf inf inf inf inf inf
ahml inf inf inf inf inf inf
assur44 inf inf inf inf inf inf
aubry2 710.380004883 146.870239258 79 7215 6 1013
berthh inf inf inf inf inf inf
berth 1.88852596283 1.1329331398 3 111 26 226
binomial_4_2_4_1 0.630802154541 0.454751014709 6 12 3 26
binomial_5_3_4_4 0.551404953003 0.387547969818 5 10 4 12
binomial_5_3_4_6 0.772140979767 0.610214948654 5 10 5 18
binomial_5_3_5_3 0.711417913437 0.561307191849 6 12 5 15
binomial_5_3_5_5 0.500894069672 0.351487159729 5 10 3 7
binomial_6_2_6_7 0.756216049194 0.588309526443 6 12 2 22
binomial_6_3_6_6 0.918277978897 0.752265453339 7 14 5 20
binomial_7_3_7_9 2.04263806343 1.77020788193 8 16 4 82
binomial_7_4_7_8 2.10042595863 1.8138012886 9 18 7 135
binomial_8_3_8_16 2.23680305481 1.96046543121 8 16 3 90
binomial_8_4_8_9 1.4424598217 1.28853607178 9 18 7 31
buchberger87 0.885380983353 0.706713199615 4 8 4 33
butcher8 339.66885376 24.3528747559 44 1300 4 3924
cohn3 inf inf inf inf inf inf
cyclicn2 0.210890054703 0.066780090332 2 4 2 2
cyclicn3 0.2745449543 0.128252983093 3 8 3 3
cyclicn4 0.535382986069 0.376818180084 5 21 5 11
cyclicn5 3.22020602226 2.58120465279 20 232 8 113
cyclicn6 18.349357605 10.1325511932 45 1135 9 354
cyclicn7 1016.00732422 238.84022522 209 27185 12 2099
cyclicn8 inf inf inf inf inf inf
cyclicnh2 0.234578132629 0.091705083847 2 4 2 2
cyclicnh3 0.327670097351 0.172946691513 3 8 3 3
cyclicnh4 0.567502975464 0.407080173492 4 17 4 9
cyclicnh5 1.30221009254 1.11089468002 12 171 7 22
cyclicnh6 4.77422237396 3.81845831871 34 1540 9 95
cyclicnh7 74.6699295044 29.4201850891 121 28595 12 449
czapor87_1h 7.55141687393 3.03308129311 17 229 5 991
czapor87_2h 0.983814954758 0.765944719315 12 180 5 30
dessin1 3.8261449337 3.09585475922 27 909 5 67
dl inf inf inf inf inf inf
ducos7_3 1478.48156738 390.468353271 80 8634 6 1270
ducos7_5 inf inf inf inf inf inf
econ2 0.199512958527 0.0645189285278 2 4 1 2
econ3 0.27118396759 0.125221014023 3 9 2 3
econ4 0.64856004715 0.463214159012 7 29 2 26
econ5 1.36426687241 1.07173657417 7 54 4 82
econ6 1.88005614281 1.53581809998 18 232 4 61
econ7 7.95941495895 4.74910879135 23 585 6 515
econ8 20.0559673309 10.8575353622 59 2704 5 342
econh2 0.252665996552 0.0998499393463 2 4 2 2
econh3 0.354736804962 0.20737528801 4 11 4 5
econh4 0.920320987701 0.735588550568 7 33 5 23
econh5 6.44091415405 3.70775961876 15 101 6 768
econh6 inf inf inf inf inf inf
econh7 inf inf inf inf inf inf
extcyc5h 6.98535203934 5.06725311279 41 3069 12 116
extcyc5 54.490272522 22.9353713989 102 6728 10 663
extcyc6h 258.440063477 79.3811645508 200 65044 20 826
extcyc6 inf inf inf inf inf inf
fatemanh 2.50594687462 2.01884174347 27 1009 14 63
fateman 14.1752567291 4.83397006989 16 795 11 1212
fmtmdeh 0.879364013672 0.668422698975 8 16 7 62
fmtm_non_hom 0.281523942947 0.135835170746 3 6 5 4
fmtm 0.793515920639 0.608872652054 6 12 8 33
gerdt93 1.06283187866 0.854670524597 5 28 5 35
hemmecke 0.439145088196 0.282119989395 3 16 15 3
hfe_segers inf inf inf inf inf inf
ilias12 inf inf inf inf inf inf
ilias13h inf inf inf inf inf inf
ilias13 inf inf inf inf inf inf
ilias_k_2 1740.31567383 196.044189453 62 8056 10 13637
issac97 0.853513002396 0.628528118134 12 180 5 30
jason210 inf inf inf inf inf inf
joswig101-trimmed inf inf inf inf inf inf
katsuran2 0.245589971542 0.0928068161011 2 5 2 2
katsuran3 0.355134010315 0.206717014313 4 16 3 5
katsuran4 0.608274936676 0.450316905975 7 49 4 12
katsuran5 1.3067381382 1.07593011856 13 168 5 31
katsuran6 2.75200605392 2.14741134644 22 528 6 70
katsuran7 8.11261367798 5.12138080597 41 1923 7 169
katsuranh2 0.256758213043 0.116688966751 2 5 2 2
katsuranh3 0.411453962326 0.257359266281 4 16 3 5
katsuranh4 0.752988100052 0.59686756134 7 49 4 12
katsuranh5 1.4898378849 1.2662730217 13 168 5 31
katsuranh6 3.06211614609 2.49184656143 22 528 6 70
lichtblau 0.257876157761 0.107976913452 2 23 11 2
liu 2.43206000328 1.90369033813 12 88 5 183
mckay inf inf inf inf inf inf
noon7 inf inf inf inf inf inf
noon8 inf inf inf inf inf inf
nya inf inf inf inf inf inf
r5_2_2_h 1.7639529705 1.43609786034 21 160 6 68
r5_2_2 1.65547895432 1.33908057213 21 160 6 68
r5_2_4_h 3.14513206482 2.42446732521 35 453 9 122
r5_2_4 405.483520508 67.524055481 206 171210 16 757
r5_2_6_h 110.3151474 38.927532196 225 21205 19 845
r5_2_6 inf inf inf inf inf inf
r6_2_2_h 10.2762269974 5.93532657623 39 498 7 403
r6_2_2 7.36427879333 4.60958766937 39 498 7 327
r6_2_4_h inf inf inf inf inf inf
r6_2_4 inf inf inf inf inf inf
r6_2_6_h inf inf inf inf inf inf
r7_2_2_h 14.2192134857 8.38682937622 67 1487 8 339
r7_2_2 13.4129734039 7.87910079956 67 1487 8 339
r7_2_4_h 240.510314941 68.1768112183 249 23533 14 1379
r7_2_6_h inf inf inf inf inf inf
r8_2_2_h 102.470542908 31.2380638123 133 5508 9 1345
r8_2_2 331.204864502 38.5001678467 128 5195 9 2983
r8_2_4_h inf inf inf inf inf inf
redcyc6h 26.6448307037 16.6754169464 106 3994 22 400
redcyc6 17.0661220551 10.1991252899 21 493 6 272
redcyc7h 1113.58691406 341.540039062 442 86579 27 2118
redcyc7 696.954101562 195.943664551 78 9763 7 1428
reimer5h inf inf inf inf inf inf
reimer5 inf inf inf inf inf inf
reimer6h inf inf inf inf inf inf
reimer6 inf inf inf inf inf inf
reimer7h inf inf inf inf inf inf
reimer7 inf inf inf inf inf inf
roseh 1.84984922409 1.39342999458 6 106 14 109
rose 104.797195435 10.0948905945 18 546 15 7553
rpblh inf inf inf inf inf inf
rpbl inf inf inf inf inf inf
safey inf inf inf inf inf inf
schieleh 0.316605806351 0.160935878754 2 6 2 2
schiele 0.298950195312 0.135014057159 2 6 2 2
schrans_troost inf inf inf inf inf inf
sendrah 1.22970485687 0.869774341583 2 26 7 83
sendra 1.28989696503 0.786391019821 6 186 11 106
solotarevh 0.590488910675 0.426089048386 6 23 5 11
solotarev 0.406700849533 0.256625413895 5 19 2 7
sparsesym5h 3.61301398277 2.84379649162 6 16 18 347
sparsesym5 0.478994131088 0.332595825195 5 12 10 5
sym33 1.36812186241 1.01142501831 8 57 9 116
syz1 0.240540027618 0.0921988487244 2 4 2 2
trinks 1.18197202682 0.997344255447 9 69 4 22
uteshev_bikker inf inf inf inf inf inf
vermeer 5.62891197205 3.33061647415 7 53 6 571
virasoro inf inf inf inf inf inf
wang16h inf inf inf inf inf inf
wang16 219.185699463 10.4052209854 17 373 6 13932
weispfenning94 1.89212799072 1.44825434685 7 105 9 74
wu90h inf inf inf inf inf inf
wu90 1.06229805946 0.838610887527 12 144 5 29
