ahmlh 354.458984375 305.55645752 135 28900 27 544
ahml 9.87463760376 7.11726903915 31 4638 12 126
assur44 inf inf inf inf inf inf
berthh 2.62163805962 2.19606733322 11 521 35 55
berth inf inf inf inf inf inf
binomial_4_2_4_1 0.370315074921 0.252084732056 6 12 3 12
binomial_5_3_4_4 0.418040037155 0.312928199768 4 8 3 14
binomial_5_3_4_6 0.378367900848 0.276350021362 5 10 5 12
binomial_5_3_5_3 0.595911026001 0.477479934692 5 10 3 19
binomial_5_3_5_5 0.422720909119 0.319567203522 8 16 6 16
binomial_6_2_6_7 0.726911067963 0.595454931259 9 18 3 26
binomial_6_3_6_6 1.12956094742 0.979198217392 11 22 5 44
binomial_7_3_7_9 1.22427487373 1.06254053116 8 16 4 33
binomial_7_4_7_8 1.83327794075 1.64509725571 15 30 8 69
binomial_8_3_8_16 0.995249986649 0.8510658741 8 16 3 32
binomial_8_4_8_9 0.742187023163 0.63557934761 9 18 7 29
buchberger87 0.527955055237 0.419278383255 7 14 6 21
butcher8 inf inf inf inf inf inf
cohn3 inf inf inf inf inf inf
cyclicn2 0.149929046631 0.0787448883057 2 4 2 2
cyclicn3 0.222397089005 0.104867935181 3 8 3 3
cyclicn4 0.356729030609 0.250301837921 5 21 5 11
cyclicn7 inf inf inf inf inf inf
cyclicn8 inf inf inf inf inf inf
cyclicnh2 0.227388858795 0.122685909271 2 4 2 2
cyclicnh3 0.230139017105 0.134037256241 3 8 3 3
cyclicnh4 0.4074010849 0.298533678055 5 21 5 11
cyclicnh5 0.94534611702 0.807066917419 12 171 7 22
cyclicnh6 10.6993179321 9.80891990662 34 1541 9 95
cyclicnh7 479.9034729 439.035369873 124 28861 14 469
czapor87_1h 0.949402809143 0.790791511536 12 156 5 30
czapor87_2h 0.944118976593 0.78324341774 12 180 5 30
dessin1 96.7384262085 95.0186691284 39 1385 5 130
dl inf inf inf inf inf inf
ducos7_5 inf inf inf inf inf inf
econ2 0.186676979065 0.0948989391327 2 4 1 2
econ3 0.168720006943 0.0951156616211 3 9 2 3
econ4 0.319327831268 0.225471019745 7 29 2 13
econ5 1.37311196327 1.22404408455 9 62 4 28
econ7 64.4003982544 62.9963417053 32 747 4 153
econh2 0.188020944595 0.0948348045349 2 4 2 2
econh3 0.24102807045 0.149986028671 4 11 4 5
econh4 1.60030698776 1.43096852303 10 45 7 40
econh5 1.58865404129 1.44058418274 15 104 7 37
econh6 8.48037815094 8.0458316803 27 331 8 89
econh7 38.8969497681 36.6182785034 49 1100 10 203
extcyc5h 22.1575946808 20.2077121735 43 3247 13 124
extcyc5 inf inf inf inf inf inf
extcyc6h inf inf inf inf inf inf
extcyc6 inf inf inf inf inf inf
fatemanh 0.355269908905 0.254211187363 4 67 7 7
fateman 0.332193136215 0.22774887085 4 67 7 7
fmtmdeh 0.695710897446 0.555760145187 8 16 8 41
fmtm_non_hom 0.199604034424 0.114047288895 3 6 4 4
fmtm 0.549894094467 0.423849821091 8 16 7 28
gerdt93 4.36475610733 3.92418241501 8 138 6 73
hemmecke 0.29986000061 0.20396900177 3 16 15 3
ilias12 inf inf inf inf inf inf
ilias13h inf inf inf inf inf inf
ilias13 inf inf inf inf inf inf
ilias_k_2 inf inf inf inf inf inf
issac97 0.784822940826 0.62225651741 12 180 5 30
jason210 5.73964691162 5.43274211884 16 51 20 122
joswig101-trimmed inf inf inf inf inf inf
katsuran2 0.180160999298 0.0925738811493 2 5 2 2
katsuran3 0.236154794693 0.142228841782 4 16 3 5
katsuran4 0.36802983284 0.265519857407 7 49 4 12
katsuran5 1.05740189552 0.8875477314 13 168 5 31
katsuran6 5.32481193542 4.82016277313 22 528 6 70
katsuran7 25.4846305847 22.7047462463 40 1878 7 164
katsuranh2 0.193871974945 0.105658769608 2 5 2 2
katsuranh3 0.253624916077 0.162441968918 4 16 3 5
katsuranh4 0.480833053589 0.371252298355 7 49 4 12
katsuranh5 1.69045996666 1.5189769268 13 168 5 31
katsuranh6 11.8002891541 11.2883005142 22 528 6 70
lichtblau 0.268558979034 0.0877537727356 2 22 11 2
liu 8.09296703339 7.56223964691 20 224 10 101
mckay inf inf inf inf inf inf
noon7 inf inf inf inf inf inf
noon8 inf inf inf inf inf inf
nya inf inf inf inf inf inf
r5_2_2_h 3.94725704193 3.67784881592 21 160 6 68
r5_2_4 inf inf inf inf inf inf
r5_2_6_h inf inf inf inf inf inf
r5_2_6 inf inf inf inf inf inf
r6_2_2 46.5289077759 45.3812789917 39 498 7 162
r6_2_4_h 862.713439941 811.758056641 167 9897 13 767
r6_2_4 inf inf inf inf inf inf
r6_2_6_h inf inf inf inf inf inf
r7_2_4_h inf inf inf inf inf inf
r7_2_6_h inf inf inf inf inf inf
r8_2_2_h 1402.09130859 1311.37219238 163 6690 9 1016
r8_2_2 1321.8482666 1240.4185791 163 6690 9 1016
r8_2_4_h inf inf inf inf inf inf
redcyc6h 114.499603271 107.749725342 80 3898 28 300
redcyc7h inf inf inf inf inf inf
redcyc7 inf inf inf inf inf inf
reimer5h 1109.40466309 1062.6003418 169 13271 18 769
reimer5 inf inf inf inf inf inf
reimer6h inf inf inf inf inf inf
reimer6 inf inf inf inf inf inf
reimer7h inf inf inf inf inf inf
reimer7 inf inf inf inf inf inf
roseh 0.809966087341 0.62971663475 4 57 10 25
rose 93.2723846436 86.5006027222 13 350 13 322
rpblh inf inf inf inf inf inf
rpbl 914.795166016 864.944030762 112 6509 11 636
safey inf inf inf inf inf inf
schieleh 0.213032007217 0.120414972305 2 6 2 2
schiele 0.20291686058 0.107295036316 2 6 2 2
schrans_troost inf inf inf inf inf inf
sendrah 0.343379020691 0.234900474548 7 221 14 9
sendra 0.315986871719 0.206522703171 5 155 12 11
solotarevh 5.70453071594 4.84303569794 22 135 7 147
solotarev 0.274518013 0.190905094147 5 19 2 6
sparsesym5h 8.04129695892 7.70725440979 31 182 30 140
sparsesym5 0.26199388504 0.186243057251 5 12 10 5
sym33 144.993835449 143.842147827 41 1106 34 138
syz1 0.188581943512 0.0910637378693 2 4 2 2
trinks 0.643124818802 0.538848400116 7 44 3 10
uteshev_bikker 1.87957406044 1.59039831161 17 519 7 44
vermeer 5.42514705658 4.53741025925 16 297 6 163
virasoro inf inf inf inf inf inf
wang16h 26.2316207886 23.034122467 54 1445 12 222
weispfenning94 11.8526306152 10.0024461746 43 2206 18 184
wu90h 13.1686134338 11.9523096085 31 477 9 186
