ahmlh inf inf inf inf inf inf
ahml inf inf inf inf inf inf
assur44 inf inf inf inf inf inf
aubry2 inf inf inf inf inf inf
berthh 6.03390026093 5.78139591217 20 911 37 30
berth inf inf inf inf inf inf
binomial_4_2_4_1 0.119933843613 0.0220508575439 6 12 3 12
binomial_5_3_4_4 0.221389055252 0.0981829166412 13 26 7 32
binomial_5_3_4_6 0.318465948105 0.173543691635 16 32 9 48
binomial_5_3_5_3 0.257296085358 0.121375322342 14 28 6 34
binomial_5_3_5_5 0.420547008514 0.270350933075 18 36 12 53
binomial_6_2_6_7 0.29515504837 0.15091085434 14 28 4 43
binomial_6_3_6_6 0.270678043365 0.114843130112 13 26 6 34
binomial_7_3_7_9 0.41083407402 0.245594978333 16 32 5 50
binomial_7_4_7_8 0.255333900452 0.116164445877 13 26 7 41
binomial_8_3_8_16 0.647972822189 0.443288803101 20 40 4 74
binomial_8_4_8_9 2.88674211502 2.52734923363 34 68 8 128
buchberger87 0.130932807922 0.0327908992767 6 12 4 11
butcher8 inf inf inf inf inf inf
cohn3 inf inf inf inf inf inf
cyclicn2 0.0925168991089 0.00542306900024 2 4 2 2
cyclicn3 0.0992341041565 0.0111141204834 3 8 3 3
cyclicn4 0.14710187912 0.0465745925903 7 30 6 12
cyclicn5 84.4852676392 83.7085113525 24 293 8 137
cyclicn6 inf inf inf inf inf inf
cyclicn7 inf inf inf inf inf inf
cyclicn8 inf inf inf inf inf inf
cyclicnh2 0.099221944809 0.00834703445435 2 4 2 2
cyclicnh3 0.108100175858 0.0139191150665 3 8 3 3
cyclicnh4 0.152283906937 0.0488369464874 7 30 6 12
cyclicnh5 49.7335739136 49.0372581482 41 572 13 122
cyclicnh6 inf inf inf inf inf inf
cyclicnh7 inf inf inf inf inf inf
czapor87_1h 0.667620182037 0.485519886017 12 156 5 30
czapor87_2h 0.672513008118 0.493874311447 12 180 5 30
dessin1 inf inf inf inf inf inf
dl inf inf inf inf inf inf
ducos7_3 inf inf inf inf inf inf
ducos7_5 inf inf inf inf inf inf
econ2 0.138071060181 0.0045747756958 2 4 1 2
econ3 0.105136871338 0.011467218399 3 9 2 3
econ4 0.304636955261 0.18273973465 4 20 4 19
econ5 2.57618093491 2.36615157127 5 45 8 43
econ6 21.8430786133 21.3734111786 15 215 5 74
econ7 1254.79821777 1251.03491211 26 770 7 192
econ8 inf inf inf inf inf inf
econh2 0.107861995697 0.00971794128418 2 4 2 2
econh3 0.11740398407 0.0189549922943 4 11 4 5
econh4 0.183297872543 0.069934129715 8 34 5 14
econh5 1.59040284157 1.40386962891 19 138 8 52
econh6 86.7808303833 85.6315536499 43 578 18 165
econh7 466.007049561 463.105316162 54 1221 8 225
extcyc5h inf inf inf inf inf inf
extcyc5 inf inf inf inf inf inf
extcyc6h inf inf inf inf inf inf
extcyc6 inf inf inf inf inf inf
fatemanh 11.279335022 10.899061203 26 966 14 60
fateman 12.9499378204 12.5396051407 26 966 14 60
fmtmdeh inf inf inf inf inf inf
fmtm_non_hom inf inf inf inf inf inf
fmtm 0.138982057571 0.0352890491486 8 16 8 15
gerdt93 0.422089099884 0.271691083908 10 139 7 21
hemmecke 0.406672954559 0.278577327728 10 115 25 21
hfe_segers 144.289291382 140.720550537 47 204 4 302
ilias12 inf inf inf inf inf inf
ilias13h inf inf inf inf inf inf
ilias13 inf inf inf inf inf inf
ilias_k_2 inf inf inf inf inf inf
issac97 6.73751068115 6.4069108963 10 170 7 55
jason210 inf inf inf inf inf inf
joswig101-trimmed inf inf inf inf inf inf
katsuran2 0.0928139686584 0.00727415084839 2 5 2 2
katsuran3 0.129105091095 0.0316138267517 3 13 4 7
katsuran4 0.630409002304 0.498520612717 5 38 7 20
katsuran5 9.76291847229 9.39988708496 11 166 8 50
katsuran6 inf inf inf inf inf inf
katsuran7 inf inf inf inf inf inf
katsuranh2 0.09921002388 0.0101199150085 2 5 2 2
katsuranh3 0.121685028076 0.0218496322632 4 16 3 5
katsuranh4 0.1970911026 0.0806040763855 7 44 4 12
katsuranh5 0.957056045532 0.763364315033 13 170 5 31
katsuranh6 75.2133255005 73.9584655762 34 903 8 125
lichtblau inf inf inf inf inf inf
liu 9.73197078705 9.33289432526 27 334 12 91
mckay inf inf inf inf inf inf
noon7 inf inf inf inf inf inf
noon8 inf inf inf inf inf inf
nya inf inf inf inf inf inf
r5_2_2_h 1.75809001923 1.43778371811 22 171 6 71
r5_2_2 1.67018198967 1.35258054733 22 171 6 71
r5_2_4_h 12.7716217041 11.9658946991 38 506 9 134
r5_2_4 inf inf inf inf inf inf
r5_2_6_h inf inf inf inf inf inf
r5_2_6 inf inf inf inf inf inf
r6_2_2_h 47.6070022583 45.8073425293 45 591 7 187
r6_2_2 46.8914794922 45.0533752441 45 591 7 187
r6_2_4_h inf inf inf inf inf inf
r6_2_4 inf inf inf inf inf inf
r6_2_6_h inf inf inf inf inf inf
r7_2_2_h 464.080627441 457.395202637 70 1595 8 354
r7_2_2 444.071777344 437.422424316 70 1595 8 354
r7_2_4_h inf inf inf inf inf inf
r7_2_6_h inf inf inf inf inf inf
r8_2_2_h inf inf inf inf inf inf
r8_2_2 inf inf inf inf inf inf
r8_2_4_h inf inf inf inf inf inf
redcyc6h inf inf inf inf inf inf
redcyc6 inf inf inf inf inf inf
redcyc7h inf inf inf inf inf inf
redcyc7 inf inf inf inf inf inf
reimer5h inf inf inf inf inf inf
reimer5 inf inf inf inf inf inf
reimer6h inf inf inf inf inf inf
reimer6 inf inf inf inf inf inf
reimer7h inf inf inf inf inf inf
reimer7 inf inf inf inf inf inf
roseh 6.23608589172 5.93419551849 24 703 19 58
rose inf inf inf inf inf inf
rpblh inf inf inf inf inf inf
rpbl inf inf inf inf inf inf
safey inf inf inf inf inf inf
schieleh 0.101621866226 0.0112869739532 2 6 2 2
schiele 0.103605031967 0.0104258060455 2 6 2 2
schrans_troost inf inf inf inf inf inf
sendrah 0.277176141739 0.170775175095 7 221 14 9
sendra 0.476161003113 0.350833654404 7 249 14 13
solotarevh 0.19958281517 0.0805463790894 9 43 5 21
solotarev inf inf inf inf inf inf
sparsesym5h 0.278860092163 0.152261972427 11 38 23 31
sparsesym5 0.125111818314 0.0246741771698 5 12 10 5
sym33 0.398340940475 0.262955188751 11 118 12 21
syz1 0.0959579944611 0.00578713417053 2 4 2 2
trinks 2.07541394234 1.85579371452 16 151 6 39
uteshev_bikker 3.90455913544 3.56504178047 18 551 7 47
vermeer inf inf inf inf inf inf
virasoro inf inf inf inf inf inf
wang16h 271.635375977 269.008331299 61 1657 16 206
wang16 inf inf inf inf inf inf
weispfenning94 13.6486291885 13.2796869278 26 743 14 60
wu90h 16.0392150879 15.3286724091 29 414 7 101
wu90 4.62637710571 4.29180908203 19 249 3 70
