ahmlh inf inf inf inf inf inf
ahml inf inf inf inf inf inf
assur44 inf inf inf inf inf inf
aubry2 inf inf inf inf inf inf
berthh 5.89088058472 3.91506481171 11 4100 35 64
berth 0.809051990509 0.63587641716 4 146 22 17
binomial_4_2_4_1 0.439488887787 0.33122086525 6 12 3 15
binomial_5_3_4_4 0.377645015717 0.275735139847 5 10 4 12
binomial_5_3_4_6 0.580498933792 0.4681391716 9 18 9 18
binomial_5_3_5_3 1.02216696739 0.86482000351 9 18 5 47
binomial_5_3_5_5 0.364248991013 0.266001701355 5 10 3 7
binomial_6_2_6_7 0.71262216568 0.5857899189 9 18 3 21
binomial_6_3_6_6 1.06870913506 0.908175706863 7 14 5 47
binomial_7_3_7_9 2.4178519249 1.95392107964 11 22 5 266
binomial_7_4_7_8 1.85240483284 1.57482504845 9 18 7 115
binomial_8_3_8_16 0.857629060745 0.710170030594 8 16 3 31
binomial_8_4_8_9 0.937235116959 0.810726881027 9 18 7 32
buchberger87 0.604067802429 0.488184928894 6 12 4 19
butcher8 inf inf inf inf inf inf
cohn3 inf inf inf inf inf inf
cyclicn2 0.198755025864 0.101786851883 2 4 2 2
cyclicn3 0.23511505127 0.141629934311 3 8 3 3
cyclicn4 0.462116956711 0.351998329163 5 21 5 15
cyclicn5 122.879653931 69.4589614868 18 201 11 3450
cyclicn6 218.81539917 210.926452637 45 1135 9 354
cyclicn7 inf inf inf inf inf inf
cyclicn8 inf inf inf inf inf inf
cyclicnh2 0.210670948029 0.114479064941 2 4 2 2
cyclicnh3 0.243347883224 0.153339862823 3 8 3 3
cyclicnh4 0.336392879486 0.234485864639 4 17 4 5
cyclicnh5 3.51249504089 2.84313178062 12 171 7 168
cyclicnh6 16.7248287201 15.8389873505 34 1540 9 95
cyclicnh7 inf inf inf inf inf inf
czapor87_1h 1.07462406158 0.901142835617 12 156 5 35
czapor87_2h 1.05169391632 0.881750822067 12 180 5 30
dessin1 82.167755127 30.7441291809 39 1385 5 4653
dl inf inf inf inf inf inf
ducos7_3 inf inf inf inf inf inf
ducos7_5 inf inf inf inf inf inf
econ2 0.187589168549 0.0917017459869 2 4 1 2
econ3 0.218937158585 0.129935979843 3 9 2 3
econ4 0.390769958496 0.285607099533 7 29 2 13
econ5 3.0915389061 1.93071055412 12 81 3 469
econ6 1.74393296242 1.45582818985 18 232 4 61
econ7 inf inf inf inf inf inf
econ8 83.0798873901 74.2219619751 59 2704 5 342
econh2 0.209336042404 0.11133480072 2 4 2 2
econh3 0.287126064301 0.191163063049 4 11 4 5
econh4 0.756363153458 0.607152938843 8 34 5 51
econh5 1.2071890831 1.05306100845 15 104 7 37
econh6 906.549926758 346.602386475 27 313 8 27276
econh7 30.5482406616 28.3994102478 51 1127 10 213
extcyc5h 39.8550567627 37.2801933289 41 3069 12 161
extcyc5 1235.73071289 1205.38708496 102 6728 10 663
extcyc6h inf inf inf inf inf inf
extcyc6 inf inf inf inf inf inf
fatemanh 3.69730019569 3.27324461937 27 1009 14 63
fateman 281.224822998 128.407119751 27 1191 16 11529
fmtmdeh 0.774110078812 0.602658033371 6 12 5 56
fmtm_non_hom 0.253876924515 0.158940076828 3 6 4 4
fmtm 0.522150993347 0.40668463707 7 14 8 15
gerdt93 1.35527396202 1.1030728817 5 35 5 88
hemmecke 0.334800958633 0.239140987396 3 16 15 3
hfe_segers 653.837036133 276.137298584 47 228 3 10746
ilias12 inf inf inf inf inf inf
ilias13h inf inf inf inf inf inf
ilias13 inf inf inf inf inf inf
ilias_k_2 inf inf inf inf inf inf
issac97 0.732864141464 0.575575351715 12 180 5 30
jason210 inf inf inf inf inf inf
joswig101-trimmed inf inf inf inf inf inf
katsuran2 0.201647043228 0.108165979385 2 5 2 2
katsuran3 0.305105924606 0.200725317001 4 16 3 5
katsuran4 0.455700159073 0.347593784332 7 49 4 12
katsuran5 1.00170111656 0.828579187393 13 168 5 31
katsuran6 3.14207696915 2.63521623611 22 528 6 70
katsuran7 21.378364563 18.6041698456 41 1923 7 169
katsuranh2 0.230592012405 0.134046077728 2 5 2 2
katsuranh3 0.326805114746 0.226104974747 4 16 3 5
katsuranh4 0.552309036255 0.444031953812 7 49 4 12
katsuranh5 1.3898692131 1.21201109886 13 168 5 31
katsuranh6 5.19284200668 4.66956520081 22 528 6 70
lichtblau 0.22845697403 0.130117177963 2 23 11 2
liu 7.22629499435 4.79329967499 12 86 4 693
mckay inf inf inf inf inf inf
noon7 inf inf inf inf inf inf
noon8 inf inf inf inf inf inf
nya inf inf inf inf inf inf
r5_2_2_h 1.86959409714 1.60131859779 21 160 6 68
r5_2_2 1.91581606865 1.64352345467 21 160 6 68
r5_2_4_h 6.70627784729 6.05466079712 35 453 9 122
r5_2_4 inf inf inf inf inf inf
r5_2_6_h inf inf inf inf inf inf
r5_2_6 inf inf inf inf inf inf
r6_2_2_h inf inf inf inf inf inf
r6_2_2 inf inf inf inf inf inf
r6_2_4_h 1743.84020996 1710.92004395 152 8725 13 692
r6_2_4 inf inf inf inf inf inf
r6_2_6_h inf inf inf inf inf inf
r7_2_2_h 106.962898254 101.993537903 67 1487 8 339
r7_2_2 110.897491455 105.527854919 67 1487 8 339
r7_2_4_h inf inf inf inf inf inf
r7_2_6_h inf inf inf inf inf inf
r8_2_2_h inf inf inf inf inf inf
r8_2_2 inf inf inf inf inf inf
r8_2_4_h inf inf inf inf inf inf
redcyc6h inf inf inf inf inf inf
redcyc6 inf inf inf inf inf inf
redcyc7h inf inf inf inf inf inf
redcyc7 inf inf inf inf inf inf
reimer5h inf inf inf inf inf inf
reimer5 inf inf inf inf inf inf
reimer6h inf inf inf inf inf inf
reimer6 inf inf inf inf inf inf
reimer7h inf inf inf inf inf inf
reimer7 inf inf inf inf inf inf
roseh 4.77623081207 3.96091270447 17 485 15 259
rose 5.67235469818 3.37433004379 11 282 10 648
rpblh inf inf inf inf inf inf
rpbl inf inf inf inf inf inf
safey inf inf inf inf inf inf
schieleh 0.227870941162 0.148341178894 2 6 2 2
schiele 0.224279880524 0.129940032959 2 6 2 2
schrans_troost inf inf inf inf inf inf
sendrah 0.422019004822 0.306044101715 7 221 14 9
sendra 0.345591783524 0.227157115936 6 186 11 9
solotarevh 0.505256175995 0.392129182816 6 28 5 17
solotarev 0.331185102463 0.223895549774 5 19 2 6
sparsesym5h 1.21844387054 1.02363228798 6 16 18 101
sparsesym5 0.350589990616 0.249164104462 5 12 10 5
sym33 1.14515304565 0.901260137558 10 85 10 77
syz1 0.2047560215 0.105497598648 2 4 2 2
trinks 1.09716677666 0.932426452637 13 109 5 29
uteshev_bikker 1.85034894943 1.55085492134 17 519 7 44
vermeer 6.99213123322 4.8317117691 12 101 7 686
virasoro inf inf inf inf inf inf
wang16h inf inf inf inf inf inf
wang16 816.503173828 273.111633301 18 378 4 14942
weispfenning94 0.757147789001 0.605264902115 7 105 9 30
wu90h 79.3915557861 40.5514068604 21 279 6 2380
wu90 6.50005292892 3.33143138885 17 227 4 663
