ahmlh inf inf inf inf inf inf
ahml inf inf inf inf inf inf
assur44 inf inf inf inf inf inf
aubry2 inf inf inf inf inf inf
berthh 2.63097596169 2.19311285019 11 521 35 55
berth 2.6604180336 2.2676024437 5 174 16 58
binomial_4_2_4_1 0.34946513176 0.24173116684 6 12 3 12
binomial_5_3_4_4 0.419867038727 0.313945770264 4 8 3 14
binomial_5_3_4_6 0.391843795776 0.285295009613 5 10 5 12
binomial_5_3_5_3 0.571006059647 0.45400428772 5 10 3 19
binomial_5_3_5_5 0.420253038406 0.32025551796 8 16 6 16
binomial_6_2_6_7 0.729944944382 0.597411155701 9 18 3 26
binomial_6_3_6_6 1.16476011276 1.00828123093 11 22 5 44
binomial_7_3_7_9 1.1747469902 1.02235245705 8 16 4 33
binomial_7_4_7_8 1.62919783592 1.45244526863 15 30 8 69
binomial_8_3_8_16 0.986082077026 0.832513332367 8 16 3 32
binomial_8_4_8_9 0.914971828461 0.790223360062 9 18 7 29
buchberger87 0.518144845963 0.413026809692 7 14 6 21
butcher8 inf inf inf inf inf inf
cohn3 inf inf inf inf inf inf
cyclicn2 0.204344034195 0.0945770740509 2 4 2 2
cyclicn3 0.199325084686 0.113249063492 3 8 3 3
cyclicn4 0.360064983368 0.255410909653 5 21 5 11
cyclicn5 928.797180176 904.002075195 18 206 11 1386
cyclicn6 inf inf inf inf inf inf
cyclicn7 inf inf inf inf inf inf
cyclicn8 inf inf inf inf inf inf
cyclicnh2 0.189380884171 0.096165895462 2 4 2 2
cyclicnh3 0.213099956512 0.123471021652 3 8 3 3
cyclicnh4 0.4018638134 0.29821062088 5 21 5 11
cyclicnh5 0.96522808075 0.828232288361 12 171 7 22
cyclicnh6 22.5658874512 21.7019939423 34 1540 9 95
cyclicnh7 inf inf inf inf inf inf
czapor87_1h 0.939309120178 0.780564069748 12 156 5 30
czapor87_2h 0.923590898514 0.765542984009 12 180 5 30
dessin1 58.9788246155 57.2995491028 39 1385 5 130
dl inf inf inf inf inf inf
ducos7_3 inf inf inf inf inf inf
ducos7_5 inf inf inf inf inf inf
econ2 0.171986103058 0.0819051265717 2 4 1 2
econ3 0.24670791626 0.130739212036 3 9 2 3
econ4 0.354193925858 0.260759115219 7 29 2 13
econ5 5.49900341034 5.14813375473 11 80 3 75
econ6 3.36827707291 3.08600473404 18 232 4 61
econ7 44.7795639038 43.4160346985 32 747 4 153
econ8 671.135803223 662.102416992 59 2704 5 342
econh2 0.18286895752 0.092719078064 2 4 2 2
econh3 0.248249053955 0.153607845306 4 11 4 5
econh4 1.54994106293 1.37579536438 10 45 7 40
econh5 1.53475904465 1.38419079781 15 104 7 37
econh6 14.1339511871 13.6893119812 28 346 9 94
econh7 162.176727295 160.041503906 51 1127 10 213
extcyc5h 39.5975723267 37.7910842896 41 3069 12 116
extcyc5 inf inf inf inf inf inf
extcyc6h inf inf inf inf inf inf
extcyc6 inf inf inf inf inf inf
fatemanh 0.36047410965 0.257830142975 4 67 7 7
fateman 0.347854137421 0.239278793335 4 67 7 7
fmtmdeh 0.465032100677 0.340092420578 5 10 5 28
fmtm_non_hom 0.209314107895 0.116181850433 3 6 4 4
fmtm 0.534814119339 0.421193599701 8 16 7 28
gerdt93 8.02586269379 7.43316173553 9 106 6 103
hemmecke 0.284876823425 0.190807104111 3 16 15 3
hfe_segers inf inf inf inf inf inf
ilias12 inf inf inf inf inf inf
ilias13h inf inf inf inf inf inf
ilias13 inf inf inf inf inf inf
ilias_k_2 inf inf inf inf inf inf
issac97 51.143951416 46.2895011902 12 180 5 622
jason210 10.3868017197 10.0738391876 16 51 20 122
joswig101-trimmed inf inf inf inf inf inf
katsuran2 0.184060811996 0.0968360900879 2 5 2 2
katsuran3 0.248600959778 0.15033197403 4 16 3 5
katsuran4 0.370239973068 0.266537189484 7 49 4 12
katsuran5 1.01140880585 0.850390672684 13 168 5 31
katsuran6 5.49223709106 4.97806453705 22 528 6 70
katsuran7 60.977771759 58.2210693359 41 1923 7 169
katsuranh2 0.194572925568 0.106654882431 2 5 2 2
katsuranh3 0.25988817215 0.167788028717 4 16 3 5
katsuranh4 0.452406167984 0.347821474075 7 49 4 12
katsuranh5 1.5901260376 1.4264087677 13 168 5 31
katsuranh6 9.83187770844 9.32636833191 22 528 6 70
lichtblau 0.794064998627 0.620724916458 8 260 7 23
liu 41.9259414673 40.1379432678 13 144 6 325
mckay inf inf inf inf inf inf
noon7 inf inf inf inf inf inf
noon8 inf inf inf inf inf inf
nya inf inf inf inf inf inf
r5_2_2_h 3.40816497803 3.13782143593 21 160 6 68
r5_2_2 3.34069991112 3.07639718056 21 160 6 68
r5_2_4_h 17.9529418945 17.2791347504 35 453 9 122
r5_2_4 inf inf inf inf inf inf
r5_2_6_h inf inf inf inf inf inf
r5_2_6 inf inf inf inf inf inf
r6_2_2_h 40.3434448242 39.2111473083 39 498 7 162
r6_2_2 41.3749351501 40.2154808044 39 498 7 162
r6_2_4_h inf inf inf inf inf inf
r6_2_4 inf inf inf inf inf inf
r6_2_6_h inf inf inf inf inf inf
r7_2_2_h 475.159454346 469.725067139 67 1487 8 339
r7_2_2 463.012451172 457.644500732 67 1487 8 339
r7_2_4_h inf inf inf inf inf inf
r7_2_6_h inf inf inf inf inf inf
r8_2_2_h inf inf inf inf inf inf
r8_2_2 inf inf inf inf inf inf
r8_2_4_h inf inf inf inf inf inf
redcyc6h inf inf inf inf inf inf
redcyc6 inf inf inf inf inf inf
redcyc7h inf inf inf inf inf inf
redcyc7 inf inf inf inf inf inf
reimer5h inf inf inf inf inf inf
reimer5 inf inf inf inf inf inf
reimer6h inf inf inf inf inf inf
reimer6 inf inf inf inf inf inf
reimer7h inf inf inf inf inf inf
reimer7 inf inf inf inf inf inf
roseh 0.809602975845 0.638500213623 4 57 10 25
rose 97.7687225342 88.2048950195 12 358 28 790
rpblh inf inf inf inf inf inf
rpbl inf inf inf inf inf inf
safey inf inf inf inf inf inf
schieleh 0.207707881927 0.1168217659 2 6 2 2
schiele 0.194665908813 0.105507850647 2 6 2 2
schrans_troost inf inf inf inf inf inf
sendrah 0.352687120438 0.240676641464 7 221 14 9
sendra 0.320576906204 0.20060133934 5 155 12 11
solotarevh 23.9078769684 20.8748016357 14 114 8 556
solotarev 0.274233818054 0.174366950989 5 19 2 6
sparsesym5h 17.7309436798 17.0564994812 35 193 29 251
sparsesym5 0.253205060959 0.181949138641 5 12 10 5
sym33 11.7887449265 10.3858261108 11 117 11 218
syz1 0.175499916077 0.0864329338074 2 4 2 2
trinks 0.686405897141 0.570514917374 7 44 3 10
uteshev_bikker 1.91980314255 1.63342928886 17 519 7 44
vermeer inf inf inf inf inf inf
virasoro inf inf inf inf inf inf
wang16h 127.295799255 123.463424683 28 920 9 454
wang16 56.3751716614 53.3701934814 17 405 7 406
weispfenning94 60.522983551 51.2408294678 23 1087 14 942
wu90h 1347.02209473 1301.97741699 29 412 7 3624
wu90 97.6327514648 89.9077835083 15 241 6 1249
