ahmlh inf inf inf inf inf inf
ahml inf inf inf inf inf inf
assur44 inf inf inf inf inf inf
aubry2 inf inf inf inf inf inf
berthh 6.06782388687 5.8226017952 20 911 37 30
berth inf inf inf inf inf inf
binomial_4_2_4_1 0.125629901886 0.0240790843964 6 12 3 12
binomial_5_3_4_4 0.218798160553 0.0999884605408 13 26 7 32
binomial_5_3_4_6 0.35195684433 0.19056391716 16 32 9 48
binomial_5_3_5_3 0.262935876846 0.123236656189 14 28 6 34
binomial_5_3_5_5 0.434550046921 0.281794309616 18 36 12 53
binomial_6_2_6_7 0.297759056091 0.15301156044 14 28 4 43
binomial_6_3_6_6 0.24847984314 0.117711544037 13 26 6 34
binomial_7_3_7_9 0.419383049011 0.250056028366 16 32 5 50
binomial_7_4_7_8 0.257240056992 0.117188215256 13 26 7 41
binomial_8_3_8_16 0.65890288353 0.454750537872 20 40 4 74
binomial_8_4_8_9 2.97808384895 2.62184333801 34 68 8 128
buchberger87 0.143825054169 0.0340383052826 6 12 4 11
butcher8 inf inf inf inf inf inf
cohn3 inf inf inf inf inf inf
cyclicn2 0.0985119342804 0.00564289093018 2 4 2 2
cyclicn3 0.104322195053 0.0118851661682 3 8 3 3
cyclicn4 0.154251098633 0.0472311973572 7 30 6 12
cyclicn5 101.745895386 100.936302185 24 293 8 134
cyclicn6 inf inf inf inf inf inf
cyclicn7 inf inf inf inf inf inf
cyclicn8 inf inf inf inf inf inf
cyclicnh2 0.102172851562 0.00899481773376 2 4 2 2
cyclicnh3 0.111652135849 0.0154740810394 3 8 3 3
cyclicnh4 0.156018018723 0.04634308815 7 30 6 12
cyclicnh5 51.2175941467 50.5287246704 41 572 13 122
cyclicnh6 inf inf inf inf inf inf
cyclicnh7 inf inf inf inf inf inf
czapor87_1h 0.655720949173 0.467473983765 12 156 5 30
czapor87_2h 0.677409172058 0.497768640518 12 180 5 30
dessin1 inf inf inf inf inf inf
dl inf inf inf inf inf inf
ducos7_3 inf inf inf inf inf inf
ducos7_5 inf inf inf inf inf inf
econ2 0.100864171982 0.00454115867615 2 4 1 2
econ3 0.108685016632 0.0111222267151 3 9 2 3
econ4 0.242169141769 0.120717287064 4 20 4 18
econ5 2.42175579071 2.21571564674 5 45 8 36
econ6 14.6886291504 14.2646818161 16 232 4 65
econ7 inf inf inf inf inf inf
econ8 inf inf inf inf inf inf
econh2 0.101558208466 0.00888085365295 2 4 2 2
econh3 0.12647819519 0.0194120407104 4 11 4 5
econh4 0.186141014099 0.0703544616699 8 34 5 14
econh5 1.63338398933 1.43309521675 19 138 8 52
econh6 90.8979721069 89.7756118774 43 578 18 165
econh7 495.352600098 492.36831665 54 1221 8 225
extcyc5h inf inf inf inf inf inf
extcyc5 inf inf inf inf inf inf
extcyc6h inf inf inf inf inf inf
extcyc6 inf inf inf inf inf inf
fatemanh 14.3937606812 13.9803152084 26 966 14 60
fateman 10.8661346436 10.5034008026 26 966 14 60
fmtmdeh inf inf inf inf inf inf
fmtm_non_hom inf inf inf inf inf inf
fmtm 0.140881061554 0.0353851318359 8 16 8 15
gerdt93 0.420449018478 0.269600391388 10 139 7 21
hemmecke 0.394520998001 0.272082567215 10 115 25 21
hfe_segers 160.055984497 156.453735352 47 204 4 302
ilias12 inf inf inf inf inf inf
ilias13h inf inf inf inf inf inf
ilias13 inf inf inf inf inf inf
ilias_k_2 inf inf inf inf inf inf
issac97 8.75969314575 8.40853309631 10 170 7 54
jason210 inf inf inf inf inf inf
joswig101-trimmed inf inf inf inf inf inf
katsuran2 0.101088047028 0.00768876075745 2 5 2 2
katsuran3 0.130115032196 0.0334389209747 3 13 4 7
katsuran4 0.637046098709 0.490923166275 5 38 7 20
katsuran5 14.8151550293 14.3931531906 11 166 8 54
katsuran6 inf inf inf inf inf inf
katsuran7 inf inf inf inf inf inf
katsuranh2 0.101518154144 0.0106167793274 2 5 2 2
katsuranh3 0.122219800949 0.0220189094543 4 16 3 5
katsuranh4 0.19654417038 0.0788798332214 7 44 4 12
katsuranh5 1.00265598297 0.807996511459 13 170 5 31
katsuranh6 72.5790557861 71.3602752686 34 903 8 125
lichtblau inf inf inf inf inf inf
liu 8.44131374359 8.08384132385 27 334 12 91
mckay inf inf inf inf inf inf
noon7 inf inf inf inf inf inf
noon8 inf inf inf inf inf inf
nya inf inf inf inf inf inf
r5_2_2_h 1.74989914894 1.43044996262 22 171 6 71
r5_2_2 1.85996198654 1.49947333336 22 171 6 71
r5_2_4_h 16.592414856 15.6744127274 38 506 9 134
r5_2_4 inf inf inf inf inf inf
r5_2_6_h inf inf inf inf inf inf
r5_2_6 inf inf inf inf inf inf
r6_2_2_h 47.0152931213 45.2038383484 45 591 7 187
r6_2_2 47.7196464539 45.8953666687 45 591 7 187
r6_2_4_h inf inf inf inf inf inf
r6_2_4 inf inf inf inf inf inf
r6_2_6_h inf inf inf inf inf inf
r7_2_2_h 469.736206055 463.144561768 70 1595 8 354
r7_2_2 461.548095703 454.944641113 70 1595 8 354
r7_2_4_h inf inf inf inf inf inf
r7_2_6_h inf inf inf inf inf inf
r8_2_2_h inf inf inf inf inf inf
r8_2_2 inf inf inf inf inf inf
r8_2_4_h inf inf inf inf inf inf
redcyc6h inf inf inf inf inf inf
redcyc6 inf inf inf inf inf inf
redcyc7h inf inf inf inf inf inf
redcyc7 inf inf inf inf inf inf
reimer5h inf inf inf inf inf inf
reimer5 inf inf inf inf inf inf
reimer6h inf inf inf inf inf inf
reimer6 inf inf inf inf inf inf
reimer7h inf inf inf inf inf inf
reimer7 inf inf inf inf inf inf
roseh 5.90005683899 5.59831619263 24 703 19 58
rose inf inf inf inf inf inf
rpblh inf inf inf inf inf inf
rpbl inf inf inf inf inf inf
safey inf inf inf inf inf inf
schieleh 0.102638959885 0.0111501216888 2 6 2 2
schiele 0.105119943619 0.00989484786987 2 6 2 2
schrans_troost inf inf inf inf inf inf
sendrah 0.288149118423 0.171044826508 7 221 14 9
sendra 0.485836982727 0.361543893814 7 249 14 13
solotarevh 0.211349010468 0.0911555290222 9 43 5 21
solotarev inf inf inf inf inf inf
sparsesym5h 0.281151771545 0.15239405632 11 38 23 31
sparsesym5 0.124114990234 0.0243449211121 5 12 10 5
sym33 0.46027803421 0.31734085083 11 118 12 21
syz1 0.0992748737335 0.00579595565796 2 4 2 2
trinks 2.12579607964 1.90703749657 16 151 6 39
uteshev_bikker 4.00599002838 3.66190123558 18 551 7 47
vermeer inf inf inf inf inf inf
virasoro inf inf inf inf inf inf
wang16h 253.139312744 250.609100342 61 1657 16 206
wang16 inf inf inf inf inf inf
weispfenning94 14.1510353088 13.7769603729 26 743 14 60
wu90h 16.2655773163 15.556230545 29 414 7 101
wu90 6.14988327026 5.78164339066 19 249 3 71
