ahmlh inf inf inf inf inf inf
ahml 869.266540527 44.5087776184 30 5709 15 12601
assur44 inf inf inf inf inf inf
aubry2 656.184814453 95.4710922241 79 7215 6 1013
berthh 579.981201172 29.8486118317 52 3464 42 23365
berth 1.03443002701 0.879926204681 3 111 26 16
binomial_4_2_4_1 0.402632951736 0.305910825729 4 8 2 9
binomial_5_3_4_4 0.393066883087 0.290101051331 4 8 3 8
binomial_5_3_4_6 0.351547002792 0.255886793137 4 8 3 5
binomial_5_3_5_3 0.552690029144 0.441725730896 6 12 5 14
binomial_5_3_5_5 0.438869953156 0.341839075089 5 10 3 7
binomial_6_2_6_7 0.643512964249 0.518822193146 7 14 3 21
binomial_6_3_6_6 0.762332201004 0.633141756058 7 14 5 28
binomial_7_3_7_9 0.849879026413 0.700143098831 7 14 3 51
binomial_7_4_7_8 5.25170707703 2.72058868408 9 18 7 1723
binomial_8_3_8_16 2.10118198395 1.64593911171 8 16 3 168
binomial_8_4_8_9 1.18365716934 0.986216783524 9 18 7 74
buchberger87 0.531196117401 0.417586088181 4 8 3 19
butcher8 343.593505859 26.3932533264 30 722 6 3803
cohn3 inf inf inf inf inf inf
cyclicn2 0.226505041122 0.125866889954 2 4 2 2
cyclicn3 0.266978979111 0.174526929855 3 8 3 3
cyclicn4 0.374178886414 0.280227184296 5 21 5 8
cyclicn5 inf inf inf inf inf inf
cyclicn6 84.4176483154 18.6916542053 24 466 31 1251
cyclicn7 inf inf inf inf inf inf
cyclicn8 inf inf inf inf inf inf
cyclicnh2 0.266448020935 0.156154155731 2 4 2 2
cyclicnh3 0.27207493782 0.17925786972 3 8 3 3
cyclicnh4 0.404232025146 0.303263425827 4 17 4 6
cyclicnh5 0.79740190506 0.660732984543 5 53 5 18
cyclicnh6 9.90482139587 5.39514255524 29 1408 9 802
cyclicnh7 inf inf inf inf inf inf
czapor87_1h 9.60558700562 3.15384554863 13 170 6 1710
czapor87_2h 3.06763601303 1.96253299713 12 180 5 231
dessin1 7.11106920242 3.93460345268 20 772 15 275
dl inf inf inf inf inf inf
ducos7_3 1364.47790527 261.271209717 80 8634 6 1270
ducos7_5 inf inf inf inf inf inf
econ2 0.253746986389 0.124052047729 2 4 1 2
econ3 0.271461009979 0.177556037903 3 9 2 3
econ4 0.703377008438 0.568609714508 7 29 2 39
econ5 5.53194999695 2.78917360306 10 65 3 454
econ6 34.6801338196 10.0468502045 9 153 6 1512
econ7 3.74392104149 2.56475114822 28 780 5 118
econ8 16.1125679016 6.86281013489 59 2704 5 342
econh2 0.227751016617 0.13229393959 2 4 2 2
econh3 0.346908092499 0.247341156006 4 11 4 5
econh4 0.449627876282 0.352460384369 5 21 4 7
econh5 2.98079681396 1.89020681381 13 99 6 297
econh6 44.143321991 8.01594161987 15 156 6 3484
econh7 inf inf inf inf inf inf
extcyc5h 7.80292415619 4.36980628967 45 3418 14 177
extcyc5 inf inf inf inf inf inf
extcyc6h 577.34375 70.6298217773 198 65556 20 2023
extcyc6 inf inf inf inf inf inf
fatemanh 56.1428108215 12.8834486008 47 2094 19 2548
fateman 68.246673584 12.5990800858 16 798 11 5296
fmtmdeh 1.1159260273 0.941535711288 8 16 5 58
fmtm_non_hom 0.218354940414 0.127236127853 2 4 4 2
fmtm 0.503231048584 0.397246599197 6 12 8 11
gerdt93 0.420240163803 0.323309183121 5 25 5 8
hemmecke 0.373453855515 0.265209913254 3 16 15 3
hfe_segers inf inf inf inf inf inf
ilias12 inf inf inf inf inf inf
ilias13h inf inf inf inf inf inf
ilias13 inf inf inf inf inf inf
ilias_k_2 inf inf inf inf inf inf
issac97 0.836841821671 0.681001424789 12 180 5 30
jason210 inf inf inf inf inf inf
joswig101-trimmed inf inf inf inf inf inf
katsuran2 0.228116035461 0.129626989365 2 5 2 2
katsuran3 0.348006010056 0.246507167816 4 16 3 5
katsuran4 0.644309043884 0.530661344528 7 55 4 16
katsuran5 2.34207320213 1.73223590851 14 214 5 109
katsuran6 2.85630893707 1.95730257034 24 584 6 96
katsuran7 10.3687009811 4.35942459106 47 2490 7 220
katsuranh2 0.245874881744 0.156601190567 2 5 2 2
katsuranh3 0.447560071945 0.335472822189 4 14 3 6
katsuranh4 0.572474002838 0.467957258224 7 49 4 12
katsuranh5 5.4818687439 3.31377482414 15 200 6 280
katsuranh6 1.95539903641 1.4510781765 22 528 6 70
lichtblau 0.404985904694 0.304244995117 3 51 9 6
liu 12.2208127975 3.98661327362 10 70 4 2076
mckay inf inf inf inf inf inf
noon7 inf inf inf inf inf inf
noon8 inf inf inf inf inf inf
nya inf inf inf inf inf inf
r5_2_2_h 1.64546704292 1.37129282951 21 160 6 68
r5_2_2 1.59918999672 1.32328677177 21 160 6 68
r5_2_4_h 3.03646206856 2.32991814613 35 453 9 122
r5_2_4 inf inf inf inf inf inf
r5_2_6_h 312.620513916 52.1638679504 225 21205 19 3359
r5_2_6 inf inf inf inf inf inf
r6_2_2_h 5.89088916779 3.6651995182 41 526 7 230
r6_2_2 5.10898685455 3.53503251076 40 514 7 173
r6_2_4_h 357.375030518 36.2996368408 152 8725 13 2762
r6_2_4 inf inf inf inf inf inf
r6_2_6_h inf inf inf inf inf inf
r7_2_2_h 10.9612445831 5.42060756683 67 1487 8 339
r7_2_2 17.5124778748 6.92228126526 78 1813 8 434
r7_2_4_h 212.39956665 40.493473053 249 23533 14 1379
r7_2_6_h inf inf inf inf inf inf
r8_2_2_h 316.033569336 31.6907234192 163 6710 9 2024
r8_2_2 74.6901016235 14.893037796 138 5807 9 862
r8_2_4_h inf inf inf inf inf inf
redcyc6h 11.4249458313 3.93454623222 14 833 18 676
redcyc6 375.563812256 34.12915802 19 431 6 2414
redcyc7h inf inf inf inf inf inf
redcyc7 inf inf inf inf inf inf
reimer5h inf inf inf inf inf inf
reimer5 inf inf inf inf inf inf
reimer6h inf inf inf inf inf inf
reimer6 inf inf inf inf inf inf
reimer7h inf inf inf inf inf inf
reimer7 inf inf inf inf inf inf
roseh 4.29792499542 2.90482831001 6 106 14 374
rose 64.5186767578 13.7973833084 17 467 10 2175
rpblh inf inf inf inf inf inf
rpbl 1165.85424805 49.6450881958 72 3828 15 9782
safey inf inf inf inf inf inf
schieleh 0.230470895767 0.13888669014 2 6 2 2
schiele 0.247215032578 0.152940034866 2 6 2 2
schrans_troost 307.56237793 29.6214237213 125 25098 13 1353
sendrah 0.235090970993 0.141917943954 2 26 7 2
sendra 1.87833619118 1.47583007812 6 186 11 87
solotarevh 0.905719995499 0.763545036316 8 44 5 29
solotarev 0.690893173218 0.548886060715 5 19 2 34
sparsesym5h 1.81114292145 1.53170418739 6 16 18 182
sparsesym5 0.399503946304 0.301609277725 5 12 10 5
sym33 1.17708778381 0.97761297226 6 25 8 63
syz1 0.22696685791 0.132236242294 2 4 2 2
trinks 10.1860237122 4.3047504425 16 150 7 1094
uteshev_bikker 13.6985778809 5.39229869843 17 518 7 862
vermeer 1.57755589485 1.22449851036 12 104 7 125
virasoro 271.977630615 24.1667346954 152 25407 8 1156
wang16h 301.339569092 16.8619251251 26 808 9 24869
wang16 32.7955360413 7.22786140442 12 247 8 3071
weispfenning94 0.935389995575 0.76122713089 6 93 9 27
wu90h inf inf inf inf inf inf
wu90 0.902210950851 0.737839221954 12 147 6 28
