ahmlh 128.994735718 102.911750793 81 21856 16 262
ahml 47.4056930542 33.1120910645 47 12554 16 195
assur44 inf inf inf inf inf inf
aubry2 inf inf inf inf inf inf
berthh 1.82289910316 1.55505299568 17 795 36 24
berth 0.376607894897 0.162972211838 3 111 26 12
binomial_4_2_4_1 0.353631973267 0.178683757782 4 8 2 6
binomial_5_3_4_4 0.373164892197 0.210089206696 4 8 3 6
binomial_5_3_4_6 0.42352104187 0.264359235764 5 10 5 8
binomial_5_3_5_3 0.693859815598 0.51899766922 6 12 5 13
binomial_5_3_5_5 0.479578018188 0.338846206665 5 10 3 7
binomial_6_2_6_7 1.19039511681 1.02375817299 6 12 2 10
binomial_6_3_6_6 1.27825188637 1.09201788902 6 12 3 14
binomial_7_3_7_9 2.51175808907 2.33114886284 7 14 3 23
binomial_7_4_7_8 1.87873196602 1.65477013588 13 26 7 43
binomial_8_3_8_16 4.93074131012 4.74701690674 8 16 3 25
binomial_8_4_8_9 5.27232265472 5.11459827423 9 18 7 31
buchberger87 0.315857887268 0.157784223557 6 12 4 11
butcher8 inf inf inf inf inf inf
cohn3 inf inf inf inf inf inf
cyclicn2 0.197556018829 0.0466909408569 2 4 2 2
cyclicn3 0.232476949692 0.0868489742279 3 8 3 3
cyclicn4 0.447125911713 0.273048877716 6 24 8 18
cyclicn5 4.70861005783 3.97665500641 16 170 11 106
cyclicn6 394.913146973 378.409088135 18 343 48 418
cyclicn7 inf inf inf inf inf inf
cyclicn8 inf inf inf inf inf inf
cyclicnh2 0.201146125793 0.0614151954651 2 4 2 2
cyclicnh3 0.271142959595 0.116769313812 3 8 3 3
cyclicnh4 0.447353839874 0.277795791626 4 17 4 8
cyclicnh5 1.69812393188 1.44280409813 11 156 7 24
cyclicnh6 23.14179039 20.2026252747 58 1654 15 197
cyclicnh7 699.98034668 629.255859375 135 36331 15 547
czapor87_1h 1.16783499718 0.875597000122 16 216 6 46
czapor87_2h 1.09273600578 0.854714870453 14 214 6 38
dessin1 22.0115566254 20.71301651 26 984 8 108
dl inf inf inf inf inf inf
ducos7_3 inf inf inf inf inf inf
ducos7_5 inf inf inf inf inf inf
econ2 0.191738843918 0.0367949008942 2 4 1 2
econ3 0.221592903137 0.0785717964172 3 9 2 3
econ4 0.414187192917 0.250995874405 4 20 4 10
econ5 1.21619701385 1.01356077194 6 48 6 16
econ6 3.64737606049 3.27573156357 10 170 7 50
econ7 347.101013184 336.971405029 10 330 16 211
econ8 inf inf inf inf inf inf
econh2 0.21328496933 0.0628840923309 2 4 2 2
econh3 0.322596073151 0.172104120255 5 16 5 8
econh4 0.675899028778 0.514890909195 8 90 5 15
econh5 1.91461086273 1.67158198357 13 339 6 31
econh6 7.45545101166 6.93444347382 18 259 6 57
econh7 102.174354553 96.5249099731 62 1965 10 284
extcyc5h 9.20060539246 7.4921746254 33 2442 12 96
extcyc5 inf inf inf inf inf inf
extcyc6h inf inf inf inf inf inf
extcyc6 inf inf inf inf inf inf
fatemanh 1.23492598534 0.844221830368 20 753 12 44
fateman 1.21355009079 0.86678647995 20 753 12 44
fmtmdeh 0.284554958344 0.117173671722 5 10 13 12
fmtm_non_hom 0.195901870728 0.0600550174713 2 4 4 2
fmtm 0.397125959396 0.216186523438 14 28 15 34
gerdt93 0.897570133209 0.680484056473 8 85 7 18
hemmecke 0.62144112587 0.478806972504 3 34 15 3
hfe_segers inf inf inf inf inf inf
ilias12 inf inf inf inf inf inf
ilias13h inf inf inf inf inf inf
ilias13 inf inf inf inf inf inf
ilias_k_2 inf inf inf inf inf inf
issac97 0.945537090302 0.661153078079 10 170 8 36
jason210 inf inf inf inf inf inf
joswig101-trimmed inf inf inf inf inf inf
katsuran2 0.19216799736 0.0486221313477 2 6 2 2
katsuran3 0.241912126541 0.0950570106506 4 19 3 5
katsuran4 0.475306987762 0.291553735733 5 45 6 14
katsuran5 1.57307195663 1.18027281761 11 176 9 44
katsuran6 5.08759498596 4.49949455261 21 491 6 66
katsuran7 735.27722168 717.116271973 12 780 29 290
katsuranh2 0.220763921738 0.078271150589 2 5 2 2
katsuranh3 0.312392950058 0.167673826218 3 9 2 3
katsuranh4 0.686686038971 0.505689144135 8 47 4 15
katsuranh5 2.22169280052 1.88002753258 16 189 7 46
katsuranh6 7.86828613281 7.16091060638 23 537 6 74
lichtblau 0.249179124832 0.0877330303192 2 22 11 2
liu 1.67935609818 1.48693799973 10 88 5 24
mckay inf inf inf inf inf inf
noon7 inf inf inf inf inf inf
noon8 inf inf inf inf inf inf
nya inf inf inf inf inf inf
r5_2_2_h 1.80399799347 1.41353726387 22 166 6 72
r5_2_2 1.78416109085 1.40430569649 22 166 6 72
r5_2_4_h 3.61702299118 2.80038142204 35 453 9 124
r5_2_4 inf inf inf inf inf inf
r5_2_6_h inf inf inf inf inf inf
r5_2_6 inf inf inf inf inf inf
r6_2_2_h 8.39959716797 7.05529117584 39 498 7 163
r6_2_2 8.32942390442 7.00178337097 39 498 7 163
r6_2_4_h 1393.49255371 1306.79577637 199 12216 13 922
r6_2_4 inf inf inf inf inf inf
r6_2_6_h inf inf inf inf inf inf
r7_2_2_h 49.0783157349 43.1965751648 67 1487 8 341
r7_2_2 45.3025970459 40.0857543945 67 1487 8 341
r7_2_4_h inf inf inf inf inf inf
r7_2_6_h inf inf inf inf inf inf
r8_2_2_h inf inf inf inf inf inf
r8_2_2 inf inf inf inf inf inf
r8_2_4_h inf inf inf inf inf inf
redcyc6h 465.152679443 441.935638428 137 5615 27 545
redcyc6 644.630432129 628.0546875 17 383 12 296
redcyc7h inf inf inf inf inf inf
redcyc7 inf inf inf inf inf inf
reimer5h inf inf inf inf inf inf
reimer5 inf inf inf inf inf inf
reimer6h inf inf inf inf inf inf
reimer6 inf inf inf inf inf inf
reimer7h inf inf inf inf inf inf
reimer7 inf inf inf inf inf inf
roseh 1.80328392982 1.24066877365 33 1070 20 84
rose 1.82395505905 1.38237118721 14 428 21 64
rpblh inf inf inf inf inf inf
rpbl inf inf inf inf inf inf
safey inf inf inf inf inf inf
schieleh 0.249294996262 0.112639904022 2 7 2 2
schiele 0.219621896744 0.0684928894043 2 6 2 2
schrans_troost inf inf inf inf inf inf
sendrah 0.258418083191 0.110816001892 2 26 7 2
sendra 0.347183942795 0.142911195755 5 235 19 16
solotarevh 0.675145149231 0.486132144928 8 43 5 18
solotarev 0.269848108292 0.125719308853 5 24 4 7
sparsesym5h 1.16633105278 0.986013174057 6 16 18 16
sparsesym5 0.637932062149 0.480552911758 5 12 10 6
sym33 0.546076059341 0.361293792725 11 127 12 23
syz1 0.175405979156 0.0366868972778 2 4 2 2
trinks 6.32462882996 5.84936285019 24 291 10 73
uteshev_bikker 6.44651699066 4.85363769531 41 1396 10 135
vermeer 1.21239304543 0.857938289642 11 171 5 46
virasoro inf inf inf inf inf inf
wang16h 9.53512477875 7.554728508 49 1577 13 163
wang16 2.44079589844 1.94023752213 12 280 8 62
weispfenning94 0.779942989349 0.495020627975 15 523 12 34
wu90h 6.49780082703 5.52935218811 29 438 17 118
wu90 1.28584504128 1.06013822556 8 103 7 15
