ahmlh 140.867721558 19.686958313 148 49852 20 584
ahml 34.9567070007 1.91878795624 53 19097 17 297
assur44 225.953231812 76.2365722656 31 1659 18 704
aubry2 inf inf inf inf inf inf
berthh 18.1029129028 7.52745389938 51 37461 42 99
berth 0.36985206604 0.185479402542 3 111 26 12
binomial_4_2_4_1 0.194091796875 0.0741765499115 6 12 3 12
binomial_5_3_4_4 0.20513510704 0.0835130214691 5 10 4 7
binomial_5_3_4_6 0.161370992661 0.0651526451111 5 10 5 8
binomial_5_3_5_3 0.246492147446 0.116574764252 14 28 7 34
binomial_5_3_5_5 0.185219049454 0.0765976905823 7 14 4 13
binomial_6_2_6_7 0.35173201561 0.156400680542 18 36 6 61
binomial_6_3_6_6 0.289911985397 0.144246339798 16 32 7 46
binomial_7_3_7_9 0.197078943253 0.0829522609711 8 16 4 24
binomial_7_4_7_8 0.233357906342 0.101849079132 9 18 7 27
binomial_8_3_8_16 0.23846578598 0.101533889771 13 26 4 46
binomial_8_4_8_9 0.214308023453 0.0960593223572 9 18 7 31
buchberger87 0.167334079742 0.0653121471405 4 8 4 6
butcher8 inf inf inf inf inf inf
cohn3 60.1161003113 2.81785225868 76 14926 10 470
cyclicn2 0.140632152557 0.0377781391144 2 4 2 2
cyclicn3 0.174358129501 0.0621991157532 3 8 3 3
cyclicn4 0.189661026001 0.0835990905762 5 21 5 8
cyclicn5 0.991339206696 0.426246166229 14 134 15 89
cyclicn6 12.414680481 1.37125992775 19 336 48 348
cyclicn7 inf inf inf inf inf inf
cyclicn8 inf inf inf inf inf inf
cyclicnh2 0.142285823822 0.0456418991089 2 4 2 2
cyclicnh3 0.149301052094 0.0509967803955 3 8 3 3
cyclicnh4 0.179264068604 0.0677328109741 4 15 4 5
cyclicnh5 0.631942987442 0.373602151871 21 298 12 49
cyclicnh6 4.15883398056 1.16898345947 59 1739 14 193
cyclicnh7 467.119110107 321.013916016 199 45762 16 819
czapor87_1h 0.578857898712 0.329017162323 17 231 6 49
czapor87_2h 0.820021867752 0.462975025177 20 316 5 60
dessin1 1.87599897385 0.602653503418 29 991 8 96
dl inf inf inf inf inf inf
ducos7_3 inf inf inf inf inf inf
ducos7_5 inf inf inf inf inf inf
econ2 0.126413106918 0.0295946598053 2 4 1 2
econ3 0.140242099762 0.0448958873749 3 9 2 3
econ4 0.193104982376 0.0780889987946 5 22 3 12
econ5 0.283617019653 0.141167163849 6 48 6 17
econ6 1.2379360199 0.554172277451 6 102 16 57
econ7 2.18366098404 0.611215114594 16 467 9 106
econ8 26.4577846527 2.6931552887 13 845 26 281
econh2 0.140027999878 0.0434539318085 2 4 2 2
econh3 0.178333997726 0.0728540420532 4 11 4 5
econh4 0.191256046295 0.0827946662903 4 14 3 5
econh5 0.416567087173 0.221227407455 13 120 6 31
econh6 0.728177070618 0.29992556572 19 350 6 55
econh7 2.87358212471 0.885881185532 42 1033 7 173
extcyc5h 6.28012704849 2.7852845192 57 4485 15 176
extcyc5 110.651954651 6.24568128586 21 1218 85 922
extcyc6h 506.406219482 225.411148071 241 77033 20 1007
extcyc6 inf inf inf inf inf inf
fatemanh 4.86080598831 1.16406083107 78 3639 36 216
fateman 2.78390216827 0.890209197998 56 3294 22 148
fmtmdeh 0.21591091156 0.0834431648254 5 10 13 12
fmtm_non_hom 0.137692928314 0.0416009426117 2 4 4 2
fmtm 0.20732998848 0.090512752533 6 12 7 11
gerdt93 0.304509162903 0.160350322723 6 58 6 10
hemmecke 0.280070066452 0.137445926666 4 15 15 5
hfe_segers 5.84012317657 1.65894603729 55 228 5 331
ilias12 inf inf inf inf inf inf
ilias13h inf inf inf inf inf inf
ilias13 inf inf inf inf inf inf
ilias_k_2 382.036865234 6.04837799072 95 12939 8 1333
issac97 0.656147956848 0.326675653458 5 85 14 40
jason210 inf inf inf inf inf inf
joswig101-trimmed inf inf inf inf inf inf
katsuran2 0.143559932709 0.0395810604095 2 6 2 2
katsuran3 0.157737970352 0.0543937683105 4 19 3 5
katsuran4 0.229387998581 0.108881950378 7 55 4 12
katsuran5 0.529695034027 0.309092760086 14 194 5 34
katsuran6 3.51401209831 0.951814651489 12 396 8 97
katsuran7 17.8332118988 6.22971343994 29 1857 10 240
katsuranh2 0.152805089951 0.0538470745087 2 6 2 2
katsuranh3 0.22344493866 0.0909152030945 4 18 3 5
katsuranh4 0.392781019211 0.22695183754 11 82 6 23
katsuranh5 0.927733898163 0.550417423248 24 303 11 75
katsuranh6 20.3462219238 15.532869339 66 2017 27 287
lichtblau 0.149464130402 0.0482249259949 2 23 11 2
liu 0.327508926392 0.173689365387 10 76 4 24
mckay 1450.38110352 34.0912284851 17 1057 35 1081
noon7 inf inf inf inf inf inf
noon8 inf inf inf inf inf inf
nya 1425.66723633 33.5850639343 17 1057 35 1081
r5_2_2_h 0.820446968079 0.467492103577 22 171 6 71
r5_2_2 0.735078811646 0.378126144409 22 171 6 71
r5_2_4_h 1.61716604233 0.776424407959 37 499 9 128
r5_2_4 inf inf inf inf inf inf
r5_2_6_h 113.432922363 26.3073539734 243 24301 19 906
r5_2_6 inf inf inf inf inf inf
r6_2_2_h 2.56446886063 1.16526794434 41 535 7 169
r6_2_2 2.626527071 1.22449970245 41 535 7 169
r6_2_4_h 234.461990356 191.132064819 160 9550 13 724
r6_2_4 inf inf inf inf inf inf
r6_2_6_h inf inf inf inf inf inf
r7_2_2_h 13.8952913284 6.25483608246 71 1631 8 359
r7_2_2 13.2377901077 5.84582996368 71 1631 8 359
r7_2_4_h 806.200256348 461.684051514 320 35127 14 1732
r7_2_6_h inf inf inf inf inf inf
r8_2_2_h 77.5465240479 25.3199272156 139 5920 9 842
r8_2_2 79.574005127 26.0957698822 139 5919 9 842
r8_2_4_h inf inf inf inf inf inf
redcyc6h 23.3219146729 9.9290599823 89 6673 16 322
redcyc6 42.1292037964 3.42366576195 21 473 42 428
redcyc7h inf inf inf inf inf inf
redcyc7 inf inf inf inf inf inf
reimer5h 591.011962891 385.164306641 228 67293 20 964
reimer5 46.4607505798 4.95310211182 51 4236 8 408
reimer6h inf inf inf inf inf inf
reimer6 inf inf inf inf inf inf
reimer7h inf inf inf inf inf inf
reimer7 inf inf inf inf inf inf
roseh 1.0079369545 0.789295434952 15 413 19 32
rose 1.83558702469 0.726706266403 8 247 46 90
rpblh inf inf inf inf inf inf
rpbl 294.964294434 139.757904053 55 7789 30 658
safey inf inf inf inf inf inf
schieleh 0.183098077774 0.0606758594513 2 7 2 2
schiele 0.137322902679 0.0406060218811 2 6 2 2
schrans_troost 164.528213501 7.28750610352 83 9105 22 923
sendrah 0.924851894379 0.780733585358 10 360 15 14
sendra 0.248151063919 0.132993221283 6 185 13 7
solotarevh 0.288323879242 0.145934104919 9 51 6 19
solotarev 0.18537902832 0.069766998291 5 24 4 8
sparsesym5h 0.299385070801 0.158913135529 6 16 18 16
sparsesym5 0.187625169754 0.0764338970184 5 12 10 5
sym33 0.276221036911 0.152423143387 8 33 10 17
syz1 0.12952709198 0.03071808815 2 4 2 2
trinks 0.406840085983 0.220915794373 13 117 5 29
uteshev_bikker 1.58304810524 1.2037115097 19 587 7 50
vermeer 463.670166016 63.2285003662 15 4018 24 615
virasoro 184.171386719 8.01062679291 83 9105 22 923
wang16h 1.82521796227 0.671357393265 40 1223 11 126
wang16 1.31136012077 0.681816101074 5 105 13 75
weispfenning94 0.681841850281 0.304430961609 24 716 12 53
wu90h 0.857064008713 0.349623918533 23 342 7 78
wu90 0.815670013428 0.339312314987 6 102 15 57
