ahmlh inf inf inf inf inf inf
ahml 105.443870544 73.1594467163 85 20590 15 290
assur44 1102.12036133 1026.36743164 65 3442 5 688
aubry2 inf inf inf inf inf inf
berthh 35.3538665771 30.5246067047 86 7195 44 189
berth 10.6823501587 8.47655582428 16 1306 10 101
binomial_4_2_4_1 0.194800853729 0.0964269638062 6 12 3 12
binomial_5_3_4_4 0.367355108261 0.259207963943 11 22 7 27
binomial_5_3_4_6 0.655208826065 0.528013706207 16 32 9 49
binomial_5_3_5_3 0.490354061127 0.353960514069 12 24 6 27
binomial_5_3_5_5 1.89604401588 1.74169778824 20 40 9 55
binomial_6_2_6_7 0.539470911026 0.417291641235 12 24 4 34
binomial_6_3_6_6 0.681425094604 0.530319929123 13 26 6 34
binomial_7_3_7_9 0.721078157425 0.583735942841 14 28 5 42
binomial_7_4_7_8 1.03136396408 0.879493713379 17 34 8 59
binomial_8_3_8_16 2.83328819275 2.64983797073 20 40 4 74
binomial_8_4_8_9 1.74374198914 1.6122713089 18 36 7 60
buchberger87 0.278832912445 0.180447101593 8 16 6 17
butcher8 655.567138672 631.547607422 35 941 6 384
cohn3 334.573242188 290.127685547 83 15900 9 436
cyclicn2 0.144742012024 0.0542311668396 2 4 2 2
cyclicn3 0.161683082581 0.0654699802399 3 8 3 4
cyclicn4 0.227365016937 0.125337600708 7 29 6 13
cyclicn5 50.0593605042 49.1801147461 25 298 8 141
cyclicn6 665.135070801 644.688110352 21 408 48 501
cyclicn7 inf inf inf inf inf inf
cyclicn8 inf inf inf inf inf inf
cyclicnh2 0.145091056824 0.0581169128418 2 4 2 2
cyclicnh3 0.165992021561 0.0745680332184 3 8 3 4
cyclicnh4 0.25766992569 0.152765274048 7 29 6 13
cyclicnh5 10.6195039749 9.70980739594 46 569 13 141
cyclicnh6 20.6476325989 17.9931697845 52 1878 10 162
cyclicnh7 inf inf inf inf inf inf
czapor87_1h 3.18284392357 2.90296220779 15 199 5 49
czapor87_2h 3.37963104248 3.08065271378 15 229 5 49
dessin1 12.8000822067 10.4642105103 40 1472 5 138
dl inf inf inf inf inf inf
ducos7_3 inf inf inf inf inf inf
ducos7_5 inf inf inf inf inf inf
econ2 0.151854038239 0.0538721084595 2 4 1 2
econ3 0.148734807968 0.061173915863 3 9 2 3
econ4 0.208645105362 0.110865354538 7 29 2 13
econ5 0.590085029602 0.459921360016 11 82 3 28
econ6 6.63049888611 5.62275791168 16 198 6 112
econ7 109.919830322 102.881629944 22 524 9 247
econ8 1242.64697266 1188.35754395 31 1590 18 574
econh2 0.185282945633 0.0791511535645 2 4 2 2
econh3 0.171833992004 0.0849828720093 4 13 4 6
econh4 0.290787935257 0.180734872818 7 36 5 13
econh5 3.38419795036 2.82846856117 18 171 8 80
econh6 15.214050293 13.0335464478 39 724 11 171
econh7 45.3847579956 36.31665802 53 2694 9 251
extcyc5h 71.2576065063 60.0230293274 73 5626 16 318
extcyc5 inf inf inf inf inf inf
extcyc6h inf inf inf inf inf inf
extcyc6 inf inf inf inf inf inf
fatemanh 7.23549842834 5.59260797501 34 1903 18 122
fateman 7.67732715607 5.75375747681 38 2179 20 134
fmtmdeh 0.204931020737 0.108358383179 8 16 5 15
fmtm_non_hom 0.153514862061 0.063570022583 4 8 6 6
fmtm 0.228313922882 0.127546787262 8 16 7 15
gerdt93 0.451503038406 0.325616359711 9 109 6 18
hemmecke 0.178050994873 0.08189702034 3 16 15 3
hfe_segers 28.4215373993 25.008934021 46 222 5 273
ilias12 inf inf inf inf inf inf
ilias13h inf inf inf inf inf inf
ilias13 inf inf inf inf inf inf
ilias_k_2 inf inf inf inf inf inf
issac97 1.52948379517 1.28628802299 14 212 5 45
jason210 inf inf inf inf inf inf
joswig101-trimmed inf inf inf inf inf inf
katsuran2 0.15100812912 0.0597589015961 2 5 2 2
katsuran3 0.177458047867 0.0817410945892 4 14 3 6
katsuran4 0.25692987442 0.149718284607 7 56 4 13
katsuran5 2.72649002075 2.21773147583 12 156 7 59
katsuran6 9.88088607788 8.1609582901 21 629 8 108
katsuran7 363.485870361 347.668945312 23 1345 12 232
katsuranh2 0.149251937866 0.0613708496094 2 5 2 2
katsuranh3 0.190401077271 0.0945916175842 4 14 3 6
katsuranh4 0.338536024094 0.223674058914 7 56 4 13
katsuranh5 6.4163236618 5.70179271698 24 301 9 91
katsuranh6 35.0523910522 30.3583698273 51 1399 13 228
lichtblau 1.03775501251 0.738189220428 11 494 7 39
liu 1.78969311714 1.62407588959 16 148 9 46
mckay inf inf inf inf inf inf
noon7 inf inf inf inf inf inf
noon8 inf inf inf inf inf inf
nya inf inf inf inf inf inf
r5_2_2_h 4.90260505676 4.29456043243 27 216 6 101
r5_2_2 4.86935710907 4.25696372986 27 216 6 101
r5_2_4_h 9.77866363525 8.57855224609 37 499 9 154
r5_2_4 inf inf inf inf inf inf
r5_2_6_h inf inf inf inf inf inf
r5_2_6 inf inf inf inf inf inf
r6_2_2_h 32.6012992859 29.4216785431 51 698 7 227
r6_2_2 30.9948883057 27.8039283752 51 698 7 227
r6_2_4_h inf inf inf inf inf inf
r6_2_4 inf inf inf inf inf inf
r6_2_6_h inf inf inf inf inf inf
r7_2_2_h 235.736984253 214.088348389 99 2401 8 521
r7_2_2 246.685073853 225.161758423 99 2401 8 521
r7_2_4_h inf inf inf inf inf inf
r7_2_6_h inf inf inf inf inf inf
r8_2_2_h inf inf inf inf inf inf
r8_2_2 inf inf inf inf inf inf
r8_2_4_h inf inf inf inf inf inf
redcyc6h 154.501296997 144.246353149 97 3553 22 378
redcyc6 259.913543701 245.759124756 25 521 30 399
redcyc7h inf inf inf inf inf inf
redcyc7 inf inf inf inf inf inf
reimer5h inf inf inf inf inf inf
reimer5 inf inf inf inf inf inf
reimer6h inf inf inf inf inf inf
reimer6 inf inf inf inf inf inf
reimer7h inf inf inf inf inf inf
reimer7 inf inf inf inf inf inf
roseh 730.632568359 715.815368652 177 6860 72 519
rose 1.16125297546 0.912416934967 17 467 10 43
rpblh inf inf inf inf inf inf
rpbl 288.326416016 258.195220947 106 6074 11 538
safey inf inf inf inf inf inf
schieleh 0.165670871735 0.0590450763702 2 6 2 2
schiele 0.143707990646 0.0570459365845 2 6 2 2
schrans_troost inf inf inf inf inf inf
sendrah 0.226000070572 0.118234634399 7 221 14 9
sendra 0.198317050934 0.0916004180908 6 186 11 9
solotarevh 3.32896399498 2.83210134506 22 219 9 92
solotarev 0.301701068878 0.187002420425 10 50 3 24
sparsesym5h 0.227391958237 0.130527973175 6 16 18 16
sparsesym5 0.181414842606 0.0904295444489 5 12 10 5
sym33 0.337287902832 0.220762252808 10 85 10 18
syz1 0.140569925308 0.0548431873322 2 4 2 2
trinks 15.3470449448 14.742477417 25 297 7 87
uteshev_bikker 6.96347904205 5.51563835144 33 1104 8 116
vermeer 56.7384109497 47.8293838501 35 1861 10 241
virasoro inf inf inf inf inf inf
wang16h 4.31575107574 3.83502650261 27 704 15 75
wang16 2.71467709541 2.17583203316 18 413 5 79
weispfenning94 3.70646095276 3.45332074165 22 511 14 48
wu90h 8.23595809937 7.65208482742 30 424 8 107
wu90 3.22983217239 2.8789498806 18 265 4 71
