ahmlh inf inf inf inf inf inf
ahml inf inf inf inf inf inf
assur44 inf inf inf inf inf inf
aubry2 inf inf inf inf inf inf
berthh 2.60149598122 2.13411808014 11 521 35 62
berth 2.91400194168 2.50060009956 5 174 16 59
binomial_4_2_4_1 0.30438709259 0.209627151489 6 12 3 12
binomial_5_3_4_4 0.904401063919 0.738526582718 6 12 7 47
binomial_5_3_4_6 0.399612903595 0.290781974792 5 10 5 13
binomial_5_3_5_3 0.583708047867 0.462239980698 5 10 3 20
binomial_5_3_5_5 0.434520959854 0.323713064194 8 16 6 16
binomial_6_2_6_7 0.729804039001 0.590597867966 9 18 3 29
binomial_6_3_6_6 1.19718408585 1.02847862244 11 22 5 46
binomial_7_3_7_9 1.19665312767 1.03129029274 8 16 4 34
binomial_7_4_7_8 2.283826828 2.09016466141 17 34 8 87
binomial_8_3_8_16 1.03393912315 0.870388031006 8 16 3 33
binomial_8_4_8_9 0.757242918015 0.636687994003 9 18 7 34
buchberger87 0.703217983246 0.578733921051 4 8 4 27
butcher8 inf inf inf inf inf inf
cohn3 inf inf inf inf inf inf
cyclicn2 0.177730083466 0.0863130092621 2 4 2 2
cyclicn3 0.2159678936 0.121362924576 3 8 3 3
cyclicn4 0.361563920975 0.255021810532 5 21 5 12
cyclicn5 1302.8828125 1267.09399414 18 206 11 1393
cyclicn6 inf inf inf inf inf inf
cyclicn7 inf inf inf inf inf inf
cyclicn8 inf inf inf inf inf inf
cyclicnh2 0.193584918976 0.0985159873962 2 4 2 2
cyclicnh3 0.225010871887 0.132202863693 3 8 3 3
cyclicnh4 0.409929990768 0.299717187881 5 21 5 12
cyclicnh5 0.980156898499 0.839515209198 12 171 7 22
cyclicnh6 22.9594669342 22.0818748474 34 1540 9 95
cyclicnh7 inf inf inf inf inf inf
czapor87_1h 0.984781980515 0.807145833969 12 156 5 30
czapor87_2h 0.95574593544 0.787886381149 12 180 5 30
dessin1 61.3213500977 59.6076431274 39 1385 5 130
dl inf inf inf inf inf inf
ducos7_3 inf inf inf inf inf inf
ducos7_5 inf inf inf inf inf inf
econ2 0.196631908417 0.0905590057373 2 4 1 2
econ3 0.193086147308 0.105844020844 3 9 2 3
econ4 0.32143497467 0.22007060051 7 29 2 13
econ5 7.77076911926 7.07824230194 12 80 3 114
econ6 3.21587991714 2.92923021317 18 232 4 61
econ7 49.2696838379 47.8853492737 32 747 4 153
econ8 696.371643066 687.414367676 59 2704 5 342
econh2 0.195068120956 0.0956220626831 2 4 2 2
econh3 0.253963947296 0.155851125717 4 11 4 5
econh4 3.97207999229 3.45010924339 8 35 6 95
econh5 1.65264892578 1.50029063225 15 104 7 37
econh6 14.9054355621 14.4259243011 28 346 9 94
econh7 168.462127686 166.33934021 51 1127 10 213
extcyc5h 40.6543273926 38.7631263733 41 3069 12 116
extcyc5 inf inf inf inf inf inf
extcyc6h inf inf inf inf inf inf
extcyc6 inf inf inf inf inf inf
fatemanh 2.89219093323 2.47858691216 15 707 10 66
fateman 2.47720193863 2.06726408005 15 707 10 66
fmtmdeh 0.575016975403 0.428924560547 6 12 5 36
fmtm_non_hom 0.206494808197 0.113904714584 3 6 4 4
fmtm 0.587136030197 0.458057641983 8 16 7 31
gerdt93 1.24384021759 1.06800532341 7 51 6 42
hemmecke 0.284384012222 0.19248008728 3 16 15 3
hfe_segers inf inf inf inf inf inf
ilias12 inf inf inf inf inf inf
ilias13h inf inf inf inf inf inf
ilias13 inf inf inf inf inf inf
ilias_k_2 inf inf inf inf inf inf
issac97 53.6392822266 48.5371856689 12 180 5 628
jason210 inf inf inf inf inf inf
joswig101-trimmed inf inf inf inf inf inf
katsuran2 0.192010164261 0.0978939533234 2 5 2 2
katsuran3 0.243347167969 0.148599147797 4 16 3 5
katsuran4 0.375890016556 0.274445533752 7 49 4 12
katsuran5 1.06747198105 0.891743659973 13 168 5 31
katsuran6 5.7628736496 5.26325416565 22 528 6 70
katsuran7 67.3990325928 64.4943771362 41 1923 7 169
katsuranh2 0.199867010117 0.112660169601 2 5 2 2
katsuranh3 0.265965938568 0.17290854454 4 16 3 5
katsuranh4 0.485234022141 0.379857778549 7 49 4 12
katsuranh5 1.65582418442 1.48017024994 13 168 5 31
katsuranh6 10.0755052567 9.57832431793 22 528 6 70
lichtblau 0.794986963272 0.624405860901 8 260 7 23
liu 44.9426078796 43.1148719788 13 144 6 334
mckay inf inf inf inf inf inf
noon7 inf inf inf inf inf inf
noon8 inf inf inf inf inf inf
nya inf inf inf inf inf inf
r5_2_2_h 3.281883955 3.0116417408 21 160 6 68
r5_2_2 3.49861717224 3.22495007515 21 160 6 68
r5_2_4_h 17.1758861542 16.5027332306 35 453 9 122
r5_2_4 inf inf inf inf inf inf
r5_2_6_h inf inf inf inf inf inf
r5_2_6 inf inf inf inf inf inf
r6_2_2_h 40.9595451355 39.8304328918 39 498 7 162
r6_2_2 42.5560951233 41.3960037231 39 498 7 162
r6_2_4_h inf inf inf inf inf inf
r6_2_4 inf inf inf inf inf inf
r6_2_6_h inf inf inf inf inf inf
r7_2_2_h 470.09552002 464.718353271 67 1487 8 339
r7_2_2 461.017089844 455.69152832 67 1487 8 339
r7_2_4_h inf inf inf inf inf inf
r7_2_6_h inf inf inf inf inf inf
r8_2_2_h inf inf inf inf inf inf
r8_2_2 inf inf inf inf inf inf
r8_2_4_h inf inf inf inf inf inf
redcyc6h inf inf inf inf inf inf
redcyc6 inf inf inf inf inf inf
redcyc7h inf inf inf inf inf inf
redcyc7 inf inf inf inf inf inf
reimer5h inf inf inf inf inf inf
reimer5 inf inf inf inf inf inf
reimer6h inf inf inf inf inf inf
reimer6 inf inf inf inf inf inf
reimer7h inf inf inf inf inf inf
reimer7 inf inf inf inf inf inf
roseh 237.541152954 230.750549316 28 752 20 572
rose 2.93021297455 2.34701275826 12 324 11 141
rpblh inf inf inf inf inf inf
rpbl inf inf inf inf inf inf
safey inf inf inf inf inf inf
schieleh 0.208293199539 0.117908239365 2 6 2 2
schiele 0.217432975769 0.119558811188 2 6 2 2
schrans_troost inf inf inf inf inf inf
sendrah 0.345716953278 0.237154006958 7 221 14 9
sendra 0.313100099564 0.189211130142 6 202 13 14
solotarevh 1.81547093391 1.5428352356 7 36 5 53
solotarev 0.255370855331 0.158487796783 5 19 2 6
sparsesym5h 18.2708244324 17.5786762238 35 193 29 256
sparsesym5 0.286147117615 0.187486886978 5 12 10 5
sym33 12.0000562668 10.510799408 11 117 11 226
syz1 0.18275809288 0.0889532566071 2 4 2 2
trinks 39.1977348328 38.4140701294 18 172 7 118
uteshev_bikker 1.95808601379 1.66604042053 17 519 7 44
vermeer inf inf inf inf inf inf
virasoro inf inf inf inf inf inf
wang16h inf inf inf inf inf inf
wang16 365.605072021 342.592651367 15 334 5 1112
weispfenning94 280.225463867 265.723022461 37 2147 17 799
wu90h 1430.16333008 1384.54418945 29 412 7 3492
wu90 53.8082771301 50.9267158508 15 241 9 411
