ahmlh inf inf inf inf inf inf
ahml inf inf inf inf inf inf
assur44 inf inf inf inf inf inf
aubry2 inf inf inf inf inf inf
berthh 303.704864502 293.812072754 8 7200 35 230
berth 0.478682041168 0.270798921585 3 111 26 12
binomial_4_2_4_1 0.220525979996 0.0738568305969 5 10 3 9
binomial_5_3_4_4 0.238113164902 0.0916056632996 5 10 4 7
binomial_5_3_4_6 0.282812833786 0.143222093582 5 10 5 8
binomial_5_3_5_3 0.444207906723 0.290894031525 6 12 5 13
binomial_5_3_5_5 0.254098176956 0.111027002335 5 10 3 7
binomial_6_2_6_7 0.744818925858 0.586954116821 7 14 3 14
binomial_6_3_6_6 1.06199502945 0.88932800293 7 14 5 18
binomial_7_3_7_9 1.66945505142 1.50501060486 8 16 4 24
binomial_7_4_7_8 1.85763287544 1.68365550041 9 18 7 27
binomial_8_3_8_16 1.50886702538 1.33692979813 8 16 3 25
binomial_8_4_8_9 6.12542295456 5.93528175354 9 18 7 31
buchberger87 0.363191127777 0.205603122711 6 12 4 11
butcher8 inf inf inf inf inf inf
cohn3 inf inf inf inf inf inf
cyclicn2 0.15479516983 0.0128118991852 2 4 2 2
cyclicn3 0.176217079163 0.0402450561523 3 8 3 6
cyclicn4 0.837921142578 0.654241800308 6 24 8 29
cyclicn5 inf inf inf inf inf inf
cyclicn6 inf inf inf inf inf inf
cyclicn7 inf inf inf inf inf inf
cyclicn8 inf inf inf inf inf inf
cyclicnh2 0.148698091507 0.0169939994812 2 4 2 2
cyclicnh3 0.185478925705 0.0494050979614 3 8 3 5
cyclicnh4 0.284309864044 0.137335062027 4 17 4 7
cyclicnh5 221.70413208 221.380523682 12 171 7 55
cyclicnh6 inf inf inf inf inf inf
cyclicnh7 inf inf inf inf inf inf
czapor87_1h 6.79484891891 6.56492710114 12 156 5 30
czapor87_2h 12.5726585388 12.2599182129 12 180 5 54
dessin1 inf inf inf inf inf inf
dl inf inf inf inf inf inf
ducos7_3 inf inf inf inf inf inf
ducos7_5 inf inf inf inf inf inf
econ2 0.148399829865 0.010379076004 2 4 1 2
econ3 0.159492015839 0.0247669219971 3 9 2 3
econ4 0.377828121185 0.225687742233 4 20 4 10
econ5 13.8421087265 13.6356782913 5 45 8 17
econ6 inf inf inf inf inf inf
econ7 inf inf inf inf inf inf
econ8 inf inf inf inf inf inf
econh2 0.15469789505 0.0180861949921 2 4 2 2
econh3 0.274607181549 0.125382900238 4 17 4 7
econh4 11.0552587509 10.8381557465 9 84 5 37
econh5 inf inf inf inf inf inf
econh6 inf inf inf inf inf inf
econh7 inf inf inf inf inf inf
extcyc5h inf inf inf inf inf inf
extcyc5 inf inf inf inf inf inf
extcyc6h inf inf inf inf inf inf
extcyc6 inf inf inf inf inf inf
fatemanh 311.455505371 310.303894043 24 1026 16 181
fateman 310.390991211 309.159729004 24 1026 16 181
fmtmdeh 0.223196029663 0.0738139152527 4 8 25 8
fmtm_non_hom 0.166625022888 0.0206348896027 2 4 4 2
fmtm 0.334733009338 0.173252105713 6 12 6 11
gerdt93 19.9937438965 19.8142433167 8 71 6 17
hemmecke inf inf inf inf inf inf
hfe_segers inf inf inf inf inf inf
ilias12 inf inf inf inf inf inf
ilias13h inf inf inf inf inf inf
ilias13 inf inf inf inf inf inf
ilias_k_2 inf inf inf inf inf inf
issac97 1107.50073242 1107.09008789 4 68 16 45
jason210 inf inf inf inf inf inf
joswig101-trimmed inf inf inf inf inf inf
katsuran2 0.146969079971 0.0137951374054 2 6 2 2
katsuran3 0.24275302887 0.0932521820068 3 15 4 8
katsuran4 0.328903913498 0.17661690712 5 35 3 7
katsuran5 inf inf inf inf inf inf
katsuran6 inf inf inf inf inf inf
katsuran7 inf inf inf inf inf inf
katsuranh2 0.166342973709 0.0238831043243 2 5 2 2
katsuranh3 0.263501167297 0.117709875107 3 9 2 5
katsuranh4 3.93212199211 3.70302629471 7 41 4 26
katsuranh5 416.430145264 415.932739258 13 127 5 70
katsuranh6 inf inf inf inf inf inf
lichtblau 0.160821914673 0.0230379104614 2 22 11 2
liu 862.410888672 862.183776855 13 112 5 34
mckay inf inf inf inf inf inf
noon7 inf inf inf inf inf inf
noon8 inf inf inf inf inf inf
nya inf inf inf inf inf inf
r5_2_2_h 106.640266418 106.065315247 21 160 6 124
r5_2_2 115.966842651 115.369178772 21 160 6 124
r5_2_4_h 972.090698242 969.747009277 35 453 9 391
r5_2_4 inf inf inf inf inf inf
r5_2_6_h inf inf inf inf inf inf
r5_2_6 inf inf inf inf inf inf
r6_2_2_h inf inf inf inf inf inf
r6_2_2 inf inf inf inf inf inf
r6_2_4_h inf inf inf inf inf inf
r6_2_4 inf inf inf inf inf inf
r6_2_6_h inf inf inf inf inf inf
r7_2_2_h inf inf inf inf inf inf
r7_2_2 inf inf inf inf inf inf
r7_2_4_h inf inf inf inf inf inf
r7_2_6_h inf inf inf inf inf inf
r8_2_2_h inf inf inf inf inf inf
r8_2_2 inf inf inf inf inf inf
r8_2_4_h inf inf inf inf inf inf
redcyc6h inf inf inf inf inf inf
redcyc6 inf inf inf inf inf inf
redcyc7h inf inf inf inf inf inf
redcyc7 inf inf inf inf inf inf
reimer5h inf inf inf inf inf inf
reimer5 inf inf inf inf inf inf
reimer6h inf inf inf inf inf inf
reimer6 inf inf inf inf inf inf
reimer7h inf inf inf inf inf inf
reimer7 inf inf inf inf inf inf
roseh 0.864984035492 0.707822084427 7 59 13 13
rose inf inf inf inf inf inf
rpblh inf inf inf inf inf inf
rpbl inf inf inf inf inf inf
safey inf inf inf inf inf inf
schieleh 0.168706893921 0.0360641479492 2 7 2 2
schiele 0.153764009476 0.0199949741364 2 6 2 2
schrans_troost inf inf inf inf inf inf
sendrah 0.264543056488 0.111587762833 6 217 14 8
sendra 98.0569076538 97.29712677 2 94 46 52
solotarevh 439.449859619 438.63482666 18 108 6 201
solotarev 0.280588150024 0.130694150925 4 21 6 8
sparsesym5h 39.1247825623 38.9318313599 17 44 17 45
sparsesym5 inf inf inf inf inf inf
sym33 1.48736906052 1.32559990883 8 33 10 20
syz1 0.156253099442 0.0131199359894 2 4 2 2
trinks inf inf inf inf inf inf
uteshev_bikker 1.44340991974 1.22668099403 7 199 5 17
vermeer inf inf inf inf inf inf
virasoro inf inf inf inf inf inf
wang16h inf inf inf inf inf inf
wang16 inf inf inf inf inf inf
weispfenning94 0.710271120071 0.557299852371 6 72 9 12
wu90h inf inf inf inf inf inf
wu90 inf inf inf inf inf inf
