ahmlh 130.333358765 63.4782714844 159 34823 24 684
ahml 11.4920730591 6.3973903656 33 5245 13 175
assur44 66.8483734131 12.3869285583 54 2918 6 654
aubry2 854.780151367 84.0592422485 79 8367 7 1086
berthh 99.4558105469 91.3466873169 28 18838 39 85
berth 0.781506061554 0.621942043304 4 146 22 17
binomial_4_2_4_1 0.445628881454 0.338766813278 6 12 3 13
binomial_5_3_4_4 0.371571779251 0.271753311157 5 10 4 7
binomial_5_3_4_6 0.509689092636 0.408226251602 9 18 9 18
binomial_5_3_5_3 1.37681317329 1.18038606644 9 18 5 38
binomial_5_3_5_5 0.359241962433 0.262401103973 5 10 3 7
binomial_6_2_6_7 0.62250494957 0.509922742844 9 18 3 21
binomial_6_3_6_6 1.01898789406 0.885991096497 7 14 5 32
binomial_7_3_7_9 2.05880308151 1.73986148834 11 22 5 99
binomial_7_4_7_8 2.14545202255 1.85547375679 13 26 8 88
binomial_8_3_8_16 0.839937925339 0.703622817993 8 16 3 23
binomial_8_4_8_9 0.931710958481 0.800945043564 9 18 7 31
buchberger87 0.588505029678 0.47980427742 6 12 4 14
butcher8 23.0835590363 5.31534194946 30 896 8 400
cohn3 70.1768493652 3.55815911293 61 11753 12 500
cyclicn2 0.201002120972 0.103693962097 2 4 2 2
cyclicn3 0.221289157867 0.141552209854 3 8 3 3
cyclicn4 0.443300008774 0.342391967773 5 21 5 13
cyclicn5 2.11258506775 1.60436725616 12 113 15 92
cyclicn6 21.5538101196 8.11318588257 20 371 48 432
cyclicn7 1689.54870605 92.8385162354 59 6752 203 2307
cyclicn8 inf inf inf inf inf inf
cyclicnh2 0.217514038086 0.120018959045 2 4 2 2
cyclicnh3 0.248515129089 0.159233808517 3 8 3 3
cyclicnh4 0.343569040298 0.24192905426 4 17 4 5
cyclicnh5 2.64821887016 2.36346650124 12 171 7 49
cyclicnh6 5.87926387787 4.98152637482 34 1541 9 95
cyclicnh7 208.390090942 94.4039764404 127 29468 14 592
czapor87_1h 1.09614610672 0.924737453461 12 156 5 30
czapor87_2h 1.04319286346 0.867839813232 12 180 5 30
dessin1 4.34708881378 2.77733516693 36 1279 5 165
dl inf inf inf inf inf inf
ducos7_3 inf inf inf inf inf inf
ducos7_5 inf inf inf inf inf inf
econ2 0.186560869217 0.0935559272766 2 4 1 2
econ3 0.219598054886 0.124545097351 3 9 2 3
econ4 0.371291875839 0.273555755615 7 29 2 13
econ5 1.53666996956 1.1756093502 6 47 5 90
econ6 1.87319207191 1.57608366013 18 232 4 61
econ7 7.20920610428 3.38907146454 22 584 16 217
econ8 12.6272354126 4.21535396576 50 2364 7 286
econh2 0.21117401123 0.115134239197 2 4 2 2
econh3 0.304634094238 0.205953121185 4 11 4 5
econh4 0.731328964233 0.601912260056 9 42 5 18
econh5 1.19122695923 1.03669142723 15 104 7 37
econh6 3.608492136 2.72792124748 26 281 7 153
econh7 6.54573392868 3.55676531792 58 1399 13 257
extcyc5h 10.232837677 8.13080787659 40 2958 12 122
extcyc5 140.803894043 25.31316185 17 976 141 888
extcyc6h inf inf inf inf inf inf
extcyc6 inf inf inf inf inf inf
fatemanh 4.27686882019 3.86921572685 26 966 14 60
fateman 11.3522081375 10.5357141495 25 1184 16 103
fmtmdeh 0.423595905304 0.311278343201 7 14 6 15
fmtm_non_hom 0.265475034714 0.165174245834 3 6 4 4
fmtm 0.499899864197 0.392560958862 7 14 8 13
gerdt93 0.792321920395 0.663422584534 4 20 4 20
hemmecke 0.393828868866 0.286073207855 3 16 15 3
hfe_segers 7.18415641785 3.99465274811 43 270 5 272
ilias12 inf inf inf inf inf inf
ilias13h inf inf inf inf inf inf
ilias13 inf inf inf inf inf inf
ilias_k_2 484.602905273 16.5453796387 49 6543 14 1167
issac97 0.759737014771 0.594719409943 12 180 5 30
jason210 1444.2980957 346.434448242 1456 10630 48 9034
joswig101-trimmed inf inf inf inf inf inf
katsuran2 0.205368041992 0.109848976135 2 5 2 2
katsuran3 0.290494918823 0.192824840546 4 16 3 5
katsuran4 0.448197841644 0.340611934662 7 49 4 12
katsuran5 1.04719495773 0.874047040939 13 168 5 31
katsuran6 2.85082197189 2.32533693314 22 528 6 70
katsuran7 8.20590305328 5.4150724411 40 1878 7 164
katsuranh2 0.218750953674 0.12931227684 2 5 2 2
katsuranh3 0.348399877548 0.246908664703 4 16 3 5
katsuranh4 0.585461139679 0.474686145782 7 49 4 12
katsuranh5 1.36163401604 1.18751573563 13 168 5 31
katsuranh6 5.14615917206 4.67729091644 22 528 6 70
lichtblau 0.245260000229 0.143111944199 2 23 11 2
liu 2.88426017761 2.43965816498 10 70 4 91
mckay 318.883972168 11.8805580139 33 2065 15 733
noon7 inf inf inf inf inf inf
noon8 inf inf inf inf inf inf
nya 350.758392334 12.6184444427 33 2065 15 733
r5_2_2_h 1.93275904655 1.6482591629 21 160 6 68
r5_2_2 1.75333595276 1.48282718658 21 160 6 68
r5_2_4_h 3.67665696144 2.99601817131 35 453 9 122
r5_2_4 inf inf inf inf inf inf
r5_2_6_h 160.592147827 34.0360870361 254 26033 19 1001
r5_2_6 inf inf inf inf inf inf
r6_2_2_h 5.10157012939 3.47271490097 40 514 7 196
r6_2_2 5.74184513092 3.84028124809 40 514 7 196
r6_2_4_h 53.7832984924 15.6156682968 153 8797 13 697
r6_2_4 inf inf inf inf inf inf
r6_2_6_h inf inf inf inf inf inf
r7_2_2_h 26.3675823212 20.5965461731 67 1487 8 339
r7_2_2 24.1170978546 19.2541751862 67 1487 8 339
r7_2_4_h 223.781402588 49.0782737732 257 24891 14 1421
r7_2_6_h inf inf inf inf inf inf
r8_2_2_h 84.372253418 32.3836402893 133 5508 9 840
r8_2_2 83.2061920166 31.5029640198 133 5508 9 840
r8_2_4_h inf inf inf inf inf inf
redcyc6h 14.078710556 12.496383667 34 1541 11 112
redcyc6 15.8592739105 3.20230746269 20 364 48 427
redcyc7h inf inf inf inf inf inf
redcyc7 1508.21740723 59.8617134094 58 6540 203 2180
reimer5h 516.570922852 78.7633666992 359 54998 30 1677
reimer5 363.750213623 18.1840572357 5 258 36 669
reimer6h inf inf inf inf inf inf
reimer6 inf inf inf inf inf inf
reimer7h inf inf inf inf inf inf
reimer7 inf inf inf inf inf inf
roseh 3.00116086006 2.50950908661 11 262 16 102
rose 3.53404378891 2.09674119949 20 624 19 133
rpblh inf inf inf inf inf inf
rpbl 108.562057495 32.361907959 151 6490 38 930
safey inf inf inf inf inf inf
schieleh 0.251840114594 0.155330181122 2 6 2 2
schiele 0.207486867905 0.119565963745 2 6 2 2
schrans_troost 176.71257019 12.720117569 81 8180 42 938
sendrah 0.418725013733 0.306930065155 7 221 14 9
sendra 0.317941904068 0.209558963776 6 186 11 9
solotarevh 0.778702974319 0.652210950851 7 36 5 20
solotarev 0.321548938751 0.219264030457 5 19 2 6
sparsesym5h 2.4277279377 2.15542149544 15 54 23 112
sparsesym5 0.331701040268 0.237787008286 5 12 10 5
sym33 1.1823079586 0.969564676285 10 85 10 49
syz1 0.195606231689 0.10240316391 2 4 2 2
trinks 1.11760306358 0.968538761139 13 109 5 29
uteshev_bikker 1.804033041 1.51399326324 17 519 7 44
vermeer 3.16786193848 1.90267729759 17 711 8 130
virasoro 166.021194458 12.7139663696 81 8180 42 938
wang16h 3.78621602058 2.58894610405 32 803 12 147
wang16 2.08533000946 1.50631594658 15 294 6 98
weispfenning94 2.48451113701 2.13128376007 7 105 9 69
wu90h 4.11420440674 3.30283904076 27 405 7 130
wu90 3.34449100494 2.07312130928 5 85 16 122
