ahmlh inf inf inf inf inf inf
ahml inf inf inf inf inf inf
assur44 inf inf inf inf inf inf
aubry2 inf inf inf inf inf inf
berthh 10.4611577988 7.38840341568 8 10122 35 43
berth 223.308837891 84.1959686279 5 178 17 4764
binomial_4_2_4_1 2.19794392586 2.11811923981 6 12 3 12
binomial_5_3_4_4 8.30944633484 8.19415283203 4 8 3 53
binomial_5_3_4_6 4.17246007919 4.08552265167 5 10 5 15
binomial_5_3_5_3 11.709728241 11.4677848816 6 12 5 167
binomial_5_3_5_5 8.34389781952 8.21525287628 5 10 3 68
binomial_6_2_6_7 41.6202392578 41.1246948242 7 14 3 309
binomial_6_3_6_6 17.958070755 17.760602951 7 14 5 107
binomial_7_3_7_9 117.135040283 115.739608765 8 16 4 675
binomial_7_4_7_8 87.805480957 86.2299041748 9 18 7 1289
binomial_8_3_8_16 51.596660614 51.0872573853 8 16 3 207
binomial_8_4_8_9 52.1023368835 51.7674560547 9 18 7 150
buchberger87 6.96682500839 6.87739658356 8 16 6 17
butcher8 193.816360474 169.158370972 30 886 5 405
cohn3 inf inf inf inf inf inf
cyclicn2 0.343304157257 0.267251968384 2 4 2 2
cyclicn3 0.538155078888 0.460354804993 3 8 3 3
cyclicn4 3.12090492249 3.03856492043 7 29 6 13
cyclicn5 27.5134334564 26.3746585846 5 54 5 464
cyclicn6 112.981910706 100.053718567 61 1451 10 469
cyclicn7 inf inf inf inf inf inf
cyclicn8 inf inf inf inf inf inf
cyclicnh2 0.39444899559 0.322518825531 2 4 2 2
cyclicnh3 0.85370016098 0.779415130615 3 8 3 3
cyclicnh4 4.82183504105 4.73488426208 7 29 6 13
cyclicnh5 16.5610370636 16.364490509 8 134 6 51
cyclicnh6 129.103378296 120.498062134 69 4454 17 524
cyclicnh7 inf inf inf inf inf inf
czapor87_1h inf inf inf inf inf inf
czapor87_2h 1595.32250977 638.340332031 12 180 5 69968
dessin1 503.36038208 480.460632324 30 1048 6 2886
dl inf inf inf inf inf inf
ducos7_3 inf inf inf inf inf inf
ducos7_5 inf inf inf inf inf inf
econ2 0.305325984955 0.235330104828 2 4 1 2
econ3 0.541435956955 0.467887878418 3 9 2 3
econ4 3.365265131 3.27616786957 7 30 2 14
econ5 51.2049751282 49.5924758911 10 62 3 563
econ6 502.000640869 452.862670898 9 139 7 3915
econ7 109.251060486 105.355964661 23 672 8 393
econ8 inf inf inf inf inf inf
econh2 0.410140037537 0.336735248566 2 4 2 2
econh3 1.19922113419 1.09862923622 4 11 4 5
econh4 6.57779216766 6.46140146255 8 88 7 16
econh5 13.1651744843 12.7069339752 20 192 6 78
econh6 42.1606330872 40.3627243042 23 455 7 293
econh7 351.723266602 348.584259033 51 1351 10 230
extcyc5h 985.872741699 919.213684082 205 15001 20 1082
extcyc5 480.982574463 432.102203369 95 6233 13 905
extcyc6h inf inf inf inf inf inf
extcyc6 inf inf inf inf inf inf
fatemanh inf inf inf inf inf inf
fateman inf inf inf inf inf inf
fmtmdeh 2.82709503174 2.72943282127 5 10 13 21
fmtm_non_hom 0.830133199692 0.741547822952 4 8 6 6
fmtm 3.35469412804 3.268450737 8 16 7 15
gerdt93 34.8640899658 33.8074150085 8 69 5 320
hemmecke 1.23584604263 1.15792179108 3 16 15 3
hfe_segers 1383.26477051 1362.37072754 44 192 4 1851
ilias12 inf inf inf inf inf inf
ilias13h 710.651977539 548.859680176 54 37525 16 7599
ilias13 28.581741333 28.310546875 7 62 5 103
ilias_k_2 inf inf inf inf inf inf
issac97 1184.24487305 479.212158203 5 85 11 34869
jason210 inf inf inf inf inf inf
joswig101-trimmed inf inf inf inf inf inf
katsuran2 0.393105983734 0.321797132492 2 5 2 2
katsuran3 1.17656207085 1.10212922096 4 16 3 5
katsuran4 3.56553196907 3.47358727455 6 49 4 10
katsuran5 inf inf inf inf inf inf
katsuran6 363.28994751 272.068237305 24 632 6 4138
katsuran7 660.835266113 562.016235352 48 2430 7 3794
katsuranh2 0.556460142136 0.480312824249 2 5 2 2
katsuranh3 1.71409988403 1.63662075996 4 16 3 5
katsuranh4 4.63879299164 4.54618835449 6 41 4 10
katsuranh5 558.61730957 447.415374756 20 302 8 8458
katsuranh6 453.916534424 398.071807861 28 760 6 3277
lichtblau 235.925567627 120.033531189 3 57 7 4827
liu 6.60373878479 6.50999450684 7 46 4 13
mckay inf inf inf inf inf inf
noon7 inf inf inf inf inf inf
noon8 inf inf inf inf inf inf
nya inf inf inf inf inf inf
r5_2_2_h inf inf inf inf inf inf
r5_2_2 inf inf inf inf inf inf
r5_2_4_h inf inf inf inf inf inf
r5_2_4 inf inf inf inf inf inf
r5_2_6_h inf inf inf inf inf inf
r5_2_6 inf inf inf inf inf inf
r6_2_2_h 521.267028809 333.843902588 48 677 7 17568
r6_2_2 627.190612793 407.352844238 42 560 7 26913
r6_2_4_h inf inf inf inf inf inf
r6_2_4 inf inf inf inf inf inf
r6_2_6_h inf inf inf inf inf inf
r7_2_2_h 770.07635498 684.17199707 71 1603 8 3404
r7_2_2 inf inf inf inf inf inf
r7_2_4_h inf inf inf inf inf inf
r7_2_6_h inf inf inf inf inf inf
r8_2_2_h inf inf inf inf inf inf
r8_2_2 inf inf inf inf inf inf
r8_2_4_h inf inf inf inf inf inf
redcyc6h 104.549827576 93.7810668945 78 5105 18 333
redcyc6 inf inf inf inf inf inf
redcyc7h inf inf inf inf inf inf
redcyc7 inf inf inf inf inf inf
reimer5h inf inf inf inf inf inf
reimer5 inf inf inf inf inf inf
reimer6h inf inf inf inf inf inf
reimer6 inf inf inf inf inf inf
reimer7h inf inf inf inf inf inf
reimer7 inf inf inf inf inf inf
roseh 951.755004883 688.339111328 7 163 18 38194
rose 273.171051025 191.792251587 6 177 34 5156
rpblh inf inf inf inf inf inf
rpbl inf inf inf inf inf inf
safey inf inf inf inf inf inf
schieleh 0.760299921036 0.683631896973 2 6 2 2
schiele 0.462354898453 0.394909143448 2 6 2 2
schrans_troost inf inf inf inf inf inf
sendrah 1.58330702782 1.49091005325 7 221 14 9
sendra 0.854304075241 0.763481140137 6 186 11 9
solotarevh 75.464225769 67.6116790771 8 40 5 1815
solotarev 5.25624895096 5.16324329376 7 44 3 18
sparsesym5h 55.2832527161 53.7554626465 6 16 18 845
sparsesym5 3.2167289257 3.1362991333 5 12 10 6
sym33 6.92538928986 6.80371189117 8 33 10 45
syz1 0.396199941635 0.323707103729 2 4 2 2
trinks 8.13517379761 8.02256965637 5 34 3 14
uteshev_bikker inf inf inf inf inf inf
vermeer inf inf inf inf inf inf
virasoro inf inf inf inf inf inf
wang16h inf inf inf inf inf inf
wang16 inf inf inf inf inf inf
weispfenning94 156.352783203 123.631217957 7 131 10 8884
wu90h 75.6321029663 65.950302124 19 267 7 1715
wu90 538.942810059 442.195343018 8 122 6 6243
