ahmlh inf inf inf inf inf inf
ahml inf inf inf inf inf inf
assur44 inf inf inf inf inf inf
aubry2 inf inf inf inf inf inf
berthh 5.74855232239 3.87449216843 11 4100 35 64
berth 0.887505054474 0.708779811859 4 146 22 17
binomial_4_2_4_1 0.469426870346 0.355020999908 6 12 3 15
binomial_5_3_4_4 0.383479118347 0.284002542496 5 10 4 12
binomial_5_3_4_6 0.565788984299 0.460483074188 9 18 9 18
binomial_5_3_5_3 1.03329896927 0.876508712769 9 18 5 47
binomial_5_3_5_5 0.375514030457 0.276514291763 5 10 3 7
binomial_6_2_6_7 0.656800031662 0.541200876236 9 18 3 21
binomial_6_3_6_6 1.8237080574 1.59208440781 7 14 5 47
binomial_7_3_7_9 2.37865400314 1.923204422 11 22 5 266
binomial_7_4_7_8 1.76851987839 1.5044965744 9 18 7 115
binomial_8_3_8_16 0.842597961426 0.703234910965 8 16 3 31
binomial_8_4_8_9 0.901751041412 0.77488732338 9 18 7 32
buchberger87 0.586860179901 0.478141069412 6 12 4 19
butcher8 inf inf inf inf inf inf
cohn3 inf inf inf inf inf inf
cyclicn2 0.192310094833 0.100023031235 2 4 2 2
cyclicn3 0.243798971176 0.148041963577 3 8 3 3
cyclicn4 0.497268915176 0.374660015106 5 21 5 15
cyclicn5 122.031707764 68.6462631226 18 201 11 3450
cyclicn6 222.153625488 214.153656006 45 1135 9 354
cyclicn7 inf inf inf inf inf inf
cyclicn8 inf inf inf inf inf inf
cyclicnh2 0.241520881653 0.122162103653 2 4 2 2
cyclicnh3 0.258325099945 0.162951946259 3 8 3 3
cyclicnh4 0.355965137482 0.250182151794 4 17 4 5
cyclicnh5 3.47885680199 2.78777170181 12 171 7 168
cyclicnh6 17.7765522003 16.9002990723 34 1540 9 95
cyclicnh7 inf inf inf inf inf inf
czapor87_1h 1.07395601273 0.901502609253 12 156 5 35
czapor87_2h 1.10464382172 0.923330068588 12 180 5 30
dessin1 80.2863540649 31.5272541046 39 1385 5 4653
dl inf inf inf inf inf inf
ducos7_3 inf inf inf inf inf inf
ducos7_5 inf inf inf inf inf inf
econ2 0.331366062164 0.188997030258 2 4 1 2
econ3 0.214335918427 0.127526283264 3 9 2 3
econ4 0.421633958817 0.31222319603 7 29 2 13
econ5 2.99595689774 1.85380578041 12 81 3 469
econ6 1.84678292274 1.5529282093 18 232 4 61
econ7 inf inf inf inf inf inf
econ8 91.0902557373 82.5141372681 59 2704 5 342
econh2 0.21187210083 0.110973834991 2 4 2 2
econh3 0.299640893936 0.197094917297 4 11 4 5
econh4 0.814685821533 0.661830663681 8 34 5 51
econh5 1.27388906479 1.1135058403 15 104 7 37
econh6 907.860351562 371.189453125 27 313 8 27276
econh7 30.304265976 28.2201919556 51 1127 10 213
extcyc5h 39.436870575 36.8157577515 41 3069 12 161
extcyc5 1232.57385254 1202.53955078 102 6728 10 663
extcyc6h inf inf inf inf inf inf
extcyc6 inf inf inf inf inf inf
fatemanh 3.78119707108 3.35358643532 27 1009 14 63
fateman 281.718200684 133.040115356 27 1191 16 11529
fmtmdeh 0.782694101334 0.610128879547 6 12 5 56
fmtm_non_hom 0.249758005142 0.158990383148 3 6 4 4
fmtm 0.519656896591 0.406933307648 7 14 8 15
gerdt93 1.55717110634 1.3004784584 5 35 5 88
hemmecke 0.348031997681 0.251596212387 3 16 15 3
hfe_segers 650.593688965 288.389892578 47 228 3 10746
ilias12 inf inf inf inf inf inf
ilias13h inf inf inf inf inf inf
ilias13 inf inf inf inf inf inf
ilias_k_2 inf inf inf inf inf inf
issac97 0.734656095505 0.58048582077 12 180 5 30
jason210 inf inf inf inf inf inf
joswig101-trimmed inf inf inf inf inf inf
katsuran2 0.205142021179 0.112993717194 2 5 2 2
katsuran3 0.312060117722 0.206871986389 4 16 3 5
katsuran4 0.434510946274 0.332810163498 7 49 4 12
katsuran5 1.69462013245 1.42358922958 13 168 5 31
katsuran6 3.21432995796 2.71950531006 22 528 6 70
katsuran7 25.3269786835 21.981760025 41 1923 7 169
katsuranh2 0.218647956848 0.128926992416 2 5 2 2
katsuranh3 0.347809076309 0.245148181915 4 16 3 5
katsuranh4 0.553717136383 0.443780183792 7 49 4 12
katsuranh5 1.9390130043 1.66336870193 13 168 5 31
katsuranh6 5.37853384018 4.87658786774 22 528 6 70
lichtblau 0.232599020004 0.134210109711 2 23 11 2
liu 7.47143173218 5.00228691101 12 86 4 693
mckay inf inf inf inf inf inf
noon7 inf inf inf inf inf inf
noon8 inf inf inf inf inf inf
nya inf inf inf inf inf inf
r5_2_2_h 1.67192196846 1.43579268456 21 160 6 68
r5_2_2 1.86140990257 1.59404993057 21 160 6 68
r5_2_4_h 7.01046466827 6.34537982941 35 453 9 122
r5_2_4 inf inf inf inf inf inf
r5_2_6_h inf inf inf inf inf inf
r5_2_6 inf inf inf inf inf inf
r6_2_2_h inf inf inf inf inf inf
r6_2_2 inf inf inf inf inf inf
r6_2_4_h 1738.99780273 1704.2878418 152 8725 13 692
r6_2_4 inf inf inf inf inf inf
r6_2_6_h inf inf inf inf inf inf
r7_2_2_h 125.472450256 120.072921753 67 1487 8 339
r7_2_2 111.232032776 105.892097473 67 1487 8 339
r7_2_4_h inf inf inf inf inf inf
r7_2_6_h inf inf inf inf inf inf
r8_2_2_h inf inf inf inf inf inf
r8_2_2 inf inf inf inf inf inf
r8_2_4_h inf inf inf inf inf inf
redcyc6h 1791.44689941 1692.0526123 112 4335 22 2382
redcyc6 3220.49169922 2602.0402832 21 478 6 5741
redcyc7h inf inf inf inf inf inf
redcyc7 inf inf inf inf inf inf
reimer5h inf inf inf inf inf inf
reimer5 inf inf inf inf inf inf
reimer6h inf inf inf inf inf inf
reimer6 inf inf inf inf inf inf
reimer7h inf inf inf inf inf inf
reimer7 inf inf inf inf inf inf
roseh 5.03830528259 4.25481987 17 485 15 259
rose 5.69180583954 3.34085726738 11 282 10 648
rpblh inf inf inf inf inf inf
rpbl inf inf inf inf inf inf
safey inf inf inf inf inf inf
schieleh 0.245694875717 0.150666713715 2 6 2 2
schiele 0.319128990173 0.191902160645 2 6 2 2
schrans_troost inf inf inf inf inf inf
sendrah 0.45422911644 0.331064462662 7 221 14 9
sendra 0.326424121857 0.215867042542 6 186 11 9
solotarevh 0.491654872894 0.383069515228 6 28 5 17
solotarev 0.336144924164 0.22927904129 5 19 2 6
sparsesym5h 1.24679493904 1.05438494682 6 16 18 101
sparsesym5 0.334383964539 0.239450931549 5 12 10 5
sym33 1.15266609192 0.910664796829 10 85 10 77
syz1 0.202109098434 0.104363203049 2 4 2 2
trinks 1.08166503906 0.934167861938 13 109 5 29
uteshev_bikker 2.80471801758 2.43730401993 17 519 7 44
vermeer 7.32053899765 5.13277339935 12 101 7 686
virasoro inf inf inf inf inf inf
wang16h inf inf inf inf inf inf
wang16 829.439331055 272.343536377 18 378 4 14942
weispfenning94 0.806071043015 0.649327993393 7 105 9 30
wu90h 82.6398239136 43.1519203186 21 279 6 2380
wu90 6.54567813873 3.43849921227 17 227 4 663
