ahmlh inf inf inf inf inf inf
ahml 104.402236938 60.599861145 49 15856 17 309
assur44 inf inf inf inf inf inf
aubry2 inf inf inf inf inf inf
berthh inf inf inf inf inf inf
berth 0.315882205963 0.154322624207 3 111 26 12
binomial_4_2_4_1 0.182796001434 0.0756287574768 6 12 3 12
binomial_5_3_4_4 0.173738002777 0.07337474823 5 10 4 7
binomial_5_3_4_6 0.164543151855 0.0657277107239 4 8 3 5
binomial_5_3_5_3 0.208493947983 0.0902743339539 6 12 5 13
binomial_5_3_5_5 0.172715902328 0.0737223625183 5 10 3 7
binomial_6_2_6_7 0.245079994202 0.115112066269 9 18 3 20
binomial_6_3_6_6 0.232138872147 0.108477115631 7 14 5 18
binomial_7_3_7_9 0.253787994385 0.121939182281 8 16 4 24
binomial_7_4_7_8 0.284873962402 0.14532661438 9 18 7 27
binomial_8_3_8_16 0.271129131317 0.131556272507 8 16 3 25
binomial_8_4_8_9 0.269579172134 0.139444828033 9 18 7 31
buchberger87 0.162400960922 0.0626640319824 4 8 4 6
butcher8 70.1890411377 36.76039505 17 521 11 362
cohn3 143.105758667 95.9364471436 73 14379 10 449
cyclicn2 0.12852191925 0.0343070030212 2 4 2 2
cyclicn3 0.151220083237 0.0540659427643 3 8 3 3
cyclicn4 0.214926958084 0.107950210571 5 21 5 8
cyclicn5 2.63239097595 2.02549123764 10 89 15 87
cyclicn6 48.0282402039 35.3318977356 19 356 48 406
cyclicn7 inf inf inf inf inf inf
cyclicn8 inf inf inf inf inf inf
cyclicnh2 0.135581970215 0.0407481193542 2 4 2 2
cyclicnh3 0.158969163895 0.0598418712616 3 8 3 3
cyclicnh4 0.22415804863 0.115614891052 4 17 4 5
cyclicnh5 2.33665895462 2.08973884583 21 299 12 49
cyclicnh6 25.4614295959 24.3422966003 36 1833 13 107
cyclicnh7 inf inf inf inf inf inf
czapor87_1h 1.60236287117 1.37662911415 17 231 6 49
czapor87_2h 1.30567193031 1.11061000824 13 197 5 33
dessin1 8.50635719299 3.29480147362 8 331 46 152
dl inf inf inf inf inf inf
ducos7_3 inf inf inf inf inf inf
ducos7_5 inf inf inf inf inf inf
econ2 0.123840093613 0.0300540924072 2 4 1 2
econ3 0.139457941055 0.0439460277557 3 9 2 3
econ4 0.19592499733 0.0859079360962 5 24 3 11
econ5 0.251482009888 0.120850801468 5 45 8 13
econ6 1.389097929 0.795962095261 6 102 16 57
econ7 2.99499297142 1.36632108688 8 234 24 88
econ8 36.5601272583 17.6664848328 19 1173 17 281
econh2 0.143224954605 0.0429263114929 2 4 2 2
econh3 0.182710886002 0.0776379108429 4 11 4 5
econh4 0.233082056046 0.123403310776 5 21 4 6
econh5 1.04956793785 0.817049980164 18 141 7 50
econh6 2.47474598885 2.11622691154 17 297 6 45
econh7 67.4672470093 59.8270149231 74 2213 13 356
extcyc5h 143.472961426 139.758178711 56 4486 14 176
extcyc5 218.137435913 112.866218567 6 322 175 858
extcyc6h inf inf inf inf inf inf
extcyc6 inf inf inf inf inf inf
fatemanh 83.660446167 80.7364959717 69 3492 32 188
fateman 52.9508209229 50.964805603 56 3294 22 148
fmtmdeh 0.186039924622 0.0766341686249 5 10 13 12
fmtm_non_hom 0.143044948578 0.043203830719 2 4 4 2
fmtm 0.185750961304 0.078399181366 6 12 7 11
gerdt93 0.476363182068 0.340626001358 6 58 6 10
hemmecke 0.222985982895 0.112650871277 4 15 15 5
hfe_segers 7.05004692078 3.65288376808 49 234 4 309
ilias12 inf inf inf inf inf inf
ilias13h inf inf inf inf inf inf
ilias13 inf inf inf inf inf inf
ilias_k_2 692.304504395 250.292373657 19 2248 54 958
issac97 0.921185970306 0.593963623047 5 85 15 38
jason210 inf inf inf inf inf inf
joswig101-trimmed inf inf inf inf inf inf
katsuran2 0.137260913849 0.0377480983734 2 6 2 2
katsuran3 0.169011116028 0.0644800662994 4 19 3 5
katsuran4 0.254804849625 0.133480787277 7 55 4 12
katsuran5 0.766013145447 0.535101890564 14 197 5 34
katsuran6 4.39229297638 3.19606089592 14 462 8 84
katsuran7 12.9141588211 8.73909759521 45 2240 7 189
katsuranh2 0.140885829926 0.0493850708008 2 6 2 2
katsuranh3 0.209779977798 0.1064889431 4 18 3 5
katsuranh4 0.540601968765 0.397114515305 10 72 6 21
katsuranh5 4.24960231781 3.60815572739 30 469 14 99
katsuranh6 43.1790428162 36.7790489197 75 2309 32 332
lichtblau 0.138401031494 0.0435841083527 2 23 11 2
liu 1.17021393776 0.948272228241 15 148 8 43
mckay inf inf inf inf inf inf
noon7 inf inf inf inf inf inf
noon8 inf inf inf inf inf inf
nya inf inf inf inf inf inf
r5_2_2_h 1.47994995117 1.14684510231 22 171 6 71
r5_2_2 1.40550398827 1.08977174759 22 171 6 71
r5_2_4_h 4.45641708374 3.65522289276 37 499 9 128
r5_2_4 inf inf inf inf inf inf
r5_2_6_h 800.346191406 717.84942627 234 22711 19 872
r5_2_6 inf inf inf inf inf inf
r6_2_2_h 5.93520689011 4.63687133789 41 535 7 169
r6_2_2 5.73539829254 4.50676107407 41 535 7 169
r6_2_4_h 385.972564697 343.144073486 162 9745 13 731
r6_2_4 inf inf inf inf inf inf
r6_2_6_h inf inf inf inf inf inf
r7_2_2_h 27.3798828125 21.3689231873 71 1631 8 359
r7_2_2 27.968372345 21.6723670959 71 1631 8 359
r7_2_4_h inf inf inf inf inf inf
r7_2_6_h inf inf inf inf inf inf
r8_2_2_h 285.440704346 242.220916748 133 5508 9 809
r8_2_2 281.78805542 239.080093384 133 5508 9 809
r8_2_4_h inf inf inf inf inf inf
redcyc6h 126.6512146 121.06754303 68 4818 16 243
redcyc6 26.5962905884 7.46361255646 17 308 48 343
redcyc7h inf inf inf inf inf inf
redcyc7 inf inf inf inf inf inf
reimer5h inf inf inf inf inf inf
reimer5 443.336334229 185.914077759 27 3052 19 659
reimer6h inf inf inf inf inf inf
reimer6 inf inf inf inf inf inf
reimer7h inf inf inf inf inf inf
reimer7 inf inf inf inf inf inf
roseh 2.75180983543 2.5647892952 15 413 19 32
rose 2.28914284706 1.35370635986 8 247 46 90
rpblh inf inf inf inf inf inf
rpbl 627.183410645 580.238525391 93 4133 18 676
safey inf inf inf inf inf inf
schieleh 0.150611877441 0.0541787147522 2 6 2 2
schiele 0.172101974487 0.0799276828766 2 6 2 2
schrans_troost 292.316619873 120.024307251 83 9105 22 881
sendrah 2.48584103584 2.35226297379 10 360 15 14
sendra 0.256771087646 0.143399953842 6 185 13 7
solotarevh 0.422162055969 0.292004346848 9 52 6 19
solotarev 0.168497085571 0.061589717865 5 24 4 8
sparsesym5h 0.254709005356 0.135590791702 6 16 18 16
sparsesym5 0.180707931519 0.0735802650452 5 12 10 5
sym33 0.32001209259 0.202381134033 8 33 10 17
syz1 0.128335952759 0.0313658714294 2 4 2 2
trinks 1.03836393356 0.814184427261 15 145 6 36
uteshev_bikker 4.88677883148 4.50326347351 19 588 7 50
vermeer 10.0290460587 4.74730968475 17 1462 11 185
virasoro 277.752166748 117.164848328 83 9105 22 881
wang16h 15.7061634064 13.8248968124 53 1354 15 176
wang16 1.65790987015 1.06702756882 5 105 13 75
weispfenning94 4.72610902786 4.37839603424 24 716 12 53
wu90h 2.7117459774 2.22765803337 23 342 7 78
wu90 1.02811193466 0.592191457748 5 85 16 47
