ahmlh inf inf inf inf inf inf
ahml 208.170333862 159.947799683 46 20673 27 297
assur44 inf inf inf inf inf inf
aubry2 inf inf inf inf inf inf
berthh 4.29243183136 2.91590690613 16 7371 36 22
berth 0.212332010269 0.0466492176056 3 111 26 12
binomial_4_2_4_1 0.125820875168 0.0129692554474 7 14 4 15
binomial_5_3_4_4 0.107852935791 0.0134828090668 5 10 4 7
binomial_5_3_4_6 0.112551927567 0.011195898056 5 10 5 8
binomial_5_3_5_3 0.178343057632 0.0506947040558 14 28 7 34
binomial_5_3_5_5 0.121681928635 0.0140798091888 7 14 4 13
binomial_6_2_6_7 0.345546007156 0.164748191833 18 36 6 61
binomial_6_3_6_6 0.259858131409 0.0915472507477 16 32 7 46
binomial_7_3_7_9 0.12867808342 0.0123963356018 8 16 4 24
binomial_7_4_7_8 0.17242193222 0.0358760356903 13 26 8 45
binomial_8_3_8_16 0.163289070129 0.0286972522736 13 26 4 46
binomial_8_4_8_9 0.140508174896 0.0219173431396 9 18 7 31
buchberger87 0.133500099182 0.0243585109711 6 12 5 11
butcher8 inf inf inf inf inf inf
cohn3 inf inf inf inf inf inf
cyclicn2 0.0989010334015 0.00256681442261 2 4 2 2
cyclicn3 0.0930850505829 0.00662899017334 3 8 3 3
cyclicn4 0.113974809647 0.0128562450409 5 21 5 8
cyclicn5 5.48383998871 4.71253871918 17 164 15 132
cyclicn6 184.360794067 173.862625122 29 622 25 417
cyclicn7 inf inf inf inf inf inf
cyclicn8 inf inf inf inf inf inf
cyclicnh2 0.105412960052 0.0053379535675 2 4 2 2
cyclicnh3 0.106287956238 0.00675702095032 3 8 3 3
cyclicnh4 0.106616020203 0.00899076461792 4 15 4 5
cyclicnh5 0.230698108673 0.0672290325165 14 191 9 28
cyclicnh6 3.61201405525 2.53550934792 37 1208 10 107
cyclicnh7 231.589675903 189.826004028 117 25763 13 434
czapor87_1h 0.603435993195 0.305886030197 19 261 8 58
czapor87_2h 0.326883077621 0.143179178238 12 180 5 30
dessin1 491.568389893 483.680603027 11 472 36 202
dl inf inf inf inf inf inf
ducos7_3 inf inf inf inf inf inf
ducos7_5 inf inf inf inf inf inf
econ2 0.0995268821716 8.29696655273e-05 2 4 1 2
econ3 0.101918935776 0.00524187088013 3 9 2 3
econ4 0.126960039139 0.0192756652832 4 20 4 12
econ5 0.358309984207 0.195457935333 5 45 8 20
econ6 0.950932979584 0.655371427536 13 181 6 49
econ7 25.9860591888 24.2885303497 14 401 14 100
econ8 603.911254883 592.422668457 34 1969 9 243
econh2 0.151037931442 0.00537371635437 2 4 2 2
econh3 0.121846199036 0.0124769210815 4 11 4 5
econh4 0.153325080872 0.0272152423859 7 30 5 12
econh5 0.344820022583 0.123334169388 16 118 8 43
econh6 5.03980207443 3.57965040207 40 667 11 153
econh7 18.9056396484 15.1031913757 54 1613 10 243
extcyc5h 192.980895996 169.318023682 106 8962 23 462
extcyc5 inf inf inf inf inf inf
extcyc6h inf inf inf inf inf inf
extcyc6 inf inf inf inf inf inf
fatemanh 1.50293207169 0.817627429962 35 1419 16 86
fateman 0.526818990707 0.22359085083 21 798 13 46
fmtmdeh 0.124232053757 0.0106523036957 5 10 19 15
fmtm_non_hom 0.0961902141571 0.00499296188354 2 4 4 2
fmtm 0.122798919678 0.0122323036194 6 12 7 11
gerdt93 0.153091907501 0.0269939899445 6 58 6 10
hemmecke 0.357361793518 0.206124544144 13 140 26 25
hfe_segers 44.6150856018 40.7235908508 55 254 4 349
ilias12 inf inf inf inf inf inf
ilias13h inf inf inf inf inf inf
ilias13 inf inf inf inf inf inf
ilias_k_2 inf inf inf inf inf inf
issac97 0.424810886383 0.190861940384 10 170 8 36
jason210 inf inf inf inf inf inf
joswig101-trimmed inf inf inf inf inf inf
katsuran2 0.0981290340424 0.00307011604309 2 6 2 2
katsuran3 0.113887071609 0.00695466995239 3 13 4 6
katsuran4 0.174521923065 0.0447218418121 5 39 7 15
katsuran5 2.61367297173 2.20307207108 5 85 16 39
katsuran6 37.8049163818 35.9824447632 6 193 32 103
katsuran7 957.274719238 932.694396973 17 1000 55 346
katsuranh2 0.104538917542 0.00716805458069 2 6 2 2
katsuranh3 0.119283914566 0.0123429298401 4 18 3 5
katsuranh4 0.173676013947 0.035701751709 8 64 4 14
katsuranh5 0.475866794586 0.223530054092 15 203 6 39
katsuranh6 3.7726662159 2.53848528862 32 895 8 117
lichtblau 0.107849121094 0.00621700286865 2 22 11 2
liu 0.525869846344 0.275700092316 18 210 10 54
mckay inf inf inf inf inf inf
noon7 inf inf inf inf inf inf
noon8 inf inf inf inf inf inf
nya inf inf inf inf inf inf
r5_2_2_h 0.59402012825 0.261088371277 22 166 6 72
r5_2_2 0.603801012039 0.281003713608 22 166 6 72
r5_2_4_h 2.37092995644 1.65097498894 35 453 9 122
r5_2_4 inf inf inf inf inf inf
r5_2_6_h inf inf inf inf inf inf
r5_2_6 inf inf inf inf inf inf
r6_2_2_h 5.15679502487 3.88526678085 39 498 7 162
r6_2_2 4.99372959137 3.70644330978 39 498 7 162
r6_2_4_h inf inf inf inf inf inf
r6_2_4 inf inf inf inf inf inf
r6_2_6_h inf inf inf inf inf inf
r7_2_2_h 66.4660415649 57.4060630798 77 1763 8 394
r7_2_2 65.5342102051 56.5764465332 77 1763 8 394
r7_2_4_h inf inf inf inf inf inf
r7_2_6_h inf inf inf inf inf inf
r8_2_2_h 995.291503906 945.825134277 138 5863 9 836
r8_2_2 979.939453125 928.737792969 138 5863 9 836
r8_2_4_h inf inf inf inf inf inf
redcyc6h 102.141395569 95.1595001221 75 5258 22 281
redcyc6 1189.66369629 1174.88391113 18 413 18 306
redcyc7h inf inf inf inf inf inf
redcyc7 inf inf inf inf inf inf
reimer5h inf inf inf inf inf inf
reimer5 566.020202637 527.962219238 50 4014 9 382
reimer6h inf inf inf inf inf inf
reimer6 inf inf inf inf inf inf
reimer7h inf inf inf inf inf inf
reimer7 inf inf inf inf inf inf
roseh 1.54183793068 1.0927169323 34 1036 19 82
rose 9.21460151672 7.97909450531 6 202 55 87
rpblh inf inf inf inf inf inf
rpbl inf inf inf inf inf inf
safey inf inf inf inf inf inf
schieleh 0.114338874817 0.00835204124451 2 7 2 2
schiele 0.093966960907 0.00349593162537 2 6 2 2
schrans_troost inf inf inf inf inf inf
sendrah 0.131994962692 0.0173008441925 5 146 13 7
sendra 0.147566795349 0.0112266540527 6 226 17 13
solotarevh 0.511365890503 0.258544683456 18 149 6 50
solotarev 0.128139972687 0.0135290622711 4 21 6 8
sparsesym5h 0.25430393219 0.103065729141 17 44 17 45
sparsesym5 0.126971960068 0.0165929794312 5 12 10 5
sym33 0.137861967087 0.0236978530884 8 33 10 17
syz1 0.0934209823608 8.89301300049e-05 2 4 2 2
trinks 0.331437826157 0.134030103683 14 128 6 33
uteshev_bikker 4.70795822144 3.41337800026 39 1323 14 130
vermeer 19.1393032074 14.870057106 24 1456 12 169
virasoro inf inf inf inf inf inf
wang16h 3.59619379044 2.6611263752 38 1040 10 116
wang16 37.0445022583 35.1808433533 4 100 24 111
weispfenning94 0.304898023605 0.103730678558 16 354 11 32
wu90h 2.10867786407 1.28502249718 33 536 8 120
wu90 0.226490020752 0.0532975196838 11 126 7 27
