ahmlh inf inf inf inf inf inf
ahml inf inf inf inf inf inf
assur44 inf inf inf inf inf inf
aubry2 inf inf inf inf inf inf
berthh inf inf inf inf inf inf
berth 0.957538843155 0.744597196579 3 111 26 12
binomial_4_2_4_1 0.334998846054 0.187878370285 4 8 2 6
binomial_5_3_4_4 0.395792007446 0.248520612717 4 8 3 6
binomial_5_3_4_6 0.461123943329 0.315432786942 4 8 3 5
binomial_5_3_5_3 0.808707952499 0.644019842148 5 10 3 9
binomial_5_3_5_5 0.649993896484 0.494408845901 5 10 3 7
binomial_6_2_6_7 1.35627198219 1.20531582832 6 12 2 10
binomial_6_3_6_6 2.71803307533 2.53807401657 6 12 3 16
binomial_7_3_7_9 5.73397493362 5.54814004898 7 14 3 25
binomial_7_4_7_8 34.038356781 33.7712860107 8 16 7 34
binomial_8_3_8_16 817.51184082 816.257995605 8 16 3 176
binomial_8_4_8_9 inf inf inf inf inf inf
buchberger87 0.763913154602 0.607975006104 6 12 4 13
butcher8 inf inf inf inf inf inf
cohn3 inf inf inf inf inf inf
cyclicn2 0.20370221138 0.0569679737091 2 4 2 2
cyclicn3 0.250710010529 0.11271905899 3 8 3 3
cyclicn4 0.537518978119 0.382167100906 5 21 5 8
cyclicn5 inf inf inf inf inf inf
cyclicn6 inf inf inf inf inf inf
cyclicn7 inf inf inf inf inf inf
cyclicn8 inf inf inf inf inf inf
cyclicnh2 0.209169864655 0.0743813514709 2 4 2 2
cyclicnh3 0.294260025024 0.153779029846 3 8 3 3
cyclicnh4 1.17618298531 1.01826715469 4 17 4 11
cyclicnh5 40.6419181824 40.2458839417 12 171 7 88
cyclicnh6 inf inf inf inf inf inf
cyclicnh7 inf inf inf inf inf inf
czapor87_1h 66.9676971436 65.7350311279 14 184 5 157
czapor87_2h 32.9510002136 32.4462928772 12 180 5 121
dessin1 inf inf inf inf inf inf
dl inf inf inf inf inf inf
ducos7_3 inf inf inf inf inf inf
ducos7_5 inf inf inf inf inf inf
econ2 0.179769992828 0.0396420955658 2 4 1 2
econ3 0.235818147659 0.100363016129 3 9 2 3
econ4 0.663413047791 0.511079072952 4 20 4 9
econ5 8.74538516998 8.51331329346 6 48 6 28
econ6 inf inf inf inf inf inf
econ7 inf inf inf inf inf inf
econ8 inf inf inf inf inf inf
econh2 0.22492313385 0.0774319171906 2 4 2 2
econh3 0.442981004715 0.296074151993 4 17 4 5
econh4 2.03163409233 1.87319469452 7 72 5 12
econh5 49.9797706604 49.6567840576 9 71 5 44
econh6 inf inf inf inf inf inf
econh7 inf inf inf inf inf inf
extcyc5h inf inf inf inf inf inf
extcyc5 inf inf inf inf inf inf
extcyc6h inf inf inf inf inf inf
extcyc6 inf inf inf inf inf inf
fatemanh inf inf inf inf inf inf
fateman 781.211608887 755.950500488 17 830 11 2066
fmtmdeh 1.47454118729 1.24841284752 7 14 7 46
fmtm_non_hom 0.214944124222 0.0778279304504 2 4 4 2
fmtm 0.793450117111 0.643206834793 6 12 6 11
gerdt93 25.2844181061 25.0867271423 5 39 5 21
hemmecke 0.799102067947 0.654219150543 3 34 15 3
hfe_segers inf inf inf inf inf inf
ilias12 inf inf inf inf inf inf
ilias13h inf inf inf inf inf inf
ilias13 inf inf inf inf inf inf
ilias_k_2 inf inf inf inf inf inf
issac97 inf inf inf inf inf inf
jason210 inf inf inf inf inf inf
joswig101-trimmed inf inf inf inf inf inf
katsuran2 0.200140953064 0.0582180023193 2 6 2 2
katsuran3 0.331372022629 0.177585840225 4 19 3 5
katsuran4 0.96880197525 0.811173915863 7 52 4 12
katsuran5 92.4609375 91.3367156982 12 133 5 196
katsuran6 inf inf inf inf inf inf
katsuran7 inf inf inf inf inf inf
katsuranh2 0.23511505127 0.0905909538269 2 5 2 2
katsuranh3 0.387808799744 0.234948158264 3 9 2 3
katsuranh4 5.15949630737 4.9092874527 7 40 4 41
katsuranh5 inf inf inf inf inf inf
katsuranh6 inf inf inf inf inf inf
lichtblau 0.230473041534 0.0941708087921 2 23 11 2
liu 96.0951843262 95.8022918701 7 44 4 47
mckay inf inf inf inf inf inf
noon7 inf inf inf inf inf inf
noon8 inf inf inf inf inf inf
nya inf inf inf inf inf inf
r5_2_2_h inf inf inf inf inf inf
r5_2_2 inf inf inf inf inf inf
r5_2_4_h inf inf inf inf inf inf
r5_2_4 inf inf inf inf inf inf
r5_2_6_h inf inf inf inf inf inf
r5_2_6 inf inf inf inf inf inf
r6_2_2_h inf inf inf inf inf inf
r6_2_2 inf inf inf inf inf inf
r6_2_4_h inf inf inf inf inf inf
r6_2_4 inf inf inf inf inf inf
r6_2_6_h inf inf inf inf inf inf
r7_2_2_h inf inf inf inf inf inf
r7_2_2 inf inf inf inf inf inf
r7_2_4_h inf inf inf inf inf inf
r7_2_6_h inf inf inf inf inf inf
r8_2_2_h inf inf inf inf inf inf
r8_2_2 inf inf inf inf inf inf
r8_2_4_h inf inf inf inf inf inf
redcyc6h inf inf inf inf inf inf
redcyc6 inf inf inf inf inf inf
redcyc7h inf inf inf inf inf inf
redcyc7 inf inf inf inf inf inf
reimer5h inf inf inf inf inf inf
reimer5 inf inf inf inf inf inf
reimer6h inf inf inf inf inf inf
reimer6 inf inf inf inf inf inf
reimer7h inf inf inf inf inf inf
reimer7 inf inf inf inf inf inf
roseh 2.08481884003 1.92227721214 6 106 14 9
rose inf inf inf inf inf inf
rpblh inf inf inf inf inf inf
rpbl inf inf inf inf inf inf
safey inf inf inf inf inf inf
schieleh 0.286360025406 0.148493766785 2 7 2 2
schiele 0.231522083282 0.0849609375 2 6 2 2
schrans_troost inf inf inf inf inf inf
sendrah 0.293627977371 0.142561912537 2 26 7 2
sendra 3.58415412903 2.96336126328 6 207 13 100
solotarevh 4.50639915466 4.28283405304 8 44 5 37
solotarev 0.5505900383 0.404815912247 4 18 3 8
sparsesym5h 22.0250473022 21.7951431274 6 16 18 34
sparsesym5 0.737128973007 0.589073896408 5 12 10 5
sym33 11.350315094 11.1221847534 8 57 9 45
syz1 0.197330951691 0.045567035675 2 4 2 2
trinks inf inf inf inf inf inf
uteshev_bikker 645.265258789 642.276000977 18 549 7 455
vermeer 1229.45227051 1228.75512695 6 44 7 117
virasoro inf inf inf inf inf inf
wang16h inf inf inf inf inf inf
wang16 inf inf inf inf inf inf
weispfenning94 6.06094408035 5.86535406113 6 93 9 20
wu90h inf inf inf inf inf inf
wu90 inf inf inf inf inf inf
