ahmlh inf inf inf inf inf inf
ahml inf inf inf inf inf inf
assur44 inf inf inf inf inf inf
aubry2 inf inf inf inf inf inf
berthh 6.0408821106 4.29227781296 8 7200 35 12
berth 0.808466911316 0.616786003113 3 111 26 12
binomial_4_2_4_1 0.271895885468 0.134083986282 4 8 2 6
binomial_5_3_4_4 0.33141708374 0.189194917679 4 8 3 6
binomial_5_3_4_6 0.643437862396 0.486264944077 5 10 5 8
binomial_5_3_5_3 0.994616985321 0.834329366684 5 10 3 15
binomial_5_3_5_5 0.505985021591 0.357734203339 5 10 3 7
binomial_6_2_6_7 1.16655898094 0.997990608215 6 12 2 10
binomial_6_3_6_6 7.25061225891 7.0423116684 6 12 3 35
binomial_7_3_7_9 2.28186011314 2.11656403542 7 14 3 23
binomial_7_4_7_8 inf inf inf inf inf inf
binomial_8_3_8_16 5.32863903046 5.14355325699 8 16 3 25
binomial_8_4_8_9 65.7497329712 65.4893417358 9 18 7 102
buchberger87 2.24818396568 2.04429507256 6 12 4 32
butcher8 inf inf inf inf inf inf
cohn3 inf inf inf inf inf inf
cyclicn2 0.181750059128 0.0426568984985 2 4 2 2
cyclicn3 0.236639022827 0.0876839160919 3 8 3 3
cyclicn4 0.873207092285 0.704110860825 5 21 5 18
cyclicn5 inf inf inf inf inf inf
cyclicn6 inf inf inf inf inf inf
cyclicn7 inf inf inf inf inf inf
cyclicn8 inf inf inf inf inf inf
cyclicnh2 0.204959869385 0.0610430240631 2 4 2 2
cyclicnh3 0.250555992126 0.113162755966 3 8 3 3
cyclicnh4 1.04882502556 0.869949102402 4 17 4 11
cyclicnh5 155.641464233 155.339126587 13 186 8 43
cyclicnh6 inf inf inf inf inf inf
cyclicnh7 inf inf inf inf inf inf
czapor87_1h 72.9669876099 72.5805282593 12 156 5 57
czapor87_2h 97.6577148438 97.1515655518 12 180 5 78
dessin1 inf inf inf inf inf inf
dl inf inf inf inf inf inf
ducos7_3 inf inf inf inf inf inf
ducos7_5 inf inf inf inf inf inf
econ2 0.168344020844 0.0341880321503 2 4 1 2
econ3 0.217713832855 0.0771231651306 3 9 2 3
econ4 6.23375415802 5.98437786102 4 20 4 35
econ5 inf inf inf inf inf inf
econ6 inf inf inf inf inf inf
econ7 inf inf inf inf inf inf
econ8 inf inf inf inf inf inf
econh2 0.201145887375 0.0605659484863 2 4 2 2
econh3 0.44944190979 0.304425954819 4 17 4 8
econh4 10.2659797668 10.0510101318 9 47 5 32
econh5 inf inf inf inf inf inf
econh6 inf inf inf inf inf inf
econh7 inf inf inf inf inf inf
extcyc5h inf inf inf inf inf inf
extcyc5 inf inf inf inf inf inf
extcyc6h inf inf inf inf inf inf
extcyc6 inf inf inf inf inf inf
fatemanh inf inf inf inf inf inf
fateman inf inf inf inf inf inf
fmtmdeh 11.0774173737 10.4231061935 5 10 19 154
fmtm_non_hom 0.196686983109 0.0611190795898 2 4 4 2
fmtm 1.92316484451 1.74159002304 6 12 6 22
gerdt93 337.399932861 337.147155762 6 58 6 40
hemmecke 0.65749502182 0.508837938309 3 34 15 3
hfe_segers inf inf inf inf inf inf
ilias12 inf inf inf inf inf inf
ilias13h inf inf inf inf inf inf
ilias13 inf inf inf inf inf inf
ilias_k_2 inf inf inf inf inf inf
issac97 inf inf inf inf inf inf
jason210 inf inf inf inf inf inf
joswig101-trimmed inf inf inf inf inf inf
katsuran2 0.184492111206 0.0475301742554 2 6 2 2
katsuran3 0.290123939514 0.128910064697 4 19 3 5
katsuran4 5.63483428955 5.39295101166 7 52 4 49
katsuran5 771.845336914 771.083740234 13 178 5 120
katsuran6 inf inf inf inf inf inf
katsuran7 inf inf inf inf inf inf
katsuranh2 0.201122999191 0.0663387775421 2 5 2 2
katsuranh3 0.300945997238 0.162939786911 3 9 2 3
katsuranh4 2.59687590599 2.41286420822 7 41 4 20
katsuranh5 inf inf inf inf inf inf
katsuranh6 inf inf inf inf inf inf
lichtblau 0.21359205246 0.0736739635468 2 22 11 2
liu 62.435710907 62.2291488647 7 46 4 27
mckay inf inf inf inf inf inf
noon7 inf inf inf inf inf inf
noon8 inf inf inf inf inf inf
nya inf inf inf inf inf inf
r5_2_2_h inf inf inf inf inf inf
r5_2_2 inf inf inf inf inf inf
r5_2_4_h inf inf inf inf inf inf
r5_2_4 inf inf inf inf inf inf
r5_2_6_h inf inf inf inf inf inf
r5_2_6 inf inf inf inf inf inf
r6_2_2_h inf inf inf inf inf inf
r6_2_2 inf inf inf inf inf inf
r6_2_4_h inf inf inf inf inf inf
r6_2_4 inf inf inf inf inf inf
r6_2_6_h inf inf inf inf inf inf
r7_2_2_h inf inf inf inf inf inf
r7_2_2 inf inf inf inf inf inf
r7_2_4_h inf inf inf inf inf inf
r7_2_6_h inf inf inf inf inf inf
r8_2_2_h inf inf inf inf inf inf
r8_2_2 inf inf inf inf inf inf
r8_2_4_h inf inf inf inf inf inf
redcyc6h inf inf inf inf inf inf
redcyc6 inf inf inf inf inf inf
redcyc7h inf inf inf inf inf inf
redcyc7 inf inf inf inf inf inf
reimer5h inf inf inf inf inf inf
reimer5 inf inf inf inf inf inf
reimer6h inf inf inf inf inf inf
reimer6 inf inf inf inf inf inf
reimer7h inf inf inf inf inf inf
reimer7 inf inf inf inf inf inf
roseh 675.301025391 672.965087891 6 106 14 467
rose inf inf inf inf inf inf
rpblh inf inf inf inf inf inf
rpbl inf inf inf inf inf inf
safey inf inf inf inf inf inf
schieleh 0.262821912766 0.123285055161 2 7 2 2
schiele 0.212808132172 0.0670690536499 2 6 2 2
schrans_troost inf inf inf inf inf inf
sendrah 0.243380069733 0.100462913513 2 26 7 2
sendra 10.5387325287 8.64213943481 6 226 17 279
solotarevh 73.0127792358 72.6553344727 9 54 5 73
solotarev 0.464780092239 0.316008329391 4 21 6 8
sparsesym5h inf inf inf inf inf inf
sparsesym5 inf inf inf inf inf inf
sym33 61.4034843445 60.9200401306 8 88 8 111
syz1 0.168128967285 0.0362212657928 2 4 2 2
trinks inf inf inf inf inf inf
uteshev_bikker 62.6055145264 62.046043396 17 518 7 101
vermeer inf inf inf inf inf inf
virasoro inf inf inf inf inf inf
wang16h inf inf inf inf inf inf
wang16 inf inf inf inf inf inf
weispfenning94 23.2465190887 22.9543800354 6 72 9 61
wu90h inf inf inf inf inf inf
wu90 inf inf inf inf inf inf
