ahmlh inf inf inf inf inf inf
ahml inf inf inf inf inf inf
assur44 inf inf inf inf inf inf
aubry2 726.54119873 151.524383545 79 7215 6 1013
berthh 1172.06799316 69.9336166382 44 2727 40 22637
berth 0.792908906937 0.642406225204 3 111 26 12
binomial_4_2_4_1 0.546566009521 0.434805870056 4 8 2 14
binomial_5_3_4_4 0.476000070572 0.373698949814 5 10 4 8
binomial_5_3_4_6 0.716995000839 0.61677646637 5 10 5 14
binomial_5_3_5_3 0.720029115677 0.602961540222 6 12 5 21
binomial_5_3_5_5 0.511348009109 0.396370887756 5 10 3 7
binomial_6_2_6_7 1.50962090492 1.32576823235 10 20 4 43
binomial_6_3_6_6 0.767063140869 0.656030654907 7 14 5 18
binomial_7_3_7_9 1.73163700104 1.574041605 8 16 4 35
binomial_7_4_7_8 2.23844313622 2.0075609684 9 18 7 77
binomial_8_3_8_16 2.22732114792 2.0130572319 8 16 3 36
binomial_8_4_8_9 1.13558888435 1.03616213799 9 18 7 31
buchberger87 0.87081193924 0.752593278885 6 12 4 16
butcher8 54.2077026367 22.8868560791 44 1300 4 566
cohn3 inf inf inf inf inf inf
cyclicn2 0.16642999649 0.0712311267853 2 4 2 2
cyclicn3 0.231557846069 0.133223772049 3 8 3 3
cyclicn4 0.437967061996 0.33362030983 5 21 5 10
cyclicn5 3.31097912788 2.71028971672 20 232 8 113
cyclicn6 18.9748420715 10.5176649094 45 1135 9 354
cyclicn7 1000.91381836 237.914855957 209 27185 12 2099
cyclicn8 inf inf inf inf inf inf
cyclicnh2 0.189343929291 0.0941472053528 2 4 2 2
cyclicnh3 0.274339914322 0.17657995224 3 8 3 3
cyclicnh4 0.53741812706 0.429542779922 4 17 4 8
cyclicnh5 1.26426696777 1.11542057991 12 171 7 22
cyclicnh6 4.83725070953 3.95925879478 34 1540 9 95
cyclicnh7 77.368888855 30.4238262177 121 28595 12 449
czapor87_1h 1.94777393341 1.51053595543 12 156 5 93
czapor87_2h 0.983335018158 0.81539440155 12 180 5 30
dessin1 5.65150690079 3.89090490341 32 1076 6 113
dl inf inf inf inf inf inf
ducos7_3 1539.57983398 388.509735107 80 8634 6 1270
ducos7_5 inf inf inf inf inf inf
econ2 0.174445152283 0.0720238685608 2 4 1 2
econ3 0.228698015213 0.131993055344 3 9 2 3
econ4 0.519587039948 0.407837152481 5 22 3 12
econ5 1.40162014961 1.20907640457 9 69 4 36
econ6 1.92495894432 1.61641550064 18 232 4 61
econ7 5.22581577301 4.01039791107 22 548 6 120
econ8 20.7717895508 11.237953186 59 2704 5 342
econh2 0.191257953644 0.0970532894135 2 4 2 2
econh3 0.316390991211 0.226440906525 4 11 4 5
econh4 0.973804950714 0.838449954987 7 31 5 24
econh5 3.34291315079 2.73713779449 12 85 6 118
econh6 6.85172080994 5.05155086517 25 300 7 295
econh7 inf inf inf inf inf inf
extcyc5h 6.95791816711 5.05831575394 41 3069 12 116
extcyc5 56.5586013794 23.5367774963 102 6728 10 663
extcyc6h 267.269042969 80.8319702148 200 65044 20 826
extcyc6 inf inf inf inf inf inf
fatemanh 2.65368700027 2.15550088882 27 1009 14 63
fateman 580.496887207 27.97697258 15 686 11 10175
fmtmdeh 0.602941989899 0.458310365677 9 18 6 42
fmtm_non_hom 0.275541067123 0.179002046585 3 6 5 6
fmtm 0.738893032074 0.610167980194 9 18 8 32
gerdt93 0.908056974411 0.77641248703 7 41 6 20
hemmecke 0.367347955704 0.271234750748 3 16 15 3
hfe_segers inf inf inf inf inf inf
ilias12 inf inf inf inf inf inf
ilias13h inf inf inf inf inf inf
ilias13 inf inf inf inf inf inf
ilias_k_2 332.613342285 108.525466919 79 10441 7 1106
issac97 0.791369199753 0.629939556122 12 180 5 30
jason210 inf inf inf inf inf inf
joswig101-trimmed inf inf inf inf inf inf
katsuran2 0.19717502594 0.102274179459 2 5 2 2
katsuran3 0.338775873184 0.235293149948 4 16 3 5
katsuran4 0.552174091339 0.44659948349 7 49 4 12
katsuran5 1.25645399094 1.06733798981 13 168 5 31
katsuran6 2.57263112068 2.08260059357 22 528 6 70
katsuran7 8.11534500122 5.15993213654 41 1923 7 169
katsuranh2 0.242764949799 0.125855207443 2 5 2 2
katsuranh3 0.380058050156 0.281493186951 4 16 3 5
katsuranh4 0.718631982803 0.60287976265 7 49 4 12
katsuranh5 1.44926095009 1.25853896141 13 168 5 31
katsuranh6 3.12745499611 2.58656024933 22 528 6 70
lichtblau 0.390702009201 0.279724597931 3 48 10 11
liu 5.80179023743 4.07085371017 18 174 6 341
mckay inf inf inf inf inf inf
noon7 inf inf inf inf inf inf
noon8 inf inf inf inf inf inf
nya inf inf inf inf inf inf
r5_2_2_h 1.7371070385 1.45975518227 21 160 6 68
r5_2_2 1.73285198212 1.44623970985 21 160 6 68
r5_2_4_h 3.22456502914 2.53515458107 35 453 9 122
r5_2_4 420.694610596 67.7836227417 206 171210 16 757
r5_2_6_h 111.934341431 37.4854927063 225 21205 19 845
r5_2_6 inf inf inf inf inf inf
r6_2_2_h 5.94897508621 4.32120704651 39 498 7 185
r6_2_2 8.40777873993 5.23372125626 40 519 7 304
r6_2_4_h 105.489967346 38.4844398499 152 8725 13 1034
r6_2_4 inf inf inf inf inf inf
r6_2_6_h inf inf inf inf inf inf
r7_2_2_h 13.8194818497 8.48132896423 67 1487 8 339
r7_2_2 14.1091966629 8.33213615417 67 1487 8 339
r7_2_4_h 245.636871338 70.5783157349 249 23533 14 1379
r7_2_6_h inf inf inf inf inf inf
r8_2_2_h 80.9400863647 28.7336750031 128 5195 9 853
r8_2_2 inf inf inf inf inf inf
r8_2_4_h inf inf inf inf inf inf
redcyc6h 26.9864730835 17.0261993408 106 3994 22 400
redcyc6 17.5447444916 10.7009763718 21 493 6 272
redcyc7h 1143.46582031 342.296508789 442 86579 27 2118
redcyc7 690.875244141 198.042160034 78 9763 7 1428
reimer5h inf inf inf inf inf inf
reimer5 inf inf inf inf inf inf
reimer6h inf inf inf inf inf inf
reimer6 inf inf inf inf inf inf
reimer7h inf inf inf inf inf inf
reimer7 inf inf inf inf inf inf
roseh 26.1874256134 7.35857105255 14 379 15 1224
rose 8.25828361511 2.95416522026 12 324 11 462
rpblh inf inf inf inf inf inf
rpbl inf inf inf inf inf inf
safey inf inf inf inf inf inf
schieleh 0.249565124512 0.155175924301 2 6 2 2
schiele 0.237421035767 0.135540246964 2 6 2 2
schrans_troost inf inf inf inf inf inf
sendrah 0.45581817627 0.332090616226 3 73 13 12
sendra 0.681978940964 0.452342033386 6 185 13 36
solotarevh 0.543036937714 0.43638586998 6 23 5 11
solotarev 0.357532024384 0.261080026627 5 19 2 6
sparsesym5h 1.73880505562 1.58085393906 6 16 18 40
sparsesym5 0.437492132187 0.33907532692 5 12 10 5
sym33 0.925868034363 0.747225761414 10 85 10 43
syz1 0.19278383255 0.0952677726746 2 4 2 2
trinks 1.20384383202 1.07248210907 9 69 4 17
uteshev_bikker 118.649017334 17.3518924713 17 518 7 3352
vermeer 2.82901597023 2.17397475243 13 96 5 187
virasoro inf inf inf inf inf inf
wang16h inf inf inf inf inf inf
wang16 37.8597068787 8.30431652069 11 255 7 1055
weispfenning94 1.32927203178 1.04725265503 7 132 10 60
wu90h inf inf inf inf inf inf
wu90 2.06166386604 1.63095760345 9 108 6 81
