ahmlh inf inf inf inf inf inf
ahml 431.380096436 418.357208252 40 6664 14 345
assur44 inf inf inf inf inf inf
aubry2 inf inf inf inf inf inf
berthh 130.155380249 110.002937317 11 10924 35 494
berth 2.79252099991 2.56799411774 5 178 17 24
binomial_4_2_4_1 0.266319990158 0.17129611969 4 8 2 6
binomial_5_3_4_4 0.288426160812 0.191328763962 4 8 3 6
binomial_5_3_4_6 0.390722036362 0.292795658112 5 10 5 11
binomial_5_3_5_3 0.376731872559 0.277928113937 6 12 5 13
binomial_5_3_5_5 0.328888893127 0.233639955521 5 10 3 7
binomial_6_2_6_7 0.445332050323 0.342149019241 7 14 3 14
binomial_6_3_6_6 0.480074882507 0.373325824738 7 14 5 18
binomial_7_3_7_9 1.32972717285 1.18097233772 12 24 4 53
binomial_7_4_7_8 1.18499517441 1.0268933773 9 18 7 49
binomial_8_3_8_16 0.597111225128 0.487835168839 8 16 3 25
binomial_8_4_8_9 0.740674972534 0.625393629074 9 18 7 34
buchberger87 0.582221031189 0.469073534012 4 8 4 20
butcher8 inf inf inf inf inf inf
cohn3 inf inf inf inf inf inf
cyclicn2 0.16859292984 0.0798592567444 2 4 2 2
cyclicn3 0.228877067566 0.130460739136 3 8 3 3
cyclicn4 0.441457033157 0.335170269012 5 21 5 15
cyclicn5 23.6266098022 22.9404373169 26 332 8 123
cyclicn6 1041.19934082 1030.23120117 49 1260 14 410
cyclicn7 inf inf inf inf inf inf
cyclicn8 inf inf inf inf inf inf
cyclicnh2 0.175335884094 0.0865609645844 2 4 2 2
cyclicnh3 0.224835157394 0.134557008743 3 8 3 3
cyclicnh4 0.377337932587 0.275546550751 4 17 4 8
cyclicnh5 2.44262290001 2.21840214729 19 246 12 44
cyclicnh6 71.7090301514 68.7676544189 59 1711 16 198
cyclicnh7 inf inf inf inf inf inf
czapor87_1h 2.74747800827 2.46709442139 13 171 5 55
czapor87_2h 6.0916557312 5.55631828308 14 214 6 108
dessin1 32.9607887268 31.2797107697 39 1385 5 130
dl inf inf inf inf inf inf
ducos7_3 inf inf inf inf inf inf
ducos7_5 inf inf inf inf inf inf
econ2 0.182692050934 0.0818266868591 2 4 1 2
econ3 0.209136009216 0.12223315239 3 9 2 3
econ4 0.510648012161 0.405443668365 4 20 4 13
econ5 6.02645015717 5.73103809357 5 45 8 58
econ6 6.0210351944 5.71695756912 11 158 6 49
econ7 1029.13793945 1025.1060791 11 363 12 128
econ8 inf inf inf inf inf inf
econh2 0.184495210648 0.0910680294037 2 4 2 2
econh3 0.395529031754 0.29078578949 4 11 4 11
econh4 0.546976089478 0.43381524086 7 30 5 17
econh5 inf inf inf inf inf inf
econh6 inf inf inf inf inf inf
econh7 inf inf inf inf inf inf
extcyc5h 45.4687767029 42.48179245 44 3327 13 154
extcyc5 inf inf inf inf inf inf
extcyc6h inf inf inf inf inf inf
extcyc6 inf inf inf inf inf inf
fatemanh 517.832824707 459.095855713 17 880 11 2314
fateman 402.226196289 348.910858154 17 880 11 1761
fmtmdeh 1.70450091362 1.51224946976 7 14 9 56
fmtm_non_hom 0.179986953735 0.0907380580902 2 4 4 2
fmtm 1.36227679253 1.19269490242 8 16 8 48
gerdt93 1.84623098373 1.59132671356 8 66 7 59
hemmecke 0.257350921631 0.16691493988 3 16 15 3
hfe_segers 971.067687988 965.233642578 40 192 4 340
ilias12 inf inf inf inf inf inf
ilias13h inf inf inf inf inf inf
ilias13 inf inf inf inf inf inf
ilias_k_2 inf inf inf inf inf inf
issac97 21.4798660278 20.5507125854 10 170 8 106
jason210 inf inf inf inf inf inf
joswig101-trimmed inf inf inf inf inf inf
katsuran2 0.18296289444 0.0933949947357 2 5 2 2
katsuran3 0.254594087601 0.164893865585 4 16 3 5
katsuran4 1.19501590729 1.03521966934 7 44 4 28
katsuran5 34.7504692078 33.5837440491 14 178 5 128
katsuran6 4.28941822052 3.78211045265 22 528 6 70
katsuran7 96.3081130981 91.7197723389 37 1838 10 192
katsuranh2 0.192729949951 0.102147102356 2 5 2 2
katsuranh3 0.291007041931 0.191941022873 4 16 3 5
katsuranh4 0.434542894363 0.328365802765 7 49 4 12
katsuranh5 1.41227388382 1.21133804321 15 169 5 39
katsuranh6 4.28168964386 3.77590608597 22 528 6 70
lichtblau 0.910537004471 0.695185899734 2 22 11 58
liu 1.11544108391 0.974695205688 9 76 4 28
mckay inf inf inf inf inf inf
noon7 inf inf inf inf inf inf
noon8 inf inf inf inf inf inf
nya inf inf inf inf inf inf
r5_2_2_h 18.6727027893 17.988576889 23 172 6 113
r5_2_2 3.43282318115 3.14781832695 21 160 6 68
r5_2_4_h 14.4842157364 13.8049287796 35 453 9 122
r5_2_4 inf inf inf inf inf inf
r5_2_6_h inf inf inf inf inf inf
r5_2_6 inf inf inf inf inf inf
r6_2_2_h 28.5473480225 27.3873634338 39 498 7 162
r6_2_2 1546.46911621 1533.94848633 41 535 7 506
r6_2_4_h inf inf inf inf inf inf
r6_2_4 inf inf inf inf inf inf
r6_2_6_h inf inf inf inf inf inf
r7_2_2_h 252.403549194 246.869781494 67 1487 8 339
r7_2_2 241.803955078 236.24319458 67 1487 8 339
r7_2_4_h inf inf inf inf inf inf
r7_2_6_h inf inf inf inf inf inf
r8_2_2_h inf inf inf inf inf inf
r8_2_2 inf inf inf inf inf inf
r8_2_4_h inf inf inf inf inf inf
redcyc6h inf inf inf inf inf inf
redcyc6 inf inf inf inf inf inf
redcyc7h inf inf inf inf inf inf
redcyc7 inf inf inf inf inf inf
reimer5h inf inf inf inf inf inf
reimer5 1659.69470215 1627.81640625 24 1302 10 517
reimer6h inf inf inf inf inf inf
reimer6 inf inf inf inf inf inf
reimer7h inf inf inf inf inf inf
reimer7 inf inf inf inf inf inf
roseh 1520.45751953 1475.29406738 16 426 16 2135
rose 47.2627944946 45.1943588257 14 391 20 238
rpblh inf inf inf inf inf inf
rpbl inf inf inf inf inf inf
safey inf inf inf inf inf inf
schieleh 0.200793981552 0.104959964752 2 6 2 2
schiele 0.183393001556 0.0942258834839 2 6 2 2
schrans_troost inf inf inf inf inf inf
sendrah 0.284346818924 0.184630870819 2 26 7 6
sendra 0.567217111588 0.423620223999 7 249 14 21
solotarevh 1.27787089348 1.09755897522 11 62 7 38
solotarev 0.35372710228 0.25917339325 5 24 4 7
sparsesym5h 0.499188184738 0.401363611221 6 16 18 16
sparsesym5 0.329655170441 0.23278927803 5 12 10 5
sym33 1.81788611412 1.57875585556 11 197 11 41
syz1 0.183911085129 0.0936617851257 2 4 2 2
trinks 1.06380796432 0.906618118286 12 118 5 27
uteshev_bikker 27.1866664886 25.6303195953 35 1178 14 142
vermeer 451.963867188 441.0675354 11 84 5 562
virasoro inf inf inf inf inf inf
wang16h inf inf inf inf inf inf
wang16 115.965583801 113.28679657 17 381 5 233
weispfenning94 277.190490723 267.985046387 25 716 14 649
wu90h 408.339996338 402.749420166 25 406 7 416
wu90 3.46546196938 3.03986907005 12 147 6 72
