ahmlh inf inf inf inf inf inf
ahml 942.514282227 887.243591309 95 26886 14 330
assur44 inf inf inf inf inf inf
aubry2 inf inf inf inf inf inf
berthh 116.828826904 114.616149902 67 4646 42 136
berth 32.016834259 30.3493556976 15 1175 9 91
binomial_4_2_4_1 0.196435928345 0.0958578586578 6 12 3 12
binomial_5_3_4_4 0.369703769684 0.253480195999 11 22 7 27
binomial_5_3_4_6 0.726327180862 0.587626695633 16 32 9 49
binomial_5_3_5_3 0.441662788391 0.320053339005 12 24 6 27
binomial_5_3_5_5 1.91014409065 1.75063586235 20 40 9 55
binomial_6_2_6_7 0.536648035049 0.410076141357 12 24 4 34
binomial_6_3_6_6 0.678178071976 0.551148176193 13 26 6 34
binomial_7_3_7_9 0.707370042801 0.569040060043 14 28 5 42
binomial_7_4_7_8 1.00453019142 0.85418343544 17 34 8 59
binomial_8_3_8_16 3.15444684029 2.96648836136 20 40 4 74
binomial_8_4_8_9 2.30308818817 2.15007519722 18 36 7 60
buchberger87 0.282154083252 0.182682275772 8 16 6 17
butcher8 inf inf inf inf inf inf
cohn3 inf inf inf inf inf inf
cyclicn2 0.144454956055 0.0547239780426 2 4 2 2
cyclicn3 0.1664249897 0.0711419582367 3 8 3 4
cyclicn4 0.234780073166 0.12771987915 7 29 6 13
cyclicn5 46.0822944641 45.2075080872 25 298 8 141
cyclicn6 inf inf inf inf inf inf
cyclicn7 inf inf inf inf inf inf
cyclicn8 inf inf inf inf inf inf
cyclicnh2 0.146662950516 0.0582039356232 2 4 2 2
cyclicnh3 0.16793680191 0.074737071991 3 8 3 4
cyclicnh4 0.261829853058 0.15491104126 7 29 6 13
cyclicnh5 46.2925758362 45.51720047 41 492 14 127
cyclicnh6 inf inf inf inf inf inf
cyclicnh7 inf inf inf inf inf inf
czapor87_1h 3.16735506058 2.88025665283 15 199 5 50
czapor87_2h 2.88583517075 2.60042500496 15 229 5 50
dessin1 893.621887207 886.069152832 46 1734 5 269
dl inf inf inf inf inf inf
ducos7_3 inf inf inf inf inf inf
ducos7_5 inf inf inf inf inf inf
econ2 0.166151046753 0.0558931827545 2 4 1 2
econ3 0.160799980164 0.06414103508 3 9 2 3
econ4 0.21261382103 0.113525629044 7 29 2 13
econ5 0.621304988861 0.483452558517 11 82 3 28
econ6 5.93505191803 5.5898399353 18 207 4 68
econ7 51.5733070374 50.197353363 32 687 4 150
econ8 691.722351074 683.87701416 59 2634 5 334
econh2 0.162132978439 0.062273979187 2 4 2 2
econh3 0.189692974091 0.0895733833313 4 13 4 6
econh4 0.273421764374 0.1650390625 7 36 5 13
econh5 8.03148651123 7.48406887054 16 175 6 71
econh6 42.1374969482 40.7366638184 28 629 7 117
econh7 337.271759033 330.454528809 48 2141 8 226
extcyc5h inf inf inf inf inf inf
extcyc5 inf inf inf inf inf inf
extcyc6h inf inf inf inf inf inf
extcyc6 inf inf inf inf inf inf
fatemanh 1152.3157959 1142.74072266 104 5745 52 345
fateman 1144.46520996 1134.12243652 104 5745 52 345
fmtmdeh 0.198448896408 0.0989089012146 8 16 5 15
fmtm_non_hom 0.158427000046 0.0677161216736 4 8 6 6
fmtm 0.229375839233 0.125102996826 8 16 7 15
gerdt93 0.453742980957 0.326628446579 9 109 6 18
hemmecke 0.183177947998 0.0855803489685 3 16 15 3
hfe_segers 272.887786865 270.088256836 49 220 4 281
ilias12 inf inf inf inf inf inf
ilias13h inf inf inf inf inf inf
ilias13 inf inf inf inf inf inf
ilias_k_2 inf inf inf inf inf inf
issac97 1.97398591042 1.70187830925 14 212 5 46
jason210 inf inf inf inf inf inf
joswig101-trimmed inf inf inf inf inf inf
katsuran2 0.148383140564 0.0579609870911 2 5 2 2
katsuran3 0.179274082184 0.0845611095428 4 14 3 6
katsuran4 0.261034011841 0.152909755707 7 56 4 13
katsuran5 4.18264818192 3.74701094627 13 143 5 56
katsuran6 44.0091781616 42.4380569458 24 606 6 116
katsuran7 637.595336914 626.772583008 47 2294 7 268
katsuranh2 0.160906076431 0.0633339881897 2 5 2 2
katsuranh3 0.195124864578 0.0964550971985 4 14 3 6
katsuranh4 0.321146965027 0.209739208221 7 56 4 13
katsuranh5 13.5859489441 13.0932397842 19 220 5 72
katsuranh6 1033.26000977 1023.71520996 53 1483 8 303
lichtblau 2.33049893379 1.83839821815 16 929 10 49
liu 1.84613204002 1.67025923729 16 148 9 46
mckay inf inf inf inf inf inf
noon7 inf inf inf inf inf inf
noon8 inf inf inf inf inf inf
nya inf inf inf inf inf inf
r5_2_2_h 50.4740142822 49.5224380493 27 201 6 127
r5_2_2 56.4376602173 55.3794403076 27 201 6 127
r5_2_4_h 157.649581909 155.431930542 45 631 9 187
r5_2_4 inf inf inf inf inf inf
r5_2_6_h inf inf inf inf inf inf
r5_2_6 inf inf inf inf inf inf
r6_2_2_h 587.344238281 582.502563477 52 721 7 260
r6_2_2 574.870849609 570.143249512 52 721 7 260
r6_2_4_h inf inf inf inf inf inf
r6_2_4 inf inf inf inf inf inf
r6_2_6_h inf inf inf inf inf inf
r7_2_2_h inf inf inf inf inf inf
r7_2_2 inf inf inf inf inf inf
r7_2_4_h inf inf inf inf inf inf
r7_2_6_h inf inf inf inf inf inf
r8_2_2_h inf inf inf inf inf inf
r8_2_2 inf inf inf inf inf inf
r8_2_4_h inf inf inf inf inf inf
redcyc6h inf inf inf inf inf inf
redcyc6 inf inf inf inf inf inf
redcyc7h inf inf inf inf inf inf
redcyc7 inf inf inf inf inf inf
reimer5h inf inf inf inf inf inf
reimer5 inf inf inf inf inf inf
reimer6h inf inf inf inf inf inf
reimer6 inf inf inf inf inf inf
reimer7h inf inf inf inf inf inf
reimer7 inf inf inf inf inf inf
roseh inf inf inf inf inf inf
rose 1.6776509285 1.399122715 19 537 10 49
rpblh inf inf inf inf inf inf
rpbl inf inf inf inf inf inf
safey inf inf inf inf inf inf
schieleh 0.152793169022 0.0641407966614 2 6 2 2
schiele 0.151067018509 0.0608108043671 2 6 2 2
schrans_troost inf inf inf inf inf inf
sendrah 0.235687017441 0.120195865631 7 221 14 9
sendra 0.209518909454 0.0935499668121 6 186 11 9
solotarevh 8.83564949036 8.397356987 21 172 7 86
solotarev 0.31064081192 0.187675952911 10 50 3 24
sparsesym5h 0.245272159576 0.14088010788 6 16 18 16
sparsesym5 0.188736915588 0.0916659832001 5 12 10 5
sym33 0.331968069077 0.213552236557 10 85 10 18
syz1 0.144644021988 0.0552990436554 2 4 2 2
trinks 5.89692115784 5.58129501343 13 123 5 53
uteshev_bikker 12.0346698761 11.2721853256 20 627 9 80
vermeer 98.2809143066 96.6646347046 21 500 8 157
virasoro inf inf inf inf inf inf
wang16h 296.762359619 292.917388916 67 1985 12 231
wang16 9.48529052734 8.89930438995 16 380 5 86
weispfenning94 2.09586191177 1.83788847923 22 511 14 48
wu90h 11.5768070221 11.0035085678 29 407 7 102
wu90 3.91178917885 3.5853676796 20 266 4 67
