ahmlh inf inf inf inf inf inf
ahml inf inf inf inf inf inf
assur44 inf inf inf inf inf inf
aubry2 inf inf inf inf inf inf
berthh 5.61888885498 3.82602739334 11 4100 35 57
berth 0.872271060944 0.688859701157 4 146 22 17
binomial_4_2_4_1 0.502872943878 0.382821559906 6 12 3 14
binomial_5_3_4_4 0.381789922714 0.284352064133 5 10 4 8
binomial_5_3_4_6 0.580350160599 0.451656579971 9 18 9 18
binomial_5_3_5_3 0.955492973328 0.806316137314 9 18 5 39
binomial_5_3_5_5 0.381686925888 0.279007196426 5 10 3 7
binomial_6_2_6_7 0.710874080658 0.5877430439 9 18 3 20
binomial_6_3_6_6 1.04199004173 0.888984918594 7 14 5 34
binomial_7_3_7_9 2.46060800552 2.06659579277 11 22 5 103
binomial_7_4_7_8 1.7817530632 1.54321956635 9 18 7 59
binomial_8_3_8_16 0.869398832321 0.71878695488 8 16 3 27
binomial_8_4_8_9 0.969707012177 0.833627939224 9 18 7 31
buchberger87 0.591922998428 0.482297420502 6 12 4 16
butcher8 inf inf inf inf inf inf
cohn3 inf inf inf inf inf inf
cyclicn2 0.196796894073 0.100562810898 2 4 2 2
cyclicn3 0.263954162598 0.16726398468 3 8 3 4
cyclicn4 0.458544015884 0.348780155182 5 21 5 14
cyclicn5 167.043579102 115.863265991 23 277 9 1241
cyclicn6 220.607498169 212.440826416 45 1135 9 354
cyclicn7 inf inf inf inf inf inf
cyclicn8 inf inf inf inf inf inf
cyclicnh2 0.218950986862 0.123411893845 2 4 2 2
cyclicnh3 0.268579959869 0.174074172974 3 8 3 3
cyclicnh4 0.337213039398 0.236341953278 4 17 4 5
cyclicnh5 3.11732816696 2.83095383644 12 171 7 50
cyclicnh6 17.184387207 16.320148468 34 1540 9 95
cyclicnh7 inf inf inf inf inf inf
czapor87_1h 1.11901688576 0.950192689896 12 156 5 32
czapor87_2h 1.00352716446 0.838553905487 12 180 5 30
dessin1 41.4458694458 29.7545948029 39 1385 5 1215
dl inf inf inf inf inf inf
ducos7_3 inf inf inf inf inf inf
ducos7_5 inf inf inf inf inf inf
econ2 0.193436145782 0.0963499546051 2 4 1 2
econ3 0.214320898056 0.128988027573 3 9 2 3
econ4 0.409592151642 0.300565958023 7 29 2 13
econ5 2.67607903481 1.88083934784 12 81 3 194
econ6 1.81226110458 1.52071094513 18 232 4 61
econ7 410.094726562 302.778259277 22 563 9 2698
econ8 83.9590682983 75.0363235474 59 2704 5 342
econh2 0.206048965454 0.109215021133 2 4 2 2
econh3 0.292886018753 0.194930076599 4 11 4 5
econh4 0.746969938278 0.614033460617 8 34 5 27
econh5 1.2015709877 1.04680895805 15 104 7 37
econh6 512.263916016 373.8777771 27 313 8 4639
econh7 30.2695579529 28.1671161652 51 1127 10 213
extcyc5h 41.302646637 39.1394424438 41 3069 12 127
extcyc5 1300.17431641 1269.40820312 102 6728 10 663
extcyc6h inf inf inf inf inf inf
extcyc6 inf inf inf inf inf inf
fatemanh 3.72316098213 3.29205036163 27 1009 14 63
fateman 197.42388916 126.352027893 27 1191 16 3755
fmtmdeh 0.875264883041 0.661260843277 6 12 5 44
fmtm_non_hom 0.25808095932 0.161209821701 3 6 4 4
fmtm 0.510658979416 0.398632764816 7 14 8 14
gerdt93 1.49125313759 1.26945400238 5 35 5 40
hemmecke 0.339309930801 0.239923000336 3 16 15 3
hfe_segers 321.351135254 257.470123291 45 218 4 1563
ilias12 inf inf inf inf inf inf
ilias13h inf inf inf inf inf inf
ilias13 inf inf inf inf inf inf
ilias_k_2 inf inf inf inf inf inf
issac97 0.754388093948 0.592327833176 12 180 5 30
jason210 inf inf inf inf inf inf
joswig101-trimmed inf inf inf inf inf inf
katsuran2 0.202566862106 0.108855962753 2 5 2 2
katsuran3 0.303390026093 0.200828075409 4 16 3 5
katsuran4 0.450227022171 0.342935800552 7 49 4 12
katsuran5 1.03820681572 0.862748622894 13 168 5 31
katsuran6 3.24922704697 2.73915314674 22 528 6 70
katsuran7 21.3660316467 18.5132026672 41 1923 7 169
katsuranh2 0.239690065384 0.131325960159 2 5 2 2
katsuranh3 0.323607206345 0.225872993469 4 16 3 5
katsuranh4 0.555515050888 0.4451379776 7 49 4 12
katsuranh5 1.34683084488 1.18041467667 13 168 5 31
katsuranh6 5.32576370239 4.82410430908 22 528 6 70
lichtblau 0.223870992661 0.126846075058 2 23 11 2
liu 6.07682609558 4.68538618088 12 86 4 221
mckay inf inf inf inf inf inf
noon7 inf inf inf inf inf inf
noon8 inf inf inf inf inf inf
nya inf inf inf inf inf inf
r5_2_2_h 1.919932127 1.65175676346 21 160 6 68
r5_2_2 1.91242194176 1.64240860939 21 160 6 68
r5_2_4_h 6.8458199501 6.17592048645 35 453 9 122
r5_2_4 inf inf inf inf inf inf
r5_2_6_h inf inf inf inf inf inf
r5_2_6 inf inf inf inf inf inf
r6_2_2_h inf inf inf inf inf inf
r6_2_2 inf inf inf inf inf inf
r6_2_4_h inf inf inf inf inf inf
r6_2_4 inf inf inf inf inf inf
r6_2_6_h inf inf inf inf inf inf
r7_2_2_h 111.529983521 106.104431152 67 1487 8 339
r7_2_2 110.978385925 105.766937256 67 1487 8 339
r7_2_4_h inf inf inf inf inf inf
r7_2_6_h inf inf inf inf inf inf
r8_2_2_h inf inf inf inf inf inf
r8_2_2 inf inf inf inf inf inf
r8_2_4_h inf inf inf inf inf inf
redcyc6h inf inf inf inf inf inf
redcyc6 inf inf inf inf inf inf
redcyc7h inf inf inf inf inf inf
redcyc7 inf inf inf inf inf inf
reimer5h inf inf inf inf inf inf
reimer5 inf inf inf inf inf inf
reimer6h inf inf inf inf inf inf
reimer6 inf inf inf inf inf inf
reimer7h inf inf inf inf inf inf
reimer7 inf inf inf inf inf inf
roseh 4.9444732666 4.11582374573 17 485 15 162
rose 5.2812371254 3.47513246536 20 573 11 230
rpblh inf inf inf inf inf inf
rpbl inf inf inf inf inf inf
safey inf inf inf inf inf inf
schieleh 0.224468946457 0.139311075211 2 6 2 2
schiele 0.237468957901 0.135220050812 2 6 2 2
schrans_troost inf inf inf inf inf inf
sendrah 0.44297003746 0.32170009613 7 221 14 9
sendra 0.336559057236 0.221993923187 6 186 11 9
solotarevh 0.555227994919 0.434335231781 6 28 5 13
solotarev 0.315572977066 0.214676141739 5 19 2 6
sparsesym5h 1.18260002136 1.01381087303 6 16 18 51
sparsesym5 0.338601827621 0.241823911667 5 12 10 5
sym33 2.11200404167 1.53428268433 12 192 11 177
syz1 0.199733018875 0.103635072708 2 4 2 2
trinks 1.13528800011 0.986373662949 13 109 5 29
uteshev_bikker 1.76979899406 1.48246479034 17 519 7 44
vermeer 8.64845848083 6.3038482666 13 143 6 336
virasoro inf inf inf inf inf inf
wang16h inf inf inf inf inf inf
wang16 82.2041625977 45.8101997375 10 213 12 1108
weispfenning94 0.792364835739 0.645504236221 7 105 9 21
wu90h 46.0535087585 40.5597610474 21 279 6 441
wu90 5.01753091812 3.44104576111 17 227 4 259
