ahmlh 116.651947021 0.0 142 42331 20 535
ahml 51.8754386902 0.0 95 26886 14 330
assur44 48.722038269 0.0 87 4493 4 634
aubry2 526.885925293 0.0 79 7215 6 1013
berthh 2.13410282135 0.0 67 4646 42 136
berth 1.62018799782 0.0 15 1175 9 91
binomial_4_2_4_1 0.0976588726044 0.0 6 12 3 12
binomial_5_3_4_4 0.109081029892 0.0 11 22 7 27
binomial_5_3_4_6 0.135210037231 0.0 16 32 9 49
binomial_5_3_5_3 0.124107122421 0.0 12 24 6 27
binomial_5_3_5_5 0.149337053299 0.0 20 40 9 55
binomial_6_2_6_7 0.116991043091 0.0 12 24 4 34
binomial_6_3_6_6 0.151436090469 0.0 13 26 6 34
binomial_7_3_7_9 0.12783408165 0.0 14 28 5 42
binomial_7_4_7_8 0.140824079514 0.0 17 34 8 59
binomial_8_3_8_16 0.171251058578 0.0 20 40 4 74
binomial_8_4_8_9 0.117211818695 0.0 18 36 7 60
buchberger87 0.098953962326 0.0 8 16 6 17
butcher8 20.2656726837 0.0 54 1796 4 420
cohn3 43.8144760132 0.0 92 17876 8 431
cyclicn2 0.0929660797119 0.0 2 4 2 2
cyclicn3 0.0956020355225 0.0 3 8 3 3
cyclicn4 0.0976409912109 0.0 7 30 6 12
cyclicn5 0.538519144058 0.0 20 232 8 113
cyclicn6 7.72757911682 0.0 45 1135 9 354
cyclicn7 706.308776855 0.0 209 27185 12 2099
cyclicn8 inf inf inf inf inf inf
cyclicnh2 0.0966820716858 0.0 2 4 2 2
cyclicnh3 0.0925049781799 0.0 3 8 3 3
cyclicnh4 0.10462808609 0.0 7 30 6 12
cyclicnh5 0.557471036911 0.0 38 538 13 113
cyclicnh6 7.9144411087 0.0 99 3502 15 389
cyclicnh7 689.462097168 0.0 443 79897 19 2199
czapor87_1h 0.153971910477 0.0 12 156 5 30
czapor87_2h 0.15783405304 0.0 12 180 5 30
dessin1 1.45462393761 0.0 39 1385 5 130
dl 880.759277344 0.0 323 54291 6 2637
ducos7_3 1028.99658203 0.0 80 8634 6 1270
ducos7_5 497.849578857 0.0 1 1 0 895
econ2 0.0955190658569 0.0 2 4 1 2
econ3 0.0922458171844 0.0 3 9 2 3
econ4 0.0962941646576 0.0 7 29 2 13
econ5 0.123651981354 0.0 11 82 3 28
econ6 0.285931825638 0.0 18 232 4 61
econ7 1.25957894325 0.0 32 747 4 153
econ8 8.26544284821 0.0 59 2704 5 342
econh2 0.0973358154297 0.0 2 4 2 2
econh3 0.0940010547638 0.0 4 11 4 5
econh4 0.101181983948 0.0 8 34 5 14
econh5 0.165364027023 0.0 15 104 7 37
econh6 0.390497922897 0.0 28 346 9 94
econh7 1.98483300209 0.0 51 1127 10 213
extcyc5h 29.6704883575 0.0 165 12004 15 663
extcyc5 29.5541820526 0.0 102 6728 10 663
extcyc6h inf inf inf inf inf inf
extcyc6 1589.44812012 0.0 242 37096 11 3174
fatemanh 0.407318115234 0.0 27 1009 14 63
fateman 0.407937049866 0.0 27 1009 14 63
fmtmdeh 0.102463960648 0.0 8 16 5 15
fmtm_non_hom 0.103089094162 0.0 4 8 6 6
fmtm 0.0981771945953 0.0 8 16 7 15
gerdt93 0.124981880188 0.0 9 109 6 18
hemmecke 0.096647977829 0.0 3 16 15 3
hfe_segers 1.83801412582 0.0 41 192 3 232
ilias12 1494.82775879 0.0 231 101702 7 2283
ilias13h inf inf inf inf inf inf
ilias13 889.763793945 0.0 246 54387 7 2497
ilias_k_2 263.975860596 0.0 125 15773 5 1417
issac97 0.164985179901 0.0 12 180 5 30
jason210 1633.07519531 0.0 900 290098 54 5754
joswig101-trimmed inf inf inf inf inf inf
katsuran2 0.0899670124054 0.0 2 5 2 2
katsuran3 0.0949890613556 0.0 4 16 3 5
katsuran4 0.0983560085297 0.0 7 49 4 12
katsuran5 0.168051958084 0.0 13 168 5 31
katsuran6 0.350830078125 0.0 22 528 6 70
katsuran7 2.71679091454 0.0 41 1923 7 169
katsuranh2 0.0920548439026 0.0 2 5 2 2
katsuranh3 0.0981628894806 0.0 4 16 3 5
katsuranh4 0.107437133789 0.0 7 49 4 12
katsuranh5 0.15669298172 0.0 13 168 5 31
katsuranh6 0.467581033707 0.0 22 528 6 70
lichtblau 0.488209962845 0.0 16 929 10 49
liu 0.166933059692 0.0 16 148 9 46
mckay 340.662719727 0.0 51 3073 10 841
noon7 360.042877197 0.0 495 71153 13 2892
noon8 inf inf inf inf inf inf
nya 325.284973145 0.0 51 3073 10 841
r5_2_2_h 0.252753019333 0.0 21 160 6 68
r5_2_2 0.257539987564 0.0 21 160 6 68
r5_2_4_h 0.634160041809 0.0 35 453 9 122
r5_2_4 318.004699707 0.0 206 171210 16 757
r5_2_6_h 68.0615005493 0.0 225 21205 19 845
r5_2_6 inf inf inf inf inf inf
r6_2_2_h 1.07481718063 0.0 39 498 7 162
r6_2_2 1.07586503029 0.0 39 498 7 162
r6_2_4_h 33.7758903503 0.0 152 8725 13 692
r6_2_4 inf inf inf inf inf inf
r6_2_6_h inf inf inf inf inf inf
r7_2_2_h 5.28625106812 0.0 67 1487 8 339
r7_2_2 5.21154689789 0.0 67 1487 8 339
r7_2_4_h 156.576889038 0.0 249 23533 14 1379
r7_2_6_h inf inf inf inf inf inf
r8_2_2_h 34.8067474365 0.0 128 5195 9 779
r8_2_2 34.966506958 0.0 128 5194 9 779
r8_2_4_h inf inf inf inf inf inf
redcyc6h 9.21056079865 0.0 106 3994 22 400
redcyc6 6.5974650383 0.0 21 493 6 272
redcyc7h 712.904602051 0.0 442 86579 27 2118
redcyc7 465.001281738 0.0 78 9763 7 1428
reimer5h 45.9942932129 0.0 174 17767 16 729
reimer5 23.2940654755 0.0 38 2792 8 327
reimer6h inf inf inf inf inf inf
reimer6 702.991149902 0.0 95 20996 10 939
reimer7h inf inf inf inf inf inf
reimer7 inf inf inf inf inf inf
roseh 0.276562929153 0.0 23 663 17 56
rose 0.267922878265 0.0 19 537 10 49
rpblh 69.9133148193 0.0 156 10451 17 790
rpbl 56.4226036072 0.0 126 8997 16 634
safey inf inf inf inf inf inf
schieleh 0.0927350521088 0.0 2 6 2 2
schiele 0.0888299942017 0.0 2 6 2 2
schrans_troost 70.7256851196 0.0 128 18425 9 780
sendrah 0.106836080551 0.0 7 221 14 9
sendra 0.11528801918 0.0 6 186 11 9
solotarevh 0.116009950638 0.0 10 50 6 24
solotarev 0.118028879166 0.0 10 50 3 24
sparsesym5h 0.0955941677094 0.0 6 16 18 16
sparsesym5 0.0946509838104 0.0 5 12 10 5
sym33 0.119658946991 0.0 10 85 10 18
syz1 0.0953950881958 0.0 2 4 2 2
trinks 0.140105962753 0.0 13 109 5 29
uteshev_bikker 0.2737429142 0.0 17 519 7 44
vermeer 0.938108921051 0.0 20 433 6 135
virasoro 69.1628723145 0.0 128 18425 9 780
wang16h 0.56925702095 0.0 33 809 9 97
wang16 0.33557510376 0.0 18 374 4 63
weispfenning94 0.250352859497 0.0 22 511 14 48
wu90h 0.513470888138 0.0 29 407 7 102
wu90 0.309821844101 0.0 20 266 4 67
