ahmlh inf inf inf inf inf inf
ahml inf inf inf inf inf inf
assur44 1683.45727539 1510.43652344 28 1542 12 693
aubry2 inf inf inf inf inf inf
berthh 802.167602539 130.270706177 8 5875 35 21545
berth inf inf inf inf inf inf
binomial_4_2_4_1 2.26292204857 2.23349905014 6 12 3 12
binomial_5_3_4_4 3.35125303268 3.31712198257 5 10 5 15
binomial_5_3_4_6 5.99283885956 5.93055486679 5 10 5 39
binomial_5_3_5_3 10.1515836716 9.94383430481 5 10 3 162
binomial_5_3_5_5 6.1628780365 6.0767788887 5 10 3 64
binomial_6_2_6_7 14.6058168411 14.4081764221 7 14 3 139
binomial_6_3_6_6 19.5978965759 19.0824432373 6 12 3 337
binomial_7_3_7_9 47.5217285156 45.9137420654 8 16 4 794
binomial_7_4_7_8 79.7329025269 76.0604934692 9 18 7 2877
binomial_8_3_8_16 49.8462982178 48.9459648132 8 16 3 301
binomial_8_4_8_9 63.3096237183 60.379032135 9 18 7 1903
buchberger87 8.03987026215 7.92096710205 4 8 4 123
butcher8 inf inf inf inf inf inf
cohn3 inf inf inf inf inf inf
cyclicn2 0.436878919601 0.416548013687 2 4 2 2
cyclicn3 0.76557803154 0.745087146759 3 8 3 3
cyclicn4 3.47266697884 3.43414783478 6 24 8 16
cyclicn5 inf inf inf inf inf inf
cyclicn6 161.952529907 143.640335083 43 1050 12 563
cyclicn7 inf inf inf inf inf inf
cyclicn8 inf inf inf inf inf inf
cyclicnh2 0.512198925018 0.490641117096 2 4 2 2
cyclicnh3 0.887708187103 0.865163803101 3 8 3 3
cyclicnh4 3.42805695534 3.39116835594 7 29 6 13
cyclicnh5 75.2754440308 68.5545883179 5 53 5 1672
cyclicnh6 68.497833252 63.5862388611 62 3346 20 262
cyclicnh7 437.300201416 284.646057129 190 43768 17 859
czapor87_1h inf inf inf inf inf inf
czapor87_2h inf inf inf inf inf inf
dessin1 243.12260437 215.110961914 34 1323 7 2854
dl inf inf inf inf inf inf
ducos7_3 inf inf inf inf inf inf
ducos7_5 inf inf inf inf inf inf
econ2 0.455372095108 0.433670043945 2 4 1 2
econ3 0.760607004166 0.731808900833 3 9 2 3
econ4 13.6375541687 13.3628730774 4 20 4 119
econ5 72.7178878784 69.143737793 6 54 7 716
econ6 inf inf inf inf inf inf
econ7 139.415481567 132.916976929 25 651 9 724
econ8 inf inf inf inf inf inf
econh2 0.518377065659 0.49813914299 2 4 2 2
econh3 1.18334197998 1.1593170166 4 11 4 5
econh4 5.68050575256 5.6199259758 6 44 6 17
econh5 9.9804649353 9.76301956177 16 136 8 64
econh6 37.1058311462 35.9496841431 31 488 10 159
econh7 120.866004944 110.032173157 79 2231 14 396
extcyc5h 37.8659133911 35.5343894958 33 2000 11 162
extcyc5 188.28477478 163.906234741 77 4745 10 546
extcyc6h 1700.71789551 517.599731445 237 233547 33 1048
extcyc6 inf inf inf inf inf inf
fatemanh inf inf inf inf inf inf
fateman inf inf inf inf inf inf
fmtmdeh 6.51108884811 6.44023609161 5 10 19 31
fmtm_non_hom 0.919770956039 0.896914958954 4 8 6 6
fmtm 3.03890991211 3.00766420364 8 16 7 15
gerdt93 22.5613803864 21.306640625 4 19 5 588
hemmecke 0.913703918457 0.891971111298 3 16 15 3
hfe_segers 1693.85583496 1393.6706543 58 302 4 12397
ilias12 302.986541748 186.688537598 13 836 6 6073
ilias13h 934.09576416 362.931793213 142 98947 22 2104
ilias13 inf inf inf inf inf inf
ilias_k_2 inf inf inf inf inf inf
issac97 706.058654785 525.309509277 4 68 16 11522
jason210 inf inf inf inf inf inf
joswig101-trimmed inf inf inf inf inf inf
katsuran2 0.477157831192 0.457024097443 2 5 2 2
katsuran3 1.16596794128 1.1404941082 4 16 3 5
katsuran4 57.0421142578 52.4838104248 4 36 8 1232
katsuran5 1394.89355469 671.590332031 7 119 9 42420
katsuran6 inf inf inf inf inf inf
katsuran7 inf inf inf inf inf inf
katsuranh2 0.645348787308 0.624969959259 2 5 2 2
katsuranh3 1.42440509796 1.40200614929 4 16 3 5
katsuranh4 inf inf inf inf inf inf
katsuranh5 1035.0958252 428.318267822 22 314 6 34731
katsuranh6 inf inf inf inf inf inf
lichtblau 3.91089105606 3.81795978546 2 22 11 28
liu 15.8579616547 15.4676895142 13 100 6 175
mckay inf inf inf inf inf inf
noon7 inf inf inf inf inf inf
noon8 inf inf inf inf inf inf
nya inf inf inf inf inf inf
r5_2_2_h inf inf inf inf inf inf
r5_2_2 inf inf inf inf inf inf
r5_2_4_h inf inf inf inf inf inf
r5_2_4 inf inf inf inf inf inf
r5_2_6_h inf inf inf inf inf inf
r5_2_6 inf inf inf inf inf inf
r6_2_2_h inf inf inf inf inf inf
r6_2_2 inf inf inf inf inf inf
r6_2_4_h 509.604248047 401.776397705 175 10423 13 1864
r6_2_4 inf inf inf inf inf inf
r6_2_6_h inf inf inf inf inf inf
r7_2_2_h inf inf inf inf inf inf
r7_2_2 inf inf inf inf inf inf
r7_2_4_h inf inf inf inf inf inf
r7_2_6_h inf inf inf inf inf inf
r8_2_2_h inf inf inf inf inf inf
r8_2_2 inf inf inf inf inf inf
r8_2_4_h inf inf inf inf inf inf
redcyc6h 258.263153076 197.650466919 140 10654 35 695
redcyc6 inf inf inf inf inf inf
redcyc7h inf inf inf inf inf inf
redcyc7 inf inf inf inf inf inf
reimer5h inf inf inf inf inf inf
reimer5 inf inf inf inf inf inf
reimer6h inf inf inf inf inf inf
reimer6 inf inf inf inf inf inf
reimer7h inf inf inf inf inf inf
reimer7 inf inf inf inf inf inf
roseh 159.904693604 132.664718628 7 163 18 8213
rose 177.855209351 171.248596191 4 107 108 333
rpblh inf inf inf inf inf inf
rpbl inf inf inf inf inf inf
safey inf inf inf inf inf inf
schieleh 0.609948158264 0.590564012527 2 6 2 2
schiele 0.640253067017 0.61421585083 2 6 2 2
schrans_troost 1072.02172852 667.419250488 164 25633 8 2373
sendrah 2.06673502922 2.02063274384 7 221 14 9
sendra 1.70490098 1.64925432205 6 186 11 9
solotarevh 29.3554897308 28.1346530914 6 23 5 468
solotarev 4.75135993958 4.70402526855 6 33 3 16
sparsesym5h 30.1629886627 28.7394218445 6 16 18 1001
sparsesym5 6.21332406998 6.15080928802 5 12 10 26
sym33 4.32839012146 4.26187849045 8 78 10 21
syz1 0.51417016983 0.492599964142 2 4 2 2
trinks 1419.74255371 539.476501465 25 291 11 47041
uteshev_bikker 13.5868873596 13.1750507355 4 88 4 190
vermeer inf inf inf inf inf inf
virasoro inf inf inf inf inf inf
wang16h inf inf inf inf inf inf
wang16 inf inf inf inf inf inf
weispfenning94 320.856262207 200.47076416 7 132 10 18176
wu90h 143.083328247 128.743118286 54 844 19 2340
wu90 437.785003662 363.552185059 5 85 16 4317
