ahmlh inf inf inf inf inf inf
ahml inf inf inf inf inf inf
assur44 inf inf inf inf inf inf
aubry2 inf inf inf inf inf inf
berthh 1.34372591972 1.05603384972 19 844 37 28
berth 0.285331964493 0.0666744709015 3 111 26 12
binomial_4_2_4_1 0.203559160233 0.0516538619995 5 10 3 9
binomial_5_3_4_4 0.22887301445 0.0700249671936 5 10 4 7
binomial_5_3_4_6 0.235237121582 0.0810308456421 5 10 5 8
binomial_5_3_5_3 0.332156896591 0.165856361389 6 12 5 13
binomial_5_3_5_5 0.267683982849 0.119050264359 5 10 3 7
binomial_6_2_6_7 0.532504081726 0.373470067978 7 14 3 14
binomial_6_3_6_6 0.547526836395 0.356743812561 7 14 5 18
binomial_7_3_7_9 0.962543010712 0.783430099487 8 16 4 24
binomial_7_4_7_8 0.674592971802 0.494322538376 9 18 7 27
binomial_8_3_8_16 1.77611994743 1.59321212769 8 16 3 25
binomial_8_4_8_9 2.5456469059 2.34600687027 9 18 7 31
buchberger87 0.231290102005 0.0652298927307 6 12 4 11
butcher8 inf inf inf inf inf inf
cohn3 inf inf inf inf inf inf
cyclicn2 0.153128862381 0.0129408836365 2 4 2 2
cyclicn3 0.191101074219 0.0340359210968 3 8 3 6
cyclicn4 0.259207010269 0.0895092487335 6 24 8 17
cyclicn5 3.94475102425 3.23366904259 12 122 15 88
cyclicn6 358.3152771 342.343902588 19 363 48 408
cyclicn7 inf inf inf inf inf inf
cyclicn8 inf inf inf inf inf inf
cyclicnh2 0.196477890015 0.0235049724579 2 4 2 2
cyclicnh3 0.192565202713 0.040050983429 3 8 3 6
cyclicnh4 0.260587930679 0.0927782058716 7 29 8 15
cyclicnh5 6.92224311829 6.08692073822 38 493 16 126
cyclicnh6 29.9996910095 23.3417778015 61 1845 15 261
cyclicnh7 inf inf inf inf inf inf
czapor87_1h 0.727725982666 0.460907697678 14 186 6 38
czapor87_2h 0.616230964661 0.369149446487 14 214 6 38
dessin1 105.399040222 102.177024841 14 527 22 128
dl inf inf inf inf inf inf
ducos7_3 inf inf inf inf inf inf
ducos7_5 inf inf inf inf inf inf
econ2 0.156394958496 0.0110039710999 2 4 1 2
econ3 0.170042991638 0.0255889892578 3 9 2 3
econ4 0.248837947845 0.0911009311676 4 20 4 10
econ5 0.629935979843 0.422217845917 6 54 6 16
econ6 1.62443995476 1.28637385368 12 174 9 41
econ7 502.853820801 495.923431396 9 297 20 158
econ8 190.91003418 177.385238647 25 1625 17 275
econh2 0.156551837921 0.0183310508728 2 4 2 2
econh3 0.229799032211 0.0680019855499 4 17 4 7
econh4 0.388988018036 0.210614919662 8 90 5 17
econh5 3.01154780388 2.24146294594 30 291 13 105
econh6 13.2969827652 10.8326702118 40 796 8 161
econh7 188.423461914 165.551513672 97 3124 15 495
extcyc5h 74.3347473145 64.4709396362 84 7366 21 297
extcyc5 inf inf inf inf inf inf
extcyc6h inf inf inf inf inf inf
extcyc6 inf inf inf inf inf inf
fatemanh 0.86176109314 0.477096557617 20 753 12 44
fateman 0.921334028244 0.536695957184 20 753 12 44
fmtmdeh 0.179352045059 0.0307748317719 5 10 13 12
fmtm_non_hom 0.15265583992 0.018189907074 2 4 4 2
fmtm 0.214018106461 0.0538673400879 6 12 6 11
gerdt93 0.415227174759 0.203960895538 10 182 8 23
hemmecke 71.764541626 10.0056657791 60 50512 59 168
hfe_segers inf inf inf inf inf inf
ilias12 inf inf inf inf inf inf
ilias13h inf inf inf inf inf inf
ilias13 inf inf inf inf inf inf
ilias_k_2 inf inf inf inf inf inf
issac97 0.539656877518 0.268618583679 10 169 8 36
jason210 inf inf inf inf inf inf
joswig101-trimmed inf inf inf inf inf inf
katsuran2 0.160160064697 0.0153620243073 2 6 2 2
katsuran3 0.191657066345 0.0406260490417 4 14 3 7
katsuran4 0.368592977524 0.160617828369 4 36 8 17
katsuran5 0.81153011322 0.473956823349 12 158 7 36
katsuran6 73.6280593872 70.6534194946 10 330 11 99
katsuran7 904.467041016 890.060241699 10 622 31 215
katsuranh2 0.173964977264 0.0250220298767 2 5 2 2
katsuranh3 0.252859830856 0.0777277946472 4 18 3 7
katsuranh4 0.411247014999 0.210511684418 8 58 4 18
katsuranh5 0.996112823486 0.683064937592 13 178 5 35
katsuranh6 30.4063186646 25.3413467407 61 1777 16 260
lichtblau 0.173030853271 0.0246419906616 2 22 11 2
liu 1.05627703667 0.711229801178 18 248 8 56
mckay inf inf inf inf inf inf
noon7 inf inf inf inf inf inf
noon8 inf inf inf inf inf inf
nya inf inf inf inf inf inf
r5_2_2_h 1.07499790192 0.681108474731 22 166 6 72
r5_2_2 1.09096908569 0.712949514389 22 166 6 72
r5_2_4_h 3.98188209534 3.01833295822 35 453 9 127
r5_2_4 inf inf inf inf inf inf
r5_2_6_h inf inf inf inf inf inf
r5_2_6 inf inf inf inf inf inf
r6_2_2_h 11.7363414764 9.13022613525 50 620 7 214
r6_2_2 11.5360145569 8.96459770203 50 620 7 214
r6_2_4_h inf inf inf inf inf inf
r6_2_4 inf inf inf inf inf inf
r6_2_6_h inf inf inf inf inf inf
r7_2_2_h 59.9221534729 50.5553474426 76 1657 8 393
r7_2_2 63.4192085266 54.225227356 76 1657 8 393
r7_2_4_h inf inf inf inf inf inf
r7_2_6_h inf inf inf inf inf inf
r8_2_2_h inf inf inf inf inf inf
r8_2_2 inf inf inf inf inf inf
r8_2_4_h inf inf inf inf inf inf
redcyc6h 616.731628418 593.554992676 129 5407 27 506
redcyc6 879.960266113 860.442626953 14 307 12 303
redcyc7h inf inf inf inf inf inf
redcyc7 inf inf inf inf inf inf
reimer5h inf inf inf inf inf inf
reimer5 inf inf inf inf inf inf
reimer6h inf inf inf inf inf inf
reimer6 inf inf inf inf inf inf
reimer7h inf inf inf inf inf inf
reimer7 inf inf inf inf inf inf
roseh 2.76241898537 2.34380841255 27 655 30 62
rose 9.81066608429 8.48396492004 6 202 55 87
rpblh inf inf inf inf inf inf
rpbl inf inf inf inf inf inf
safey inf inf inf inf inf inf
schieleh 0.205181837082 0.0459959506989 2 7 2 2
schiele 0.164780139923 0.0208489894867 2 6 2 2
schrans_troost inf inf inf inf inf inf
sendrah 0.228374958038 0.0583984851837 7 264 15 10
sendra 0.214866876602 0.0407521724701 6 229 18 14
solotarevh 0.86567401886 0.522927284241 23 151 10 72
solotarev 0.229393959045 0.0596179962158 4 21 6 8
sparsesym5h 0.684041976929 0.457180738449 17 44 17 45
sparsesym5 1.63652896881 1.28804683685 14 69 21 70
sym33 0.264092206955 0.107638835907 8 33 10 17
syz1 0.150641918182 0.0122470855713 2 4 2 2
trinks 4.85737800598 4.24196481705 24 370 8 73
uteshev_bikker 7.99476003647 6.65475940704 37 1249 9 122
vermeer 18.2930259705 15.5384025574 20 1082 10 163
virasoro inf inf inf inf inf inf
wang16h 2.62731909752 1.83603143692 32 1032 10 99
wang16 131.11907959 127.14176178 4 100 24 137
weispfenning94 0.337769031525 0.146954059601 6 72 9 12
wu90h 14.9267778397 12.2170782089 58 889 14 233
wu90 0.634644031525 0.365121126175 13 180 4 33
