ahml 5 4 32003 64 4
ahmlh 6 4 32003 64 4
assur44 8 8 32003 102 3
aubry2 7 12 32003 541 7
berth 3 2 32003 64 26
berthh 4 2 32003 64 26
binomial_4_2_4_1 4 4 32003 8 2
binomial_5_3_4_4 5 4 32003 8 3
binomial_5_3_4_6 5 4 32003 8 3
binomial_5_3_5_3 5 5 32003 10 3
binomial_5_3_5_5 5 5 32003 10 3
binomial_6_2_6_7 6 6 32003 12 2
binomial_6_3_6_6 6 6 32003 12 3
binomial_7_3_7_9 7 7 32003 14 3
binomial_7_4_7_8 7 7 32003 14 4
binomial_8_3_8_16 8 8 32003 16 3
binomial_8_4_8_9 8 8 32003 16 4
buchberger87 6 3 7583 6 3
butcher8 8 8 32003 150 4
cohn3 4 4 32003 88 6
cyclicn2 2 2 32003 4 2
cyclicn3 3 3 32003 8 3
cyclicn4 4 4 32003 17 4
cyclicn5 5 5 32003 47 5
cyclicn6 6 6 32003 97 6
cyclicn7 7 7 32003 209 7
cyclicn8 8 8 32003 406 8
cyclicnh2 3 2 32003 4 2
cyclicnh3 4 3 32003 8 3
cyclicnh4 5 4 32003 17 4
cyclicnh5 6 5 32003 47 5
cyclicnh6 7 6 32003 97 6
cyclicnh7 8 7 32003 209 7
czapor87_1h 5 4 32003 40 2
czapor87_2h 5 4 32003 48 2
dessin1 8 10 32003 139 3
dl 8 11 32003 89 6
ducos7_3 7 12 32003 1018 7
ducos7_5 7 13 32003 1612 7
econ2 2 2 32003 4 1
econ3 3 3 32003 8 2
econ4 4 5 32003 21 3
econ5 5 6 32003 32 3
econ6 6 7 32003 49 3
econ7 7 8 32003 81 3
econ8 8 9 32003 120 3
econh2 3 2 32003 4 2
econh3 4 3 32003 8 3
econh4 5 4 32003 15 3
econh5 6 5 32003 24 3
econh6 7 6 32003 40 3
econh7 8 7 32003 65 3
extcyc5 6 6 32003 124 5
extcyc5h 7 6 32003 124 5
extcyc6 7 7 32003 283 6
extcyc6h 8 7 32003 283 6
fateman 4 3 32003 33 5
fatemanh 5 3 32003 33 5
fmtm 4 3 32003 6 4
fmtm_non_hom 3 2 32003 4 3
fmtmdeh 3 3 32003 6 4
gerdt93 6 3 7583 10 3
hemmecke 5 3 32003 16 15
hfe_segers 8 14 2 96 3
ilias12 8 11 32003 345 5
ilias13 7 10 32003 187 5
ilias13h 8 10 32003 187 5
ilias_k_2 8 9 32003 38 5
issac97 4 4 32003 48 2
jason210 8 3 32003 8 6
joswig101-trimmed 5 5 101 23 23
katsuran2 3 2 32003 5 2
katsuran3 4 3 32003 12 2
katsuran4 5 4 32003 26 2
katsuran5 6 5 32003 47 2
katsuran6 7 6 32003 73 2
katsuran7 8 7 32003 117 2
katsuranh2 4 2 32003 5 2
katsuranh3 5 3 32003 12 2
katsuranh4 6 4 32003 26 2
katsuranh5 7 5 32003 47 2
katsuranh6 8 6 32003 73 2
lichtblau 3 2 32003 23 11
liu 6 4 2 16 2
mckay 4 9 32003 1342 10
noon7 7 7 32003 56 3
noon8 8 8 32003 72 3
nya 4 9 32003 1342 10
r5_2_2 5 5 32003 55 2
r5_2_2_h 5 5 32003 55 2
r5_2_4 5 5 32003 580 4
r5_2_4_h 5 5 32003 82 4
r5_2_6 5 5 32003 2260 6
r5_2_6_h 5 5 32003 396 6
r6_2_2 6 6 32003 96 2
r6_2_2_h 6 6 32003 96 2
r6_2_4 6 6 32003 1187 4
r6_2_4_h 6 6 32003 270 4
r6_2_6_h 6 6 32003 948 6
r7_2_2 7 7 32003 154 2
r7_2_2_h 7 7 32003 154 2
r7_2_4_h 7 7 32003 406 4
r7_2_6_h 7 7 32003 2156 6
r8_2_2 8 8 32003 232 2
r8_2_2_h 8 8 32003 232 2
r8_2_4_h 8 8 32003 912 4
redcyc6 6 6 32003 97 10
redcyc6h 7 6 32003 97 11
redcyc7 7 7 32003 209 12
redcyc7h 8 7 32003 209 13
reimer5 5 5 32003 66 6
reimer5h 6 5 32003 66 6
reimer6 6 6 32003 153 7
reimer6h 7 6 32003 153 7
reimer7 7 7 32003 271 8
reimer7h 8 7 32003 271 8
rose 3 3 32003 29 9
roseh 4 3 32003 29 9
rpbl 7 6 32003 100 3
rpblh 8 6 32003 100 3
safey 8 9 32003 4305 16
schiele 4 2 32003 6 2
schieleh 5 2 32003 6 2
schrans_troost 8 8 32003 127 2
sendra 2 2 32003 24 7
sendrah 3 2 32003 24 7
solotarev 4 4 32003 15 2
solotarevh 5 4 32003 15 3
sparsesym5 5 5 32003 16 10
sparsesym5h 6 5 32003 12 10
sym33 4 3 7583 11 4
syz1 3 2 32003 4 2
trinks 7 6 32003 37 3
uteshev_bikker 5 4 7583 75 3
vermeer 5 5 32003 37 5
virasoro 8 8 32003 127 2
wang16 4 6 32003 89 4
wang16h 5 4 32003 48 4
weispfenning94 4 3 7583 17 5
wu90 5 5 32003 29 3
wu90h 6 5 32003 30 3
