extcyc5h 7 11 67
extcyc5h 7 13 67
extcyc5h 7 11 67
extcyc5h 7 13 67
extcyc5h 7 9 67
extcyc5h 7 10 67
extcyc5h 7 9 67
extcyc5h 7 8 67
extcyc5h 7 12 67
extcyc5h 7 9 67
extcyc5h 7 13 67
extcyc5h 7 10 67
extcyc5h 7 10 67
extcyc5h 7 10 67
extcyc5h 7 9 67
extcyc5h 7 13 67
extcyc5h 7 10 67
extcyc5h 7 11 67
extcyc5h 7 8 67
extcyc5h 7 11 67
extcyc5h 7 10 67
extcyc5h 7 11 67
extcyc5h 7 11 67
extcyc5h 7 8 67
extcyc5h 7 9 67
extcyc5h 7 13 67
extcyc5h 7 14 67
extcyc5h 7 10 67
extcyc5h 7 8 67
extcyc5h 7 10 67
binomial_5_3_4_6 5 8 8
binomial_5_3_4_6 5 8 8
binomial_5_3_4_6 5 8 8
binomial_5_3_4_6 5 8 8
binomial_5_3_4_6 5 8 8
binomial_5_3_4_6 5 8 8
binomial_5_3_4_6 5 8 8
binomial_5_3_4_6 5 8 8
binomial_5_3_4_6 5 8 8
binomial_5_3_4_6 5 8 8
binomial_5_3_4_6 5 8 8
binomial_5_3_4_6 5 8 8
binomial_5_3_4_6 5 8 8
binomial_5_3_4_6 5 8 8
binomial_5_3_4_6 5 8 8
binomial_5_3_4_6 5 8 8
binomial_5_3_4_6 5 8 8
binomial_5_3_4_6 5 8 8
binomial_5_3_4_6 5 8 8
binomial_5_3_4_6 5 8 8
binomial_5_3_4_6 5 8 8
binomial_5_3_4_6 5 8 8
binomial_5_3_4_6 5 8 8
binomial_5_3_4_6 5 8 8
binomial_5_3_4_6 5 8 8
binomial_5_3_4_6 5 8 8
binomial_5_3_4_6 5 8 8
binomial_5_3_4_6 5 8 8
binomial_5_3_4_6 5 8 8
binomial_5_3_4_6 5 8 8
redcyc6h 7 8 76
redcyc6h 7 10 76
redcyc6h 7 11 76
redcyc6h 7 9 76
redcyc6h 7 9 76
redcyc6h 7 12 76
redcyc6h 7 11 76
redcyc6h 7 8 76
redcyc6h 7 8 76
redcyc6h 7 10 76
redcyc6h 7 8 76
redcyc6h 7 11 76
redcyc6h 7 8 76
redcyc6h 7 12 76
redcyc6h 7 11 76
redcyc6h 7 10 76
redcyc6h 7 10 76
redcyc6h 7 11 76
redcyc6h 7 11 76
redcyc6h 7 11 76
redcyc6h 7 10 76
redcyc6h 7 14 76
redcyc6h 7 10 76
redcyc6h 7 11 76
redcyc6h 7 10 76
redcyc6h 7 10 76
redcyc6h 7 13 76
redcyc6h 7 13 76
redcyc6h 7 12 76
redcyc6h 7 12 76
binomial_5_3_4_4 5 6 8
binomial_5_3_4_4 5 6 8
binomial_5_3_4_4 5 6 8
binomial_5_3_4_4 5 6 8
binomial_5_3_4_4 5 6 8
binomial_5_3_4_4 5 6 8
binomial_5_3_4_4 5 6 8
binomial_5_3_4_4 5 6 8
binomial_5_3_4_4 5 6 8
binomial_5_3_4_4 5 6 8
binomial_5_3_4_4 5 6 8
binomial_5_3_4_4 5 6 8
binomial_5_3_4_4 5 6 8
binomial_5_3_4_4 5 6 8
binomial_5_3_4_4 5 6 8
binomial_5_3_4_4 5 6 8
binomial_5_3_4_4 5 6 8
binomial_5_3_4_4 5 6 8
binomial_5_3_4_4 5 6 8
binomial_5_3_4_4 5 6 8
binomial_5_3_4_4 5 6 8
binomial_5_3_4_4 5 6 8
binomial_5_3_4_4 5 6 8
binomial_5_3_4_4 5 6 8
binomial_5_3_4_4 5 6 8
binomial_5_3_4_4 5 6 8
binomial_5_3_4_4 5 6 8
binomial_5_3_4_4 5 6 8
binomial_5_3_4_4 5 6 8
binomial_5_3_4_4 5 6 8
czapor87_1h 5 6 34
czapor87_1h 5 6 34
czapor87_1h 5 6 34
czapor87_1h 5 6 34
czapor87_1h 5 6 34
czapor87_1h 5 4 34
czapor87_1h 5 6 34
czapor87_1h 5 4 34
czapor87_1h 5 6 34
czapor87_1h 5 4 34
czapor87_1h 5 6 34
czapor87_1h 5 6 34
czapor87_1h 5 6 34
czapor87_1h 5 6 34
czapor87_1h 5 4 34
czapor87_1h 5 4 34
czapor87_1h 5 6 34
czapor87_1h 5 4 34
czapor87_1h 5 4 34
czapor87_1h 5 6 34
czapor87_1h 5 6 34
czapor87_1h 5 4 34
czapor87_1h 5 4 34
czapor87_1h 5 6 34
czapor87_1h 5 4 34
czapor87_1h 5 6 34
czapor87_1h 5 6 34
czapor87_1h 5 6 34
czapor87_1h 5 4 34
czapor87_1h 5 4 34
katsuranh2 4 4 5
katsuranh2 4 4 5
katsuranh2 4 3 5
katsuranh2 4 3 5
katsuranh2 4 3 5
katsuranh2 4 3 5
katsuranh2 4 3 5
katsuranh2 4 3 5
katsuranh2 4 3 5
katsuranh2 4 4 5
katsuranh2 4 3 5
katsuranh2 4 3 5
katsuranh2 4 3 5
katsuranh2 4 3 5
katsuranh2 4 3 5
katsuranh2 4 4 5
katsuranh2 4 4 5
katsuranh2 4 4 5
katsuranh2 4 3 5
katsuranh2 4 3 5
katsuranh2 4 3 5
katsuranh2 4 3 5
katsuranh2 4 4 5
katsuranh2 4 3 5
katsuranh2 4 4 5
katsuranh2 4 3 5
katsuranh2 4 3 5
katsuranh2 4 4 5
katsuranh2 4 3 5
katsuranh2 4 4 5
econh4 5 6 15
econh4 5 8 15
econh4 5 8 15
econh4 5 6 15
econh4 5 8 15
econh4 5 6 15
econh4 5 7 15
econh4 5 7 15
econh4 5 8 15
econh4 5 6 15
econh4 5 6 15
econh4 5 9 15
econh4 5 8 15
econh4 5 8 15
econh4 5 8 15
econh4 5 8 15
econh4 5 6 15
econh4 5 8 15
econh4 5 6 15
econh4 5 8 15
econh4 5 8 15
econh4 5 8 15
econh4 5 6 15
econh4 5 7 15
econh4 5 10 15
econh4 5 8 15
econh4 5 8 15
econh4 5 8 15
econh4 5 10 15
econh4 5 8 15
econ7 7 15 40
econ7 7 11 40
econ7 7 11 40
econ7 7 15 40
econ7 7 14 40
econ7 7 11 40
econ7 7 10 40
econ7 7 18 40
econ7 7 10 40
econ7 7 12 40
econ7 7 11 40
econ7 7 14 40
econ7 7 11 40
econ7 7 11 40
econ7 7 10 40
binomial_6_3_6_6 6 11 12
binomial_6_3_6_6 6 11 12
binomial_6_3_6_6 6 12 12
binomial_6_3_6_6 6 11 12
binomial_6_3_6_6 6 11 12
binomial_6_3_6_6 6 12 12
binomial_6_3_6_6 6 12 12
binomial_6_3_6_6 6 12 12
binomial_6_3_6_6 6 11 12
binomial_6_3_6_6 6 12 12
binomial_6_3_6_6 6 12 12
binomial_6_3_6_6 6 12 12
binomial_6_3_6_6 6 12 12
binomial_6_3_6_6 6 12 12
binomial_6_3_6_6 6 11 12
binomial_6_3_6_6 6 11 12
binomial_6_3_6_6 6 12 12
binomial_6_3_6_6 6 12 12
binomial_6_3_6_6 6 12 12
binomial_6_3_6_6 6 11 12
binomial_6_3_6_6 6 12 12
binomial_6_3_6_6 6 11 12
binomial_6_3_6_6 6 12 12
binomial_6_3_6_6 6 11 12
binomial_6_3_6_6 6 12 12
binomial_6_3_6_6 6 12 12
binomial_6_3_6_6 6 12 12
binomial_6_3_6_6 6 11 12
binomial_6_3_6_6 6 12 12
binomial_6_3_6_6 6 12 12
reimer5h 6 8 53
reimer5h 6 5 53
reimer5h 6 5 53
reimer5h 6 5 53
reimer5h 6 5 53
reimer5h 6 6 53
reimer5h 6 8 53
reimer5h 6 6 53
reimer5h 6 6 53
reimer5h 6 5 53
reimer5h 6 8 53
reimer5h 6 8 53
reimer5h 6 5 53
reimer5h 6 9 53
reimer5h 6 5 53
reimer5h 6 5 53
reimer5h 6 5 53
reimer5h 6 5 53
reimer5h 6 6 53
reimer5h 6 6 53
reimer5h 6 7 53
reimer5h 6 5 53
reimer5h 6 5 53
reimer5h 6 5 53
reimer5h 6 5 53
reimer5h 6 5 53
reimer5h 6 5 53
reimer5h 6 5 53
reimer5h 6 8 53
reimer5h 6 5 53
schiele 4 4 4
schiele 4 4 4
schiele 4 4 4
schiele 4 4 4
schiele 4 4 4
schiele 4 4 4
schiele 4 4 4
schiele 4 4 4
schiele 4 4 4
schiele 4 4 4
schiele 4 4 4
schiele 4 4 4
schiele 4 4 4
schiele 4 4 4
schiele 4 4 4
schiele 4 4 4
schiele 4 4 4
schiele 4 4 4
schiele 4 4 4
schiele 4 4 4
schiele 4 4 4
schiele 4 4 4
schiele 4 4 4
schiele 4 4 4
schiele 4 4 4
schiele 4 4 4
schiele 4 4 4
schiele 4 4 4
schiele 4 4 4
schiele 4 4 4
katsuranh5 7 7 41
katsuranh5 7 6 41
katsuranh5 7 6 41
katsuranh5 7 9 41
katsuranh5 7 8 41
katsuranh5 7 6 41
katsuranh5 7 6 41
katsuranh5 7 7 41
katsuranh5 7 6 41
katsuranh5 7 6 41
katsuranh5 7 9 41
katsuranh5 7 7 41
katsuranh5 7 6 41
katsuranh5 7 6 41
katsuranh5 7 6 41
katsuranh5 7 6 41
katsuranh5 7 8 41
katsuranh5 7 6 41
katsuranh5 7 6 41
katsuranh5 7 6 41
katsuranh5 7 6 41
katsuranh5 7 6 41
katsuranh5 7 6 41
katsuranh5 7 10 41
katsuranh5 7 8 41
katsuranh5 7 6 41
katsuranh5 7 6 41
katsuranh5 7 6 41
katsuranh5 7 8 41
katsuranh5 7 6 41
econ2 2 2 2
econ2 2 2 2
econ2 2 2 2
econ2 2 2 2
econ2 2 2 2
econ2 2 2 2
econ2 2 2 2
econ2 2 2 2
econ2 2 2 2
econ2 2 2 2
econ2 2 2 2
econ2 2 2 2
econ2 2 2 2
econ2 2 2 2
econ2 2 2 2
econ2 2 2 2
econ2 2 2 2
econ2 2 2 2
econ2 2 2 2
econ2 2 2 2
econ2 2 2 2
econ2 2 2 2
econ2 2 2 2
econ2 2 2 2
econ2 2 2 2
econ2 2 2 2
econ2 2 2 2
econ2 2 2 2
econ2 2 2 2
econ2 2 2 2
econh2 3 4 4
econh2 3 4 4
econh2 3 4 4
econh2 3 4 4
econh2 3 4 4
econh2 3 4 4
econh2 3 4 4
econh2 3 4 4
econh2 3 4 4
econh2 3 4 4
econh2 3 4 4
econh2 3 4 4
econh2 3 4 4
econh2 3 4 4
econh2 3 4 4
econh2 3 4 4
econh2 3 4 4
econh2 3 4 4
econh2 3 4 4
econh2 3 4 4
econh2 3 4 4
econh2 3 4 4
econh2 3 4 4
econh2 3 4 4
econh2 3 4 4
econh2 3 4 4
econh2 3 4 4
econh2 3 4 4
econh2 3 4 4
econh2 3 4 4
katsuran7 8 10 64
katsuran7 8 10 64
katsuran7 8 11 64
katsuran7 8 8 64
katsuran7 8 10 64
katsuran7 8 8 64
katsuran7 8 12 64
katsuran7 8 10 64
katsuran7 8 12 64
katsuran7 8 10 64
katsuran7 8 9 64
katsuran7 8 10 64
katsuran7 8 8 64
katsuran7 8 10 64
katsuran7 8 15 64
katsuran7 8 10 64
katsuran7 8 10 64
katsuran7 8 9 64
katsuran7 8 10 64
katsuran7 8 13 64
katsuran7 8 10 64
katsuran7 8 11 64
katsuran7 8 11 64
katsuran7 8 9 64
katsuran7 8 10 64
katsuran7 8 10 64
katsuran7 8 10 64
katsuran7 8 11 64
katsuran7 8 12 64
katsuran7 8 15 64
cyclicn6 6 8 75
cyclicn6 6 10 75
cyclicn6 6 7 75
cyclicn6 6 10 75
cyclicn6 6 7 75
cyclicn6 6 10 75
cyclicn6 6 8 75
cyclicn6 6 8 75
cyclicn6 6 9 75
cyclicn6 6 10 75
cyclicn6 6 10 75
cyclicn6 6 11 75
cyclicn6 6 7 75
cyclicn6 6 10 75
cyclicn6 6 11 75
cyclicn6 6 8 75
cyclicn6 6 7 75
cyclicn6 6 11 75
cyclicn6 6 8 75
cyclicn6 6 7 75
cyclicn6 6 9 75
cyclicn6 6 7 75
cyclicn6 6 7 75
cyclicn6 6 7 75
cyclicn6 6 12 75
cyclicn6 6 11 75
cyclicn6 6 9 75
cyclicn6 6 10 75
cyclicn6 6 9 75
cyclicn6 6 8 75
assur44 8 13 38
assur44 8 13 38
assur44 8 16 38
assur44 8 10 38
assur44 8 16 38
assur44 8 14 38
assur44 8 11 38
assur44 8 15 38
aecon5 5 13 17
econ5 5 10 17
econ5 5 13 17
econ5 5 9 17
econ5 5 9 17
econ5 5 11 17
econ5 5 9 17
econ5 5 11 17
econ5 5 9 17
econ5 5 11 17
econ5 5 13 17
econ5 5 12 17
econ5 5 9 17
econ5 5 9 17
econ5 5 11 17
econ5 5 11 17
econ5 5 10 17
econ5 5 11 17
econ5 5 13 17
econ5 5 10 17
econ5 5 9 17
econ5 5 11 17
econ5 5 10 17
econ5 5 9 17
econ5 5 9 17
econ5 5 9 17
econ5 5 9 17
econ5 5 9 17
econ5 5 9 17
econ5 5 11 17
econ3 3 5 5
econ3 3 5 5
econ3 3 5 5
econ3 3 5 5
econ3 3 5 5
econ3 3 5 5
econ3 3 5 5
econ3 3 5 5
econ3 3 5 5
econ3 3 5 5
econ3 3 5 5
econ3 3 5 5
econ3 3 5 5
econ3 3 5 5
econ3 3 5 5
econ3 3 5 5
econ3 3 5 5
econ3 3 5 5
econ3 3 5 5
econ3 3 5 5
econ3 3 5 5
econ3 3 5 5
econ3 3 5 5
econ3 3 5 5
econ3 3 5 5
econ3 3 5 5
econ3 3 5 5
econ3 3 5 5
econ3 3 5 5
econ3 3 5 5
noon7 7 12 42
noon7 7 12 42
noon7 7 12 42
noon7 7 12 42
noon7 7 12 42
noon7 7 12 42
noon7 7 12 42
noon7 7 12 42
noon7 7 12 42
noon7 7 12 42
noon7 7 12 42
noon7 7 12 42
noon7 7 12 42
noon7 7 12 42
noon7 7 12 42
noon7 7 12 42
noon7 7 12 42
noon7 7 12 42
noon7 7 12 42
noon7 7 12 42
noon7 7 12 42
noon7 7 12 42
noon7 7 12 42
noon7 7 12 42
noon7 7 12 42
noon7 7 12 42
noon7 7 12 42
noon7 7 12 42
noon7 7 12 42
noon7 7 12 42
binomial_7_4_7_8 7 13 14
binomial_7_4_7_8 7 13 14
binomial_7_4_7_8 7 13 14
binomial_7_4_7_8 7 13 14
binomial_7_4_7_8 7 13 14
binomial_7_4_7_8 7 13 14
binomial_7_4_7_8 7 13 14
binomial_7_4_7_8 7 13 14
binomial_7_4_7_8 7 13 14
binomial_7_4_7_8 7 13 14
binomial_7_4_7_8 7 13 14
binomial_7_4_7_8 7 13 14
binomial_7_4_7_8 7 13 14
binomial_7_4_7_8 7 13 14
binomial_7_4_7_8 7 13 14
binomial_7_4_7_8 7 13 14
binomial_7_4_7_8 7 13 14
binomial_7_4_7_8 7 13 14
binomial_7_4_7_8 7 13 14
binomial_7_4_7_8 7 13 14
binomial_7_4_7_8 7 13 14
binomial_7_4_7_8 7 13 14
binomial_7_4_7_8 7 13 14
binomial_7_4_7_8 7 13 14
binomial_7_4_7_8 7 13 14
binomial_7_4_7_8 7 13 14
binomial_7_4_7_8 7 13 14
binomial_7_4_7_8 7 13 14
binomial_7_4_7_8 7 13 14
binomial_7_4_7_8 7 13 14
ilias_k_2 8 15 24
ilias_k_2 8 13 24
ilias_k_2 8 12 24
ilias_k_2 8 14 24
ilias_k_2 8 15 24
ilias_k_2 8 14 24
ilias_k_2 8 15 24
ilias_k_2 8 15 24
ilias_k_2 8 14 24
ilias_k_2 8 13 24
ilias_k_2 8 14 24
ilias_k_2 8 14 24
ilias_k_2 8 13 24
ilias_k_2 8 14 24
ilias_k_2 8 15 24
ilias_k_2 8 15 24
ilias_k_2 8 15 24
ilias_k_2 8 16 24
ilias_k_2 8 13 24
ilias_k_2 8 15 24
ilias_k_2 8 13 24
ilias_k_2 8 14 24
ilias_k_2 8 14 24
ilias_k_2 8 15 24
ilias_k_2 8 12 24
ilias_k_2 8 14 24
ilias_k_2 8 14 24
ilias_k_2 8 14 24
ilias_k_2 8 14 24
ilias_k_2 8 13 24
r7_2_2 7 10 101
r7_2_2 7 7 101
r7_2_2 7 7 101
r7_2_2 7 11 101
r7_2_2 7 10 101
r7_2_2 7 7 101
r7_2_2 7 7 101
r7_2_2 7 10 101
r7_2_2 7 7 101
r7_2_2 7 9 101
r7_2_2 7 7 101
r7_2_2 7 9 101
r7_2_2 7 7 101
r7_2_2 7 7 101
r7_2_2 7 7 101
r7_2_2 7 7 101
r7_2_2 7 9 101
r7_2_2 7 7 101
r7_2_2 7 10 101
r7_2_2 7 7 101
r7_2_2 7 7 101
r7_2_2 7 7 101
r7_2_2 7 10 101
r7_2_2 7 7 101
r7_2_2 7 10 101
r7_2_2 7 10 101
r7_2_2 7 9 101
r7_2_2 7 7 101
r7_2_2 7 10 101
r7_2_2 7 7 101
binomial_5_3_5_5 5 9 10
binomial_5_3_5_5 5 9 10
binomial_5_3_5_5 5 9 10
binomial_5_3_5_5 5 9 10
binomial_5_3_5_5 5 9 10
binomial_5_3_5_5 5 9 10
binomial_5_3_5_5 5 9 10
binomial_5_3_5_5 5 9 10
binomial_5_3_5_5 5 9 10
binomial_5_3_5_5 5 9 10
binomial_5_3_5_5 5 9 10
binomial_5_3_5_5 5 9 10
binomial_5_3_5_5 5 9 10
binomial_5_3_5_5 5 9 10
binomial_5_3_5_5 5 9 10
binomial_5_3_5_5 5 9 10
binomial_5_3_5_5 5 9 10
binomial_5_3_5_5 5 9 10
binomial_5_3_5_5 5 9 10
binomial_5_3_5_5 5 9 10
binomial_5_3_5_5 5 9 10
binomial_5_3_5_5 5 9 10
binomial_5_3_5_5 5 9 10
binomial_5_3_5_5 5 9 10
binomial_5_3_5_5 5 9 10
binomial_5_3_5_5 5 9 10
binomial_5_3_5_5 5 9 10
binomial_5_3_5_5 5 9 10
binomial_5_3_5_5 5 9 10
binomial_5_3_5_5 5 9 10
extcyc5 6 9 65
extcyc5 6 11 65
extcyc5 6 7 65
extcyc5 6 10 65
extcyc5 6 7 65
extcyc5 6 9 65
extcyc5 6 8 65
extcyc5 6 8 65
extcyc5 6 9 65
extcyc5 6 10 65
extcyc5 6 9 65
extcyc5 6 9 65
extcyc5 6 7 65
extcyc5 6 11 65
extcyc5 6 8 65
extcyc5 6 10 65
extcyc5 6 7 65
extcyc5 6 10 65
extcyc5 6 8 65
extcyc5 6 7 65
extcyc5 6 12 65
extcyc5 6 7 65
extcyc5 6 7 65
extcyc5 6 7 65
extcyc5 6 8 65
extcyc5 6 10 65
extcyc5 6 9 65
extcyc5 6 11 65
extcyc5 6 8fmtm_non_hom 3 4 4
fmtm_non_hom 3 4 4
fmtm_non_hom 3 4 4
fmtm_non_hom 3 4 4
fmtm_non_hom 3 4 4
fmtm_non_hom 3 4 4
fmtm_non_hom 3 4 4
fmtm_non_hom 3 4 4
fmtm_non_hom 3 4 4
fmtm_non_hom 3 4 4
fmtm_non_hom 3 4 4
fmtm_non_hom 3 4 4
fmtm_non_hom 3 4 4
fmtm_non_hom 3 4 4
fmtm_non_hom 3 4 4
fmtm_non_hom 3 4 4
fmtm_non_hom 3 4 4
fmtm_non_hom 3 4 4
fmtm_non_hom 3 4 4
fmtm_non_hom 3 4 4
fmtm_non_hom 3 4 4
fmtm_non_hom 3 4 4
fmtm_non_hom 3 4 4
fmtm_non_hom 3 4 4
fmtm_non_hom 3 4 4
fmtm_non_hom 3 4 4
fmtm_non_hom 3 4 4
fmtm_non_hom 3 4 4
fmtm_non_hom 3 4 4
fmtm_non_hom 3 4 4
issac97 4 9 21
issac97 4 4 21
issac97 4 4 21
issac97 4 5 21
issac97 4 6 21
issac97 4 4 21
issac97 4 4 21
issac97 4 6 21
issac97 4 5 21
issac97 4 4 21
issac97 4 4 21
issac97 4 5 21
issac97 4 5 21
issac97 4 4 21
issac97 4 4 21
issac97 4 4 21
issac97 4 4 21
issac97 4 8 21
issac97 4 8 21
issac97 4 4 21
issac97 4 8 21
issac97 4 4 21
issac97 4 4 21
issac97 4 4 21
issac97 4 6 21
issac97 4 5 21
issac97 4 4 21
issac97 4 6 21
issac97 4 4 21
issac97 4 6 21
sym33 4 9 11
sym33 4 7 11
sym33 4 7 11
sym33 4 7 11
sym33 4 8 11
sym33 4 7 11
sym33 4 6 11
sym33 4 8 11
sym33 4 7 11
sym33 4 7 11
sym33 4 7 11
sym33 4 8 11
sym33 4 7 11
sym33 4 8 11
sym33 4 7 11
sym33 4 7 11
sym33 4 7 11
sym33 4 9 11
sym33 4 9 11
sym33 4 7 11
sym33 4 9 11
sym33 4 6 11
sym33 4 7 11
sym33 4 7 11
sym33 4 7 11
sym33 4 7 11
sym33 4 7 11
sym33 4 6 11
sym33 4 7 11
sym33 4 7 11
butcher8 8 17 64
butcher8 8 15 64
butcher8 8 16 64
butcher8 8 13 64
butcher8 8 18 64
butcher8 8 13 64
butcher8 8 16 64
butcher8 8 16 64
butcher8 8 15 64
butcher8 8 17 64
butcher8 8 19 64
butcher8 8 16 64
butcher8 8 13 64
butcher8 8 16 64
butcher8 8 13 64
butcher8 8 14 64
butcher8 8 12 64
butcher8 8 14 64
butcher8 8 13 64
butcher8 8 15 64
butcher8 8 16 64
butcher8 8 16 64
butcher8 8 13 64
butcher8 8 17 64
butcher8 8 13 64
butcher8 8 16 64
butcher8 8 13 64
butcher8 8 12 64
butcher8 8 18 64
butcher8 8 14 64
mckay 4 10 134
mckay 4 12 134
mckay 4 15 134
mckay 4 12 134
mckay 4 12 134
mckay 4 15 134
mckay 4 12 134
mckay 4 12 134
mckay 4 12 134
mckay 4 16 134
mckay 4 11 134
mckay 4 12 134
mckay 4 14 134
mckay 4 12 134
mckay 4 15 134
mckay 4 14 134
mckay 4 15 134
mckay 4 11 134
mckay 4 12 134
mckay 4 14 134
mckay 4 10 134
mckay 4 12 134
mckay 4 15 134
mckay 4 14 134
mckay 4 14 134
mckay 4 12 134
mckay 4 10 134
mckay 4 11 134
mckay 4 15 134
mckay 4 14 134
schieleh 5 6 6
schieleh 5 6 6
schieleh 5 6 6
schieleh 5 6 6
schieleh 5 6 6
schieleh 5 6 6
schieleh 5 6 6
schieleh 5 6 6
schieleh 5 6 6
schieleh 5 6 6
schieleh 5 6 6
schieleh 5 6 6
schieleh 5 6 6
schieleh 5 6 6
schieleh 5 6 6
schieleh 5 6 6
schieleh 5 6 6
schieleh 5 6 6
schieleh 5 6 6
schieleh 5 6 6
schieleh 5 6 6
schieleh 5 6 6
schieleh 5 6 6
schieleh 5 6 6
schieleh 5 6 6
schieleh 5 6 6
schieleh 5 6 6
schieleh 5 6 6
schieleh 5 6 6
schieleh 5 6 6
dessin1 8 16 64
dessin1 8 14 64
dessin1 8 19 64
dessin1 8 17 64
dessin1 8 16 64
dessin1 8 16 64
dessin1 8 15 64
dessin1 8 16 64
dessin1 8 19 64
dessin1 8 15 64
dessin1 8 16 64
dessin1 8 15 64
dessin1 8 15 64
dessin1 8 16 64
dessin1 8 15 64
dessin1 8 17 64
dessin1 8 16 64
dessin1 8 16 64
dessin1 8 19 64
dessin1 8 15 64
dessin1 8 16 64
dessin1 8 20 64
dessin1 8 17 64
dessin1 8 15 64
dessin1 8 15 64
dessin1 8 15 64
dessin1 8 16 64
dessin1 8 16 64
dessin1 8 16 64
dessin1 8 15 64
r5_2_6_h 5 6 54
r5_2_6_h 5 6 54
r5_2_6_h 5 5 54
r5_2_6_h 5 5 54
r5_2_6_h 5 5 54
r5_2_6_h 5 5 54
r5_2_6_h 5 6 54
r5_2_6_h 5 5 54
r5_2_6_h 5 5 54
r5_2_6_h 5 5 54
r5_2_6_h 5 5 54
r5_2_6_h 5 5 54
r5_2_6_h 5 5 54
r5_2_6_h 5 6 54
r5_2_6_h 5 5 54
r5_2_6_h 5 5 54
r5_2_6_h 5 6 54
r5_2_6_h 5 5 54
r5_2_6_h 5 5 54
r5_2_6_h 5 6 54
r5_2_6_h 5 6 54
r5_2_6_h 5 5 54
r5_2_6_h 5 5 54
r5_2_6_h 5 6 54
r5_2_6_h 5 5 54
r5_2_6_h 5 6 54
r5_2_6_h 5 6 54
r5_2_6_h 5 5 54
r5_2_6_h 5 5 54
r5_2_6_h 5 5 54
binomial_5_3_5_3 5 9 10
binomial_5_3_5_3 5 9 10
binomial_5_3_5_3 5 9 10
binomial_5_3_5_3 5 10 10
binomial_5_3_5_3 5 10 10
binomial_5_3_5_3 5 10 10
binomial_5_3_5_3 5 10 10
binomial_5_3_5_3 5 10 10
binomial_5_3_5_3 5 9 10
binomial_5_3_5_3 5 10 10
binomial_5_3_5_3 5 10 10
binomial_5_3_5_3 5 9 10
binomial_5_3_5_3 5 10katsuran5 6 7 25
katsuran5 6 6 25
katsuran5 6 6 25
katsuran5 6 7 25
katsuran5 6 6 25
katsuran5 6 7 25
katsuran5 6 7 25
katsuran5 6 6 25
katsuran5 6 9 25
katsuran5 6 7 25
katsuran5 6 8 25
katsuran5 6 12 25
katsuran5 6 6 25
katsuran5 6 6 25
katsuran5 6 6 25
katsuran5 6 6 25
katsuran5 6 6 25
katsuran5 6 6 25
katsuran5 6 6 25
katsuran5 6 8 25
katsuran5 6 6 25
katsuran5 6 6 25
katsuran5 6 8 25
katsuran5 6 9 25
katsuran5 6 6 25
katsuran5 6 7 25
katsuran5 6 7 25
katsuran5 6 6 25
katsuran5 6 8 25
katsuran5 6 7 25
rpbl 7 11 43
rpbl 7 13 43
rpbl 7 9 43
rpbl 7 8 43
rpbl 7 11 43
rpbl 7 11 43
rpbl 7 9 43
rpbl 7 6 43
rpbl 7 9 43
rpbl 7 11 43
rpbl 7 10 43
rpbl 7 12 43
rpbl 7 12 43
rpbl 7 11 43
rpbl 7 10 43
rpbl 7 12 43
rpbl 7 11 43
rpbl 7 11 43
rpbl 7 6 43
rpbl 7 9 43
rpbl 7 8 43
rpbl 7 9 43
rpbl 7 11 43
rpbl 7 6 43
rpbl 7 9 43
rpbl 7 8 43
rpbl 7 13 43
rpbl 7 13 43
rpbl 7 8 43
rpbl 7 10 43
redcyc7h 8 12 160
redcyc7h 8 17 160
redcyc7h 8 11 160
redcyc7h 8 13 160
redcyc7h 8 11 160
redcyc7h 8 12 160
redcyc7h 8 11 160
redcyc7h 8 11 160
redcyc7h 8 14 160
redcyc7h 8 12 160
redcyc7h 8 11 160
redcyc7h 8 10 160
redcyc7h 8 14 160
redcyc7h 8 11 160
redcyc7h 8 9 160
redcyc7h 8 14 160
redcyc7h 8 11 160
redcyc7h 8 9 160
redcyc7h 8 9 160
redcyc7h 8 14 160
redcyc7h 8 16 160
redcyc7h 8 9 160
redcyc7h 8 14 160
redcyc7h 8 11 160
redcyc7h 8 12 160
redcyc7h 8 9 160
redcyc7h 8 9 160
redcyc7h 8 14 160
redcyc7h 8 9 160
redcyc7h 8 10 160
uteshev_bikker 5 5 32
uteshev_bikker 5 5 32
uteshev_bikker 5 5 32
uteshev_bikker 5 4 32
uteshev_bikker 5 4 32
uteshev_bikker 5 4 32
uteshev_bikker 5 5 32
uteshev_bikker 5 4 32
uteshev_bikker 5 4 32
uteshev_bikker 5 4 32
uteshev_bikker 5 5 32
uteshev_bikker 5 5 32
uteshev_bikker 5 4 32
uteshev_bikker 5 5 32
uteshev_bikker 5 4 32
uteshev_bikker 5 4 32
uteshev_bikker 5 5 32
uteshev_bikker 5 4 32
uteshev_bikker 5 4 32
uteshev_bikker 5 5 32
uteshev_bikker 5 5 32
uteshev_bikker 5 4 32
uteshev_bikker 5 4 32
uteshev_bikker 5 5 32
uteshev_bikker 5 4 32
uteshev_bikker 5 5 32
uteshev_bikker 5 5 32
uteshev_bikker 5 4 32
uteshev_bikker 5 4 32
uteshev_bikker 5 4 32
r5_2_2_h 5 7 36
r5_2_2_h 5 7 36
r5_2_2_h 5 7 36
r5_2_2_h 5 5 36
r5_2_2_h 5 5 36
r5_2_2_h 5 5 36
r5_2_2_h 5 7 36
r5_2_2_h 5 5 36
r5_2_2_h 5 5 36
r5_2_2_h 5 5 36
r5_2_2_h 5 7 36
r5_2_2_h 5 7 36
r5_2_2_h 5 5 36
r5_2_2_h 5 7 36
r5_2_2_h 5 5 36
r5_2_2_h 5 5 36
r5_2_2_h 5 7 36
r5_2_2_h 5 5 36
r5_2_2_h 5 5 36
r5_2_2_h 5 7 36
r5_2_2_h 5 7 36
r5_2_2_h 5 5 36
r5_2_2_h 5 5 36
r5_2_2_h 5 7 36
r5_2_2_h 5 5 36
r5_2_2_h 5 7 36
r5_2_2_h 5 7 36
r5_2_2_h 5 5 36
r5_2_2_h 5 5 36
r5_2_2_h 5 5 36
katsuranh4 6 8 24
katsuranh4 6 5 24
katsuranh4 6 5 24
katsuranh4 6 6 24
katsuranh4 6 5 24
katsuranh4 6 6 24
katsuranh4 6 6 24
katsuranh4 6 5 24
katsuranh4 6 8 24
katsuranh4 6 6 24
katsuranh4 6 6 24
katsuranh4 6 8 24
katsuranh4 6 5 24
katsuranh4 6 5 24
katsuranh4 6 5 24
katsuranh4 6 5 24
katsuranh4 6 5 24
katsuranh4 6 6 24
katsuranh4 6 5 24
katsuranh4 6 7 24
katsuranh4 6 5 24
katsuranh4 6 5 24
katsuranh4 6 5 24
katsuranh4 6 5 24
katsuranh4 6 5 24
katsuranh4 6 6 24
katsuranh4 6 8 24
katsuranh4 6 6 24
katsuranh4 6 6 24
katsuranh4 6 6 24
r7_2_2_h 7 10 101
r7_2_2_h 7 7 101
r7_2_2_h 7 7 101
r7_2_2_h 7 11 101
r7_2_2_h 7 10 101
r7_2_2_h 7 7 101
r7_2_2_h 7 7 101
r7_2_2_h 7 10 101
r7_2_2_h 7 7 101
r7_2_2_h 7 9 101
r7_2_2_h 7 7 101
r7_2_2_h 7 9 101
r7_2_2_h 7 7 101
r7_2_2_h 7 7 101
r7_2_2_h 7 7 101
r7_2_2_h 7 7 101
r7_2_2_h 7 9 101
r7_2_2_h 7 7 101
r7_2_2_h 7 10 101
r7_2_2_h 7 7 101
r7_2_2_h 7 7 101
r7_2_2_h 7 7 101
r7_2_2_h 7 10 101
r7_2_2_h 7 7 101
r7_2_2_h 7 10 101
r7_2_2_h 7 10 101
r7_2_2_h 7 9 101
r7_2_2_h 7 7 101
r7_2_2_h 7 10 101
r7_2_2_h 7 7 101
fmtmdeh 3 6 6
fmtmdeh 3 6 6
fmtmdeh 3 6 6
fmtmdeh 3 6 6
fmtmdeh 3 6 6
fmtmdeh 3 5 6
fmtmdeh 3 6 6
fmtmdeh 3 6 6
fmtmdeh 3 6 6
fmtmdeh 3 6 6
fmtmdeh 3 6 6
fmtmdeh 3 5 6
fmtmdeh 3 6 6
fmtmdeh 3 6 6
fmtmdeh 3 5 6
fmtmdeh 3 6 6
fmtmdeh 3 5 6
fmtmdeh 3 6 6
fmtmdeh 3 6 6
fmtmdeh 3 6 6
fmtmdeh 3 6 6
fmtmdeh 3 6 6
fmtmdeh 3 6 6
fmtmdeh 3 6 6
fmtmdeh 3 6 6
fmtmdeh 3 5 6
fmtmdeh 3 6 6
fmtmdeh 3 5 6
fmtmdeh 3 6 6
fmtmdeh 3 6 6
r6_2_4_h 6 7 80
r6_2_4_h 6 6 80
r6_2_4_h 6 6 80
r6_2_4_hkatsuran2 3 3 3
katsuran2 3 3 3
katsuran2 3 3 3
katsuran2 3 3 3
katsuran2 3 3 3
katsuran2 3 3 3
katsuran2 3 3 3
katsuran2 3 3 3
katsuran2 3 3 3
katsuran2 3 3 3
katsuran2 3 3 3
katsuran2 3 3 3
katsuran2 3 3 3
katsuran2 3 3 3
katsuran2 3 3 3
katsuran2 3 3 3
katsuran2 3 3 3
katsuran2 3 3 3
katsuran2 3 3 3
katsuran2 3 3 3
katsuran2 3 3 3
katsuran2 3 3 3
katsuran2 3 3 3
katsuran2 3 3 3
katsuran2 3 3 3
katsuran2 3 3 3
katsuran2 3 3 3
katsuran2 3 3 3
katsuran2 3 3 3
katsuran2 3 3 3
aubry2 7 15 204
aubry2 7 13 204
aubry2 7 16 204
aubry2 7 17 204
aubry2 7 17 204
aubry2 7 15 204
aubry2 7 18 204
aubry2 7 18 204
aubry2 7 17 204
aubry2 7 18 204
aubry2 7 14 204
aubry2 7 15 204
aubry2 7 16 204
aubry2 7 17 204
aubry2 7 18 204
aubry2 7 14 204
aubry2 7 16 204
aubry2 7 13 204
aubry2 7 15 204
aubry2 7 13 204
aubry2 7 13 204
aubry2 7 13 204
aubry2 7 13 204
aubry2 7 15 204
aubry2 7 15 204
aubry2 7 13 204
aubry2 7 14 204
aubry2 7 19 204
aubry2 7 19 204
aubry2 7 13 204
dl 8 28 50
dl 8 24 50
dl 8 19 50
dl 8 22 50
dl 8 28 50
dl 8 24 50
dl 8 27 50
dl 8 24 50
dl 8 17 50
dl 8 22 50
dl 8 18 50
dl 8 20 50
dl 8 22 50
dl 8 22 50
dl 8 22 50
dl 8 17 50
dl 8 24 50
dl 8 24 50
dl 8 18 50
dl 8 22 50
dl 8 21 50
dl 8 19 50
dl 8 20 50
dl 8 26 50
dl 8 19 50
dl 8 20 50
dl 8 21 50
dl 8 22 50
dl 8 20 50
dl 8 19 50
econh7 8 17 58
econh7 8 13 58
econh7 8 15 58
econh7 8 9 58
econh7 8 15 58
econh7 8 9 58
econh7 8 8 58
econh7 8 11 58
econh7 8 12 58
econh7 8 14 58
econh7 8 12 58
econh7 8 13 58
econh7 8 9 58
econh7 8 8 58
econh7 8 12 58
econh7 8 12 58
econh7 8 11 58
econh7 8 9 58
econh7 8 9 58
econh7 8 15 58
econh7 8 13 58
econh7 8 9 58
econh7 8 12 58
econh7 8 22 58
econh7 8 13 58
econh7 8 9 58
econh7 8 9 58
econh7 8 12 58
econh7 8 9 58
econh7 8 14 58
binomial_8_3_8_16 8 14 16
binomial_8_3_8_16 8 14 16
binomial_8_3_8_16 8 13 16
binomial_8_3_8_16 8 13 16
binomial_8_3_8_16 8 14 16
binomial_8_3_8_16 8 13 16
binomial_8_3_8_16 8 13 16
binomial_8_3_8_16 8 14 16
binomial_8_3_8_16 8 14 16
binomial_8_3_8_16 8 14 16
binomial_8_3_8_16 8 13 16
binomial_8_3_8_16 8 13 16
binomial_8_3_8_16 8 14 16
binomial_8_3_8_16 8 13 16
binomial_8_3_8_16 8 14 16
binomial_8_3_8_16 8 13 16
binomial_8_3_8_16 8 13 16
binomial_8_3_8_16 8 13 16
binomial_8_3_8_16 8 14 16
binomial_8_3_8_16 8 14 16
binomial_8_3_8_16 8 13 16
binomial_8_3_8_16 8 14 16
binomial_8_3_8_16 8 13 16
binomial_8_3_8_16 8 14 16
binomial_8_3_8_16 8 14 16
binomial_8_3_8_16 8 13 16
binomial_8_3_8_16 8 14 16
binomial_8_3_8_16 8 14 16
binomial_8_3_8_16 8 13 16
binomial_8_3_8_16 8 13 16
econh6 7 8 38
econh6 7 7 38
econh6 7 10 38
econh6 7 11 38
econh6 7 11 38
econh6 7 7 38
econh6 7 10 38
econh6 7 8 38
econh6 7 8 38
econh6 7 12 38
econh6 7 8 38
econh6 7 12 38
econh6 7 8 38
econh6 7 10 38
econh6 7 10 38
econh6 7 7 38
econh6 7 9 38
econh6 7 18 38
econh6 7 12 38
econh6 7 15 38
econh6 7 7 38
econh6 7 10 38
econh6 7 7 38
econh6 7 13 38
econh6 7 11 38
econh6 7 17 38
econh6 7 9 38
econh6 7 10 38
econh6 7 13 38
econh6 7 10 38
solotarevh 5 5 15
solotarevh 5 6 15
solotarevh 5 6 15
solotarevh 5 8 15
solotarevh 5 7 15
solotarevh 5 7 15
solotarevh 5 7 15
solotarevh 5 8 15
solotarevh 5 8 15
solotarevh 5 7 15
solotarevh 5 6 15
solotarevh 5 7 15
solotarevh 5 7 15
solotarevh 5 8 15
solotarevh 5 9 15
solotarevh 5 9 15
solotarevh 5 5 15
solotarevh 5 9 15
solotarevh 5 7 15
solotarevh 5 5 15
solotarevh 5 7 15
solotarevh 5 8 15
solotarevh 5 7 15
solotarevh 5 7 15
solotarevh 5 8 15
solotarevh 5 6 15
solotarevh 5 5 15
solotarevh 5 9 15
solotarevh 5 10 15
solotarevh 5 8 15
r5_2_4 5 9 44
r5_2_4 5 6 44
r5_2_4 5 6 44
r5_2_4 5 5 44
r5_2_4 5 5 44
r5_2_4 5 5 44
r5_2_4 5 6 44
r5_2_4 5 5 44
r5_2_4 5 5 44
r5_2_4 5 5 44
r5_2_4 5 6 44
r5_2_4 5 6 44
r5_2_4 5 5 44
r5_2_4 5 6 44
r5_2_4 5 5 44
r5_2_4 5 5 44
r5_2_4 5 11 44
r5_2_4 5 5 44
r5_2_4 5 5 44
r5_2_4 5 7 44
r5_2_4 5 6 44
r5_2_4 5 5 44
r5_2_4 5 5 44
r5_2_4 5 6 44
r5_2_4 5 5 44
r5_2_4 5 6 44
r5_2_4 5 9 44
r5_2_4 5 5 44
r5_2_4 5 5 44
r5_2_4 5 5 44
binomial_6_2_6_7 6 12 12
binomial_6_2_6_7 6 11 12
binomial_6_2_6_7 6 12 12
binomial_6_2_6_7 6 12 12
binomial_6_2_6_7 6 11 12
binomial_6_2_6_7 6 12 12
binomial_6_2_6_7 6 12 12
binomial_6_2ssur44 8 15 38
assur44 8 14 38
assur44 8 10 38
assur44 8 16 38
assur44 8 16 38
assur44 8 15 38
assur44 8 15 38
assur44 8 11 38
assur44 8 10 38
assur44 8 11 38
assur44 8 11 38
assur44 8 13 38
assur44 8 15 38
assur44 8 11 38
assur44 8 16 38
assur44 8 13 38
assur44 8 15 38
assur44 8 10 38
assur44 8 10 38
assur44 8 10 38
assur44 8 11 38
assur44 8 11 38
schrans_troost 8 15 77
schrans_troost 8 15 77
schrans_troost 8 12 77
schrans_troost 8 11 77
schrans_troost 8 12 77
schrans_troost 8 11 77
schrans_troost 8 13 77
schrans_troost 8 12 77
schrans_troost 8 16 77
schrans_troost 8 8 77
schrans_troost 8 15 77
schrans_troost 8 11 77
schrans_troost 8 12 77
schrans_troost 8 15 77
schrans_troost 8 12 77
schrans_troost 8 13 77
schrans_troost 8 14 77
schrans_troost 8 14 77
schrans_troost 8 12 77
schrans_troost 8 15 77
schrans_troost 8 13 77
schrans_troost 8 12 77
schrans_troost 8 14 77
schrans_troost 8 13 77
schrans_troost 8 14 77
schrans_troost 8 12 77
schrans_troost 8 12 77
schrans_troost 8 16 77
schrans_troost 8 12 77
schrans_troost 8 11 77
trinks 7 9 31
trinks 7 10 31
trinks 7 10 31
trinks 7 12 31
trinks 7 10 31
trinks 7 12 31
trinks 7 10 31
trinks 7 9 31
trinks 7 10 31
trinks 7 10 31
trinks 7 10 31
trinks 7 16 31
trinks 7 10 31
trinks 7 12 31
trinks 7 10 31
trinks 7 12 31
trinks 7 11 31
trinks 7 16 31
trinks 7 9 31
trinks 7 16 31
trinks 7 10 31
trinks 7 12 31
trinks 7 10 31
trinks 7 9 31
trinks 7 11 31
trinks 7 12 31
trinks 7 15 31
trinks 7 11 31
trinks 7 12 31
trinks 7 13 31
katsuran4 5 7 14
katsuran4 5 6 14
katsuran4 5 5 14
katsuran4 5 7 14
katsuran4 5 7 14
katsuran4 5 5 14
katsuran4 5 6 14
katsuran4 5 5 14
katsuran4 5 7 14
katsuran4 5 6 14
katsuran4 5 6 14
katsuran4 5 5 14
katsuran4 5 6 14
katsuran4 5 6 14
katsuran4 5 5 14
katsuran4 5 5 14
katsuran4 5 7 14
katsuran4 5 5 14
katsuran4 5 5 14
katsuran4 5 6 14
katsuran4 5 6 14
katsuran4 5 5 14
katsuran4 5 6 14
katsuran4 5 6 14
katsuran4 5 5 14
katsuran4 5 7 14
katsuran4 5 6 14
katsuran4 5 6 14
katsuran4 5 5 14
katsuran4 5 5 14
cyclicn4 4 6 14
cyclicn4 4 5 14
cyclicn4 4 5 14
cyclicn4 4 5 14
cyclicn4 4 5 14
cyclicn4 4 5 14
cyclicn4 4 5 14
cyclicn4 4 5 14
cyclicn4 4 5 14
cyclicn4 4 5 14
cyclicn4 4 5 14
cyclicn4 4 5 14
cyclicn4 4 5 14
cyclicn4 4 5 14
cyclicn4 4 5 14
cyclicn4 4 5 14
cyclicn4 4 5 14
cyclicn4 4 6 14
cyclicn4 4 5 14
cyclicn4 4 5 14
cyclicn4 4 5 14
cyclicn4 4 5 14
cyclicn4 4 5 14
cyclicn4 4 5 14
cyclicn4 4 5 14
cyclicn4 4 5 14
cyclicn4 4 5 14
cyclicn4 4 5 14
cyclicn4 4 5 14
cyclicn4 4 5 14
r6_2_2 6 8 69
r6_2_2 6 6 69
r6_2_2 6 6 69
r6_2_2 6 8 69
r6_2_2 6 6 69
r6_2_2 6 8 69
r6_2_2 6 9 69
r6_2_2 6 6 69
r6_2_2 6 8 69
r6_2_2 6 8 69
r6_2_2 6 8 69
r6_2_2 6 13 69
r6_2_2 6 6 69
r6_2_2 6 8 69
r6_2_2 6 6 69
r6_2_2 6 6 69
r6_2_2 6 6 69
r6_2_2 6 6 69
r6_2_2 6 8 69
r6_2_2 6 9 69
r6_2_2 6 6 69
r6_2_2 6 8 69
r6_2_2 6 6 69
r6_2_2 6 6 69
r6_2_2 6 6 69
r6_2_2 6 8 69
r6_2_2 6 8 69
r6_2_2 6 6 69
r6_2_2 6 8 69
r6_2_2 6 8 69
redcyc7 7 12 63
redcyc7 7 12 63
redcyc7 7 11 63
redcyc7 7 12 63
redcyc7 7 13 63
redcyc7 7 10 63
redcyc7 7 11 63
redcyc7 7 13 63
redcyc7 7 11 63
redcyc7 7 11 63
redcyc7 7 12 63
redcyc7 7 12 63
redcyc7 7 12 63
redcyc7 7 14 63
redcyc7 7 11 63
redcyc7 7 11 63
redcyc7 7 13 63
redcyc7 7 10 63
redcyc7 7 11 63
redcyc7 7 11 63
redcyc7 7 11 63
redcyc7 7 10 63
redcyc7 7 16 63
redcyc7 7 10 63
redcyc7 7 11 63
redcyc7 7 11 63
redcyc7 7 11 63
redcyc7 7 10 63
redcyc7 7 12 63
redcyc7 7 14 63
rose 3 6 6
rose 3 6 6
rose 3 6 6
rose 3 6 6
rose 3 6 6
rose 3 6 6
rose 3 6 6
rose 3 6 6
rose 3 5 6
rose 3 6 6
rose 3 5 6
rose 3 6 6
rose 3 5 6
rose 3 5 6
rose 3 6 6
rose 3 5 6
rose 3 6 6
rose 3 5 6
rose 3 5 6
rose 3 6 6
rose 3 6 6
rose 3 6 6
rose 3 6 6
rose 3 6 6
rose 3 6 6
rose 3 6 6
rose 3 6 6
rose 3 6 6
rose 3 5 6
rose 3 6 6
r8_2_2 8 11 139
r8_2_2 8 10 139
r8_2_2 8 12 139
r8_2_2 8 8 139
r8_2_2 8 8 139
r8_2_2 8 8 139
r8_2_2 8 11 139
r8_2_2 8 8 139
r8_2_2 8 10 139
r8_2_2 8 8 139
r8_2_2 8 11 139
r8_2_2 8 8 139
r8_2_2 8 8 139
r8_2_2 8 8 139
r8_2_2 8 10 139
r8_2_2 8 8 139
r8_2_2 8 8 139
r8_2_2 8 8 139
r8_2_2 8 8 139
r8_2_2 8 11 139
r8_2_2 8 8 139
r8_2_2 8 8 139
r8_2_2 8 8 139
r8_2_2 8 11 139
r8_2_2 8 11 139
r8_2 10
binomial_5_3_5_3 5 10 10
binomial_5_3_5_3 5 10 10
binomial_5_3_5_3 5 10 10
binomial_5_3_5_3 5 10 10
binomial_5_3_5_3 5 10 10
binomial_5_3_5_3 5 9 10
binomial_5_3_5_3 5 10 10
binomial_5_3_5_3 5 10 10
binomial_5_3_5_3 5 10 10
binomial_5_3_5_3 5 10 10
binomial_5_3_5_3 5 10 10
binomial_5_3_5_3 5 9 10
binomial_5_3_5_3 5 9 10
binomial_5_3_5_3 5 10 10
binomial_5_3_5_3 5 10 10
binomial_5_3_5_3 5 9 10
binomial_5_3_5_3 5 9 10
hemmecke 5 10 14
hemmecke 5 9 14
hemmecke 5 7 14
hemmecke 5 9 14
hemmecke 5 10 14
hemmecke 5 7 14
hemmecke 5 8 14
hemmecke 5 7 14
hemmecke 5 9 14
hemmecke 5 7 14
hemmecke 5 9 14
hemmecke 5 8 14
hemmecke 5 8 14
hemmecke 5 8 14
hemmecke 5 7 14
hemmecke 5 7 14
hemmecke 5 10 14
hemmecke 5 7 14
hemmecke 5 7 14
hemmecke 5 10 14
hemmecke 5 8 14
hemmecke 5 8 14
hemmecke 5 8 14
hemmecke 5 9 14
hemmecke 5 7 14
hemmecke 5 8 14
hemmecke 5 10 14
hemmecke 5 8 14
hemmecke 5 6 14
hemmecke 5 8 14
cyclicn2 2 3 3
cyclicn2 2 3 3
cyclicn2 2 3 3
cyclicn2 2 3 3
cyclicn2 2 3 3
cyclicn2 2 3 3
cyclicn2 2 3 3
cyclicn2 2 3 3
cyclicn2 2 3 3
cyclicn2 2 3 3
cyclicn2 2 3 3
cyclicn2 2 3 3
cyclicn2 2 3 3
cyclicn2 2 3 3
cyclicn2 2 3 3
cyclicn2 2 3 3
cyclicn2 2 3 3
cyclicn2 2 3 3
cyclicn2 2 3 3
cyclicn2 2 3 3
cyclicn2 2 3 3
cyclicn2 2 3 3
cyclicn2 2 3 3
cyclicn2 2 3 3
cyclicn2 2 3 3
cyclicn2 2 3 3
cyclicn2 2 3 3
cyclicn2 2 3 3
cyclicn2 2 3 3
cyclicn2 2 3 3
r8_2_2_h 8 11 139
r8_2_2_h 8 10 139
r8_2_2_h 8 12 139
r8_2_2_h 8 8 139
r8_2_2_h 8 8 139
r8_2_2_h 8 8 139
r8_2_2_h 8 11 139
r8_2_2_h 8 8 139
r8_2_2_h 8 10 139
r8_2_2_h 8 8 139
r8_2_2_h 8 11 139
r8_2_2_h 8 8 139
r8_2_2_h 8 8 139
r8_2_2_h 8 8 139
r8_2_2_h 8 10 139
r8_2_2_h 8 8 139
r8_2_2_h 8 8 139
r8_2_2_h 8 8 139
r8_2_2_h 8 8 139
r8_2_2_h 8 11 139
r8_2_2_h 8 8 139
r8_2_2_h 8 8 139
r8_2_2_h 8 8 139
r8_2_2_h 8 11 139
r8_2_2_h 8 11 139
r8_2_2_h 8 8 139
r8_2_2_h 8 8 139
r8_2_2_h 8 8 139
r8_2_2_h 8 8 139
r8_2_2_h 8 10 139
r5_2_4_h 5 6 48
r5_2_4_h 5 6 48
r5_2_4_h 5 6 48
r5_2_4_h 5 7 48
r5_2_4_h 5 7 48
r5_2_4_h 5 5 48
r5_2_4_h 5 6 48
r5_2_4_h 5 5 48
r5_2_4_h 5 7 48
r5_2_4_h 5 5 48
r5_2_4_h 5 6 48
r5_2_4_h 5 6 48
r5_2_4_h 5 7 48
r5_2_4_h 5 6 48
r5_2_4_h 5 5 48
r5_2_4_h 5 5 48
r5_2_4_h 5 6 48
r5_2_4_h 5 5 48
r5_2_4_h 5 5 48
r5_2_4_h 5 8 48
r5_2_4_h 5 6 48
r5_2_4_h 5 5 48
r5_2_4_h 5 5 48
r5_2_4_h 5 6 48
r5_2_4_h 5 5 48
r5_2_4_h 5 6 48
r5_2_4_h 5 8 48
r5_2_4_h 5 7 48
r5_2_4_h 5 5 48
r5_2_4_h 5 5 48
cyclicnh6 7 9 76
cyclicnh6 7 12 76
cyclicnh6 7 9 76
cyclicnh6 7 11 76
cyclicnh6 7 9 76
cyclicnh6 7 12 76
cyclicnh6 7 9 76
cyclicnh6 7 9 76
cyclicnh6 7 11 76
cyclicnh6 7 9 76
cyclicnh6 7 12 76
cyclicnh6 7 11 76
cyclicnh6 7 12 76
cyclicnh6 7 9 76
cyclicnh6 7 9 76
cyclicnh6 7 12 76
cyclicnh6 7 12 76
cyclicnh6 7 11 76
cyclicnh6 7 8 76
cyclicnh6 7 10 76
cyclicnh6 7 10 76
cyclicnh6 7 12 76
cyclicnh6 7 13 76
cyclicnh6 7 8 76
cyclicnh6 7 10 76
cyclicnh6 7 10 76
cyclicnh6 7 11 76
cyclicnh6 7 13 76
cyclicnh6 7 13 76
cyclicnh6 7 11 76
wu90 5 11 20
wu90 5 11 20
wu90 5 7 20
wu90 5 8 20
wu90 5 8 20
wu90 5 7 20
wu90 5 10 20
wu90 5 7 20
wu90 5 8 20
wu90 5 8 20
wu90 5 10 20
wu90 5 7 20
wu90 5 8 20
wu90 5 10 20
wu90 5 7 20
wu90 5 7 20
wu90 5 11 20
wu90 5 7 20
wu90 5 7 20
wu90 5 10 20
wu90 5 10 20
wu90 5 7 20
wu90 5 9 20
wu90 5 10 20
wu90 5 7 20
wu90 5 11 20
wu90 5 11 20
wu90 5 8 20
wu90 5 7 20
wu90 5 7 20
sendrah 3 4 7
sendrah 3 4 7
sendrah 3 4 7
sendrah 3 4 7
sendrah 3 4 7
sendrah 3 4 7
sendrah 3 4 7
sendrah 3 4 7
sendrah 3 5 7
sendrah 3 4 7
sendrah 3 4 7
sendrah 3 4 7
sendrah 3 4 7
sendrah 3 5 7
sendrah 3 4 7
sendrah 3 4 7
sendrah 3 4 7
sendrah 3 5 7
sendrah 3 4 7
sendrah 3 4 7
sendrah 3 4 7
sendrah 3 4 7
sendrah 3 5 7
sendrah 3 4 7
sendrah 3 4 7
sendrah 3 4 7
sendrah 3 5 7
sendrah 3 4 7
sendrah 3 4 7
sendrah 3 4 7
wang16 4 8 23
wang16 4 10 23
wang16 4 10 23
wang16 4 10 23
wang16 4 9 23
wang16 4 10 23
wang16 4 7 23
wang16 4 10 23
wang16 4 8 23
wang16 4 9 23
wang16 4 10 23
wang16 4 8 23
wang16 4 8 23
wang16 4 8 23
wang16 4 10 23
wang16 4 9 23
wang16 4 10 23
wang16 4 9 23
wang16 4 8 23
wang16 4 10 23
wang16 4 8 23
wang16 4 9 23
wang16 4 10 23
wang16 4 9 23
wang16 4 7 23
wang16 4 9 23
wang16 4 9 23
wang16 4 7 23
wang16 4 10 2cyclicn3 3 5 6
cyclicn3 3 4 6
cyclicn3 3 5 6
cyclicn3 3 4 6
cyclicn3 3 4 6
cyclicn3 3 4 6
cyclicn3 3 4 6
cyclicn3 3 4 6
cyclicn3 3 5 6
cyclicn3 3 4 6
cyclicn3 3 4 6
cyclicn3 3 5 6
cyclicn3 3 4 6
cyclicn3 3 5 6
cyclicn3 3 5 6
cyclicn3 3 5 6
cyclicn3 3 4 6
cyclicn3 3 5 6
cyclicn3 3 4 6
cyclicn3 3 4 6
cyclicn3 3 4 6
cyclicn3 3 5 6
cyclicn3 3 5 6
cyclicn3 3 5 6
cyclicn3 3 4 6
cyclicn3 3 4 6
cyclicn3 3 5 6
cyclicn3 3 5 6
cyclicn3 3 4 6
cyclicn3 3 4 6
cyclicnh5 6 7 36
cyclicnh5 6 7 36
cyclicnh5 6 7 36
cyclicnh5 6 7 36
cyclicnh5 6 7 36
cyclicnh5 6 7 36
cyclicnh5 6 10 36
cyclicnh5 6 11 36
cyclicnh5 6 8 36
cyclicnh5 6 7 36
cyclicnh5 6 9 36
cyclicnh5 6 11 36
cyclicnh5 6 7 36
cyclicnh5 6 9 36
cyclicnh5 6 7 36
cyclicnh5 6 7 36
cyclicnh5 6 7 36
cyclicnh5 6 7 36
cyclicnh5 6 11 36
cyclicnh5 6 7 36
cyclicnh5 6 9 36
cyclicnh5 6 7 36
cyclicnh5 6 7 36
cyclicnh5 6 11 36
cyclicnh5 6 7 36
cyclicnh5 6 7 36
cyclicnh5 6 7 36
cyclicnh5 6 7 36
cyclicnh5 6 9 36
cyclicnh5 6 7 36
extcyc6 7 8 155
extcyc6 7 9 155
extcyc6 7 13 155
extcyc6 7 9 155
extcyc6 7 9 155
extcyc6 7 9 155
extcyc6 7 12 155
extcyc6 7 8 155
extcyc6 7 8 155
extcyc6 7 13 155
extcyc6 7 8 155
extcyc6 7 12 155
extcyc6 7 8 155
extcyc6 7 10 155
extcyc6 7 11 155
extcyc6 7 9 155
extcyc6 7 10 155
extcyc6 7 12 155
extcyc6 7 12 155
extcyc6 7 12 155
extcyc6 7 9 155
extcyc6 7 10 155
extcyc6 7 9 155
extcyc6 7 10 155
extcyc6 7 9 155
extcyc6 7 11 155
extcyc6 7 11 155
extcyc6 7 11 155
extcyc6 7 12 155
extcyc6 7 12 155
r5_2_6 5 9 37
r5_2_6 5 5 37
r5_2_6 5 6 37
r5_2_6 5 5 37
r5_2_6 5 5 37
r5_2_6 5 5 37
r5_2_6 5 5 37
r5_2_6 5 5 37
r5_2_6 5 5 37
r5_2_6 5 5 37
r5_2_6 5 6 37
r5_2_6 5 6 37
r5_2_6 5 5 37
r5_2_6 5 5 37
r5_2_6 5 5 37
r5_2_6 5 5 37
r5_2_6 5 5 37
r5_2_6 5 5 37
r5_2_6 5 5 37
r5_2_6 5 7 37
r5_2_6 5 5 37
r5_2_6 5 5 37
r5_2_6 5 5 37
r5_2_6 5 5 37
r5_2_6 5 5 37
r5_2_6 5 5 37
r5_2_6 5 5 37
r5_2_6 5 5 37
r5_2_6 5 5 37
r5_2_6 5 5 37
safey 8 15 74
safey 8 15 74
safey 8 15 74
safey 8 15 74
safey 8 15 74
safey 8 15 74
safey 8 15 74
safey 8 15 74
safey 8 15 74
safey 8 15 74
safey 8 15 74
safey 8 15 74
safey 8 15 74
safey 8 15 74
safey 8 15 74
safey 8 15 74
safey 8 15 74
safey 8 15 74
safey 8 15 74
safey 8 15 74
safey 8 15 74
safey 8 15 74
safey 8 15 74
safey 8 15 74
safey 8 15 74
safey 8 15 74
safey 8 15 74
safey 8 15 74
safey 8 15 74
safey 8 15 74
binomial_4_2_4_1 4 6 8
binomial_4_2_4_1 4 6 8
binomial_4_2_4_1 4 6 8
binomial_4_2_4_1 4 6 8
binomial_4_2_4_1 4 6 8
binomial_4_2_4_1 4 6 8
binomial_4_2_4_1 4 6 8
binomial_4_2_4_1 4 6 8
binomial_4_2_4_1 4 6 8
binomial_4_2_4_1 4 6 8
binomial_4_2_4_1 4 6 8
binomial_4_2_4_1 4 6 8
binomial_4_2_4_1 4 6 8
binomial_4_2_4_1 4 6 8
binomial_4_2_4_1 4 6 8
binomial_4_2_4_1 4 6 8
binomial_4_2_4_1 4 6 8
binomial_4_2_4_1 4 6 8
binomial_4_2_4_1 4 6 8
binomial_4_2_4_1 4 6 8
binomial_4_2_4_1 4 6 8
binomial_4_2_4_1 4 6 8
binomial_4_2_4_1 4 6 8
binomial_4_2_4_1 4 6 8
binomial_4_2_4_1 4 6 8
binomial_4_2_4_1 4 6 8
binomial_4_2_4_1 4 6 8
binomial_4_2_4_1 4 6 8
binomial_4_2_4_1 4 6 8
binomial_4_2_4_1 4 6 8
vermeer 5 9 21
vermeer 5 10 21
vermeer 5 6 21
vermeer 5 8 21
vermeer 5 8 21
vermeer 5 6 21
vermeer 5 7 21
vermeer 5 6 21
vermeer 5 8 21
vermeer 5 6 21
vermeer 5 8 21
vermeer 5 7 21
vermeer 5 7 21
vermeer 5 9 21
vermeer 5 7 21
vermeer 5 7 21
vermeer 5 9 21
vermeer 5 7 21
vermeer 5 6 21
vermeer 5 7 21
vermeer 5 9 21
vermeer 5 6 21
vermeer 5 8 21
vermeer 5 7 21
vermeer 5 6 21
vermeer 5 10 21
vermeer 5 7 21
vermeer 5 7 21
vermeer 5 6 21
vermeer 5 7 21
lichtblau 3 4 5
lichtblau 3 4 5
lichtblau 3 4 5
lichtblau 3 4 5
lichtblau 3 4 5
lichtblau 3 4 5
lichtblau 3 4 5
lichtblau 3 4 5
lichtblau 3 4 5
lichtblau 3 4 5
lichtblau 3 4 5
lichtblau 3 4 5
lichtblau 3 4 5
lichtblau 3 4 5
lichtblau 3 4 5
lichtblau 3 4 5
lichtblau 3 4 5
lichtblau 3 4 5
lichtblau 3 4 5
lichtblau 3 4 5
lichtblau 3 4 5
lichtblau 3 4 5
lichtblau 3 4 5
lichtblau 3 4 5
lichtblau 3 4 5
lichtblau 3 4 5
lichtblau 3 4 5
lichtblau 3 4 5
lichtblau 3 4 5
lichtblau 3 4 5
hfe_segers 8 24 95
hfe_segers 8 22 95
hfe_segers 8 21 95
hfe_segers 8 19 95
hfe_segers 8 20 95
hfe_segers 8 22 95
hfe_segers 8 20 95
hfe_segers 8 23 95
hfe_segers 8 25 95
h 65
extcyc5 6 7 65
extcyc6h 8 9 157
extcyc6h 8 10 157
extcyc6h 8 10 157
extcyc6h 8 14 157
extcyc6h 8 10 157
extcyc6h 8 12 157
extcyc6h 8 10 157
extcyc6h 8 9 157
extcyc6h 8 14 157
extcyc6h 8 10 157
extcyc6h 8 9 157
extcyc6h 8 10 157
extcyc6h 8 14 157
extcyc6h 8 14 157
extcyc6h 8 12 157
extcyc6h 8 10 157
extcyc6h 8 13 157
extcyc6h 8 15 157
extcyc6h 8 13 157
extcyc6h 8 10 157
extcyc6h 8 9 157
extcyc6h 8 13 157
extcyc6h 8 11 157
extcyc6h 8 10 157
extcyc6h 8 11 157
extcyc6h 8 9 157
extcyc6h 8 14 157
extcyc6h 8 14 157
extcyc6h 8 10 157
extcyc6h 8 14 157
nya 4 10 134
nya 4 12 134
nya 4 15 134
nya 4 12 134
nya 4 12 134
nya 4 15 134
nya 4 12 134
nya 4 12 134
nya 4 12 134
nya 4 16 134
nya 4 11 134
nya 4 12 134
nya 4 14 134
nya 4 12 134
nya 4 15 134
nya 4 14 134
nya 4 15 134
nya 4 11 134
nya 4 12 134
nya 4 14 134
nya 4 10 134
nya 4 12 134
nya 4 15 134
nya 4 14 134
nya 4 14 134
nya 4 12 134
nya 4 10 134
nya 4 11 134
nya 4 15 134
nya 4 14 134
sparsesym5h 6 11 11
sparsesym5h 6 11 11
sparsesym5h 6 11 11
sparsesym5h 6 11 11
sparsesym5h 6 11 11
sparsesym5h 6 11 11
sparsesym5h 6 10 11
sparsesym5h 6 10 11
sparsesym5h 6 10 11
sparsesym5h 6 11 11
sparsesym5h 6 11 11
sparsesym5h 6 10 11
sparsesym5h 6 11 11
sparsesym5h 6 10 11
sparsesym5h 6 11 11
sparsesym5h 6 11 11
sparsesym5h 6 11 11
sparsesym5h 6 11 11
sparsesym5h 6 10 11
sparsesym5h 6 11 11
sparsesym5h 6 10 11
sparsesym5h 6 11 11
sparsesym5h 6 11 11
sparsesym5h 6 11 11
sparsesym5h 6 11 11
sparsesym5h 6 11 11
sparsesym5h 6 11 11
sparsesym5h 6 11 11
sparsesym5h 6 11 11
sparsesym5h 6 11 11
cyclicn5 5 6 35
cyclicn5 5 6 35
cyclicn5 5 9 35
cyclicn5 5 7 35
cyclicn5 5 9 35
cyclicn5 5 6 35
cyclicn5 5 6 35
cyclicn5 5 9 35
cyclicn5 5 9 35
cyclicn5 5 6 35
cyclicn5 5 6 35
cyclicn5 5 9 35
cyclicn5 5 8 35
cyclicn5 5 7 35
cyclicn5 5 8 35
cyclicn5 5 9 35
cyclicn5 5 6 35
cyclicn5 5 7 35
cyclicn5 5 6 35
cyclicn5 5 6 35
cyclicn5 5 7 35
cyclicn5 5 6 35
cyclicn5 5 6 35
cyclicn5 5 6 35
cyclicn5 5 8 35
cyclicn5 5 6 35
cyclicn5 5 6 35
cyclicn5 5 8 35
cyclicn5 5 9 35
cyclicn5 5 7 35
virasoro 8 15 77
virasoro 8 15 77
virasoro 8 12 77
virasoro 8 11 77
virasoro 8 12 77
virasoro 8 11 77
virasoro 8 13 77
virasoro 8 12 77
virasoro 8 16 77
virasoro 8 8 77
virasoro 8 15 77
virasoro 8 11 77
virasoro 8 12 77
virasoro 8 15 77
virasoro 8 12 77
virasoro 8 13 77
virasoro 8 14 77
virasoro 8 14 77
virasoro 8 12 77
virasoro 8 15 77
virasoro 8 13 77
virasoro 8 12 77
virasoro 8 14 77
virasoro 8 13 77
virasoro 8 14 77
virasoro 8 12 77
virasoro 8 12 77
virasoro 8 16 77
virasoro 8 12 77
virasoro 8 11 77
redcyc6 6 11 31
redcyc6 6 11 31
redcyc6 6 9 31
redcyc6 6 10 31
redcyc6 6 11 31
redcyc6 6 9 31
redcyc6 6 10 31
redcyc6 6 9 31
redcyc6 6 9 31
redcyc6 6 9 31
redcyc6 6 9 31
redcyc6 6 11 31
redcyc6 6 9 31
redcyc6 6 10 31
redcyc6 6 12 31
redcyc6 6 11 31
redcyc6 6 10 31
redcyc6 6 10 31
redcyc6 6 9 31
redcyc6 6 11 31
redcyc6 6 9 31
redcyc6 6 9 31
redcyc6 6 10 31
redcyc6 6 10 31
redcyc6 6 12 31
redcyc6 6 9 31
redcyc6 6 10 31
redcyc6 6 9 31
redcyc6 6 9 31
redcyc6 6 10 31
fmtm 4 6 6
fmtm 4 6 6
fmtm 4 6 6
fmtm 4 6 6
fmtm 4 6 6
fmtm 4 6 6
fmtm 4 6 6
fmtm 4 6 6
fmtm 4 6 6
fmtm 4 6 6
fmtm 4 6 6
fmtm 4 6 6
fmtm 4 6 6
fmtm 4 6 6
fmtm 4 6 6
fmtm 4 6 6
fmtm 4 6 6
fmtm 4 6 6
fmtm 4 6 6
fmtm 4 6 6
fmtm 4 6 6
fmtm 4 6 6
fmtm 4 6 6
fmtm 4 6 6
fmtm 4 6 6
fmtm 4 6 6
fmtm 4 6 6
fmtm 4 6 6
fmtm 4 6 6
fmtm 4 6 6
fateman 4 3 16
fateman 4 3 16
fateman 4 3 16
fateman 4 3 16
fateman 4 3 16
fateman 4 3 16
fateman 4 3 16
fateman 4 3 16
fateman 4 3 16
fateman 4 3 16
fateman 4 3 16
fateman 4 3 16
fateman 4 3 16
fateman 4 3 16
fateman 4 3 16
fateman 4 3 16
fateman 4 3 16
fateman 4 3 16
fateman 4 3 16
fateman 4 3 16
fateman 4 3 16
fateman 4 3 16
fateman 4 3 16
fateman 4 3 16
fateman 4 3 16
fateman 4 3 16
fateman 4 3 16
fateman 4 3 16
fateman 4 3 16
fateman 4 3 16
katsuran3 4 4 7
katsuran3 4 4 7
katsuran3 4 4 7
katsuran3 4 4 7
katsuran3 4 4 7
katsuran3 4 4 7
katsuran3 4 4 7
katsuran3 4 4 7
katsuran3 4 4 7
katsuran3 4 4 7
katsuran3 4 4 7
katsuran3 4 4 7
katsuran3 4 4 7
katsuran3 4 4 7
katsuran3 4 4 7
katsuran3 4 4 7
katsuran3 4 4 7
katsuran3 4 4 7
katsuran3 4 4 7
katsuran3 4 wu90h 6 8 26
wu90h 6 8 26
wu90h 6 8 26
wu90h 6 7 26
wu90h 6 8 26
wu90h 6 7 26
wu90h 6 8 26
wu90h 6 7 26
wu90h 6 10 26
wu90h 6 7 26
wu90h 6 8 26
wu90h 6 8 26
wu90h 6 8 26
wu90h 6 7 26
wu90h 6 8 26
wu90h 6 8 26
wu90h 6 8 26
wu90h 6 9 26
wu90h 6 7 26
wu90h 6 8 26
wu90h 6 8 26
wu90h 6 8 26
wu90h 6 8 26
wu90h 6 8 26
wu90h 6 8 26
wu90h 6 7 26
wu90h 6 8 26
wu90h 6 8 26
wu90h 6 8 26
wu90h 6 7 26
jason210 8 8 8
jason210 8 8 8
jason210 8 8 8
jason210 8 8 8
jason210 8 8 8
jason210 8 8 8
jason210 8 8 8
jason210 8 8 8
jason210 8 8 8
jason210 8 8 8
jason210 8 8 8
jason210 8 8 8
jason210 8 8 8
jason210 8 8 8
jason210 8 8 8
jason210 8 8 8
jason210 8 8 8
jason210 8 8 8
jason210 8 8 8
jason210 8 8 8
jason210 8 8 8
jason210 8 8 8
jason210 8 8 8
jason210 8 8 8
jason210 8 8 8
jason210 8 8 8
jason210 8 8 8
jason210 8 8 8
jason210 8 8 8
jason210 8 8 8
sendra 2 3 4
sendra 2 3 4
sendra 2 3 4
sendra 2 3 4
sendra 2 4 4
sendra 2 3 4
sendra 2 4 4
sendra 2 3 4
sendra 2 4 4
sendra 2 4 4
sendra 2 4 4
sendra 2 3 4
sendra 2 3 4
sendra 2 4 4
sendra 2 4 4
sendra 2 4 4
sendra 2 3 4
sendra 2 3 4
sendra 2 3 4
sendra 2 3 4
sendra 2 3 4
sendra 2 3 4
sendra 2 4 4
sendra 2 4 4
sendra 2 3 4
sendra 2 3 4
sendra 2 3 4
sendra 2 4 4
sendra 2 3 4
sendra 2 3 4
wang16h 5 8 29
wang16h 5 5 29
wang16h 5 5 29
wang16h 5 6 29
wang16h 5 6 29
wang16h 5 5 29
wang16h 5 5 29
wang16h 5 4 29
wang16h 5 6 29
wang16h 5 5 29
wang16h 5 7 29
wang16h 5 6 29
wang16h 5 5 29
wang16h 5 8 29
wang16h 5 5 29
wang16h 5 5 29
wang16h 5 8 29
wang16h 5 5 29
wang16h 5 5 29
wang16h 5 7 29
wang16h 5 8 29
wang16h 5 5 29
wang16h 5 5 29
wang16h 5 5 29
wang16h 5 5 29
wang16h 5 5 29
wang16h 5 7 29
wang16h 5 5 29
wang16h 5 5 29
wang16h 5 5 29
r6_2_6_h 6 6 99
r6_2_6_h 6 6 99
r6_2_6_h 6 6 99
r6_2_6_h 6 6 99
r6_2_6_h 6 6 99
r6_2_6_h 6 6 99
r6_2_6_h 6 8 99
r6_2_6_h 6 6 99
r6_2_6_h 6 9 99
r6_2_6_h 6 6 99
r6_2_6_h 6 8 99
r6_2_6_h 6 9 99
r6_2_6_h 6 6 99
r6_2_6_h 6 7 99
r6_2_6_h 6 6 99
r6_2_6_h 6 6 99
r6_2_6_h 6 6 99
r6_2_6_h 6 6 99
r6_2_6_h 6 7 99
r6_2_6_h 6 7 99
r6_2_6_h 6 6 99
r6_2_6_h 6 7 99
r6_2_6_h 6 6 99
r6_2_6_h 6 6 99
r6_2_6_h 6 6 99
r6_2_6_h 6 6 99
r6_2_6_h 6 6 99
r6_2_6_h 6 6 99
r6_2_6_h 6 8 99
r6_2_6_h 6 6 99
joswig101-trimmed 5 10 15
joswig101-trimmed 5 10 15
joswig101-trimmed 5 10 15
joswig101-trimmed 5 10 15
joswig101-trimmed 5 10 15
joswig101-trimmed 5 10 15
joswig101-trimmed 5 10 15
joswig101-trimmed 5 10 15
joswig101-trimmed 5 10 15
joswig101-trimmed 5 10 15
joswig101-trimmed 5 10 15
joswig101-trimmed 5 10 15
joswig101-trimmed 5 10 15
joswig101-trimmed 5 10 15
joswig101-trimmed 5 10 15
joswig101-trimmed 5 10 15
joswig101-trimmed 5 10 15
joswig101-trimmed 5 10 15
joswig101-trimmed 5 10 15
joswig101-trimmed 5 10 15
joswig101-trimmed 5 10 15
joswig101-trimmed 5 9 15
joswig101-trimmed 5 10 15
joswig101-trimmed 5 10 15
joswig101-trimmed 5 12 15
joswig101-trimmed 5 10 15
joswig101-trimmed 5 10 15
joswig101-trimmed 5 10 15
joswig101-trimmed 5 10 15
joswig101-trimmed 5 10 15
ahmlh 6 9 33
ahmlh 6 6 33
ahmlh 6 4 33
ahmlh 6 9 33
ahmlh 6 4 33
ahmlh 6 8 33
ahmlh 6 7 33
ahmlh 6 5 33
ahmlh 6 5 33
ahmlh 6 4 33
ahmlh 6 8 33
ahmlh 6 9 33
ahmlh 6 4 33
ahmlh 6 8 33
ahmlh 6 7 33
ahmlh 6 4 33
ahmlh 6 4 33
ahmlh 6 4 33
ahmlh 6 5 33
ahmlh 6 4 33
ahmlh 6 6 33
ahmlh 6 4 33
ahmlh 6 4 33
ahmlh 6 4 33
ahmlh 6 7 33
ahmlh 6 9 33
ahmlh 6 5 33
ahmlh 6 7 33
ahmlh 6 7 33
ahmlh 6 4 33
cyclicn8 8 12 294
cyclicn8 8 16 294
cyclicn8 8 17 294
cyclicn8 8 12 294
cyclicn8 8 14 294
cyclicn8 8 12 294
cyclicn8 8 12 294
cyclicn8 8 14 294
cyclicn8 8 18 294
cyclicn8 8 12 294
cyclicn8 8 12 294
cyclicn8 8 13 294
cyclicn8 8 12 294
cyclicn8 8 11 294
cyclicn8 8 10 294
cyclicn8 8 10 294
cyclicn8 8 15 294
cyclicn8 8 9 294
cyclicn8 8 9 294
cyclicn8 8 18 294
cyclicn8 8 12 294
cyclicn8 8 9 294
cyclicn8 8 13 294
cyclicn8 8 11 294
cyclicn8 8 16 294
cyclicn8 8 9 294
cyclicn8 8 9 294
cyclicn8 8 15 294
cyclicn8 8 9 294
cyclicn8 8 11 294
binomial_7_3_7_9 7 13 14
binomial_7_3_7_9 7 13 14
binomial_7_3_7_9 7 13 14
binomial_7_3_7_9 7 14 14
binomial_7_3_7_9 7 14 14
binomial_7_3_7_9 7 13 14
binomial_7_3_7_9 7 13 14
binomial_7_3_7_9 7 13 14
binomial_7_3_7_9 7 14 14
binomia3
wang16 4 7 23
r6_2_4 6 9 71
r6_2_4 6 6 71
r6_2_4 6 6 71
r6_2_4 6 7 71
r6_2_4 6 6 71
r6_2_4 6 7 71
r6_2_4 6 6 71
r6_2_4 6 6 71
r6_2_4 6 7 71
r6_2_4 6 7 71
r6_2_4 6 6 71
r6_2_4 6 7 71
r6_2_4 6 6 71
r6_2_4 6 8 71
r6_2_4 6 6 71
r6_2_4 6 6 71
r6_2_4 6 6 71
r6_2_4 6 6 71
r6_2_4 6 8 71
r6_2_4 6 8 71
r6_2_4 6 6 71
r6_2_4 6 8 71
r6_2_4 6 6 71
r6_2_4 6 6 71
r6_2_4 6 6 71
r6_2_4 6 7 71
r6_2_4 6 7 71
r6_2_4 6 6 71
r6_2_4 6 6 71
r6_2_4 6 7 71
econh3 4 6 8
econh3 4 7 8
econh3 4 6 8
econh3 4 6 8
econh3 4 5 8
econh3 4 6 8
econh3 4 5 8
econh3 4 5 8
econh3 4 6 8
econh3 4 7 8
econh3 4 6 8
econh3 4 5 8
econh3 4 6 8
econh3 4 5 8
econh3 4 6 8
econh3 4 7 8
econh3 4 7 8
econh3 4 6 8
econh3 4 6 8
econh3 4 6 8
econh3 4 6 8
econh3 4 5 8
econh3 4 7 8
econh3 4 6 8
econh3 4 7 8
econh3 4 5 8
econh3 4 6 8
econh3 4 6 8
econh3 4 6 8
econh3 4 7 8
ilias13 7 15 58
ilias13 7 12 58
ilias13 7 17 58
ilias13 7 14 58
ilias13 7 11 58
ilias13 7 11 58
ilias13 7 16 58
ilias13 7 16 58
ilias13 7 12 58
ilias13 7 14 58
ilias13 7 13 58
ilias13 7 15 58
ilias13 7 12 58
ilias13 7 14 58
ilias13 7 17 58
ilias13 7 12 58
ilias13 7 13 58
ilias13 7 16 58
ilias13 7 13 58
ilias13 7 14 58
ilias13 7 11 58
ilias13 7 15 58
ilias13 7 16 58
ilias13 7 13 58
ilias13 7 14 58
ilias13 7 12 58
ilias13 7 16 58
ilias13 7 12 58
ilias13 7 16 58
ilias13 7 14 58
buchberger87 6 6 6
buchberger87 6 6 6
buchberger87 6 6 6
buchberger87 6 6 6
buchberger87 6 6 6
buchberger87 6 6 6
buchberger87 6 6 6
buchberger87 6 6 6
buchberger87 6 6 6
buchberger87 6 6 6
buchberger87 6 6 6
buchberger87 6 6 6
buchberger87 6 6 6
buchberger87 6 6 6
buchberger87 6 6 6
buchberger87 6 6 6
buchberger87 6 6 6
buchberger87 6 6 6
buchberger87 6 6 6
buchberger87 6 6 6
buchberger87 6 6 6
buchberger87 6 6 6
buchberger87 6 6 6
buchberger87 6 6 6
buchberger87 6 6 6
buchberger87 6 6 6
buchberger87 6 6 6
buchberger87 6 6 6
buchberger87 6 6 6
buchberger87 6 6 6
r7_2_4_h 7 9 127
r7_2_4_h 7 7 127
r7_2_4_h 7 7 127
r7_2_4_h 7 9 127
r7_2_4_h 7 11 127
r7_2_4_h 7 7 127
r7_2_4_h 7 7 127
r7_2_4_h 7 9 127
r7_2_4_h 7 7 127
r7_2_4_h 7 11 127
r7_2_4_h 7 7 127
r7_2_4_h 7 8 127
r7_2_4_h 7 7 127
r7_2_4_h 7 7 127
r7_2_4_h 7 7 127
r7_2_4_h 7 7 127
r7_2_4_h 7 7 127
r7_2_4_h 7 7 127
r7_2_4_h 7 9 127
r7_2_4_h 7 7 127
r7_2_4_h 7 7 127
r7_2_4_h 7 7 127
r7_2_4_h 7 11 127
r7_2_4_h 7 7 127
r7_2_4_h 7 7 127
r7_2_4_h 7 9 127
r7_2_4_h 7 11 127
r7_2_4_h 7 7 127
r7_2_4_h 7 9 127
r7_2_4_h 7 7 127
cyclicnh3 4 6 7
cyclicnh3 4 5 7
cyclicnh3 4 5 7
cyclicnh3 4 5 7
cyclicnh3 4 5 7
cyclicnh3 4 5 7
cyclicnh3 4 6 7
cyclicnh3 4 5 7
cyclicnh3 4 5 7
cyclicnh3 4 5 7
cyclicnh3 4 5 7
cyclicnh3 4 5 7
cyclicnh3 4 5 7
cyclicnh3 4 5 7
cyclicnh3 4 5 7
cyclicnh3 4 5 7
cyclicnh3 4 5 7
cyclicnh3 4 6 7
cyclicnh3 4 5 7
cyclicnh3 4 5 7
cyclicnh3 4 5 7
cyclicnh3 4 5 7
cyclicnh3 4 5 7
cyclicnh3 4 5 7
cyclicnh3 4 6 7
cyclicnh3 4 5 7
cyclicnh3 4 5 7
cyclicnh3 4 6 7
cyclicnh3 4 5 7
cyclicnh3 4 6 7
r5_2_2 5 7 36
r5_2_2 5 7 36
r5_2_2 5 7 36
r5_2_2 5 5 36
r5_2_2 5 5 36
r5_2_2 5 5 36
r5_2_2 5 7 36
r5_2_2 5 5 36
r5_2_2 5 5 36
r5_2_2 5 5 36
r5_2_2 5 7 36
r5_2_2 5 7 36
r5_2_2 5 5 36
r5_2_2 5 7 36
r5_2_2 5 5 36
r5_2_2 5 5 36
r5_2_2 5 7 36
r5_2_2 5 5 36
r5_2_2 5 5 36
r5_2_2 5 7 36
r5_2_2 5 7 36
r5_2_2 5 5 36
r5_2_2 5 5 36
r5_2_2 5 7 36
r5_2_2 5 5 36
r5_2_2 5 7 36
r5_2_2 5 7 36
r5_2_2 5 5 36
r5_2_2 5 5 36
r5_2_2 5 5 36
sparsesym5 5 9 9
sparsesym5 5 9 9
sparsesym5 5 9 9
sparsesym5 5 9 9
sparsesym5 5 9 9
sparsesym5 5 9 9
sparsesym5 5 9 9
sparsesym5 5 9 9
sparsesym5 5 9 9
sparsesym5 5 9 9
sparsesym5 5 9 9
sparsesym5 5 9 9
sparsesym5 5 9 9
sparsesym5 5 9 9
sparsesym5 5 9 9
sparsesym5 5 9 9
sparsesym5 5 9 9
sparsesym5 5 9 9
sparsesym5 5 9 9
sparsesym5 5 9 9
sparsesym5 5 9 9
sparsesym5 5 9 9
sparsesym5 5 9 9
sparsesym5 5 9 9
sparsesym5 5 9 9
sparsesym5 5 9 9
sparsesym5 5 9 9
sparsesym5 5 9 9
sparsesym5 5 9 9
sparsesym5 5 9 9
syz1 3 2 2
syz1 3 2 2
syz1 3 2 2
syz1 3 2 2
syz1 3 2 2
syz1 3 2 2
syz1 3 2 2
syz1 3 2 2
syz1 3 2 2
syz1 3 2 2
syz1 3 2 2
syz1 3 2 2
syz1 3 2 2
syz1 3 2 2
syz1 3 2 2
syz1 3 2 2
syz1 3 2 2
syz1 3 2 2
syz1 3 2 2
syz1 3 2 2
syz1 3 2 2
syz1 3 2 2
syz1 3 2 2
syz1 3 2 2
syz1 3 2 2
syz1 3 2 2
syz1 3 2 2econ7 7 10 40
econ7 7 12 40
econ7 7 10 40
econ7 7 10 40
econ7 7 10 40
econ7 7 10 40
econ7 7 10 40
econ7 7 12 40
econ7 7 17 40
econ7 7 11 40
econ7 7 11 40
econ7 7 10 40
econ7 7 11 40
econ7 7 11 40
econ7 7 10 40
ilias12 8 16 73
ilias12 8 18 73
ilias12 8 15 73
ilias12 8 14 73
ilias12 8 17 73
ilias12 8 18 73
ilias12 8 17 73
ilias12 8 16 73
ilias12 8 20 73
ilias12 8 14 73
ilias12 8 16 73
ilias12 8 16 73
ilias12 8 16 73
ilias12 8 14 73
ilias12 8 16 73
ilias12 8 15 73
ilias12 8 14 73
ilias12 8 17 73
ilias12 8 13 73
ilias12 8 18 73
ilias12 8 15 73
ilias12 8 14 73
ilias12 8 15 73
ilias12 8 16 73
ilias12 8 17 73
ilias12 8 13 73
ilias12 8 14 73
ilias12 8 14 73
ilias12 8 15 73
ilias12 8 15 73
reimer7 7 11 120
reimer7 7 8 120
reimer7 7 9 120
reimer7 7 9 120
reimer7 7 7 120
reimer7 7 8 120
reimer7 7 8 120
reimer7 7 11 120
reimer7 7 7 120
reimer7 7 11 120
reimer7 7 7 120
reimer7 7 8 120
reimer7 7 7 120
reimer7 7 8 120
reimer7 7 8 120
reimer7 7 8 120
reimer7 7 10 120
reimer7 7 10 120
reimer7 7 11 120
reimer7 7 10 120
reimer7 7 8 120
reimer7 7 10 120
reimer7 7 12 120
reimer7 7 10 120
reimer7 7 9 120
reimer7 7 10 120
reimer7 7 12 120
reimer7 7 8 120
reimer7 7 11 120
reimer7 7 10 120
rpblh 8 12 64
rpblh 8 6 64
rpblh 8 15 64
rpblh 8 6 64
rpblh 8 8 64
rpblh 8 6 64
rpblh 8 6 64
rpblh 8 8 64
rpblh 8 9 64
rpblh 8 6 64
rpblh 8 6 64
rpblh 8 6 64
rpblh 8 6 64
rpblh 8 8 64
rpblh 8 8 64
rpblh 8 13 64
rpblh 8 9 64
rpblh 8 6 64
rpblh 8 6 64
rpblh 8 6 64
rpblh 8 8 64
rpblh 8 6 64
rpblh 8 11 64
rpblh 8 6 64
rpblh 8 9 64
rpblh 8 6 64
rpblh 8 6 64
rpblh 8 10 64
rpblh 8 6 64
rpblh 8 8 64
roseh 4 7 11
roseh 4 6 11
roseh 4 7 11
roseh 4 6 11
roseh 4 5 11
roseh 4 6 11
roseh 4 6 11
roseh 4 5 11
roseh 4 6 11
roseh 4 6 11
roseh 4 7 11
roseh 4 6 11
roseh 4 6 11
roseh 4 5 11
roseh 4 6 11
roseh 4 6 11
roseh 4 6 11
roseh 4 6 11
roseh 4 7 11
roseh 4 6 11
roseh 4 7 11
roseh 4 6 11
roseh 4 6 11
roseh 4 6 11
roseh 4 6 11
roseh 4 6 11
roseh 4 7 11
roseh 4 5 11
roseh 4 6 11
roseh 4 6 11
cyclicnh2 3 4 4
cyclicnh2 3 4 4
cyclicnh2 3 4 4
cyclicnh2 3 4 4
cyclicnh2 3 4 4
cyclicnh2 3 4 4
cyclicnh2 3 4 4
cyclicnh2 3 4 4
cyclicnh2 3 4 4
cyclicnh2 3 4 4
cyclicnh2 3 4 4
cyclicnh2 3 4 4
cyclicnh2 3 4 4
cyclicnh2 3 4 4
cyclicnh2 3 4 4
cyclicnh2 3 4 4
cyclicnh2 3 4 4
cyclicnh2 3 4 4
cyclicnh2 3 4 4
cyclicnh2 3 4 4
cyclicnh2 3 4 4
cyclicnh2 3 4 4
cyclicnh2 3 4 4
cyclicnh2 3 4 4
cyclicnh2 3 4 4
cyclicnh2 3 4 4
cyclicnh2 3 4 4
cyclicnh2 3 4 4
cyclicnh2 3 4 4
cyclicnh2 3 4 4
weispfenning94 4 7 16
weispfenning94 4 8 16
weispfenning94 4 8 16
weispfenning94 4 8 16
weispfenning94 4 6 16
weispfenning94 4 7 16
weispfenning94 4 4 16
weispfenning94 4 6 16
weispfenning94 4 8 16
weispfenning94 4 6 16
weispfenning94 4 8 16
weispfenning94 4 7 16
weispfenning94 4 8 16
weispfenning94 4 5 16
weispfenning94 4 7 16
weispfenning94 4 8 16
weispfenning94 4 6 16
weispfenning94 4 6 16
weispfenning94 4 7 16
weispfenning94 4 8 16
weispfenning94 4 7 16
weispfenning94 4 5 16
weispfenning94 4 8 16
weispfenning94 4 7 16
weispfenning94 4 6 16
weispfenning94 4 7 16
weispfenning94 4 8 16
weispfenning94 4 6 16
weispfenning94 4 7 16
weispfenning94 4 6 16
r8_2_4_h 8 9 232
r8_2_4_h 8 8 232
r8_2_4_h 8 10 232
r8_2_4_h 8 8 232
r8_2_4_h 8 8 232
r8_2_4_h 8 8 232
r8_2_4_h 8 9 232
r8_2_4_h 8 8 232
r8_2_4_h 8 8 232
r8_2_4_h 8 8 232
r8_2_4_h 8 9 232
r8_2_4_h 8 8 232
r8_2_4_h 8 8 232
r8_2_4_h 8 8 232
r8_2_4_h 8 8 232
r8_2_4_h 8 8 232
r8_2_4_h 8 8 232
r8_2_4_h 8 8 232
r8_2_4_h 8 8 232
r8_2_4_h 8 8 232
r8_2_4_h 8 8 232
r8_2_4_h 8 8 232
r8_2_4_h 8 8 232
r8_2_4_h 8 9 232
r8_2_4_h 8 9 232
r8_2_4_h 8 8 232
r8_2_4_h 8 8 232
r8_2_4_h 8 8 232
r8_2_4_h 8 8 232
r8_2_4_h 8 9 232
katsuranh6 8 10 66
katsuranh6 8 9 66
katsuranh6 8 11 66
katsuranh6 8 9 66
katsuranh6 8 10 66
katsuranh6 8 9 66
katsuranh6 8 11 66
katsuranh6 8 7 66
katsuranh6 8 10 66
katsuranh6 8 9 66
katsuranh6 8 11 66
katsuranh6 8 10 66
katsuranh6 8 9 66
katsuranh6 8 7 66
katsuranh6 8 11 66
katsuranh6 8 11 66
katsuranh6 8 10 66
katsuranh6 8 10 66
katsuranh6 8 7 66
katsuranh6 8 10 66
katsuranh6 8 13 66
katsuranh6 8 9 66
katsuranh6 8 8 66
katsuranh6 8 11 66
katsuranh6 8 7 66
katsuranh6 8_6_7 6 12 12
binomial_6_2_6_7 6 11 12
binomial_6_2_6_7 6 11 12
binomial_6_2_6_7 6 11 12
binomial_6_2_6_7 6 11 12
binomial_6_2_6_7 6 12 12
binomial_6_2_6_7 6 12 12
binomial_6_2_6_7 6 12 12
binomial_6_2_6_7 6 11 12
binomial_6_2_6_7 6 12 12
binomial_6_2_6_7 6 12 12
binomial_6_2_6_7 6 12 12
binomial_6_2_6_7 6 12 12
binomial_6_2_6_7 6 12 12
binomial_6_2_6_7 6 11 12
binomial_6_2_6_7 6 12 12
binomial_6_2_6_7 6 12 12
binomial_6_2_6_7 6 11 12
binomial_6_2_6_7 6 12 12
binomial_6_2_6_7 6 12 12
binomial_6_2_6_7 6 11 12
binomial_6_2_6_7 6 11 12
binomial_6_2_6_7 6 12 12
r7_2_6_h 7 7 175
r7_2_6_h 7 7 175
r7_2_6_h 7 7 175
r7_2_6_h 7 8 175
r7_2_6_h 7 11 175
r7_2_6_h 7 7 175
r7_2_6_h 7 7 175
r7_2_6_h 7 7 175
r7_2_6_h 7 7 175
r7_2_6_h 7 7 175
r7_2_6_h 7 7 175
r7_2_6_h 7 8 175
r7_2_6_h 7 7 175
r7_2_6_h 7 7 175
r7_2_6_h 7 7 175
r7_2_6_h 7 7 175
r7_2_6_h 7 8 175
r7_2_6_h 7 7 175
r7_2_6_h 7 7 175
r7_2_6_h 7 7 175
r7_2_6_h 7 7 175
r7_2_6_h 7 7 175
r7_2_6_h 7 7 175
r7_2_6_h 7 7 175
r7_2_6_h 7 8 175
r7_2_6_h 7 7 175
r7_2_6_h 7 7 175
r7_2_6_h 7 7 175
r7_2_6_h 7 8 175
r7_2_6_h 7 7 175
berthh 4 4 8
berthh 4 4 8
berthh 4 4 8
berthh 4 4 8
berthh 4 4 8
berthh 4 4 8
berthh 4 4 8
berthh 4 4 8
berthh 4 4 8
berthh 4 4 8
berthh 4 4 8
berthh 4 4 8
berthh 4 4 8
berthh 4 4 8
berthh 4 4 8
berthh 4 4 8
berthh 4 4 8
berthh 4 4 8
berthh 4 4 8
berthh 4 4 8
berthh 4 4 8
berthh 4 4 8
berthh 4 4 8
berthh 4 4 8
berthh 4 4 8
berthh 4 4 8
berthh 4 4 8
berthh 4 4 8
berthh 4 4 8
berthh 4 4 8
katsuran6 7 9 44
katsuran6 7 9 44
katsuran6 7 10 44
katsuran6 7 12 44
katsuran6 7 11 44
katsuran6 7 9 44
katsuran6 7 10 44
katsuran6 7 12 44
katsuran6 7 7 44
katsuran6 7 9 44
katsuran6 7 8 44
katsuran6 7 8 44
katsuran6 7 7 44
katsuran6 7 8 44
katsuran6 7 10 44
katsuran6 7 10 44
katsuran6 7 11 44
katsuran6 7 7 44
katsuran6 7 9 44
katsuran6 7 7 44
katsuran6 7 10 44
katsuran6 7 7 44
katsuran6 7 8 44
katsuran6 7 9 44
katsuran6 7 10 44
katsuran6 7 7 44
katsuran6 7 11 44
katsuran6 7 9 44
katsuran6 7 10 44
katsuran6 7 7 44
binomial_8_4_8_9 8 15 16
binomial_8_4_8_9 8 15 16
binomial_8_4_8_9 8 15 16
binomial_8_4_8_9 8 15 16
binomial_8_4_8_9 8 15 16
binomial_8_4_8_9 8 15 16
binomial_8_4_8_9 8 15 16
binomial_8_4_8_9 8 15 16
binomial_8_4_8_9 8 15 16
binomial_8_4_8_9 8 15 16
binomial_8_4_8_9 8 15 16
binomial_8_4_8_9 8 15 16
binomial_8_4_8_9 8 15 16
binomial_8_4_8_9 8 15 16
binomial_8_4_8_9 8 15 16
binomial_8_4_8_9 8 15 16
binomial_8_4_8_9 8 15 16
binomial_8_4_8_9 8 15 16
binomial_8_4_8_9 8 15 16
binomial_8_4_8_9 8 15 16
binomial_8_4_8_9 8 15 16
binomial_8_4_8_9 8 15 16
binomial_8_4_8_9 8 15 16
binomial_8_4_8_9 8 15 16
binomial_8_4_8_9 8 15 16
binomial_8_4_8_9 8 15 16
binomial_8_4_8_9 8 15 16
binomial_8_4_8_9 8 15 16
binomial_8_4_8_9 8 15 16
binomial_8_4_8_9 8 15 16
 6 7 80
r6_2_4_h 6 6 80
r6_2_4_h 6 8 80
r6_2_4_h 6 6 80
r6_2_4_h 6 6 80
r6_2_4_h 6 7 80
r6_2_4_h 6 7 80
r6_2_4_h 6 6 80
r6_2_4_h 6 7 80
r6_2_4_h 6 6 80
r6_2_4_h 6 7 80
r6_2_4_h 6 6 80
r6_2_4_h 6 6 80
r6_2_4_h 6 6 80
r6_2_4_h 6 6 80
r6_2_4_h 6 7 80
r6_2_4_h 6 7 80
r6_2_4_h 6 6 80
r6_2_4_h 6 7 80
r6_2_4_h 6 6 80
r6_2_4_h 6 6 80
r6_2_4_h 6 6 80
r6_2_4_h 6 7 80
r6_2_4_h 6 7 80
r6_2_4_h 6 6 80
r6_2_4_h 6 6 80
r6_2_4_h 6 7 80
econ8 8 18 56
econ8 8 15 56
econ8 8 16 56
econ8 8 11 56
econ8 8 15 56
econ8 8 11 56
econ8 8 17 56
econ8 8 12 56
econ8 8 12 56
econ8 8 12 56
econ8 8 19 56
econ8 8 16 56
econ8 8 11 56
econ8 8 11 56
econ8 8 12 56
econ8 8 12 56
econ8 8 12 56
econ8 8 17 56
econ8 8 12 56
econ8 8 14 56
econ8 8 14 56
econ8 8 15 56
econ8 8 13 56
econ8 8 18 56
econ8 8 11 56
econ8 8 12 56
econ8 8 12 56
econ8 8 12 56
econ8 8 15 56
econ8 8 16 56
katsuranh3 5 6 12
katsuranh3 5 5 12
katsuranh3 5 5 12
katsuranh3 5 4 12
katsuranh3 5 4 12
katsuranh3 5 4 12
katsuranh3 5 5 12
katsuranh3 5 5 12
katsuranh3 5 4 12
katsuranh3 5 4 12
katsuranh3 5 5 12
katsuranh3 5 4 12
katsuranh3 5 4 12
katsuranh3 5 5 12
katsuranh3 5 4 12
katsuranh3 5 4 12
katsuranh3 5 5 12
katsuranh3 5 4 12
katsuranh3 5 4 12
katsuranh3 5 6 12
katsuranh3 5 5 12
katsuranh3 5 5 12
katsuranh3 5 4 12
katsuranh3 5 5 12
katsuranh3 5 5 12
katsuranh3 5 5 12
katsuranh3 5 5 12
katsuranh3 5 4 12
katsuranh3 5 4 12
katsuranh3 5 4 12
cyclicnh7 8 9 160
cyclicnh7 8 10 160
cyclicnh7 8 11 160
cyclicnh7 8 13 160
cyclicnh7 8 9 160
cyclicnh7 8 13 160
cyclicnh7 8 11 160
cyclicnh7 8 9 160
cyclicnh7 8 14 160
cyclicnh7 8 9 160
cyclicnh7 8 11 160
cyclicnh7 8 9 160
cyclicnh7 8 15 160
cyclicnh7 8 16 160
cyclicnh7 8 10 160
cyclicnh7 8 10 160
cyclicnh7 8 14 160
cyclicnh7 8 17 160
cyclicnh7 8 13 160
cyclicnh7 8 12 160
cyclicnh7 8 9 160
cyclicnh7 8 12 160
cyclicnh7 8 10 160
cyclicnh7 8 11 160
cyclicnh7 8 11 160
cyclicnh7 8 9 160
cyclicnh7 8 12 160
cyclicnh7 8 14 160
cyclicnh7 8 11 160
cyclicnh7 8 15 160
ilias13h 8 19 105
ilias13h 8 18 105
ilias13h 8 13 105
ilias13h 8 12 105
ilias13h 8 17 105
ilias13h 8 14 105
ilias13h 8 17 105
ilias13h 8 14 105
ilias13h 8 22 105
ilias13h 8 13 105
ilias13h 8 18 105
ilias13h 8 13 105
ilias13h 8 15 105
ilias13h 8 14 105
ilias13h 8 19 105
ilias13h 8 15 105
ilias13h 8 19 105
ilias13h 8 14 105
ilias13h 8 14 105
ilias13h 8 17 105
ilias13h 8 15 105
ilias13h 8 15 105
ilias13h 8 12 105
ilias13h 8 21 105
ilias13h 8 18 105
ilias13h 8 14 105
ilias13h 8 14 105
ilias13h 8 20 105
ilias13h 8 15 105
ilias13h 8 14 105
econ4 4 8 11
econ4 4 8 11
econ4 4 8 11
econ4 4 7 11
econ4 4 7 11
econ4 4 8 11
econ4 4 9 11
econ4 4 7 11
econ4 4 7 11
econ4 4 8 11
econ4 4 8 11
econ4 4 7 11
econ4 4 7 11
econ4 4 8 11
econ4 4 8 11
econ4 4 8 11
econ4 4 8 11
econ4 4 8 11
econ4 4 7 11
econ4 4 8 11
econ4 4 7 11
econ4 4 8 11
econ4 4 8 11
econ4 4 8 11
econ4 4 8 11
econ4 4 7 11
econ4 4 7 11
econ4 4 9 11
econ4 4 8 11
econ4 4 8 11
berth 3 2 2
berth 3 2 2
berth 3 2 2
berth 3 2 2
berth 3 2 2
berth 3 2 2
berth 3 2 2
berth 3 2 2
berth 3 2 2
berth 3 2 2
berth 3 2 2
berth 3 2 2
berth 3 2 2
berth 3 2 2
berth 3 2 2
berth 3 2 2
berth 3 2 2
berth 3 2 2
berth 3 2 2
berth 3 2 2
berth 3 2 2
berth 3 2 2
berth 3 2 2
berth 3 2 2
berth 3 2 2
berth 3 2 2
berth 3 2 2
berth 3 2 2
berth 3 2 2
berth 3 2 2

syz1 3 2 2
syz1 3 2 2
syz1 3 2 2
l_7_3_7_9 7 14 14
binomial_7_3_7_9 7 13 14
binomial_7_3_7_9 7 14 14
binomial_7_3_7_9 7 14 14
binomial_7_3_7_9 7 13 14
binomial_7_3_7_9 7 13 14
binomial_7_3_7_9 7 13 14
binomial_7_3_7_9 7 13 14
binomial_7_3_7_9 7 14 14
binomial_7_3_7_9 7 13 14
binomial_7_3_7_9 7 13 14
binomial_7_3_7_9 7 14 14
binomial_7_3_7_9 7 13 14
binomial_7_3_7_9 7 14 14
binomial_7_3_7_9 7 14 14
binomial_7_3_7_9 7 14 14
binomial_7_3_7_9 7 14 14
binomial_7_3_7_9 7 14 14
binomial_7_3_7_9 7 13 14
binomial_7_3_7_9 7 14 14
binomial_7_3_7_9 7 14 14
reimer5 5 7 36
reimer5 5 5 36
reimer5 5 6 36
reimer5 5 6 36
reimer5 5 6 36
reimer5 5 5 36
reimer5 5 5 36
reimer5 5 6 36
reimer5 5 6 36
reimer5 5 5 36
reimer5 5 7 36
reimer5 5 7 36
reimer5 5 6 36
reimer5 5 5 36
reimer5 5 7 36
reimer5 5 7 36
reimer5 5 5 36
reimer5 5 7 36
reimer5 5 5 36
reimer5 5 6 36
reimer5 5 5 36
reimer5 5 6 36
reimer5 5 5 36
reimer5 5 5 36
reimer5 5 6 36
reimer5 5 5 36
reimer5 5 5 36
reimer5 5 6 36
reimer5 5 6 36
reimer5 5 7 36
gerdt93 6 8 10
gerdt93 6 10 10
gerdt93 6 8 10
gerdt93 6 9 10
gerdt93 6 10 10
gerdt93 6 8 10
gerdt93 6 9 10
gerdt93 6 8 10
gerdt93 6 8 10
gerdt93 6 9 10
gerdt93 6 9 10
gerdt93 6 8 10
gerdt93 6 10 10
gerdt93 6 8 10
gerdt93 6 10 10
gerdt93 6 10 10
gerdt93 6 10 10
gerdt93 6 8 10
gerdt93 6 8 10
gerdt93 6 10 10
gerdt93 6 8 10
gerdt93 6 10 10
gerdt93 6 9 10
gerdt93 6 10 10
gerdt93 6 9 10
gerdt93 6 10 10
gerdt93 6 8 10
gerdt93 6 10 10
gerdt93 6 9 10
gerdt93 6 8 10
fe_segers 8 17 95
hfe_segers 8 20 95
hfe_segers 8 20 95
hfe_segers 8 20 95
hfe_segers 8 19 95
hfe_segers 8 18 95
hfe_segers 8 25 95
hfe_segers 8 22 95
hfe_segers 8 21 95
hfe_segers 8 22 95
hfe_segers 8 21 95
hfe_segers 8 22 95
hfe_segers 8 20 95
hfe_segers 8 20 95
hfe_segers 8 22 95
hfe_segers 8 23 95
hfe_segers 8 18 95
hfe_segers 8 20 95
hfe_segers 8 22 95
hfe_segers 8 20 95
hfe_segers 8 22 95
liu 6 13 16
liu 6 12 16
liu 6 11 16
liu 6 12 16
liu 6 12 16
liu 6 11 16
liu 6 12 16
liu 6 11 16
liu 6 10 16
liu 6 10 16
liu 6 12 16
liu 6 11 16
liu 6 11 16
liu 6 10 16
liu 6 12 16
liu 6 12 16
liu 6 11 16
liu 6 11 16
liu 6 11 16
liu 6 12 16
liu 6 13 16
liu 6 11 16
liu 6 10 16
liu 6 14 16
liu 6 10 16
liu 6 12 16
liu 6 10 16
liu 6 12 16
liu 6 12 16
liu 6 10 16
ahml 5 7 10
ahml 5 6 10
ahml 5 5 10
ahml 5 6 10
ahml 5 6 10
ahml 5 5 10
ahml 5 6 10
ahml 5 6 10
ahml 5 6 10
ahml 5 6 10
ahml 5 7 10
ahml 5 6 10
ahml 5 6 10
ahml 5 6 10
ahml 5 5 10
ahml 5 6 10
ahml 5 7 10
ahml 5 6 10
ahml 5 6 10
ahml 5 7 10
ahml 5 7 10
ahml 5 6 10
ahml 5 5 10
ahml 5 6 10
ahml 5 5 10
ahml 5 5 10
ahml 5 6 10
ahml 5 6 10
ahml 5 5 10
ahml 5 6 10
ducos7_5 7 15 180
ducos7_5 7 14 180
ducos7_5 7 18 180
ducos7_5 7 15 180
ducos7_5 7 18 180
ducos7_5 7 16 180
ducos7_5 7 18 180
ducos7_5 7 15 180
ducos7_5 7 19 180
ducos7_5 7 16 180
ducos7_5 7 15 180
ducos7_5 7 18 180
ducos7_5 7 19 180
ducos7_5 7 19 180
ducos7_5 7 18 180
ducos7_5 7 14 180
ducos7_5 7 15 180
ducos7_5 7 16 180
ducos7_5 7 17 180
ducos7_5 7 16 180
ducos7_5 7 14 180
ducos7_5 7 15 180
ducos7_5 7 14 180
ducos7_5 7 17 180
ducos7_5 7 18 180
ducos7_5 7 16 180
ducos7_5 7 14 180
ducos7_5 7 17 180
ducos7_5 7 17 180
ducos7_5 7 17 180
4 7
katsuran3 4 4 7
katsuran3 4 4 7
katsuran3 4 4 7
katsuran3 4 4 7
katsuran3 4 4 7
katsuran3 4 4 7
katsuran3 4 4 7
katsuran3 4 4 7
katsuran3 4 4 7
katsuran3 4 4 7
cohn3 4 7 14
cohn3 4 7 14
cohn3 4 7 14
cohn3 4 5 14
cohn3 4 5 14
cohn3 4 6 14
cohn3 4 7 14
cohn3 4 5 14
cohn3 4 5 14
cohn3 4 8 14
cohn3 4 6 14
cohn3 4 5 14
cohn3 4 5 14
cohn3 4 6 14
cohn3 4 6 14
cohn3 4 8 14
cohn3 4 8 14
cohn3 4 7 14
cohn3 4 5 14
cohn3 4 7 14
cohn3 4 5 14
cohn3 4 8 14
cohn3 4 8 14
cohn3 4 6 14
cohn3 4 7 14
cohn3 4 5 14
cohn3 4 5 14
cohn3 4 7 14
cohn3 4 6 14
cohn3 4 7 14
fatemanh 5 3 16
fatemanh 5 3 16
fatemanh 5 3 16
fatemanh 5 3 16
fatemanh 5 3 16
fatemanh 5 3 16
fatemanh 5 3 16
fatemanh 5 3 16
fatemanh 5 3 16
fatemanh 5 3 16
fatemanh 5 3 16
fatemanh 5 3 16
fatemanh 5 3 16
fatemanh 5 3 16
fatemanh 5 3 16
fatemanh 5 3 16
fatemanh 5 3 16
fatemanh 5 3 16
fatemanh 5 3 16
fatemanh 5 3 16
fatemanh 5 3 16
fatemanh 5 3 16
fatemanh 5 3 16
fatemanh 5 3 16
fatemanh 5 3 16
fatemanh 5 3 16
fatemanh 5 3 16
fatemanh 5 3 16
fatemanh 5 3 16
fatemanh 5 3 16
r6_2_2_h 6 8 69
r6_2_2_h 6 6 69
r6_2_2_h 6 6 69
r6_2_2_h 6 8 69
r6_2_2_h 6 6 69
r6_2_2_h 6 8 69
r6_2_2_h 6 9 69
r6_2_2_h 6 6 69
r6_2_2_h 6 8 69
r6_2_2_h 6 8 69
r6_2_2_h 6 8 69
r6_2_2_h 6 13 69
r6_2_2_h 6 6 69
r6_2_2_h 6 8 69
r6_2_2_h 6 6 69
r6_2_2_h 6 6 69
r6_2_2_h 6 6 69
r6_2_2_h 6 6 69
r6_2_2_h 6 8 69
r6_2_2_h 6 9 69
r6_2_2_h 6 6 69
r6_2_2_h 6 8 69
r6_2_2_h 6 6 69
r6_2_2_h 6 6 69
r6_2_2_h 6 6 69
r6_2_2_h 6 8 69
r6_2_2_h 6 8 69
r6_2_2_h 6 6 69
r6_2_2_h 6 8 69
r6_2_2_h 6 8 69
noon8 8 14 56
noon8 8 14 56
noon8 8 14 56
noon8 8 14 56
noon8 8 14 56
noon8 8 14 56
noon8 8 14 56
noon8 8 14 56
noon8 8 14 56
noon8 8 14 56
noon8 8 14 56
noon8 8 14 56
noon8 8 14 56
noon8 8 14 56
noon8 8 14 56
noon8 8 14 56
noon8 8 14 56
noon8 8 14 56
noon8 8 14 56
noon8 8 14 56
noon8 8 14 56
noon8 8 14 56
noon8 8 14 56
noon8 8 14 56
noon8 8 14 56
noon8 8 14 56
noon8 8 14 56
noon8 8 14 56
noon8 8 14 56
noon8 8 14 56
reimer7h 8 12 174
reimer7h 8 8 174
reimer7h 8 7 174
reimer7h 8 15 174
reimer7h 8 7 174
reimer7h 8 9 174
reimer7h 8 7 174
reimer7h 8 7 174
reimer7h 8 15 174
reimer7h 8 7 174
reimer7h 8 7 174
reimer7h 8 7 174
reimer7h 8 8 174
reimer7h 8 10 174
reimer7h 8 10 174
reimer7h 8 8 174
reimer7h 8 8 174
reimer7h 8 7 174
reimer7h 8 7 174
reimer7h 8 9 174
reimer7h 8 7 174
reimer7h 8 7 174
reimer7h 8 8 174
reimer7h 8 7 174
reimer7h 8 12 174
reimer7h 8 7 174
reimer7h 8 7 174
reimer7h 8 11 174
reimer7h 8 7 174
reimer7h 8 7 174
_2 8 8 139
r8_2_2 8 8 139
r8_2_2 8 8 139
r8_2_2 8 8 139
r8_2_2 8 10 139
reimer6h 7 6 111
reimer6h 7 6 111
reimer6h 7 8 111
reimer6h 7 6 111
reimer6h 7 6 111
reimer6h 7 8 111
reimer6h 7 8 111
reimer6h 7 6 111
reimer6h 7 6 111
reimer6h 7 10 111
reimer6h 7 6 111
reimer6h 7 7 111
reimer6h 7 6 111
reimer6h 7 7 111
reimer6h 7 8 111
reimer6h 7 7 111
reimer6h 7 8 111
reimer6h 7 7 111
reimer6h 7 7 111
reimer6h 7 7 111
reimer6h 7 6 111
reimer6h 7 7 111
reimer6h 7 7 111
reimer6h 7 9 111
reimer6h 7 9 111
reimer6h 7 8 111
reimer6h 7 9 111
reimer6h 7 8 111
reimer6h 7 8 111
reimer6h 7 7 111
ducos7_3 7 16 206
ducos7_3 7 16 206
ducos7_3 7 14 206
ducos7_3 7 18 206
ducos7_3 7 16 206
ducos7_3 7 18 206
ducos7_3 7 13 206
ducos7_3 7 15 206
ducos7_3 7 15 206
ducos7_3 7 16 206
ducos7_3 7 14 206
ducos7_3 7 15 206
ducos7_3 7 15 206
ducos7_3 7 17 206
ducos7_3 7 13 206
ducos7_3 7 15 206
ducos7_3 7 13 206
ducos7_3 7 18 206
ducos7_3 7 19 206
ducos7_3 7 18 206
ducos7_3 7 16 206
ducos7_3 7 18 206
ducos7_3 7 15 206
ducos7_3 7 20 206
ducos7_3 7 14 206
ducos7_3 7 18 206
ducos7_3 7 16 206
ducos7_3 7 20 206
ducos7_3 7 14 206
ducos7_3 7 16 206
solotarev 4 7 7
solotarev 4 7 7
solotarev 4 7 7
solotarev 4 7 7
solotarev 4 7 7
solotarev 4 7 7
solotarev 4 7 7
solotarev 4 7 7
solotarev 4 7 7
solotarev 4 7 7
solotarev 4 7 7
solotarev 4 7 7
solotarev 4 7 7
solotarev 4 7 7
solotarev 4 7 7
solotarev 4 7 7
solotarev 4 7 7
solotarev 4 7 7
solotarev 4 7 7
solotarev 4 7 7
solotarev 4 7 7
solotarev 4 7 7
solotarev 4 7 7
solotarev 4 7 7
solotarev 4 7 7
solotarev 4 7 7
solotarev 4 7 7
solotarev 4 7 7
solotarev 4 7 7
solotarev 4 7 7
czapor87_2h 5 10 31
czapor87_2h 5 5 31
czapor87_2h 5 6 31
czapor87_2h 5 4 31
czapor87_2h 5 4 31
czapor87_2h 5 4 31
czapor87_2h 5 5 31
czapor87_2h 5 4 31
czapor87_2h 5 4 31
czapor87_2h 5 4 31
czapor87_2h 5 6 31
czapor87_2h 5 6 31
czapor87_2h 5 4 31
czapor87_2h 5 5 31
czapor87_2h 5 4 31
czapor87_2h 5 4 31
czapor87_2h 5 10 31
czapor87_2h 5 4 31
czapor87_2h 5 4 31
czapor87_2h 5 10 31
czapor87_2h 5 5 31
czapor87_2h 5 4 31
czapor87_2h 5 4 31
czapor87_2h 5 5 31
czapor87_2h 5 4 31
czapor87_2h 5 5 31
czapor87_2h 5 10 31
czapor87_2h 5 4 31
czapor87_2h 5 4 31
czapor87_2h 5 4 31
reimer6 6 7 72
reimer6 6 6 72
reimer6 6 7 72
reimer6 6 6 72
reimer6 6 7 72
reimer6 6 6 72
reimer6 6 9 72
reimer6 6 7 72
reimer6 6 8 72
reimer6 6 6 72
reimer6 6 7 72
reimer6 6 8 72
reimer6 6 7 72
reimer6 6 9 72
reimer6 6 6 72
reimer6 6 6 72
reimer6 6 7 72
reimer6 6 6 72
reimer6 6 8 72
reimer6 6 7 72
reimer6 6 7 72
reimer6 6 7 72
reimer6 6 9 72
reimer6 6 10 72
reimer6 6 6 72
reimer6 6 6 72
reimer6 6 6 72
reimer6 6 6 72
reimer6 6 8 72
reimer6 6 7 72
 9 66
katsuranh6 8 7 66
katsuranh6 8 10 66
katsuranh6 8 9 66
katsuranh6 8 11 66
cyclicnh4 5 9 15
cyclicnh4 5 7 15
cyclicnh4 5 6 15
cyclicnh4 5 7 15
cyclicnh4 5 6 15
cyclicnh4 5 6 15
cyclicnh4 5 6 15
cyclicnh4 5 6 15
cyclicnh4 5 6 15
cyclicnh4 5 7 15
cyclicnh4 5 7 15
cyclicnh4 5 6 15
cyclicnh4 5 6 15
cyclicnh4 5 6 15
cyclicnh4 5 6 15
cyclicnh4 5 6 15
cyclicnh4 5 8 15
cyclicnh4 5 6 15
cyclicnh4 5 7 15
cyclicnh4 5 6 15
cyclicnh4 5 6 15
cyclicnh4 5 6 15
cyclicnh4 5 7 15
cyclicnh4 5 6 15
cyclicnh4 5 6 15
cyclicnh4 5 6 15
cyclicnh4 5 6 15
cyclicnh4 5 6 15
cyclicnh4 5 6 15
cyclicnh4 5 6 15
cyclicn7 7 8 159
cyclicn7 7 9 159
cyclicn7 7 12 159
cyclicn7 7 10 159
cyclicn7 7 11 159
cyclicn7 7 9 159
cyclicn7 7 10 159
cyclicn7 7 8 159
cyclicn7 7 8 159
cyclicn7 7 11 159
cyclicn7 7 8 159
cyclicn7 7 13 159
cyclicn7 7 8 159
cyclicn7 7 14 159
cyclicn7 7 11 159
cyclicn7 7 9 159
cyclicn7 7 9 159
cyclicn7 7 11 159
cyclicn7 7 11 159
cyclicn7 7 12 159
cyclicn7 7 9 159
cyclicn7 7 10 159
cyclicn7 7 9 159
cyclicn7 7 11 159
cyclicn7 7 10 159
cyclicn7 7 10 159
cyclicn7 7 10 159
cyclicn7 7 10 159
cyclicn7 7 13 159
cyclicn7 7 14 159
econ6 6 14 25
econ6 6 11 25
econ6 6 12 25
econ6 6 13 25
econ6 6 11 25
econ6 6 11 25
econ6 6 11 25
econ6 6 11 25
econ6 6 12 25
econ6 6 12 25
econ6 6 11 25
econ6 6 10 25
econ6 6 12 25
econ6 6 11 25
econ6 6 11 25
econ6 6 11 25
econ6 6 12 25
econ6 6 12 25
econ6 6 11 25
econ6 6 10 25
econ6 6 11 25
econ6 6 13 25
econ6 6 14 25
econ6 6 11 25
econ6 6 11 25
econ6 6 13 25
econ6 6 13 25
econ6 6 12 25
econ6 6 10 25
econ6 6 14 25
econh5 6 10 23
econh5 6 14 23
econh5 6 7 23
econh5 6 10 23
econh5 6 7 23
econh5 6 10 23
econh5 6 9 23
econh5 6 7 23
econh5 6 10 23
econh5 6 10 23
econh5 6 11 23
econh5 6 14 23
econh5 6 7 23
econh5 6 14 23
econh5 6 12 23
econh5 6 10 23
econh5 6 7 23
econh5 6 10 23
econh5 6 7 23
econh5 6 11 23
econh5 6 10 23
econh5 6 7 23
econh5 6 7 23
econh5 6 7 23
econh5 6 12 23
econh5 6 10 23
econh5 6 10 23
econh5 6 12 23
econh5 6 11 23
econh5 6 8 23
