ahmlh 117.117897034 31.7376556396 127 45398 18 473
ahml 213.303268433 4.99691486359 51 14767 16 539
assur44 144.958953857 16.704372406 38 2058 15 743
aubry2 inf inf inf inf inf inf
berthh 5.32563877106 3.74726891518 8 7200 35 10
berth 0.377075195312 0.176954030991 3 111 26 12
binomial_4_2_4_1 0.402796983719 0.232674121857 4 8 2 6
binomial_5_3_4_4 0.401178836823 0.253415107727 4 8 3 5
binomial_5_3_4_6 0.490448951721 0.339641094208 4 8 3 5
binomial_5_3_5_3 0.835987091064 0.672402620316 5 10 3 9
binomial_5_3_5_5 0.687953948975 0.524056911469 5 10 3 7
binomial_6_2_6_7 1.55536293983 1.39005994797 6 12 2 10
binomial_6_3_6_6 1.56580090523 1.40689325333 6 12 3 11
binomial_7_3_7_9 3.24209594727 3.0512816906 12 24 4 37
binomial_7_4_7_8 2.97856998444 2.74804067612 14 28 8 45
binomial_8_3_8_16 3.75974702835 3.56012225151 9 18 5 32
binomial_8_4_8_9 7.73184585571 7.48890399933 14 28 7 47
buchberger87 0.334047079086 0.190245866776 5 10 5 9
butcher8 inf inf inf inf inf inf
cohn3 139.273406982 4.03080654144 51 9898 16 509
cyclicn2 0.190820932388 0.0532310009003 2 4 2 2
cyclicn3 0.255750894547 0.114437818527 3 8 3 3
cyclicn4 0.456165790558 0.305777311325 5 21 5 8
cyclicn5 2.56225800514 1.91978240013 13 127 15 87
cyclicn6 20.6164665222 8.67689323425 21 371 42 415
cyclicn7 inf inf inf inf inf inf
cyclicn8 inf inf inf inf inf inf
cyclicnh2 0.242526054382 0.084303855896 2 4 2 2
cyclicnh3 0.288819074631 0.153398036957 3 8 3 3
cyclicnh4 0.549612998962 0.381335735321 4 17 4 7
cyclicnh5 1.93974804878 1.68867707253 17 269 10 37
cyclicnh6 34.8868103027 33.6539878845 29 1404 9 81
cyclicnh7 804.878173828 686.081604004 184 52259 20 790
czapor87_1h 1.76532506943 1.14588236809 27 521 8 88
czapor87_2h 1.30563116074 1.03754925728 13 200 5 34
dessin1 24.2251205444 21.6654224396 20 851 9 116
dl inf inf inf inf inf inf
ducos7_3 inf inf inf inf inf inf
ducos7_5 inf inf inf inf inf inf
econ2 0.189837932587 0.0424888134003 2 4 1 2
econ3 0.234946966171 0.102384328842 3 9 2 3
econ4 0.450881958008 0.291726827621 4 20 4 9
econ5 1.3567109108 1.18433070183 6 48 6 16
econ6 4.00348901749 3.31199121475 7 119 13 69
econ7 27.7264728546 21.9464530945 13 429 24 195
econ8 101.90700531 41.0060081482 9 585 53 380
econh2 0.224528074265 0.0787308216095 2 4 2 2
econh3 0.3978099823 0.246267795563 4 17 4 5
econh4 0.947242021561 0.782279014587 6 61 5 9
econh5 2.43296504021 2.18962788582 13 107 6 34
econh6 9.92412948608 8.90365886688 29 1572 7 98
econh7 80.6102600098 74.9481735229 47 7917 8 204
extcyc5h 16.1288890839 13.7116374969 43 3371 16 134
extcyc5 124.402908325 10.0993499756 36 2180 45 1054
extcyc6h inf inf inf inf inf inf
extcyc6 inf inf inf inf inf inf
fatemanh 3.43800806999 1.35221123695 59 3211 28 159
fateman 2.80005097389 1.46788573265 40 2214 15 100
fmtmdeh 0.318093061447 0.162885427475 5 10 13 12
fmtm_non_hom 0.213385105133 0.0763869285583 2 4 4 2
fmtm 0.332988023758 0.177280187607 6 12 6 11
gerdt93 0.866189002991 0.705049276352 3 17 3 3
hemmecke 0.855722904205 0.708564758301 3 34 15 3
hfe_segers inf inf inf inf inf inf
ilias12 inf inf inf inf inf inf
ilias13h inf inf inf inf inf inf
ilias13 inf inf inf inf inf inf
ilias_k_2 205.802139282 10.0280056 42 5386 17 640
issac97 1.22230195999 0.778060913086 5 85 14 45
jason210 0.487267017365 0.341971635818 7 12 23 16
joswig101-trimmed inf inf inf inf inf inf
katsuran2 0.202345132828 0.0586500167847 2 6 2 2
katsuran3 0.309810161591 0.149956226349 4 19 3 5
katsuran4 0.544981956482 0.375490427017 7 52 4 12
katsuran5 1.65911984444 1.14732265472 13 180 5 65
katsuran6 4.49929428101 3.79223465919 21 527 6 69
katsuran7 15.2795276642 11.5986404419 44 2244 7 186
katsuranh2 0.220043182373 0.0852029323578 2 5 2 2
katsuranh3 0.361484050751 0.225100040436 3 9 2 3
katsuranh4 0.87171792984 0.689736127853 8 47 4 15
katsuranh5 2.57409501076 2.19278454781 20 217 10 61
katsuranh6 11.2899951935 10.2682523727 30 762 9 111
lichtblau 0.255955934525 0.104994297028 2 23 11 2
liu 2.69374418259 2.44142222404 12 108 5 32
mckay inf inf inf inf inf inf
noon7 inf inf inf inf inf inf
noon8 inf inf inf inf inf inf
nya inf inf inf inf inf inf
r5_2_2_h 2.29252290726 1.80046653748 25 192 6 80
r5_2_2 2.21391987801 1.73934459686 25 192 6 80
r5_2_4_h 2.26821994781 1.55977582932 35 453 9 123
r5_2_4 inf inf inf inf inf inf
r5_2_6_h 84.5936813354 13.8300533295 234 22711 19 872
r5_2_6 inf inf inf inf inf inf
r6_2_2_h 5.95899963379 3.80040597916 49 769 7 209
r6_2_2 7.39454889297 4.7842092514 49 769 7 209
r6_2_4_h 90.169303894 50.6704864502 160 9550 13 731
r6_2_4 inf inf inf inf inf inf
r6_2_6_h inf inf inf inf inf inf
r7_2_2_h 28.3957386017 19.828742981 76 1821 8 385
r7_2_2 27.6671485901 19.1999435425 76 1821 8 385
r7_2_4_h inf inf inf inf inf inf
r7_2_6_h inf inf inf inf inf inf
r8_2_2_h 150.829299927 100.552139282 133 5508 9 815
r8_2_2 150.929611206 101.433677673 133 5508 9 815
r8_2_4_h inf inf inf inf inf inf
redcyc6h 81.9356613159 36.221446991 59 19185 35 196
redcyc6 16.1690807343 4.93738460541 19 336 48 354
redcyc7h inf inf inf inf inf inf
redcyc7 1619.97802734 210.938827515 57 6422 203 2116
reimer5h 130.162109375 5.87689399719 215 46019 18 939
reimer5 57.6348381042 3.07819223404 5 224 25 323
reimer6h inf inf inf inf inf inf
reimer6 inf inf inf inf inf inf
reimer7h inf inf inf inf inf inf
reimer7 inf inf inf inf inf inf
roseh 0.984442949295 0.798211097717 7 163 18 10
rose 1.91404485703 0.755318880081 8 247 46 90
rpblh inf inf inf inf inf inf
rpbl 49.6265983582 13.7746229172 75 3872 15 474
safey inf inf inf inf inf inf
schieleh 0.323601007462 0.170019865036 2 7 2 2
schiele 0.229376792908 0.0840079784393 2 6 2 2
schrans_troost 647.506164551 458.373565674 82 10024 22 914
sendrah 0.295094966888 0.149173974991 2 26 7 2
sendra 0.389444112778 0.185321569443 5 235 18 16
solotarevh 0.857954978943 0.675035953522 8 43 5 18
solotarev 0.327879905701 0.176558494568 5 24 4 8
sparsesym5h 3.57618808746 2.0794980526 75 384 35 349
sparsesym5 0.778072118759 0.62189912796 5 12 10 5
sym33 0.709769010544 0.53013420105 8 33 10 17
syz1 0.197714090347 0.0505261421204 2 4 2 2
trinks 7.23434495926 6.75440692902 22 340 7 60
uteshev_bikker 1.66029715538 1.21330785751 19 586 7 50
vermeer 1.15194892883 0.923774719238 13 173 7 40
virasoro 642.77923584 444.385223389 82 10024 22 914
wang16h 1.8291490078 1.02818107605 32 1015 10 96
wang16 1.01000905037 0.619321346283 16 346 6 58
weispfenning94 0.777354001999 0.600391864777 6 93 9 12
wu90h 4.70827674866 3.48292160034 36 578 10 143
wu90 1.79525899887 1.53658246994 6 102 15 26
