ahmlh inf inf inf inf inf inf
ahml inf inf inf inf inf inf
assur44 inf inf inf inf inf inf
aubry2 707.069396973 149.820114136 79 7215 6 1013
berthh inf inf inf inf inf inf
berth 0.913532018661 0.737565517426 3 111 26 23
binomial_4_2_4_1 0.470734119415 0.364969015121 6 12 3 17
binomial_5_3_4_4 0.490963935852 0.387152910233 5 10 4 12
binomial_5_3_4_6 0.726699829102 0.615111112595 5 10 5 18
binomial_5_3_5_3 0.603460788727 0.494098186493 6 12 5 14
binomial_5_3_5_5 0.471121072769 0.371321678162 5 10 3 7
binomial_6_2_6_7 0.999819993973 0.856341123581 7 14 3 29
binomial_6_3_6_6 0.932359933853 0.799628734589 7 14 5 20
binomial_7_3_7_9 1.6563680172 1.48472213745 8 16 4 56
binomial_7_4_7_8 7.90709686279 4.98272609711 9 18 7 1290
binomial_8_3_8_16 2.16715216637 1.96151804924 8 16 3 90
binomial_8_4_8_9 2.31430888176 2.07948446274 9 18 7 130
buchberger87 0.469866037369 0.374260187149 4 8 4 6
butcher8 284.409423828 21.9089813232 44 1300 4 3570
cohn3 inf inf inf inf inf inf
cyclicn2 0.161813020706 0.0663990974426 2 4 2 2
cyclicn3 0.226714134216 0.136176109314 3 8 3 3
cyclicn4 0.464882135391 0.361749887466 5 21 5 11
cyclicn5 3.16316604614 2.5680346489 20 232 8 113
cyclicn6 18.2810401917 10.2610187531 45 1135 9 354
cyclicn7 994.366516113 236.823257446 209 27185 12 2099
cyclicn8 inf inf inf inf inf inf
cyclicnh2 0.191229104996 0.0965957641602 2 4 2 2
cyclicnh3 0.255109071732 0.168213844299 3 8 3 3
cyclicnh4 0.524779081345 0.417229175568 4 17 4 9
cyclicnh5 1.2357070446 1.0747718811 12 171 7 22
cyclicnh6 5.0432138443 4.08438110352 34 1540 9 95
cyclicnh7 74.1407928467 29.8276882172 121 28595 12 449
czapor87_1h 8.34460735321 3.78583884239 14 184 5 691
czapor87_2h 0.976103067398 0.80785369873 12 180 5 30
dessin1 5.66174888611 3.80211567879 32 1076 6 143
dl inf inf inf inf inf inf
ducos7_3 1464.96630859 390.278381348 80 8634 6 1270
ducos7_5 inf inf inf inf inf inf
econ2 0.165471792221 0.0685369968414 2 4 1 2
econ3 0.217190980911 0.122619152069 3 9 2 3
econ4 0.449068069458 0.339976072311 5 22 3 14
econ5 1.21695709229 0.976791858673 9 60 3 81
econ6 1.91124796867 1.60833835602 18 232 4 61
econ7 12.7519645691 6.54030895233 27 691 6 724
econ8 19.3306598663 10.3837661743 59 2704 5 342
econh2 0.187292814255 0.0959737300873 2 4 2 2
econh3 0.302245855331 0.20688700676 4 11 4 5
econh4 0.956310987473 0.791892528534 8 35 5 72
econh5 9.95814609528 4.68155384064 15 100 6 1058
econh6 inf inf inf inf inf inf
econh7 inf inf inf inf inf inf
extcyc5h 7.11694526672 5.17303752899 41 3069 12 116
extcyc5 55.133480072 23.4224700928 102 6728 10 663
extcyc6h 259.293060303 81.0184936523 200 65044 20 826
extcyc6 inf inf inf inf inf inf
fatemanh 2.56155991554 2.11751413345 27 1009 14 63
fateman 7.81504631042 3.4182202816 16 755 10 430
fmtmdeh 0.545825958252 0.431828737259 8 16 7 22
fmtm_non_hom 0.236754894257 0.142236948013 2 4 3 4
fmtm 0.782122850418 0.651402950287 9 18 8 48
gerdt93 0.79527592659 0.671912193298 7 100 5 14
hemmecke 0.397699832916 0.292943716049 3 16 15 3
hfe_segers inf inf inf inf inf inf
ilias12 inf inf inf inf inf inf
ilias13h inf inf inf inf inf inf
ilias13 inf inf inf inf inf inf
ilias_k_2 1080.44140625 190.653579712 76 9977 8 11347
issac97 0.785651922226 0.623034477234 12 180 5 30
jason210 inf inf inf inf inf inf
joswig101-trimmed inf inf inf inf inf inf
katsuran2 0.18827009201 0.0940611362457 2 5 2 2
katsuran3 0.314291954041 0.214973211288 4 16 3 5
katsuran4 0.561097145081 0.452980995178 7 49 4 12
katsuran5 1.22217988968 1.03733420372 13 168 5 31
katsuran6 2.60607886314 2.0946085453 22 528 6 70
katsuran7 7.99431800842 5.12993144989 41 1923 7 169
katsuranh2 0.229269981384 0.136450052261 2 5 2 2
katsuranh3 0.37553191185 0.273606300354 4 16 3 5
katsuranh4 0.661995887756 0.553603410721 7 49 4 12
katsuranh5 1.45616602898 1.28313970566 13 168 5 31
katsuranh6 3.01608705521 2.48924994469 22 528 6 70
lichtblau 0.261359930038 0.155596971512 3 48 10 4
liu 1.05858898163 0.919935941696 7 46 4 34
mckay 565.09942627 132.323242188 25 1576 15 1423
noon7 inf inf inf inf inf inf
noon8 inf inf inf inf inf inf
nya inf inf inf inf inf inf
r5_2_2_h 1.68898296356 1.41759324074 21 160 6 68
r5_2_2 1.62553310394 1.35343766212 21 160 6 68
r5_2_4_h 3.17189717293 2.50766348839 35 453 9 122
r5_2_4 409.041320801 67.1490707397 206 171210 16 757
r5_2_6_h 109.439117432 36.6877670288 225 21205 19 845
r5_2_6 inf inf inf inf inf inf
r6_2_2_h 16.0793018341 4.61272192001 40 519 7 1029
r6_2_2 7.38364505768 4.5038394928 39 498 7 340
r6_2_4_h 92.8424224854 26.6311397552 152 8724 13 1248
r6_2_4 inf inf inf inf inf inf
r6_2_6_h inf inf inf inf inf inf
r7_2_2_h 13.453660965 7.96082305908 67 1487 8 339
r7_2_2 13.6346693039 8.14340019226 67 1487 8 339
r7_2_4_h 240.079986572 68.4431533813 249 23533 14 1379
r7_2_6_h inf inf inf inf inf inf
r8_2_2_h inf inf inf inf inf inf
r8_2_2 inf inf inf inf inf inf
r8_2_4_h inf inf inf inf inf inf
redcyc6h 27.6774902344 17.3040771484 106 3994 22 400
redcyc6 17.1898384094 10.5197639465 21 493 6 272
redcyc7h 1126.35595703 340.536499023 442 86579 27 2118
redcyc7 690.424987793 195.657943726 78 9763 7 1428
reimer5h inf inf inf inf inf inf
reimer5 inf inf inf inf inf inf
reimer6h inf inf inf inf inf inf
reimer6 inf inf inf inf inf inf
reimer7h inf inf inf inf inf inf
reimer7 inf inf inf inf inf inf
roseh 116.456703186 14.6265239716 21 636 16 13338
rose 514.310058594 18.4625930786 17 477 15 9147
rpblh 329.845397949 85.5294799805 258 20114 17 2300
rpbl inf inf inf inf inf inf
safey inf inf inf inf inf inf
schieleh 0.24448299408 0.151724100113 2 6 2 2
schiele 0.21123290062 0.122802019119 2 6 2 2
schrans_troost inf inf inf inf inf inf
sendrah 0.846979856491 0.648050785065 6 217 14 36
sendra 0.568650960922 0.389680624008 6 186 11 27
solotarevh 0.51572394371 0.408776044846 6 23 5 11
solotarev 0.758024930954 0.609067440033 9 43 2 40
sparsesym5h 1.54096388817 1.38632774353 6 16 18 47
sparsesym5 0.421643018723 0.322069644928 5 12 10 5
sym33 1.53998279572 1.13911008835 10 47 10 142
syz1 0.194775104523 0.0965850353241 2 4 2 2
trinks 1.15731096268 1.02543020248 9 69 4 22
uteshev_bikker 60.4487419128 5.79020023346 18 551 7 5260
vermeer 9.03972434998 4.70675182343 7 51 5 783
virasoro inf inf inf inf inf inf
wang16h inf inf inf inf inf inf
wang16 inf inf inf inf inf inf
weispfenning94 5.41646194458 2.75596475601 7 132 10 812
wu90h inf inf inf inf inf inf
wu90 13.1781101227 4.58019065857 10 121 5 1173
