ahmlh inf inf inf inf inf inf
ahml inf inf inf inf inf inf
assur44 inf inf inf inf inf inf
aubry2 inf inf inf inf inf inf
berthh 384.960449219 374.231628418 128 12895 48 299
berth inf inf inf inf inf inf
binomial_4_2_4_1 0.202028989792 0.0942046642303 6 12 3 12
binomial_5_3_4_4 0.285441875458 0.166180372238 11 22 8 26
binomial_5_3_4_6 0.260195970535 0.144848108292 9 18 7 18
binomial_5_3_5_3 0.207830905914 0.0987439155579 6 12 5 13
binomial_5_3_5_5 0.3956990242 0.248375892639 17 34 9 44
binomial_6_2_6_7 0.236659049988 0.119691133499 7 14 3 14
binomial_6_3_6_6 0.250967025757 0.12592792511 7 14 5 18
binomial_7_3_7_9 0.36835193634 0.216625928879 10 20 5 28
binomial_7_4_7_8 0.306663990021 0.171276092529 9 18 7 27
binomial_8_3_8_16 0.413441181183 0.257460832596 14 28 4 47
binomial_8_4_8_9 0.507915019989 0.333784341812 17 34 7 57
buchberger87 0.200799942017 0.095440864563 5 10 5 9
butcher8 inf inf inf inf inf inf
cohn3 inf inf inf inf inf inf
cyclicn2 0.134468078613 0.0387980937958 2 4 2 2
cyclicn3 0.159943819046 0.0621109008789 3 8 3 3
cyclicn4 0.232866048813 0.125500917435 5 21 5 8
cyclicn5 44.0568389893 37.7905426025 10 87 15 241
cyclicn6 inf inf inf inf inf inf
cyclicn7 inf inf inf inf inf inf
cyclicn8 inf inf inf inf inf inf
cyclicnh2 0.150769948959 0.0504488945007 2 4 2 2
cyclicnh3 0.160617828369 0.065468788147 3 8 3 3
cyclicnh4 0.213588953018 0.110921859741 4 17 4 5
cyclicnh5 2.34800481796 2.12435173988 18 268 10 40
cyclicnh6 29.6158390045 28.2827682495 41 1924 11 123
cyclicnh7 inf inf inf inf inf inf
czapor87_1h 1.07781100273 0.90749835968 12 156 5 30
czapor87_2h 1.38004803658 1.20479774475 12 180 5 30
dessin1 447.178955078 404.035247803 8 331 46 416
dl inf inf inf inf inf inf
ducos7_3 inf inf inf inf inf inf
ducos7_5 inf inf inf inf inf inf
econ2 0.135397911072 0.0364809036255 2 4 1 2
econ3 0.150938034058 0.0564358234406 3 9 2 3
econ4 0.327584981918 0.213037729263 4 20 4 13
econ5 1.32497000694 1.14432954788 5 45 8 34
econ6 26.6819725037 24.2583332062 6 102 16 137
econ7 28.8451843262 27.2424354553 15 437 9 128
econ8 1359.63476562 1305.25842285 25 1500 15 534
econh2 0.152302980423 0.0495600700378 2 4 2 2
econh3 0.184001922607 0.0817821025848 4 11 4 5
econh4 0.297080993652 0.18589091301 7 29 6 13
econh5 0.926118135452 0.742667198181 14 106 7 35
econh6 3.99749302864 3.42531657219 25 373 6 88
econh7 40.7164077759 37.072177887 56 1697 9 247
extcyc5h 74.693901062 72.738861084 42 3155 12 118
extcyc5 inf inf inf inf inf inf
extcyc6h inf inf inf inf inf inf
extcyc6 inf inf inf inf inf inf
fatemanh 60.6369514465 58.5881118774 61 2796 28 165
fateman 7.43889904022 7.04103899002 26 966 14 60
fmtmdeh 0.225301027298 0.123615980148 5 10 13 14
fmtm_non_hom 0.131902933121 0.0439579486847 2 4 4 2
fmtm 0.197775125504 0.0938212871552 6 12 6 11
gerdt93 0.453758001328 0.33845281601 7 63 5 13
hemmecke 0.228212118149 0.127219676971 3 16 15 3
hfe_segers 9.58884048462 6.54720115662 45 222 4 295
ilias12 inf inf inf inf inf inf
ilias13h inf inf inf inf inf inf
ilias13 inf inf inf inf inf inf
ilias_k_2 inf inf inf inf inf inf
issac97 7.40356731415 6.78859233856 4 68 16 77
jason210 inf inf inf inf inf inf
joswig101-trimmed inf inf inf inf inf inf
katsuran2 0.143681049347 0.045547246933 2 5 2 2
katsuran3 0.192121982574 0.0919439792633 4 16 3 5
katsuran4 0.383684158325 0.265644073486 7 49 4 12
katsuran5 1.1685218811 0.974949121475 13 169 5 31
katsuran6 5.80844211578 5.15610980988 25 617 6 80
katsuran7 inf inf inf inf inf inf
katsuranh2 0.151864051819 0.0529329776764 2 5 2 2
katsuranh3 0.202950000763 0.102150917053 4 16 3 5
katsuranh4 0.624937057495 0.482208251953 10 74 6 21
katsuranh5 4.39949607849 3.81262755394 29 424 15 95
katsuranh6 45.0938453674 38.2793083191 76 2252 32 336
lichtblau 0.21950507164 0.123461961746 2 23 11 2
liu 2.79400897026 2.48869800568 20 272 12 62
mckay inf inf inf inf inf inf
noon7 inf inf inf inf inf inf
noon8 inf inf inf inf inf inf
nya inf inf inf inf inf inf
r5_2_2_h 1.63150191307 1.29820799828 22 171 6 71
r5_2_2 1.61060404778 1.29479980469 22 171 6 71
r5_2_4_h 4.02643299103 3.38514447212 35 453 9 122
r5_2_4 inf inf inf inf inf inf
r5_2_6_h 769.18182373 695.166564941 234 22710 19 872
r5_2_6 inf inf inf inf inf inf
r6_2_2_h 6.8158788681 5.51052474976 40 514 7 166
r6_2_2 6.70889854431 5.49683904648 40 514 7 166
r6_2_4_h inf inf inf inf inf inf
r6_2_4 inf inf inf inf inf inf
r6_2_6_h inf inf inf inf inf inf
r7_2_2_h 35.6389198303 28.819644928 71 1631 8 359
r7_2_2 35.2518424988 28.7325839996 71 1631 8 359
r7_2_4_h inf inf inf inf inf inf
r7_2_6_h inf inf inf inf inf inf
r8_2_2_h 586.038635254 542.413452148 134 5565 9 813
r8_2_2 603.140197754 560.136169434 134 5564 9 813
r8_2_4_h inf inf inf inf inf inf
redcyc6h 93.5184249878 85.4388885498 85 3824 16 310
redcyc6 1216.14904785 1090.875 19 373 48 784
redcyc7h inf inf inf inf inf inf
redcyc7 inf inf inf inf inf inf
reimer5h inf inf inf inf inf inf
reimer5 inf inf inf inf inf inf
reimer6h inf inf inf inf inf inf
reimer6 inf inf inf inf inf inf
reimer7h inf inf inf inf inf inf
reimer7 inf inf inf inf inf inf
roseh 12.3474750519 11.8918209076 33 972 30 83
rose 44.7854042053 42.9143829346 6 177 48 156
rpblh inf inf inf inf inf inf
rpbl inf inf inf inf inf inf
safey inf inf inf inf inf inf
schieleh 0.162356138229 0.061341047287 2 6 2 2
schiele 0.156002044678 0.0496048927307 2 6 2 2
schrans_troost inf inf inf inf inf inf
sendrah 1.51367521286 1.40257668495 7 221 14 9
sendra 7.06496238708 6.81237459183 5 235 19 36
solotarevh 0.263434886932 0.15093588829 6 23 5 11
solotarev 0.28296995163 0.174020051956 5 24 4 10
sparsesym5h 0.26598906517 0.153606414795 6 16 18 16
sparsesym5 0.189263105392 0.0868821144104 5 12 10 5
sym33 0.463701963425 0.341201543808 9 61 10 16
syz1 0.128602981567 0.0357587337494 2 4 2 2
trinks 0.746600866318 0.584532022476 11 98 5 22
uteshev_bikker 5.29206466675 4.9070558548 19 587 7 50
vermeer inf inf inf inf inf inf
virasoro inf inf inf inf inf inf
wang16h 12.5705289841 11.6441478729 40 1000 11 123
wang16 5.53333377838 5.15745449066 16 346 6 72
weispfenning94 4.4831533432 4.21536064148 15 600 10 29
wu90h 20.5693702698 18.5591011047 48 827 10 192
wu90 6.68837165833 6.08647251129 5 85 16 69
