ahmlh inf inf inf inf inf inf
ahml inf inf inf inf inf inf
assur44 inf inf inf inf inf inf
aubry2 inf inf inf inf inf inf
berthh inf inf inf inf inf inf
berth 0.878947019577 0.686291217804 3 111 26 12
binomial_4_2_4_1 0.325487136841 0.192703962326 4 8 2 6
binomial_5_3_4_4 0.394056081772 0.250437021255 4 8 3 8
binomial_5_3_4_6 0.427076101303 0.294310092926 4 8 3 5
binomial_5_3_5_3 0.798141956329 0.645704746246 5 10 3 9
binomial_5_3_5_5 0.649374961853 0.496914148331 5 10 3 7
binomial_6_2_6_7 1.36513185501 1.21736288071 6 12 2 10
binomial_6_3_6_6 2.41033792496 2.24159479141 6 12 3 26
binomial_7_3_7_9 5.31485557556 5.14700222015 7 14 3 29
binomial_7_4_7_8 32.0750579834 31.8016490936 8 16 7 83
binomial_8_3_8_16 775.711303711 774.004211426 8 16 3 536
binomial_8_4_8_9 inf inf inf inf inf inf
buchberger87 0.713543891907 0.565040588379 6 12 4 15
butcher8 inf inf inf inf inf inf
cohn3 inf inf inf inf inf inf
cyclicn2 0.176419019699 0.0491991043091 2 4 2 2
cyclicn3 0.227949142456 0.101474761963 3 8 3 3
cyclicn4 0.497038125992 0.35076713562 5 21 5 8
cyclicn5 inf inf inf inf inf inf
cyclicn6 inf inf inf inf inf inf
cyclicn7 inf inf inf inf inf inf
cyclicn8 inf inf inf inf inf inf
cyclicnh2 0.190244913101 0.067095041275 2 4 2 2
cyclicnh3 0.267571926117 0.138916969299 3 8 3 3
cyclicnh4 1.17164993286 1.00966286659 4 17 4 13
cyclicnh5 36.6401367188 36.1052627563 12 171 7 222
cyclicnh6 inf inf inf inf inf inf
cyclicnh7 inf inf inf inf inf inf
czapor87_1h 63.8261260986 61.4131774902 14 184 5 991
czapor87_2h 31.9675750732 30.9975776672 12 180 5 338
dessin1 inf inf inf inf inf inf
dl inf inf inf inf inf inf
ducos7_3 inf inf inf inf inf inf
ducos7_5 inf inf inf inf inf inf
econ2 0.156095027924 0.0352337360382 2 4 1 2
econ3 0.243408918381 0.102885961533 3 9 2 3
econ4 0.646780014038 0.496756315231 4 20 4 9
econ5 8.24171257019 7.95369434357 6 48 6 69
econ6 inf inf inf inf inf inf
econ7 inf inf inf inf inf inf
econ8 inf inf inf inf inf inf
econh2 0.196705818176 0.0689239501953 2 4 2 2
econh3 0.450500965118 0.303598880768 4 17 4 5
econh4 2.03319907188 1.86891841888 7 72 5 14
econh5 45.2767524719 44.893573761 9 71 5 122
econh6 inf inf inf inf inf inf
econh7 inf inf inf inf inf inf
extcyc5h inf inf inf inf inf inf
extcyc5 inf inf inf inf inf inf
extcyc6h inf inf inf inf inf inf
extcyc6 inf inf inf inf inf inf
fatemanh inf inf inf inf inf inf
fateman 783.011474609 695.755859375 17 830 11 12050
fmtmdeh 2.29792499542 2.07961177826 10 20 8 58
fmtm_non_hom 0.199893951416 0.0695390701294 2 4 4 2
fmtm 0.742819070816 0.59418463707 6 12 6 11
gerdt93 0.668278932571 0.532405853271 3 17 3 3
hemmecke 0.724652051926 0.590917110443 3 34 15 3
hfe_segers inf inf inf inf inf inf
ilias12 inf inf inf inf inf inf
ilias13h inf inf inf inf inf inf
ilias13 inf inf inf inf inf inf
ilias_k_2 inf inf inf inf inf inf
issac97 inf inf inf inf inf inf
jason210 inf inf inf inf inf inf
joswig101-trimmed inf inf inf inf inf inf
katsuran2 0.189493894577 0.0546369552612 2 6 2 2
katsuran3 0.307423830032 0.163985729218 4 19 3 5
katsuran4 0.957500934601 0.797683477402 7 52 4 12
katsuran5 326.547363281 323.081481934 12 166 5 1343
katsuran6 inf inf inf inf inf inf
katsuran7 inf inf inf inf inf inf
katsuranh2 0.210285902023 0.0823729038239 2 5 2 2
katsuranh3 0.337649106979 0.205346107483 3 9 2 3
katsuranh4 4.96824741364 4.67440319061 7 40 4 110
katsuranh5 inf inf inf inf inf inf
katsuranh6 inf inf inf inf inf inf
lichtblau 0.226746082306 0.0932431221008 2 23 11 2
liu 85.7980728149 85.5052642822 7 44 4 107
mckay inf inf inf inf inf inf
noon7 inf inf inf inf inf inf
noon8 inf inf inf inf inf inf
nya inf inf inf inf inf inf
r5_2_2_h inf inf inf inf inf inf
r5_2_2 inf inf inf inf inf inf
r5_2_4_h inf inf inf inf inf inf
r5_2_4 inf inf inf inf inf inf
r5_2_6_h inf inf inf inf inf inf
r5_2_6 inf inf inf inf inf inf
r6_2_2_h inf inf inf inf inf inf
r6_2_2 inf inf inf inf inf inf
r6_2_4_h inf inf inf inf inf inf
r6_2_4 inf inf inf inf inf inf
r6_2_6_h inf inf inf inf inf inf
r7_2_2_h inf inf inf inf inf inf
r7_2_2 inf inf inf inf inf inf
r7_2_4_h inf inf inf inf inf inf
r7_2_6_h inf inf inf inf inf inf
r8_2_2_h inf inf inf inf inf inf
r8_2_2 inf inf inf inf inf inf
r8_2_4_h inf inf inf inf inf inf
redcyc6h inf inf inf inf inf inf
redcyc6 inf inf inf inf inf inf
redcyc7h inf inf inf inf inf inf
redcyc7 inf inf inf inf inf inf
reimer5h inf inf inf inf inf inf
reimer5 inf inf inf inf inf inf
reimer6h inf inf inf inf inf inf
reimer6 inf inf inf inf inf inf
reimer7h inf inf inf inf inf inf
reimer7 inf inf inf inf inf inf
roseh 1.92537093163 1.77625608444 6 106 14 11
rose inf inf inf inf inf inf
rpblh inf inf inf inf inf inf
rpbl inf inf inf inf inf inf
safey inf inf inf inf inf inf
schieleh 0.263216018677 0.135102987289 2 7 2 2
schiele 0.206752061844 0.0744550228119 2 6 2 2
schrans_troost inf inf inf inf inf inf
sendrah 0.254765033722 0.122534036636 2 26 7 2
sendra 3.55992889404 2.97748422623 6 207 13 99
solotarevh 3.9191699028 3.72465467453 8 44 5 58
solotarev 0.53836607933 0.393294095993 4 18 3 12
sparsesym5h 22.1268005371 21.8883323669 6 16 18 71
sparsesym5 0.748877048492 0.613409996033 5 12 10 5
sym33 11.2362556458 10.9790897369 8 57 9 69
syz1 0.165395021439 0.0376718044281 2 4 2 2
trinks inf inf inf inf inf inf
uteshev_bikker 615.339050293 604.297058105 18 549 7 2014
vermeer 783.852294922 782.915893555 9 71 6 287
virasoro inf inf inf inf inf inf
wang16h inf inf inf inf inf inf
wang16 inf inf inf inf inf inf
weispfenning94 5.27096414566 5.10413455963 6 93 9 23
wu90h inf inf inf inf inf inf
wu90 inf inf inf inf inf inf
