ahmlh 131.539810181 31.8946666718 117 45476 20 433
ahml 63.0765457153 2.44530200958 58 21033 20 354
assur44 134.773254395 29.8897743225 36 1998 20 688
aubry2 inf inf inf inf inf inf
berthh 5.85630607605 4.05679798126 8 7200 35 10
berth 0.438338041306 0.200810194016 3 111 26 12
binomial_4_2_4_1 0.315039873123 0.177717924118 4 8 2 6
binomial_5_3_4_4 0.420475959778 0.263728141785 4 8 3 6
binomial_5_3_4_6 0.575139045715 0.399747371674 4 8 3 5
binomial_5_3_5_3 0.82923913002 0.662657260895 5 10 3 9
binomial_5_3_5_5 0.693050861359 0.535072803497 5 10 3 7
binomial_6_2_6_7 1.44638299942 1.28632831573 6 12 2 10
binomial_6_3_6_6 1.63928103447 1.44341254234 7 14 5 20
binomial_7_3_7_9 3.39153504372 3.19212698936 12 24 4 40
binomial_7_4_7_8 2.33499002457 2.10863995552 9 18 7 30
binomial_8_3_8_16 4.01225709915 3.7944188118 8 16 3 27
binomial_8_4_8_9 6.60143184662 6.38738536835 9 18 7 34
buchberger87 0.354682922363 0.201261758804 5 10 5 9
butcher8 inf inf inf inf inf inf
cohn3 87.283164978 3.00058746338 52 10168 14 470
cyclicn2 0.206472158432 0.0580959320068 2 4 2 2
cyclicn3 0.269979953766 0.119973897934 3 8 3 3
cyclicn4 0.438104867935 0.304921627045 5 21 5 8
cyclicn5 2.34035611153 1.76863002777 13 127 15 88
cyclicn6 17.7949085236 7.86584091187 21 371 42 416
cyclicn7 inf inf inf inf inf inf
cyclicn8 inf inf inf inf inf inf
cyclicnh2 0.227479934692 0.0807268619537 2 4 2 2
cyclicnh3 0.341703176498 0.180682897568 3 8 3 3
cyclicnh4 0.613834857941 0.430054187775 4 17 4 8
cyclicnh5 2.04334497452 1.76752758026 17 269 10 37
cyclicnh6 7.71766090393 6.49307155609 31 1462 10 94
cyclicnh7 inf inf inf inf inf inf
czapor87_1h 1.31238794327 1.03816485405 16 216 6 46
czapor87_2h 1.10100483894 0.879023790359 12 180 5 31
dessin1 27.350479126 24.2264575958 20 851 9 117
dl inf inf inf inf inf inf
ducos7_3 inf inf inf inf inf inf
ducos7_5 inf inf inf inf inf inf
econ2 0.187313079834 0.040727853775 2 4 1 2
econ3 0.252225875854 0.106909990311 3 9 2 3
econ4 0.513797998428 0.337236642838 4 20 4 9
econ5 1.47491693497 1.27755475044 6 48 6 17
econ6 4.31862735748 3.59243321419 7 119 13 70
econ7 26.4388370514 25.4398136139 21 612 6 76
econ8 99.502281189 39.3483734131 23 1495 11 364
econh2 0.225658893585 0.0819849967957 2 4 2 2
econh3 0.370975017548 0.231449127197 4 17 4 5
econh4 0.960301876068 0.777153730392 8 90 5 15
econh5 2.5834197998 2.34346842766 10 78 5 25
econh6 9.33888053894 8.44481658936 29 1572 7 98
econh7 80.2493438721 74.266456604 47 7917 8 206
extcyc5h 16.6697311401 14.4177360535 43 3371 16 134
extcyc5 173.145751953 12.8128871918 13 750 151 1060
extcyc6h 1054.11291504 307.03704834 283 88969 20 1446
extcyc6 inf inf inf inf inf inf
fatemanh 3.42980504036 1.33149814606 59 3211 28 159
fateman 2.7947499752 1.46374988556 40 2214 15 101
fmtmdeh 0.350841999054 0.172819852829 5 10 13 12
fmtm_non_hom 0.220046043396 0.0805220603943 2 4 4 2
fmtm 0.326371908188 0.172085046768 6 12 6 11
gerdt93 0.901463031769 0.736337900162 6 70 6 11
hemmecke 0.919826030731 0.759341239929 3 34 15 3
hfe_segers inf inf inf inf inf inf
ilias12 inf inf inf inf inf inf
ilias13h inf inf inf inf inf inf
ilias13 inf inf inf inf inf inf
ilias_k_2 214.739257812 10.3190860748 42 5386 17 640
issac97 1.14064097404 0.755300283432 5 85 14 40
jason210 inf inf inf inf inf inf
joswig101-trimmed 964.307617188 17.8577384949 53 22463 38 929
katsuran2 0.217151880264 0.0649430751801 2 6 2 2
katsuran3 0.265987873077 0.129331111908 4 19 3 5
katsuran4 0.525759935379 0.363472700119 7 52 4 12
katsuran5 1.30980801582 1.02597403526 13 180 5 33
katsuran6 4.33932781219 3.72235846519 21 527 6 67
katsuran7 16.5911560059 12.4092845917 46 2366 7 193
katsuranh2 0.229058027267 0.0881388187408 2 5 2 2
katsuranh3 0.432269096375 0.268472194672 3 9 2 3
katsuranh4 0.993832826614 0.789470911026 8 47 4 15
katsuranh5 2.58238196373 2.19697904587 20 217 10 61
katsuranh6 11.1100301743 10.0972366333 30 762 9 112
lichtblau 0.282013893127 0.118049860001 2 23 11 2
liu 2.37138104439 2.14245009422 11 94 5 28
mckay inf inf inf inf inf inf
noon7 inf inf inf inf inf inf
noon8 inf inf inf inf inf inf
nya inf inf inf inf inf inf
r5_2_2_h 1.80971193314 1.36238884926 22 171 6 75
r5_2_2 1.63781809807 1.24283599854 22 171 6 75
r5_2_4_h 2.5367410183 1.71906924248 35 453 9 124
r5_2_4 inf inf inf inf inf inf
r5_2_6_h 103.000205994 15.4536819458 234 22711 19 872
r5_2_6 inf inf inf inf inf inf
r6_2_2_h 5.17288589478 3.84937882423 40 514 7 168
r6_2_2 5.64246988297 4.30135297775 40 514 7 168
r6_2_4_h 99.5997085571 52.9204216003 160 9550 13 732
r6_2_4 inf inf inf inf inf inf
r6_2_6_h inf inf inf inf inf inf
r7_2_2_h 23.9684715271 16.3516216278 71 1631 8 361
r7_2_2 20.5900840759 13.7793855667 71 1631 8 361
r7_2_4_h inf inf inf inf inf inf
r7_2_6_h inf inf inf inf inf inf
r8_2_2_h 150.626205444 99.2012252808 133 5508 9 816
r8_2_2 142.986358643 96.0125579834 133 5508 9 816
r8_2_4_h inf inf inf inf inf inf
redcyc6h 21.0432415009 12.2245769501 81 5290 16 295
redcyc6 14.0460634232 4.5124874115 19 336 48 355
redcyc7h inf inf inf inf inf inf
redcyc7 1520.11791992 165.42640686 57 6422 203 2041
reimer5h 134.116897583 5.80424928665 215 46019 18 940
reimer5 56.7109031677 2.91008090973 5 224 25 324
reimer6h inf inf inf inf inf inf
reimer6 inf inf inf inf inf inf
reimer7h inf inf inf inf inf inf
reimer7 inf inf inf inf inf inf
roseh 0.931351900101 0.754618167877 7 163 18 10
rose 1.67446112633 0.699542284012 8 247 46 90
rpblh 319.6300354 300.214263916 105 5654 9 506
rpbl 47.9756851196 13.7425203323 75 3872 15 467
safey inf inf inf inf inf inf
schieleh 0.330048084259 0.174395799637 2 7 2 2
schiele 0.233336925507 0.0865550041199 2 6 2 2
schrans_troost 620.850097656 459.727935791 82 10143 22 869
sendrah 0.314033985138 0.158575773239 2 26 7 2
sendra 0.355194091797 0.165348052979 5 235 18 16
solotarevh 0.847208976746 0.66300368309 8 43 5 18
solotarev 0.309607028961 0.166110992432 5 24 4 8
sparsesym5h 1.14396810532 0.956738710403 6 16 18 19
sparsesym5 0.780592918396 0.623300790787 5 12 10 5
sym33 0.732253789902 0.562726736069 8 33 10 17
syz1 0.205243110657 0.0471138954163 2 4 2 2
trinks 6.87409210205 6.53083992004 17 242 5 42
uteshev_bikker 1.70083594322 1.25811266899 19 586 7 50
vermeer 1.12140488625 0.897071838379 13 173 7 40
virasoro 617.768249512 440.703796387 82 10143 22 869
wang16h 1.84277892113 1.04810619354 32 1015 10 96
wang16 1.1670460701 0.731828212738 16 346 6 59
weispfenning94 0.789634227753 0.624346256256 6 93 9 12
wu90h 4.53401708603 3.39839577675 36 578 10 143
wu90 2.04723978043 1.74964094162 6 102 15 26
